[2024-06-07 17:00:38,806][flwr][INFO] - Starting Flower simulation, config: num_rounds=50, no round_timeout
[2024-06-07 17:00:44,257][flwr][INFO] - Flower VCE: Ray initialized with resources: {'CPU': 8.0, 'memory': 7185420288.0, 'node:127.0.0.1': 1.0, 'object_store_memory': 3592710144.0, 'node:__internal_head__': 1.0}
[2024-06-07 17:00:44,258][flwr][INFO] - Optimize your simulation with Flower VCE: https://flower.ai/docs/framework/how-to-run-simulations.html
[2024-06-07 17:00:44,258][flwr][INFO] - Flower VCE: Resources for each Virtual Client: {'num_cpus': 1, 'num_gpus': 0.0}
[2024-06-07 17:00:44,274][flwr][INFO] - Flower VCE: Creating VirtualClientEngineActorPool with 8 actors
[2024-06-07 17:00:44,275][flwr][INFO] - [INIT]
[2024-06-07 17:00:44,276][flwr][INFO] - Requesting initial parameters from one random client
[2024-06-07 17:00:49,199][flwr][INFO] - Received initial parameters from one random client
[2024-06-07 17:00:49,200][flwr][INFO] - Evaluating initial global parameters
[2024-06-07 17:00:49,207][flwr][INFO] - initial parameters (loss, other metrics): tensor(1790.6298, dtype=torch.float64), {'mae_loss, mse_loss': (42.31310649871826, 1790.6297813930578)}
[2024-06-07 17:00:49,210][flwr][INFO] - 
[2024-06-07 17:00:49,210][flwr][INFO] - [ROUND 1]
[2024-06-07 17:00:49,211][flwr][INFO] - configure_fit: strategy sampled 25 clients (out of 25)
[2024-06-07 17:00:56,844][flwr][INFO] - aggregate_fit: received 25 results and 0 failures
[2024-06-07 17:00:56,867][flwr][WARNING] - No fit_metrics_aggregation_fn provided
[2024-06-07 17:00:56,872][flwr][INFO] - fit progress: (1, tensor(4.0032, dtype=torch.float64), {'mae_loss, mse_loss': (1.8845899963378898, 4.003225436929261)}, 7.6627545)
[2024-06-07 17:00:56,873][flwr][INFO] - configure_evaluate: strategy sampled 25 clients (out of 25)
[2024-06-07 17:00:57,124][flwr][INFO] - aggregate_evaluate: received 25 results and 0 failures
[2024-06-07 17:00:57,124][flwr][WARNING] - No evaluate_metrics_aggregation_fn provided
[2024-06-07 17:00:57,125][flwr][INFO] - 
[2024-06-07 17:00:57,125][flwr][INFO] - [ROUND 2]
[2024-06-07 17:00:57,125][flwr][INFO] - configure_fit: strategy sampled 25 clients (out of 25)
[2024-06-07 17:00:57,650][flwr][INFO] - aggregate_fit: received 25 results and 0 failures
[2024-06-07 17:00:57,674][flwr][INFO] - fit progress: (2, tensor(3.8854, dtype=torch.float64), {'mae_loss, mse_loss': (1.868197479248046, 3.8854022532902865)}, 8.465047)
[2024-06-07 17:00:57,676][flwr][INFO] - configure_evaluate: strategy sampled 25 clients (out of 25)
[2024-06-07 17:00:57,912][flwr][INFO] - aggregate_evaluate: received 25 results and 0 failures
[2024-06-07 17:00:57,913][flwr][INFO] - 
[2024-06-07 17:00:57,914][flwr][INFO] - [ROUND 3]
[2024-06-07 17:00:57,914][flwr][INFO] - configure_fit: strategy sampled 25 clients (out of 25)
[2024-06-07 17:00:58,447][flwr][INFO] - aggregate_fit: received 25 results and 0 failures
[2024-06-07 17:00:58,470][flwr][INFO] - fit progress: (3, tensor(3.4007, dtype=torch.float64), {'mae_loss, mse_loss': (1.7429937744140616, 3.4006579837573208)}, 9.260947)
[2024-06-07 17:00:58,472][flwr][INFO] - configure_evaluate: strategy sampled 25 clients (out of 25)
[2024-06-07 17:00:58,719][flwr][INFO] - aggregate_evaluate: received 25 results and 0 failures
[2024-06-07 17:00:58,720][flwr][INFO] - 
[2024-06-07 17:00:58,721][flwr][INFO] - [ROUND 4]
[2024-06-07 17:00:58,722][flwr][INFO] - configure_fit: strategy sampled 25 clients (out of 25)
[2024-06-07 17:00:59,260][flwr][INFO] - aggregate_fit: received 25 results and 0 failures
[2024-06-07 17:00:59,283][flwr][INFO] - fit progress: (4, tensor(1.8503, dtype=torch.float64), {'mae_loss, mse_loss': (1.2503607177734366, 1.8503193545804812)}, 10.073361100000001)
[2024-06-07 17:00:59,284][flwr][INFO] - configure_evaluate: strategy sampled 25 clients (out of 25)
[2024-06-07 17:00:59,530][flwr][INFO] - aggregate_evaluate: received 25 results and 0 failures
[2024-06-07 17:00:59,530][flwr][INFO] - 
[2024-06-07 17:00:59,531][flwr][INFO] - [ROUND 5]
[2024-06-07 17:00:59,532][flwr][INFO] - configure_fit: strategy sampled 25 clients (out of 25)
[2024-06-07 17:01:00,058][flwr][INFO] - aggregate_fit: received 25 results and 0 failures
[2024-06-07 17:01:00,096][flwr][INFO] - fit progress: (5, tensor(1.8083, dtype=torch.float64), {'mae_loss, mse_loss': (1.2494100952148428, 1.808287133570759)}, 10.886610500000002)
[2024-06-07 17:01:00,098][flwr][INFO] - configure_evaluate: strategy sampled 25 clients (out of 25)
[2024-06-07 17:01:00,359][flwr][INFO] - aggregate_evaluate: received 25 results and 0 failures
[2024-06-07 17:01:00,359][flwr][INFO] - 
[2024-06-07 17:01:00,360][flwr][INFO] - [ROUND 6]
[2024-06-07 17:01:00,361][flwr][INFO] - configure_fit: strategy sampled 25 clients (out of 25)
[2024-06-07 17:01:00,900][flwr][INFO] - aggregate_fit: received 25 results and 0 failures
[2024-06-07 17:01:00,923][flwr][INFO] - fit progress: (6, tensor(1.4242, dtype=torch.float64), {'mae_loss, mse_loss': (1.0653417968749992, 1.4242309255406718)}, 11.7138985)
[2024-06-07 17:01:00,926][flwr][INFO] - configure_evaluate: strategy sampled 25 clients (out of 25)
[2024-06-07 17:01:01,175][flwr][INFO] - aggregate_evaluate: received 25 results and 0 failures
[2024-06-07 17:01:01,176][flwr][INFO] - 
[2024-06-07 17:01:01,176][flwr][INFO] - [ROUND 7]
[2024-06-07 17:01:01,177][flwr][INFO] - configure_fit: strategy sampled 25 clients (out of 25)
[2024-06-07 17:01:01,697][flwr][INFO] - aggregate_fit: received 25 results and 0 failures
[2024-06-07 17:01:01,722][flwr][INFO] - fit progress: (7, tensor(1.9069, dtype=torch.float64), {'mae_loss, mse_loss': (1.2842398071289054, 1.9069438010475122)}, 12.5120628)
[2024-06-07 17:01:01,723][flwr][INFO] - configure_evaluate: strategy sampled 25 clients (out of 25)
[2024-06-07 17:01:01,983][flwr][INFO] - aggregate_evaluate: received 25 results and 0 failures
[2024-06-07 17:01:01,983][flwr][INFO] - 
[2024-06-07 17:01:01,984][flwr][INFO] - [ROUND 8]
[2024-06-07 17:01:01,985][flwr][INFO] - configure_fit: strategy sampled 25 clients (out of 25)
[2024-06-07 17:01:02,507][flwr][INFO] - aggregate_fit: received 25 results and 0 failures
[2024-06-07 17:01:02,531][flwr][INFO] - fit progress: (8, tensor(1.8977, dtype=torch.float64), {'mae_loss, mse_loss': (1.2895262145996085, 1.897738962455535)}, 13.3219787)
[2024-06-07 17:01:02,532][flwr][INFO] - configure_evaluate: strategy sampled 25 clients (out of 25)
[2024-06-07 17:01:02,782][flwr][INFO] - aggregate_evaluate: received 25 results and 0 failures
[2024-06-07 17:01:02,783][flwr][INFO] - 
[2024-06-07 17:01:02,783][flwr][INFO] - [ROUND 9]
[2024-06-07 17:01:02,784][flwr][INFO] - configure_fit: strategy sampled 25 clients (out of 25)
[2024-06-07 17:01:03,310][flwr][INFO] - aggregate_fit: received 25 results and 0 failures
[2024-06-07 17:01:03,333][flwr][INFO] - fit progress: (9, tensor(0.9218, dtype=torch.float64), {'mae_loss, mse_loss': (0.8498408508300784, 0.92184586591355)}, 14.1239163)
[2024-06-07 17:01:03,335][flwr][INFO] - configure_evaluate: strategy sampled 25 clients (out of 25)
[2024-06-07 17:01:03,577][flwr][INFO] - aggregate_evaluate: received 25 results and 0 failures
[2024-06-07 17:01:03,577][flwr][INFO] - 
[2024-06-07 17:01:03,578][flwr][INFO] - [ROUND 10]
[2024-06-07 17:01:03,578][flwr][INFO] - configure_fit: strategy sampled 25 clients (out of 25)
[2024-06-07 17:01:04,146][flwr][INFO] - aggregate_fit: received 25 results and 0 failures
[2024-06-07 17:01:04,169][flwr][INFO] - fit progress: (10, tensor(1.1943, dtype=torch.float64), {'mae_loss, mse_loss': (0.994839324951171, 1.1943092900855692)}, 14.959905999999998)
[2024-06-07 17:01:04,171][flwr][INFO] - configure_evaluate: strategy sampled 25 clients (out of 25)
[2024-06-07 17:01:04,412][flwr][INFO] - aggregate_evaluate: received 25 results and 0 failures
[2024-06-07 17:01:04,413][flwr][INFO] - 
[2024-06-07 17:01:04,414][flwr][INFO] - [ROUND 11]
[2024-06-07 17:01:04,414][flwr][INFO] - configure_fit: strategy sampled 25 clients (out of 25)
[2024-06-07 17:01:04,951][flwr][INFO] - aggregate_fit: received 25 results and 0 failures
[2024-06-07 17:01:04,976][flwr][INFO] - fit progress: (11, tensor(1.0774, dtype=torch.float64), {'mae_loss, mse_loss': (0.9364790344238273, 1.0773916307979956)}, 15.7659143)
[2024-06-07 17:01:04,977][flwr][INFO] - configure_evaluate: strategy sampled 25 clients (out of 25)
[2024-06-07 17:01:05,219][flwr][INFO] - aggregate_evaluate: received 25 results and 0 failures
[2024-06-07 17:01:05,219][flwr][INFO] - 
[2024-06-07 17:01:05,220][flwr][INFO] - [ROUND 12]
[2024-06-07 17:01:05,220][flwr][INFO] - configure_fit: strategy sampled 25 clients (out of 25)
[2024-06-07 17:01:05,736][flwr][INFO] - aggregate_fit: received 25 results and 0 failures
[2024-06-07 17:01:05,762][flwr][INFO] - fit progress: (12, tensor(0.9724, dtype=torch.float64), {'mae_loss, mse_loss': (0.8859548950195304, 0.9724031098335976)}, 16.5523729)
[2024-06-07 17:01:05,764][flwr][INFO] - configure_evaluate: strategy sampled 25 clients (out of 25)
[2024-06-07 17:01:06,010][flwr][INFO] - aggregate_evaluate: received 25 results and 0 failures
[2024-06-07 17:01:06,011][flwr][INFO] - 
[2024-06-07 17:01:06,011][flwr][INFO] - [ROUND 13]
[2024-06-07 17:01:06,011][flwr][INFO] - configure_fit: strategy sampled 25 clients (out of 25)
[2024-06-07 17:01:06,527][flwr][INFO] - aggregate_fit: received 25 results and 0 failures
[2024-06-07 17:01:06,549][flwr][INFO] - fit progress: (13, tensor(0.7742, dtype=torch.float64), {'mae_loss, mse_loss': (0.7863154602050784, 0.7741961400808065)}, 17.3391727)
[2024-06-07 17:01:06,551][flwr][INFO] - configure_evaluate: strategy sampled 25 clients (out of 25)
[2024-06-07 17:01:06,799][flwr][INFO] - aggregate_evaluate: received 25 results and 0 failures
[2024-06-07 17:01:06,800][flwr][INFO] - 
[2024-06-07 17:01:06,800][flwr][INFO] - [ROUND 14]
[2024-06-07 17:01:06,801][flwr][INFO] - configure_fit: strategy sampled 25 clients (out of 25)
[2024-06-07 17:01:07,326][flwr][INFO] - aggregate_fit: received 25 results and 0 failures
[2024-06-07 17:01:07,353][flwr][INFO] - fit progress: (14, tensor(0.7026, dtype=torch.float64), {'mae_loss, mse_loss': (0.7552508544921878, 0.7025571308061478)}, 18.1430395)
[2024-06-07 17:01:07,355][flwr][INFO] - configure_evaluate: strategy sampled 25 clients (out of 25)
[2024-06-07 17:01:07,594][flwr][INFO] - aggregate_evaluate: received 25 results and 0 failures
[2024-06-07 17:01:07,594][flwr][INFO] - 
[2024-06-07 17:01:07,595][flwr][INFO] - [ROUND 15]
[2024-06-07 17:01:07,595][flwr][INFO] - configure_fit: strategy sampled 25 clients (out of 25)
[2024-06-07 17:01:08,127][flwr][INFO] - aggregate_fit: received 25 results and 0 failures
[2024-06-07 17:01:08,151][flwr][INFO] - fit progress: (15, tensor(0.7330, dtype=torch.float64), {'mae_loss, mse_loss': (0.7683688354492191, 0.7329995339722369)}, 18.941256199999998)
[2024-06-07 17:01:08,153][flwr][INFO] - configure_evaluate: strategy sampled 25 clients (out of 25)
[2024-06-07 17:01:08,405][flwr][INFO] - aggregate_evaluate: received 25 results and 0 failures
[2024-06-07 17:01:08,406][flwr][INFO] - 
[2024-06-07 17:01:08,406][flwr][INFO] - [ROUND 16]
[2024-06-07 17:01:08,407][flwr][INFO] - configure_fit: strategy sampled 25 clients (out of 25)
[2024-06-07 17:01:08,928][flwr][INFO] - aggregate_fit: received 25 results and 0 failures
[2024-06-07 17:01:08,957][flwr][INFO] - fit progress: (16, tensor(0.6508, dtype=torch.float64), {'mae_loss, mse_loss': (0.7318774414062503, 0.6508238046916665)}, 19.747524499999997)
[2024-06-07 17:01:08,959][flwr][INFO] - configure_evaluate: strategy sampled 25 clients (out of 25)
[2024-06-07 17:01:09,210][flwr][INFO] - aggregate_evaluate: received 25 results and 0 failures
[2024-06-07 17:01:09,211][flwr][INFO] - 
[2024-06-07 17:01:09,211][flwr][INFO] - [ROUND 17]
[2024-06-07 17:01:09,212][flwr][INFO] - configure_fit: strategy sampled 25 clients (out of 25)
[2024-06-07 17:01:09,736][flwr][INFO] - aggregate_fit: received 25 results and 0 failures
[2024-06-07 17:01:09,760][flwr][INFO] - fit progress: (17, tensor(0.7204, dtype=torch.float64), {'mae_loss, mse_loss': (0.7581584167480472, 0.7203878556765846)}, 20.5496434)
[2024-06-07 17:01:09,761][flwr][INFO] - configure_evaluate: strategy sampled 25 clients (out of 25)
[2024-06-07 17:01:10,005][flwr][INFO] - aggregate_evaluate: received 25 results and 0 failures
[2024-06-07 17:01:10,006][flwr][INFO] - 
[2024-06-07 17:01:10,007][flwr][INFO] - [ROUND 18]
[2024-06-07 17:01:10,007][flwr][INFO] - configure_fit: strategy sampled 25 clients (out of 25)
[2024-06-07 17:01:10,524][flwr][INFO] - aggregate_fit: received 25 results and 0 failures
[2024-06-07 17:01:10,547][flwr][INFO] - fit progress: (18, tensor(0.6513, dtype=torch.float64), {'mae_loss, mse_loss': (0.7268260192871097, 0.6512514868032884)}, 21.336922799999996)
[2024-06-07 17:01:10,548][flwr][INFO] - configure_evaluate: strategy sampled 25 clients (out of 25)
[2024-06-07 17:01:10,783][flwr][INFO] - aggregate_evaluate: received 25 results and 0 failures
[2024-06-07 17:01:10,784][flwr][INFO] - 
[2024-06-07 17:01:10,785][flwr][INFO] - [ROUND 19]
[2024-06-07 17:01:10,785][flwr][INFO] - configure_fit: strategy sampled 25 clients (out of 25)
[2024-06-07 17:01:11,308][flwr][INFO] - aggregate_fit: received 25 results and 0 failures
[2024-06-07 17:01:11,331][flwr][INFO] - fit progress: (19, tensor(0.7431, dtype=torch.float64), {'mae_loss, mse_loss': (0.7617404174804691, 0.743058851106092)}, 22.121755299999997)
[2024-06-07 17:01:11,332][flwr][INFO] - configure_evaluate: strategy sampled 25 clients (out of 25)
[2024-06-07 17:01:11,606][flwr][INFO] - aggregate_evaluate: received 25 results and 0 failures
[2024-06-07 17:01:11,607][flwr][INFO] - 
[2024-06-07 17:01:11,607][flwr][INFO] - [ROUND 20]
[2024-06-07 17:01:11,608][flwr][INFO] - configure_fit: strategy sampled 25 clients (out of 25)
[2024-06-07 17:01:12,127][flwr][INFO] - aggregate_fit: received 25 results and 0 failures
[2024-06-07 17:01:12,152][flwr][INFO] - fit progress: (20, tensor(0.5324, dtype=torch.float64), {'mae_loss, mse_loss': (0.6674121093750003, 0.532408122473629)}, 22.942881199999995)
[2024-06-07 17:01:12,154][flwr][INFO] - configure_evaluate: strategy sampled 25 clients (out of 25)
[2024-06-07 17:01:12,398][flwr][INFO] - aggregate_evaluate: received 25 results and 0 failures
[2024-06-07 17:01:12,399][flwr][INFO] - 
[2024-06-07 17:01:12,400][flwr][INFO] - [ROUND 21]
[2024-06-07 17:01:12,401][flwr][INFO] - configure_fit: strategy sampled 25 clients (out of 25)
[2024-06-07 17:01:12,925][flwr][INFO] - aggregate_fit: received 25 results and 0 failures
[2024-06-07 17:01:12,947][flwr][INFO] - fit progress: (21, tensor(0.3879, dtype=torch.float64), {'mae_loss, mse_loss': (0.5876567077636722, 0.3879093039935689)}, 23.737226399999997)
[2024-06-07 17:01:12,949][flwr][INFO] - configure_evaluate: strategy sampled 25 clients (out of 25)
[2024-06-07 17:01:13,178][flwr][INFO] - aggregate_evaluate: received 25 results and 0 failures
[2024-06-07 17:01:13,178][flwr][INFO] - 
[2024-06-07 17:01:13,179][flwr][INFO] - [ROUND 22]
[2024-06-07 17:01:13,179][flwr][INFO] - configure_fit: strategy sampled 25 clients (out of 25)
[2024-06-07 17:01:13,762][flwr][INFO] - aggregate_fit: received 25 results and 0 failures
[2024-06-07 17:01:13,791][flwr][INFO] - fit progress: (22, tensor(0.5400, dtype=torch.float64), {'mae_loss, mse_loss': (0.670113677978516, 0.5400177813569316)}, 24.5807761)
[2024-06-07 17:01:13,792][flwr][INFO] - configure_evaluate: strategy sampled 25 clients (out of 25)
[2024-06-07 17:01:14,073][flwr][INFO] - aggregate_evaluate: received 25 results and 0 failures
[2024-06-07 17:01:14,073][flwr][INFO] - 
[2024-06-07 17:01:14,074][flwr][INFO] - [ROUND 23]
[2024-06-07 17:01:14,075][flwr][INFO] - configure_fit: strategy sampled 25 clients (out of 25)
[2024-06-07 17:01:14,788][flwr][INFO] - aggregate_fit: received 25 results and 0 failures
[2024-06-07 17:01:14,815][flwr][INFO] - fit progress: (23, tensor(0.6438, dtype=torch.float64), {'mae_loss, mse_loss': (0.7163768005371096, 0.6438442084452833)}, 25.605686899999995)
[2024-06-07 17:01:14,817][flwr][INFO] - configure_evaluate: strategy sampled 25 clients (out of 25)
[2024-06-07 17:01:15,083][flwr][INFO] - aggregate_evaluate: received 25 results and 0 failures
[2024-06-07 17:01:15,084][flwr][INFO] - 
[2024-06-07 17:01:15,085][flwr][INFO] - [ROUND 24]
[2024-06-07 17:01:15,085][flwr][INFO] - configure_fit: strategy sampled 25 clients (out of 25)
[2024-06-07 17:01:15,635][flwr][INFO] - aggregate_fit: received 25 results and 0 failures
[2024-06-07 17:01:15,659][flwr][INFO] - fit progress: (24, tensor(0.4738, dtype=torch.float64), {'mae_loss, mse_loss': (0.6307414245605472, 0.4738018198570934)}, 26.448717699999996)
[2024-06-07 17:01:15,661][flwr][INFO] - configure_evaluate: strategy sampled 25 clients (out of 25)
[2024-06-07 17:01:15,922][flwr][INFO] - aggregate_evaluate: received 25 results and 0 failures
[2024-06-07 17:01:15,922][flwr][INFO] - 
[2024-06-07 17:01:15,923][flwr][INFO] - [ROUND 25]
[2024-06-07 17:01:15,923][flwr][INFO] - configure_fit: strategy sampled 25 clients (out of 25)
[2024-06-07 17:01:16,456][flwr][INFO] - aggregate_fit: received 25 results and 0 failures
[2024-06-07 17:01:16,479][flwr][INFO] - fit progress: (25, tensor(0.6714, dtype=torch.float64), {'mae_loss, mse_loss': (0.7272654724121097, 0.6713567117500349)}, 27.2689808)
[2024-06-07 17:01:16,481][flwr][INFO] - configure_evaluate: strategy sampled 25 clients (out of 25)
[2024-06-07 17:01:16,716][flwr][INFO] - aggregate_evaluate: received 25 results and 0 failures
[2024-06-07 17:01:16,716][flwr][INFO] - 
[2024-06-07 17:01:16,717][flwr][INFO] - [ROUND 26]
[2024-06-07 17:01:16,717][flwr][INFO] - configure_fit: strategy sampled 25 clients (out of 25)
[2024-06-07 17:01:17,245][flwr][INFO] - aggregate_fit: received 25 results and 0 failures
[2024-06-07 17:01:17,274][flwr][INFO] - fit progress: (26, tensor(0.3494, dtype=torch.float64), {'mae_loss, mse_loss': (0.5600413513183596, 0.3494047249670841)}, 28.064696499999997)
[2024-06-07 17:01:17,276][flwr][INFO] - configure_evaluate: strategy sampled 25 clients (out of 25)
[2024-06-07 17:01:17,526][flwr][INFO] - aggregate_evaluate: received 25 results and 0 failures
[2024-06-07 17:01:17,528][flwr][INFO] - 
[2024-06-07 17:01:17,528][flwr][INFO] - [ROUND 27]
[2024-06-07 17:01:17,529][flwr][INFO] - configure_fit: strategy sampled 25 clients (out of 25)
[2024-06-07 17:01:18,066][flwr][INFO] - aggregate_fit: received 25 results and 0 failures
[2024-06-07 17:01:18,090][flwr][INFO] - fit progress: (27, tensor(0.4790, dtype=torch.float64), {'mae_loss, mse_loss': (0.6406130981445315, 0.4790233816413673)}, 28.8796813)
[2024-06-07 17:01:18,091][flwr][INFO] - configure_evaluate: strategy sampled 25 clients (out of 25)
[2024-06-07 17:01:18,343][flwr][INFO] - aggregate_evaluate: received 25 results and 0 failures
[2024-06-07 17:01:18,344][flwr][INFO] - 
[2024-06-07 17:01:18,345][flwr][INFO] - [ROUND 28]
[2024-06-07 17:01:18,346][flwr][INFO] - configure_fit: strategy sampled 25 clients (out of 25)
[2024-06-07 17:01:18,872][flwr][INFO] - aggregate_fit: received 25 results and 0 failures
[2024-06-07 17:01:18,896][flwr][INFO] - fit progress: (28, tensor(0.5744, dtype=torch.float64), {'mae_loss, mse_loss': (0.6903620910644535, 0.5743670187253735)}, 29.6861551)
[2024-06-07 17:01:18,897][flwr][INFO] - configure_evaluate: strategy sampled 25 clients (out of 25)
[2024-06-07 17:01:19,144][flwr][INFO] - aggregate_evaluate: received 25 results and 0 failures
[2024-06-07 17:01:19,145][flwr][INFO] - 
[2024-06-07 17:01:19,145][flwr][INFO] - [ROUND 29]
[2024-06-07 17:01:19,146][flwr][INFO] - configure_fit: strategy sampled 25 clients (out of 25)
[2024-06-07 17:01:19,668][flwr][INFO] - aggregate_fit: received 25 results and 0 failures
[2024-06-07 17:01:19,692][flwr][INFO] - fit progress: (29, tensor(0.4023, dtype=torch.float64), {'mae_loss, mse_loss': (0.595736999511719, 0.4022780387054663)}, 30.481901299999997)
[2024-06-07 17:01:19,693][flwr][INFO] - configure_evaluate: strategy sampled 25 clients (out of 25)
[2024-06-07 17:01:19,940][flwr][INFO] - aggregate_evaluate: received 25 results and 0 failures
[2024-06-07 17:01:19,941][flwr][INFO] - 
[2024-06-07 17:01:19,941][flwr][INFO] - [ROUND 30]
[2024-06-07 17:01:19,942][flwr][INFO] - configure_fit: strategy sampled 25 clients (out of 25)
[2024-06-07 17:01:20,470][flwr][INFO] - aggregate_fit: received 25 results and 0 failures
[2024-06-07 17:01:20,494][flwr][INFO] - fit progress: (30, tensor(0.4165, dtype=torch.float64), {'mae_loss, mse_loss': (0.6049304199218752, 0.41650333963427694)}, 31.2848452)
[2024-06-07 17:01:20,495][flwr][INFO] - configure_evaluate: strategy sampled 25 clients (out of 25)
[2024-06-07 17:01:20,732][flwr][INFO] - aggregate_evaluate: received 25 results and 0 failures
[2024-06-07 17:01:20,733][flwr][INFO] - 
[2024-06-07 17:01:20,733][flwr][INFO] - [ROUND 31]
[2024-06-07 17:01:20,733][flwr][INFO] - configure_fit: strategy sampled 25 clients (out of 25)
[2024-06-07 17:01:21,265][flwr][INFO] - aggregate_fit: received 25 results and 0 failures
[2024-06-07 17:01:21,288][flwr][INFO] - fit progress: (31, tensor(0.4348, dtype=torch.float64), {'mae_loss, mse_loss': (0.6170314025878909, 0.4348309506898513)}, 32.0784625)
[2024-06-07 17:01:21,289][flwr][INFO] - configure_evaluate: strategy sampled 25 clients (out of 25)
[2024-06-07 17:01:21,545][flwr][INFO] - aggregate_evaluate: received 25 results and 0 failures
[2024-06-07 17:01:21,545][flwr][INFO] - 
[2024-06-07 17:01:21,546][flwr][INFO] - [ROUND 32]
[2024-06-07 17:01:21,546][flwr][INFO] - configure_fit: strategy sampled 25 clients (out of 25)
[2024-06-07 17:01:22,081][flwr][INFO] - aggregate_fit: received 25 results and 0 failures
[2024-06-07 17:01:22,105][flwr][INFO] - fit progress: (32, tensor(0.6028, dtype=torch.float64), {'mae_loss, mse_loss': (0.7038462829589847, 0.6027920834979739)}, 32.895459699999996)
[2024-06-07 17:01:22,107][flwr][INFO] - configure_evaluate: strategy sampled 25 clients (out of 25)
[2024-06-07 17:01:22,343][flwr][INFO] - aggregate_evaluate: received 25 results and 0 failures
[2024-06-07 17:01:22,344][flwr][INFO] - 
[2024-06-07 17:01:22,345][flwr][INFO] - [ROUND 33]
[2024-06-07 17:01:22,346][flwr][INFO] - configure_fit: strategy sampled 25 clients (out of 25)
[2024-06-07 17:01:22,882][flwr][INFO] - aggregate_fit: received 25 results and 0 failures
[2024-06-07 17:01:22,905][flwr][INFO] - fit progress: (33, tensor(0.5814, dtype=torch.float64), {'mae_loss, mse_loss': (0.6948748779296878, 0.5814374574469401)}, 33.695694499999995)
[2024-06-07 17:01:22,906][flwr][INFO] - configure_evaluate: strategy sampled 25 clients (out of 25)
[2024-06-07 17:01:23,133][flwr][INFO] - aggregate_evaluate: received 25 results and 0 failures
[2024-06-07 17:01:23,133][flwr][INFO] - 
[2024-06-07 17:01:23,134][flwr][INFO] - [ROUND 34]
[2024-06-07 17:01:23,134][flwr][INFO] - configure_fit: strategy sampled 25 clients (out of 25)
[2024-06-07 17:01:23,653][flwr][INFO] - aggregate_fit: received 25 results and 0 failures
[2024-06-07 17:01:23,675][flwr][INFO] - fit progress: (34, tensor(0.5151, dtype=torch.float64), {'mae_loss, mse_loss': (0.6648806762695315, 0.5150574983432887)}, 34.4659714)
[2024-06-07 17:01:23,677][flwr][INFO] - configure_evaluate: strategy sampled 25 clients (out of 25)
[2024-06-07 17:01:23,926][flwr][INFO] - aggregate_evaluate: received 25 results and 0 failures
[2024-06-07 17:01:23,926][flwr][INFO] - 
[2024-06-07 17:01:23,927][flwr][INFO] - [ROUND 35]
[2024-06-07 17:01:23,927][flwr][INFO] - configure_fit: strategy sampled 25 clients (out of 25)
[2024-06-07 17:01:24,453][flwr][INFO] - aggregate_fit: received 25 results and 0 failures
[2024-06-07 17:01:24,477][flwr][INFO] - fit progress: (35, tensor(0.3678, dtype=torch.float64), {'mae_loss, mse_loss': (0.5783869934082034, 0.3677973024946406)}, 35.2683442)
[2024-06-07 17:01:24,479][flwr][INFO] - configure_evaluate: strategy sampled 25 clients (out of 25)
[2024-06-07 17:01:24,732][flwr][INFO] - aggregate_evaluate: received 25 results and 0 failures
[2024-06-07 17:01:24,733][flwr][INFO] - 
[2024-06-07 17:01:24,734][flwr][INFO] - [ROUND 36]
[2024-06-07 17:01:24,734][flwr][INFO] - configure_fit: strategy sampled 25 clients (out of 25)
[2024-06-07 17:01:25,257][flwr][INFO] - aggregate_fit: received 25 results and 0 failures
[2024-06-07 17:01:25,280][flwr][INFO] - fit progress: (36, tensor(0.3314, dtype=torch.float64), {'mae_loss, mse_loss': (0.5530726623535159, 0.33142894043854926)}, 36.0708743)
[2024-06-07 17:01:25,282][flwr][INFO] - configure_evaluate: strategy sampled 25 clients (out of 25)
[2024-06-07 17:01:25,515][flwr][INFO] - aggregate_evaluate: received 25 results and 0 failures
[2024-06-07 17:01:25,516][flwr][INFO] - 
[2024-06-07 17:01:25,516][flwr][INFO] - [ROUND 37]
[2024-06-07 17:01:25,516][flwr][INFO] - configure_fit: strategy sampled 25 clients (out of 25)
[2024-06-07 17:01:26,070][flwr][INFO] - aggregate_fit: received 25 results and 0 failures
[2024-06-07 17:01:26,094][flwr][INFO] - fit progress: (37, tensor(0.4429, dtype=torch.float64), {'mae_loss, mse_loss': (0.6295726013183597, 0.4428704056228744)}, 36.8847318)
[2024-06-07 17:01:26,096][flwr][INFO] - configure_evaluate: strategy sampled 25 clients (out of 25)
[2024-06-07 17:01:26,348][flwr][INFO] - aggregate_evaluate: received 25 results and 0 failures
[2024-06-07 17:01:26,349][flwr][INFO] - 
[2024-06-07 17:01:26,350][flwr][INFO] - [ROUND 38]
[2024-06-07 17:01:26,350][flwr][INFO] - configure_fit: strategy sampled 25 clients (out of 25)
[2024-06-07 17:01:26,898][flwr][INFO] - aggregate_fit: received 25 results and 0 failures
[2024-06-07 17:01:26,922][flwr][INFO] - fit progress: (38, tensor(0.5277, dtype=torch.float64), {'mae_loss, mse_loss': (0.6837474060058597, 0.527695764238364)}, 37.711922099999995)
[2024-06-07 17:01:26,923][flwr][INFO] - configure_evaluate: strategy sampled 25 clients (out of 25)
[2024-06-07 17:01:27,175][flwr][INFO] - aggregate_evaluate: received 25 results and 0 failures
[2024-06-07 17:01:27,176][flwr][INFO] - 
[2024-06-07 17:01:27,176][flwr][INFO] - [ROUND 39]
[2024-06-07 17:01:27,177][flwr][INFO] - configure_fit: strategy sampled 25 clients (out of 25)
[2024-06-07 17:01:27,691][flwr][INFO] - aggregate_fit: received 25 results and 0 failures
[2024-06-07 17:01:27,714][flwr][INFO] - fit progress: (39, tensor(0.4793, dtype=torch.float64), {'mae_loss, mse_loss': (0.6587992858886722, 0.4792850744692842)}, 38.5045591)
[2024-06-07 17:01:27,715][flwr][INFO] - configure_evaluate: strategy sampled 25 clients (out of 25)
[2024-06-07 17:01:27,967][flwr][INFO] - aggregate_evaluate: received 25 results and 0 failures
[2024-06-07 17:01:27,968][flwr][INFO] - 
[2024-06-07 17:01:27,968][flwr][INFO] - [ROUND 40]
[2024-06-07 17:01:27,969][flwr][INFO] - configure_fit: strategy sampled 25 clients (out of 25)
[2024-06-07 17:01:28,499][flwr][INFO] - aggregate_fit: received 25 results and 0 failures
[2024-06-07 17:01:28,522][flwr][INFO] - fit progress: (40, tensor(0.5191, dtype=torch.float64), {'mae_loss, mse_loss': (0.6858157348632815, 0.5190737916724756)}, 39.3130907)
[2024-06-07 17:01:28,524][flwr][INFO] - configure_evaluate: strategy sampled 25 clients (out of 25)
[2024-06-07 17:01:28,767][flwr][INFO] - aggregate_evaluate: received 25 results and 0 failures
[2024-06-07 17:01:28,768][flwr][INFO] - 
[2024-06-07 17:01:28,768][flwr][INFO] - [ROUND 41]
[2024-06-07 17:01:28,769][flwr][INFO] - configure_fit: strategy sampled 25 clients (out of 25)
[2024-06-07 17:01:29,289][flwr][INFO] - aggregate_fit: received 25 results and 0 failures
[2024-06-07 17:01:29,311][flwr][INFO] - fit progress: (41, tensor(0.5306, dtype=torch.float64), {'mae_loss, mse_loss': (0.6957278442382815, 0.5305877335600089)}, 40.101693499999996)
[2024-06-07 17:01:29,313][flwr][INFO] - configure_evaluate: strategy sampled 25 clients (out of 25)
[2024-06-07 17:01:29,544][flwr][INFO] - aggregate_evaluate: received 25 results and 0 failures
[2024-06-07 17:01:29,545][flwr][INFO] - 
[2024-06-07 17:01:29,545][flwr][INFO] - [ROUND 42]
[2024-06-07 17:01:29,546][flwr][INFO] - configure_fit: strategy sampled 25 clients (out of 25)
[2024-06-07 17:01:30,068][flwr][INFO] - aggregate_fit: received 25 results and 0 failures
[2024-06-07 17:01:30,094][flwr][INFO] - fit progress: (42, tensor(0.4876, dtype=torch.float64), {'mae_loss, mse_loss': (0.675644226074219, 0.48755731326504625)}, 40.8844312)
[2024-06-07 17:01:30,096][flwr][INFO] - configure_evaluate: strategy sampled 25 clients (out of 25)
[2024-06-07 17:01:30,344][flwr][INFO] - aggregate_evaluate: received 25 results and 0 failures
[2024-06-07 17:01:30,345][flwr][INFO] - 
[2024-06-07 17:01:30,345][flwr][INFO] - [ROUND 43]
[2024-06-07 17:01:30,346][flwr][INFO] - configure_fit: strategy sampled 25 clients (out of 25)
[2024-06-07 17:01:30,863][flwr][INFO] - aggregate_fit: received 25 results and 0 failures
[2024-06-07 17:01:30,885][flwr][INFO] - fit progress: (43, tensor(0.4745, dtype=torch.float64), {'mae_loss, mse_loss': (0.6708583068847659, 0.4745008186161287)}, 41.675238199999995)
[2024-06-07 17:01:30,887][flwr][INFO] - configure_evaluate: strategy sampled 25 clients (out of 25)
[2024-06-07 17:01:31,141][flwr][INFO] - aggregate_evaluate: received 25 results and 0 failures
[2024-06-07 17:01:31,142][flwr][INFO] - 
[2024-06-07 17:01:31,142][flwr][INFO] - [ROUND 44]
[2024-06-07 17:01:31,143][flwr][INFO] - configure_fit: strategy sampled 25 clients (out of 25)
[2024-06-07 17:01:31,664][flwr][INFO] - aggregate_fit: received 25 results and 0 failures
[2024-06-07 17:01:31,687][flwr][INFO] - fit progress: (44, tensor(0.8164, dtype=torch.float64), {'mae_loss, mse_loss': (0.844436950683594, 0.8164461648392022)}, 42.4770742)
[2024-06-07 17:01:31,689][flwr][INFO] - configure_evaluate: strategy sampled 25 clients (out of 25)
[2024-06-07 17:01:31,935][flwr][INFO] - aggregate_evaluate: received 25 results and 0 failures
[2024-06-07 17:01:31,936][flwr][INFO] - 
[2024-06-07 17:01:31,936][flwr][INFO] - [ROUND 45]
[2024-06-07 17:01:31,937][flwr][INFO] - configure_fit: strategy sampled 25 clients (out of 25)
[2024-06-07 17:01:32,461][flwr][INFO] - aggregate_fit: received 25 results and 0 failures
[2024-06-07 17:01:32,483][flwr][INFO] - fit progress: (45, tensor(0.4348, dtype=torch.float64), {'mae_loss, mse_loss': (0.6437075805664065, 0.43475213937321716)}, 43.274015999999996)
[2024-06-07 17:01:32,485][flwr][INFO] - configure_evaluate: strategy sampled 25 clients (out of 25)
[2024-06-07 17:01:32,730][flwr][INFO] - aggregate_evaluate: received 25 results and 0 failures
[2024-06-07 17:01:32,731][flwr][INFO] - 
[2024-06-07 17:01:32,732][flwr][INFO] - [ROUND 46]
[2024-06-07 17:01:32,732][flwr][INFO] - configure_fit: strategy sampled 25 clients (out of 25)
[2024-06-07 17:01:33,256][flwr][INFO] - aggregate_fit: received 25 results and 0 failures
[2024-06-07 17:01:33,279][flwr][INFO] - fit progress: (46, tensor(0.6071, dtype=torch.float64), {'mae_loss, mse_loss': (0.7343730163574221, 0.6071294191704368)}, 44.0697385)
[2024-06-07 17:01:33,280][flwr][INFO] - configure_evaluate: strategy sampled 25 clients (out of 25)
[2024-06-07 17:01:33,515][flwr][INFO] - aggregate_evaluate: received 25 results and 0 failures
[2024-06-07 17:01:33,516][flwr][INFO] - 
[2024-06-07 17:01:33,516][flwr][INFO] - [ROUND 47]
[2024-06-07 17:01:33,517][flwr][INFO] - configure_fit: strategy sampled 25 clients (out of 25)
[2024-06-07 17:01:34,040][flwr][INFO] - aggregate_fit: received 25 results and 0 failures
[2024-06-07 17:01:34,062][flwr][INFO] - fit progress: (47, tensor(0.8426, dtype=torch.float64), {'mae_loss, mse_loss': (0.8633860778808596, 0.8425818375594687)}, 44.8529104)
[2024-06-07 17:01:34,064][flwr][INFO] - configure_evaluate: strategy sampled 25 clients (out of 25)
[2024-06-07 17:01:34,320][flwr][INFO] - aggregate_evaluate: received 25 results and 0 failures
[2024-06-07 17:01:34,321][flwr][INFO] - 
[2024-06-07 17:01:34,321][flwr][INFO] - [ROUND 48]
[2024-06-07 17:01:34,322][flwr][INFO] - configure_fit: strategy sampled 25 clients (out of 25)
[2024-06-07 17:01:34,842][flwr][INFO] - aggregate_fit: received 25 results and 0 failures
[2024-06-07 17:01:34,866][flwr][INFO] - fit progress: (48, tensor(1.2319, dtype=torch.float64), {'mae_loss, mse_loss': (1.0776019287109377, 1.2318823395993095)}, 45.6564464)
[2024-06-07 17:01:34,868][flwr][INFO] - configure_evaluate: strategy sampled 25 clients (out of 25)
[2024-06-07 17:01:35,101][flwr][INFO] - aggregate_evaluate: received 25 results and 0 failures
[2024-06-07 17:01:35,102][flwr][INFO] - 
[2024-06-07 17:01:35,104][flwr][INFO] - [ROUND 49]
[2024-06-07 17:01:35,104][flwr][INFO] - configure_fit: strategy sampled 25 clients (out of 25)
[2024-06-07 17:01:35,699][flwr][INFO] - aggregate_fit: received 25 results and 0 failures
[2024-06-07 17:01:35,722][flwr][INFO] - fit progress: (49, tensor(1.3178, dtype=torch.float64), {'mae_loss, mse_loss': (1.0931071472167972, 1.3178098351604999)}, 46.512806999999995)
[2024-06-07 17:01:35,724][flwr][INFO] - configure_evaluate: strategy sampled 25 clients (out of 25)
[2024-06-07 17:01:35,964][flwr][INFO] - aggregate_evaluate: received 25 results and 0 failures
[2024-06-07 17:01:35,964][flwr][INFO] - 
[2024-06-07 17:01:35,965][flwr][INFO] - [ROUND 50]
[2024-06-07 17:01:35,965][flwr][INFO] - configure_fit: strategy sampled 25 clients (out of 25)
[2024-06-07 17:01:36,496][flwr][INFO] - aggregate_fit: received 25 results and 0 failures
[2024-06-07 17:01:36,519][flwr][INFO] - fit progress: (50, tensor(1.1261, dtype=torch.float64), {'mae_loss, mse_loss': (1.0046931457519535, 1.1260854965673057)}, 47.308871599999996)
[2024-06-07 17:01:36,520][flwr][INFO] - configure_evaluate: strategy sampled 25 clients (out of 25)
[2024-06-07 17:01:36,779][flwr][INFO] - aggregate_evaluate: received 25 results and 0 failures
[2024-06-07 17:01:36,780][flwr][INFO] - 
[2024-06-07 17:01:36,781][flwr][INFO] - [SUMMARY]
[2024-06-07 17:01:36,781][flwr][INFO] - Run finished 50 rounds in 47.57s
[2024-06-07 17:01:36,783][flwr][INFO] - History (loss, distributed):
[2024-06-07 17:01:36,783][flwr][INFO] - 	('\tround 1: 23.835086803534566\n'
[2024-06-07 17:01:36,784][flwr][INFO] - 	 '\tround 2: 16.82376629951437\n'
[2024-06-07 17:01:36,784][flwr][INFO] - 	 '\tround 3: 11.628368589152283\n'
[2024-06-07 17:01:36,785][flwr][INFO] - 	 '\tround 4: 9.992108966430122\n'
[2024-06-07 17:01:36,785][flwr][INFO] - 	 '\tround 5: 8.053513932389556\n'
[2024-06-07 17:01:36,786][flwr][INFO] - 	 '\tround 6: 9.685656034961193\n'
[2024-06-07 17:01:36,786][flwr][INFO] - 	 '\tround 7: 6.744263379552884\n'
[2024-06-07 17:01:36,787][flwr][INFO] - 	 '\tround 8: 5.331823757967418\n'
[2024-06-07 17:01:36,787][flwr][INFO] - 	 '\tround 9: 5.042679639963376\n'
[2024-06-07 17:01:36,788][flwr][INFO] - 	 '\tround 10: 3.9443085442903634\n'
[2024-06-07 17:01:36,789][flwr][INFO] - 	 '\tround 11: 3.552106105138096\n'
[2024-06-07 17:01:36,789][flwr][INFO] - 	 '\tround 12: 3.1733959544525225\n'
[2024-06-07 17:01:36,790][flwr][INFO] - 	 '\tround 13: 3.037242199715426\n'
[2024-06-07 17:01:36,790][flwr][INFO] - 	 '\tround 14: 2.8813839151156584\n'
[2024-06-07 17:01:36,790][flwr][INFO] - 	 '\tround 15: 2.6399957174130004\n'
[2024-06-07 17:01:36,791][flwr][INFO] - 	 '\tround 16: 2.521970123768168\n'
[2024-06-07 17:01:36,791][flwr][INFO] - 	 '\tround 17: 2.3502852192855355\n'
[2024-06-07 17:01:36,792][flwr][INFO] - 	 '\tround 18: 2.2620872924285162\n'
[2024-06-07 17:01:36,792][flwr][INFO] - 	 '\tround 19: 2.0915060041019897\n'
[2024-06-07 17:01:36,792][flwr][INFO] - 	 '\tround 20: 2.136189079924088\n'
[2024-06-07 17:01:36,793][flwr][INFO] - 	 '\tround 21: 2.2965771004728595\n'
[2024-06-07 17:01:36,793][flwr][INFO] - 	 '\tround 22: 2.044985727635988\n'
[2024-06-07 17:01:36,793][flwr][INFO] - 	 '\tround 23: 1.8947362040874867\n'
[2024-06-07 17:01:36,794][flwr][INFO] - 	 '\tround 24: 1.8966102993698923\n'
[2024-06-07 17:01:36,794][flwr][INFO] - 	 '\tround 25: 1.7386758850532973\n'
[2024-06-07 17:01:36,795][flwr][INFO] - 	 '\tround 26: 2.016469649692823\n'
[2024-06-07 17:01:36,795][flwr][INFO] - 	 '\tround 27: 1.79095445691017\n'
[2024-06-07 17:01:36,795][flwr][INFO] - 	 '\tround 28: 1.6583001342201455\n'
[2024-06-07 17:01:36,796][flwr][INFO] - 	 '\tround 29: 1.7460389314021496\n'
[2024-06-07 17:01:36,796][flwr][INFO] - 	 '\tround 30: 1.6965483186675263\n'
[2024-06-07 17:01:36,796][flwr][INFO] - 	 '\tround 31: 1.6098634628972883\n'
[2024-06-07 17:01:36,797][flwr][INFO] - 	 '\tround 32: 1.4396368416917003\n'
[2024-06-07 17:01:36,797][flwr][INFO] - 	 '\tround 33: 1.4387070573008143\n'
[2024-06-07 17:01:36,798][flwr][INFO] - 	 '\tround 34: 1.4913318376585176\n'
[2024-06-07 17:01:36,798][flwr][INFO] - 	 '\tround 35: 1.613100204129208\n'
[2024-06-07 17:01:36,799][flwr][INFO] - 	 '\tround 36: 1.6948970556328558\n'
[2024-06-07 17:01:36,799][flwr][INFO] - 	 '\tround 37: 1.4950080016764156\n'
[2024-06-07 17:01:36,799][flwr][INFO] - 	 '\tround 38: 1.4302227062399464\n'
[2024-06-07 17:01:36,800][flwr][INFO] - 	 '\tround 39: 1.4675178377714762\n'
[2024-06-07 17:01:36,800][flwr][INFO] - 	 '\tround 40: 1.4701556355659893\n'
[2024-06-07 17:01:36,800][flwr][INFO] - 	 '\tround 41: 1.4789882537250758\n'
[2024-06-07 17:01:36,801][flwr][INFO] - 	 '\tround 42: 1.6139366704281897\n'
[2024-06-07 17:01:36,801][flwr][INFO] - 	 '\tround 43: 1.7562928528201054\n'
[2024-06-07 17:01:36,802][flwr][INFO] - 	 '\tround 44: 1.4478695397338157\n'
[2024-06-07 17:01:36,802][flwr][INFO] - 	 '\tround 45: 2.150414039848969\n'
[2024-06-07 17:01:36,802][flwr][INFO] - 	 '\tround 46: 2.9209556697735675\n'
[2024-06-07 17:01:36,803][flwr][INFO] - 	 '\tround 47: 4.5267187538008065\n'
[2024-06-07 17:01:36,803][flwr][INFO] - 	 '\tround 48: 3.1392185599439646\n'
[2024-06-07 17:01:36,804][flwr][INFO] - 	 '\tround 49: 2.4094548519121846\n'
[2024-06-07 17:01:36,804][flwr][INFO] - 	 '\tround 50: 2.03499854259759\n')History (loss, centralized):
[2024-06-07 17:01:36,805][flwr][INFO] - 	('\tround 0: 1790.6297813930578\n'
[2024-06-07 17:01:36,805][flwr][INFO] - 	 '\tround 1: 4.003225436929261\n'
[2024-06-07 17:01:36,805][flwr][INFO] - 	 '\tround 2: 3.8854022532902865\n'
[2024-06-07 17:01:36,806][flwr][INFO] - 	 '\tround 3: 3.4006579837573208\n'
[2024-06-07 17:01:36,806][flwr][INFO] - 	 '\tround 4: 1.8503193545804812\n'
[2024-06-07 17:01:36,807][flwr][INFO] - 	 '\tround 5: 1.8082871335707593\n'
[2024-06-07 17:01:36,807][flwr][INFO] - 	 '\tround 6: 1.4242309255406718\n'
[2024-06-07 17:01:36,807][flwr][INFO] - 	 '\tround 7: 1.9069438010475122\n'
[2024-06-07 17:01:36,808][flwr][INFO] - 	 '\tround 8: 1.897738962455535\n'
[2024-06-07 17:01:36,808][flwr][INFO] - 	 '\tround 9: 0.9218458659135498\n'
[2024-06-07 17:01:36,808][flwr][INFO] - 	 '\tround 10: 1.1943092900855692\n'
[2024-06-07 17:01:36,809][flwr][INFO] - 	 '\tround 11: 1.0773916307979956\n'
[2024-06-07 17:01:36,809][flwr][INFO] - 	 '\tround 12: 0.9724031098335976\n'
[2024-06-07 17:01:36,809][flwr][INFO] - 	 '\tround 13: 0.7741961400808065\n'
[2024-06-07 17:01:36,810][flwr][INFO] - 	 '\tround 14: 0.7025571308061478\n'
[2024-06-07 17:01:36,810][flwr][INFO] - 	 '\tround 15: 0.7329995339722368\n'
[2024-06-07 17:01:36,810][flwr][INFO] - 	 '\tround 16: 0.6508238046916665\n'
[2024-06-07 17:01:36,811][flwr][INFO] - 	 '\tround 17: 0.7203878556765845\n'
[2024-06-07 17:01:36,811][flwr][INFO] - 	 '\tround 18: 0.6512514868032884\n'
[2024-06-07 17:01:36,811][flwr][INFO] - 	 '\tround 19: 0.743058851106092\n'
[2024-06-07 17:01:36,812][flwr][INFO] - 	 '\tround 20: 0.532408122473629\n'
[2024-06-07 17:01:36,812][flwr][INFO] - 	 '\tround 21: 0.3879093039935688\n'
[2024-06-07 17:01:36,812][flwr][INFO] - 	 '\tround 22: 0.5400177813569316\n'
[2024-06-07 17:01:36,813][flwr][INFO] - 	 '\tround 23: 0.6438442084452833\n'
[2024-06-07 17:01:36,813][flwr][INFO] - 	 '\tround 24: 0.4738018198570934\n'
[2024-06-07 17:01:36,814][flwr][INFO] - 	 '\tround 25: 0.6713567117500349\n'
[2024-06-07 17:01:36,814][flwr][INFO] - 	 '\tround 26: 0.3494047249670841\n'
[2024-06-07 17:01:36,815][flwr][INFO] - 	 '\tround 27: 0.4790233816413673\n'
[2024-06-07 17:01:36,815][flwr][INFO] - 	 '\tround 28: 0.5743670187253735\n'
[2024-06-07 17:01:36,816][flwr][INFO] - 	 '\tround 29: 0.4022780387054664\n'
[2024-06-07 17:01:36,816][flwr][INFO] - 	 '\tround 30: 0.41650333963427694\n'
[2024-06-07 17:01:36,816][flwr][INFO] - 	 '\tround 31: 0.4348309506898513\n'
[2024-06-07 17:01:36,817][flwr][INFO] - 	 '\tround 32: 0.6027920834979739\n'
[2024-06-07 17:01:36,817][flwr][INFO] - 	 '\tround 33: 0.5814374574469401\n'
[2024-06-07 17:01:36,818][flwr][INFO] - 	 '\tround 34: 0.5150574983432887\n'
[2024-06-07 17:01:36,818][flwr][INFO] - 	 '\tround 35: 0.3677973024946406\n'
[2024-06-07 17:01:36,818][flwr][INFO] - 	 '\tround 36: 0.33142894043854926\n'
[2024-06-07 17:01:36,819][flwr][INFO] - 	 '\tround 37: 0.4428704056228744\n'
[2024-06-07 17:01:36,819][flwr][INFO] - 	 '\tround 38: 0.527695764238364\n'
[2024-06-07 17:01:36,820][flwr][INFO] - 	 '\tround 39: 0.4792850744692842\n'
[2024-06-07 17:01:36,821][flwr][INFO] - 	 '\tround 40: 0.5190737916724756\n'
[2024-06-07 17:01:36,821][flwr][INFO] - 	 '\tround 41: 0.5305877335600089\n'
[2024-06-07 17:01:36,821][flwr][INFO] - 	 '\tround 42: 0.48755731326504625\n'
[2024-06-07 17:01:36,822][flwr][INFO] - 	 '\tround 43: 0.4745008186161287\n'
[2024-06-07 17:01:36,822][flwr][INFO] - 	 '\tround 44: 0.8164461648392022\n'
[2024-06-07 17:01:36,823][flwr][INFO] - 	 '\tround 45: 0.43475213937321716\n'
[2024-06-07 17:01:36,823][flwr][INFO] - 	 '\tround 46: 0.6071294191704368\n'
[2024-06-07 17:01:36,823][flwr][INFO] - 	 '\tround 47: 0.8425818375594687\n'
[2024-06-07 17:01:36,824][flwr][INFO] - 	 '\tround 48: 1.2318823395993095\n'
[2024-06-07 17:01:36,824][flwr][INFO] - 	 '\tround 49: 1.3178098351604999\n'
[2024-06-07 17:01:36,824][flwr][INFO] - 	 '\tround 50: 1.1260854965673057\n')History (metrics, centralized):
[2024-06-07 17:01:36,825][flwr][INFO] - 	{'mae_loss, mse_loss': [(0, (42.31310649871826, 1790.6297813930578)),
[2024-06-07 17:01:36,825][flwr][INFO] - 	                        (1, (1.8845899963378898, 4.003225436929261)),
[2024-06-07 17:01:36,825][flwr][INFO] - 	                        (2, (1.868197479248046, 3.8854022532902865)),
[2024-06-07 17:01:36,826][flwr][INFO] - 	                        (3, (1.7429937744140616, 3.4006579837573208)),
[2024-06-07 17:01:36,826][flwr][INFO] - 	                        (4, (1.2503607177734366, 1.8503193545804812)),
[2024-06-07 17:01:36,826][flwr][INFO] - 	                        (5, (1.2494100952148428, 1.808287133570759)),
[2024-06-07 17:01:36,827][flwr][INFO] - 	                        (6, (1.0653417968749992, 1.4242309255406718)),
[2024-06-07 17:01:36,827][flwr][INFO] - 	                        (7, (1.2842398071289054, 1.9069438010475122)),
[2024-06-07 17:01:36,827][flwr][INFO] - 	                        (8, (1.2895262145996085, 1.897738962455535)),
[2024-06-07 17:01:36,828][flwr][INFO] - 	                        (9, (0.8498408508300784, 0.92184586591355)),
[2024-06-07 17:01:36,828][flwr][INFO] - 	                        (10, (0.994839324951171, 1.1943092900855692)),
[2024-06-07 17:01:36,829][flwr][INFO] - 	                        (11, (0.9364790344238273, 1.0773916307979956)),
[2024-06-07 17:01:36,829][flwr][INFO] - 	                        (12, (0.8859548950195304, 0.9724031098335976)),
[2024-06-07 17:01:36,829][flwr][INFO] - 	                        (13, (0.7863154602050784, 0.7741961400808065)),
[2024-06-07 17:01:36,830][flwr][INFO] - 	                        (14, (0.7552508544921878, 0.7025571308061478)),
[2024-06-07 17:01:36,830][flwr][INFO] - 	                        (15, (0.7683688354492191, 0.7329995339722369)),
[2024-06-07 17:01:36,830][flwr][INFO] - 	                        (16, (0.7318774414062503, 0.6508238046916665)),
[2024-06-07 17:01:36,831][flwr][INFO] - 	                        (17, (0.7581584167480472, 0.7203878556765846)),
[2024-06-07 17:01:36,831][flwr][INFO] - 	                        (18, (0.7268260192871097, 0.6512514868032884)),
[2024-06-07 17:01:36,831][flwr][INFO] - 	                        (19, (0.7617404174804691, 0.743058851106092)),
[2024-06-07 17:01:36,832][flwr][INFO] - 	                        (20, (0.6674121093750003, 0.532408122473629)),
[2024-06-07 17:01:36,832][flwr][INFO] - 	                        (21, (0.5876567077636722, 0.3879093039935689)),
[2024-06-07 17:01:36,832][flwr][INFO] - 	                        (22, (0.670113677978516, 0.5400177813569316)),
[2024-06-07 17:01:36,833][flwr][INFO] - 	                        (23, (0.7163768005371096, 0.6438442084452833)),
[2024-06-07 17:01:36,833][flwr][INFO] - 	                        (24, (0.6307414245605472, 0.4738018198570934)),
[2024-06-07 17:01:36,833][flwr][INFO] - 	                        (25, (0.7272654724121097, 0.6713567117500349)),
[2024-06-07 17:01:36,834][flwr][INFO] - 	                        (26, (0.5600413513183596, 0.3494047249670841)),
[2024-06-07 17:01:36,834][flwr][INFO] - 	                        (27, (0.6406130981445315, 0.4790233816413673)),
[2024-06-07 17:01:36,835][flwr][INFO] - 	                        (28, (0.6903620910644535, 0.5743670187253735)),
[2024-06-07 17:01:36,835][flwr][INFO] - 	                        (29, (0.595736999511719, 0.4022780387054663)),
[2024-06-07 17:01:36,836][flwr][INFO] - 	                        (30, (0.6049304199218752, 0.41650333963427694)),
[2024-06-07 17:01:36,836][flwr][INFO] - 	                        (31, (0.6170314025878909, 0.4348309506898513)),
[2024-06-07 17:01:36,836][flwr][INFO] - 	                        (32, (0.7038462829589847, 0.6027920834979739)),
[2024-06-07 17:01:36,837][flwr][INFO] - 	                        (33, (0.6948748779296878, 0.5814374574469401)),
[2024-06-07 17:01:36,837][flwr][INFO] - 	                        (34, (0.6648806762695315, 0.5150574983432887)),
[2024-06-07 17:01:36,838][flwr][INFO] - 	                        (35, (0.5783869934082034, 0.3677973024946406)),
[2024-06-07 17:01:36,838][flwr][INFO] - 	                        (36, (0.5530726623535159, 0.33142894043854926)),
[2024-06-07 17:01:36,839][flwr][INFO] - 	                        (37, (0.6295726013183597, 0.4428704056228744)),
[2024-06-07 17:01:36,839][flwr][INFO] - 	                        (38, (0.6837474060058597, 0.527695764238364)),
[2024-06-07 17:01:36,839][flwr][INFO] - 	                        (39, (0.6587992858886722, 0.4792850744692842)),
[2024-06-07 17:01:36,840][flwr][INFO] - 	                        (40, (0.6858157348632815, 0.5190737916724756)),
[2024-06-07 17:01:36,840][flwr][INFO] - 	                        (41, (0.6957278442382815, 0.5305877335600089)),
[2024-06-07 17:01:36,840][flwr][INFO] - 	                        (42, (0.675644226074219, 0.48755731326504625)),
[2024-06-07 17:01:36,841][flwr][INFO] - 	                        (43, (0.6708583068847659, 0.4745008186161287)),
[2024-06-07 17:01:36,841][flwr][INFO] - 	                        (44, (0.844436950683594, 0.8164461648392022)),
[2024-06-07 17:01:36,842][flwr][INFO] - 	                        (45, (0.6437075805664065, 0.43475213937321716)),
[2024-06-07 17:01:36,842][flwr][INFO] - 	                        (46, (0.7343730163574221, 0.6071294191704368)),
[2024-06-07 17:01:36,842][flwr][INFO] - 	                        (47, (0.8633860778808596, 0.8425818375594687)),
[2024-06-07 17:01:36,843][flwr][INFO] - 	                        (48, (1.0776019287109377, 1.2318823395993095)),
[2024-06-07 17:01:36,843][flwr][INFO] - 	                        (49, (1.0931071472167972, 1.3178098351604999)),
[2024-06-07 17:01:36,843][flwr][INFO] - 	                        (50, (1.0046931457519535, 1.1260854965673057))]}
[2024-06-07 17:01:36,844][flwr][INFO] - 
