[2024-06-16 15:48:50,425][flwr][INFO] - Starting Flower simulation, config: num_rounds=50, no round_timeout
[2024-06-16 15:48:55,603][flwr][INFO] - Flower VCE: Ray initialized with resources: {'node:__internal_head__': 1.0, 'memory': 13983881627.0, 'node:127.0.0.1': 1.0, 'object_store_memory': 6991940812.0, 'CPU': 8.0}
[2024-06-16 15:48:55,603][flwr][INFO] - Optimize your simulation with Flower VCE: https://flower.ai/docs/framework/how-to-run-simulations.html
[2024-06-16 15:48:55,604][flwr][INFO] - Flower VCE: Resources for each Virtual Client: {'num_cpus': 1, 'num_gpus': 0.0}
[2024-06-16 15:48:55,616][flwr][INFO] - Flower VCE: Creating VirtualClientEngineActorPool with 8 actors
[2024-06-16 15:48:55,617][flwr][INFO] - [INIT]
[2024-06-16 15:48:55,618][flwr][INFO] - Requesting initial parameters from one random client
[2024-06-16 15:49:00,980][flwr][INFO] - Received initial parameters from one random client
[2024-06-16 15:49:00,980][flwr][INFO] - Evaluating initial global parameters
[2024-06-16 15:49:00,989][flwr][INFO] - initial parameters (loss, other metrics): tensor(1255.3979, dtype=torch.float64), {'mae_loss, mse_loss': (35.426618347167974, 1255.3978663721575)}
[2024-06-16 15:49:00,993][flwr][INFO] - 
[2024-06-16 15:49:00,994][flwr][INFO] - [ROUND 1]
[2024-06-16 15:49:00,996][flwr][INFO] - configure_fit: strategy sampled 25 clients (out of 25)
[2024-06-16 15:49:10,032][flwr][INFO] - aggregate_fit: received 25 results and 0 failures
[2024-06-16 15:49:10,051][flwr][WARNING] - No fit_metrics_aggregation_fn provided
[2024-06-16 15:49:10,059][flwr][INFO] - fit progress: (1, tensor(0.8803, dtype=torch.float64), {'mae_loss, mse_loss': (0.7303164672851565, 0.8802656656128842)}, 9.066272000000001)
[2024-06-16 15:49:10,061][flwr][INFO] - configure_evaluate: strategy sampled 25 clients (out of 25)
[2024-06-16 15:49:10,322][flwr][INFO] - aggregate_evaluate: received 25 results and 0 failures
[2024-06-16 15:49:10,322][flwr][WARNING] - No evaluate_metrics_aggregation_fn provided
[2024-06-16 15:49:10,323][flwr][INFO] - 
[2024-06-16 15:49:10,323][flwr][INFO] - [ROUND 2]
[2024-06-16 15:49:10,324][flwr][INFO] - configure_fit: strategy sampled 25 clients (out of 25)
[2024-06-16 15:49:11,819][flwr][INFO] - aggregate_fit: received 25 results and 0 failures
[2024-06-16 15:49:11,844][flwr][INFO] - fit progress: (2, tensor(1.6064, dtype=torch.float64), {'mae_loss, mse_loss': (1.1491331481933584, 1.606412305652978)}, 10.8508684)
[2024-06-16 15:49:11,846][flwr][INFO] - configure_evaluate: strategy sampled 25 clients (out of 25)
[2024-06-16 15:49:12,099][flwr][INFO] - aggregate_evaluate: received 25 results and 0 failures
[2024-06-16 15:49:12,100][flwr][INFO] - 
[2024-06-16 15:49:12,100][flwr][INFO] - [ROUND 3]
[2024-06-16 15:49:12,101][flwr][INFO] - configure_fit: strategy sampled 25 clients (out of 25)
[2024-06-16 15:49:13,591][flwr][INFO] - aggregate_fit: received 25 results and 0 failures
[2024-06-16 15:49:13,617][flwr][INFO] - fit progress: (3, tensor(3.8651, dtype=torch.float64), {'mae_loss, mse_loss': (1.8438795471191398, 3.86510979427758)}, 12.624449599999998)
[2024-06-16 15:49:13,619][flwr][INFO] - configure_evaluate: strategy sampled 25 clients (out of 25)
[2024-06-16 15:49:13,879][flwr][INFO] - aggregate_evaluate: received 25 results and 0 failures
[2024-06-16 15:49:13,879][flwr][INFO] - 
[2024-06-16 15:49:13,880][flwr][INFO] - [ROUND 4]
[2024-06-16 15:49:13,881][flwr][INFO] - configure_fit: strategy sampled 25 clients (out of 25)
[2024-06-16 15:49:15,337][flwr][INFO] - aggregate_fit: received 25 results and 0 failures
[2024-06-16 15:49:15,364][flwr][INFO] - fit progress: (4, tensor(0.6803, dtype=torch.float64), {'mae_loss, mse_loss': (0.7869004821777352, 0.6802813497806214)}, 14.370992399999999)
[2024-06-16 15:49:15,366][flwr][INFO] - configure_evaluate: strategy sampled 25 clients (out of 25)
[2024-06-16 15:49:15,647][flwr][INFO] - aggregate_evaluate: received 25 results and 0 failures
[2024-06-16 15:49:15,648][flwr][INFO] - 
[2024-06-16 15:49:15,648][flwr][INFO] - [ROUND 5]
[2024-06-16 15:49:15,649][flwr][INFO] - configure_fit: strategy sampled 25 clients (out of 25)
[2024-06-16 15:49:17,090][flwr][INFO] - aggregate_fit: received 25 results and 0 failures
[2024-06-16 15:49:17,113][flwr][INFO] - fit progress: (5, tensor(1.0294, dtype=torch.float64), {'mae_loss, mse_loss': (0.8055242919921867, 1.0294495275591034)}, 16.119999)
[2024-06-16 15:49:17,115][flwr][INFO] - configure_evaluate: strategy sampled 25 clients (out of 25)
[2024-06-16 15:49:17,367][flwr][INFO] - aggregate_evaluate: received 25 results and 0 failures
[2024-06-16 15:49:17,368][flwr][INFO] - 
[2024-06-16 15:49:17,368][flwr][INFO] - [ROUND 6]
[2024-06-16 15:49:17,368][flwr][INFO] - configure_fit: strategy sampled 25 clients (out of 25)
[2024-06-16 15:49:18,883][flwr][INFO] - aggregate_fit: received 25 results and 0 failures
[2024-06-16 15:49:18,912][flwr][INFO] - fit progress: (6, tensor(0.8477, dtype=torch.float64), {'mae_loss, mse_loss': (0.8040493774414059, 0.847696598494425)}, 17.9187402)
[2024-06-16 15:49:18,914][flwr][INFO] - configure_evaluate: strategy sampled 25 clients (out of 25)
[2024-06-16 15:49:19,171][flwr][INFO] - aggregate_evaluate: received 25 results and 0 failures
[2024-06-16 15:49:19,172][flwr][INFO] - 
[2024-06-16 15:49:19,172][flwr][INFO] - [ROUND 7]
[2024-06-16 15:49:19,173][flwr][INFO] - configure_fit: strategy sampled 25 clients (out of 25)
[2024-06-16 15:49:20,632][flwr][INFO] - aggregate_fit: received 25 results and 0 failures
[2024-06-16 15:49:20,655][flwr][INFO] - fit progress: (7, tensor(0.8435, dtype=torch.float64), {'mae_loss, mse_loss': (0.8106701660156247, 0.8434571759935927)}, 19.662308399999997)
[2024-06-16 15:49:20,657][flwr][INFO] - configure_evaluate: strategy sampled 25 clients (out of 25)
[2024-06-16 15:49:20,916][flwr][INFO] - aggregate_evaluate: received 25 results and 0 failures
[2024-06-16 15:49:20,917][flwr][INFO] - 
[2024-06-16 15:49:20,917][flwr][INFO] - [ROUND 8]
[2024-06-16 15:49:20,918][flwr][INFO] - configure_fit: strategy sampled 25 clients (out of 25)
[2024-06-16 15:49:22,444][flwr][INFO] - aggregate_fit: received 25 results and 0 failures
[2024-06-16 15:49:22,466][flwr][INFO] - fit progress: (8, tensor(0.3560, dtype=torch.float64), {'mae_loss, mse_loss': (0.5585346984863279, 0.3560058999961475)}, 21.4732612)
[2024-06-16 15:49:22,468][flwr][INFO] - configure_evaluate: strategy sampled 25 clients (out of 25)
[2024-06-16 15:49:22,725][flwr][INFO] - aggregate_evaluate: received 25 results and 0 failures
[2024-06-16 15:49:22,726][flwr][INFO] - 
[2024-06-16 15:49:22,726][flwr][INFO] - [ROUND 9]
[2024-06-16 15:49:22,727][flwr][INFO] - configure_fit: strategy sampled 25 clients (out of 25)
[2024-06-16 15:49:24,201][flwr][INFO] - aggregate_fit: received 25 results and 0 failures
[2024-06-16 15:49:24,232][flwr][INFO] - fit progress: (9, tensor(0.2023, dtype=torch.float64), {'mae_loss, mse_loss': (0.3874119567871091, 0.202256585146883)}, 23.238967300000002)
[2024-06-16 15:49:24,233][flwr][INFO] - configure_evaluate: strategy sampled 25 clients (out of 25)
[2024-06-16 15:49:24,490][flwr][INFO] - aggregate_evaluate: received 25 results and 0 failures
[2024-06-16 15:49:24,491][flwr][INFO] - 
[2024-06-16 15:49:24,491][flwr][INFO] - [ROUND 10]
[2024-06-16 15:49:24,492][flwr][INFO] - configure_fit: strategy sampled 25 clients (out of 25)
[2024-06-16 15:49:26,015][flwr][INFO] - aggregate_fit: received 25 results and 0 failures
[2024-06-16 15:49:26,038][flwr][INFO] - fit progress: (10, tensor(0.6744, dtype=torch.float64), {'mae_loss, mse_loss': (0.6831315612792977, 0.6743897396050177)}, 25.044016699999997)
[2024-06-16 15:49:26,040][flwr][INFO] - configure_evaluate: strategy sampled 25 clients (out of 25)
[2024-06-16 15:49:26,287][flwr][INFO] - aggregate_evaluate: received 25 results and 0 failures
[2024-06-16 15:49:26,288][flwr][INFO] - 
[2024-06-16 15:49:26,288][flwr][INFO] - [ROUND 11]
[2024-06-16 15:49:26,288][flwr][INFO] - configure_fit: strategy sampled 25 clients (out of 25)
[2024-06-16 15:49:27,655][flwr][INFO] - aggregate_fit: received 25 results and 0 failures
[2024-06-16 15:49:27,681][flwr][INFO] - fit progress: (11, tensor(0.3839, dtype=torch.float64), {'mae_loss, mse_loss': (0.5378411865234384, 0.38388270013476866)}, 26.687410600000003)
[2024-06-16 15:49:27,683][flwr][INFO] - configure_evaluate: strategy sampled 25 clients (out of 25)
[2024-06-16 15:49:27,956][flwr][INFO] - aggregate_evaluate: received 25 results and 0 failures
[2024-06-16 15:49:27,956][flwr][INFO] - 
[2024-06-16 15:49:27,957][flwr][INFO] - [ROUND 12]
[2024-06-16 15:49:27,957][flwr][INFO] - configure_fit: strategy sampled 25 clients (out of 25)
[2024-06-16 15:49:29,341][flwr][INFO] - aggregate_fit: received 25 results and 0 failures
[2024-06-16 15:49:29,364][flwr][INFO] - fit progress: (12, tensor(0.3511, dtype=torch.float64), {'mae_loss, mse_loss': (0.5235597229003914, 0.3511414351958086)}, 28.370452699999998)
[2024-06-16 15:49:29,366][flwr][INFO] - configure_evaluate: strategy sampled 25 clients (out of 25)
[2024-06-16 15:49:29,618][flwr][INFO] - aggregate_evaluate: received 25 results and 0 failures
[2024-06-16 15:49:29,619][flwr][INFO] - 
[2024-06-16 15:49:29,620][flwr][INFO] - [ROUND 13]
[2024-06-16 15:49:29,620][flwr][INFO] - configure_fit: strategy sampled 25 clients (out of 25)
[2024-06-16 15:49:30,983][flwr][INFO] - aggregate_fit: received 25 results and 0 failures
[2024-06-16 15:49:31,005][flwr][INFO] - fit progress: (13, tensor(0.5640, dtype=torch.float64), {'mae_loss, mse_loss': (0.6515484619140622, 0.5640007718696721)}, 30.0117813)
[2024-06-16 15:49:31,007][flwr][INFO] - configure_evaluate: strategy sampled 25 clients (out of 25)
[2024-06-16 15:49:31,259][flwr][INFO] - aggregate_evaluate: received 25 results and 0 failures
[2024-06-16 15:49:31,260][flwr][INFO] - 
[2024-06-16 15:49:31,260][flwr][INFO] - [ROUND 14]
[2024-06-16 15:49:31,261][flwr][INFO] - configure_fit: strategy sampled 25 clients (out of 25)
[2024-06-16 15:49:32,654][flwr][INFO] - aggregate_fit: received 25 results and 0 failures
[2024-06-16 15:49:32,677][flwr][INFO] - fit progress: (14, tensor(0.5220, dtype=torch.float64), {'mae_loss, mse_loss': (0.6394230651855466, 0.5220022102111248)}, 31.6840418)
[2024-06-16 15:49:32,678][flwr][INFO] - configure_evaluate: strategy sampled 25 clients (out of 25)
[2024-06-16 15:49:32,933][flwr][INFO] - aggregate_evaluate: received 25 results and 0 failures
[2024-06-16 15:49:32,934][flwr][INFO] - 
[2024-06-16 15:49:32,934][flwr][INFO] - [ROUND 15]
[2024-06-16 15:49:32,935][flwr][INFO] - configure_fit: strategy sampled 25 clients (out of 25)
[2024-06-16 15:49:34,287][flwr][INFO] - aggregate_fit: received 25 results and 0 failures
[2024-06-16 15:49:34,311][flwr][INFO] - fit progress: (15, tensor(0.4465, dtype=torch.float64), {'mae_loss, mse_loss': (0.6005261230468747, 0.4464667968368154)}, 33.317745099999996)
[2024-06-16 15:49:34,313][flwr][INFO] - configure_evaluate: strategy sampled 25 clients (out of 25)
[2024-06-16 15:49:34,579][flwr][INFO] - aggregate_evaluate: received 25 results and 0 failures
[2024-06-16 15:49:34,580][flwr][INFO] - 
[2024-06-16 15:49:34,580][flwr][INFO] - [ROUND 16]
[2024-06-16 15:49:34,581][flwr][INFO] - configure_fit: strategy sampled 25 clients (out of 25)
[2024-06-16 15:49:35,984][flwr][INFO] - aggregate_fit: received 25 results and 0 failures
[2024-06-16 15:49:36,007][flwr][INFO] - fit progress: (16, tensor(0.4556, dtype=torch.float64), {'mae_loss, mse_loss': (0.6047039794921872, 0.4555557074197563)}, 35.0133642)
[2024-06-16 15:49:36,009][flwr][INFO] - configure_evaluate: strategy sampled 25 clients (out of 25)
[2024-06-16 15:49:36,256][flwr][INFO] - aggregate_evaluate: received 25 results and 0 failures
[2024-06-16 15:49:36,256][flwr][INFO] - 
[2024-06-16 15:49:36,257][flwr][INFO] - [ROUND 17]
[2024-06-16 15:49:36,257][flwr][INFO] - configure_fit: strategy sampled 25 clients (out of 25)
[2024-06-16 15:49:37,649][flwr][INFO] - aggregate_fit: received 25 results and 0 failures
[2024-06-16 15:49:37,671][flwr][INFO] - fit progress: (17, tensor(0.3935, dtype=torch.float64), {'mae_loss, mse_loss': (0.566855316162109, 0.39347293534350997)}, 36.6775538)
[2024-06-16 15:49:37,673][flwr][INFO] - configure_evaluate: strategy sampled 25 clients (out of 25)
[2024-06-16 15:49:37,914][flwr][INFO] - aggregate_evaluate: received 25 results and 0 failures
[2024-06-16 15:49:37,915][flwr][INFO] - 
[2024-06-16 15:49:37,915][flwr][INFO] - [ROUND 18]
[2024-06-16 15:49:37,916][flwr][INFO] - configure_fit: strategy sampled 25 clients (out of 25)
[2024-06-16 15:49:39,358][flwr][INFO] - aggregate_fit: received 25 results and 0 failures
[2024-06-16 15:49:39,382][flwr][INFO] - fit progress: (18, tensor(0.3643, dtype=torch.float64), {'mae_loss, mse_loss': (0.5452587890624997, 0.3643077106864652)}, 38.388180199999994)
[2024-06-16 15:49:39,383][flwr][INFO] - configure_evaluate: strategy sampled 25 clients (out of 25)
[2024-06-16 15:49:39,640][flwr][INFO] - aggregate_evaluate: received 25 results and 0 failures
[2024-06-16 15:49:39,641][flwr][INFO] - 
[2024-06-16 15:49:39,642][flwr][INFO] - [ROUND 19]
[2024-06-16 15:49:39,642][flwr][INFO] - configure_fit: strategy sampled 25 clients (out of 25)
[2024-06-16 15:49:41,025][flwr][INFO] - aggregate_fit: received 25 results and 0 failures
[2024-06-16 15:49:41,048][flwr][INFO] - fit progress: (19, tensor(0.2773, dtype=torch.float64), {'mae_loss, mse_loss': (0.48544204711914035, 0.27727244053652933)}, 40.0546808)
[2024-06-16 15:49:41,050][flwr][INFO] - configure_evaluate: strategy sampled 25 clients (out of 25)
[2024-06-16 15:49:41,296][flwr][INFO] - aggregate_evaluate: received 25 results and 0 failures
[2024-06-16 15:49:41,297][flwr][INFO] - 
[2024-06-16 15:49:41,298][flwr][INFO] - [ROUND 20]
[2024-06-16 15:49:41,299][flwr][INFO] - configure_fit: strategy sampled 25 clients (out of 25)
[2024-06-16 15:49:42,692][flwr][INFO] - aggregate_fit: received 25 results and 0 failures
[2024-06-16 15:49:42,719][flwr][INFO] - fit progress: (20, tensor(0.2992, dtype=torch.float64), {'mae_loss, mse_loss': (0.49585159301757786, 0.29920113294303835)}, 41.7260984)
[2024-06-16 15:49:42,721][flwr][INFO] - configure_evaluate: strategy sampled 25 clients (out of 25)
[2024-06-16 15:49:42,974][flwr][INFO] - aggregate_evaluate: received 25 results and 0 failures
[2024-06-16 15:49:42,975][flwr][INFO] - 
[2024-06-16 15:49:42,975][flwr][INFO] - [ROUND 21]
[2024-06-16 15:49:42,975][flwr][INFO] - configure_fit: strategy sampled 25 clients (out of 25)
[2024-06-16 15:49:44,330][flwr][INFO] - aggregate_fit: received 25 results and 0 failures
[2024-06-16 15:49:44,353][flwr][INFO] - fit progress: (21, tensor(0.2900, dtype=torch.float64), {'mae_loss, mse_loss': (0.4852764892578122, 0.29004353401111393)}, 43.359405499999994)
[2024-06-16 15:49:44,355][flwr][INFO] - configure_evaluate: strategy sampled 25 clients (out of 25)
[2024-06-16 15:49:44,607][flwr][INFO] - aggregate_evaluate: received 25 results and 0 failures
[2024-06-16 15:49:44,608][flwr][INFO] - 
[2024-06-16 15:49:44,608][flwr][INFO] - [ROUND 22]
[2024-06-16 15:49:44,608][flwr][INFO] - configure_fit: strategy sampled 25 clients (out of 25)
[2024-06-16 15:49:46,086][flwr][INFO] - aggregate_fit: received 25 results and 0 failures
[2024-06-16 15:49:46,110][flwr][INFO] - fit progress: (22, tensor(0.1511, dtype=torch.float64), {'mae_loss, mse_loss': (0.3704930114746091, 0.15113124041038076)}, 45.116967900000006)
[2024-06-16 15:49:46,112][flwr][INFO] - configure_evaluate: strategy sampled 25 clients (out of 25)
[2024-06-16 15:49:46,379][flwr][INFO] - aggregate_evaluate: received 25 results and 0 failures
[2024-06-16 15:49:46,380][flwr][INFO] - 
[2024-06-16 15:49:46,380][flwr][INFO] - [ROUND 23]
[2024-06-16 15:49:46,381][flwr][INFO] - configure_fit: strategy sampled 25 clients (out of 25)
[2024-06-16 15:49:48,002][flwr][INFO] - aggregate_fit: received 25 results and 0 failures
[2024-06-16 15:49:48,025][flwr][INFO] - fit progress: (23, tensor(0.1873, dtype=torch.float64), {'mae_loss, mse_loss': (0.4019779968261716, 0.1872731370435791)}, 47.0316802)
[2024-06-16 15:49:48,027][flwr][INFO] - configure_evaluate: strategy sampled 25 clients (out of 25)
[2024-06-16 15:49:48,277][flwr][INFO] - aggregate_evaluate: received 25 results and 0 failures
[2024-06-16 15:49:48,278][flwr][INFO] - 
[2024-06-16 15:49:48,279][flwr][INFO] - [ROUND 24]
[2024-06-16 15:49:48,279][flwr][INFO] - configure_fit: strategy sampled 25 clients (out of 25)
[2024-06-16 15:49:49,814][flwr][INFO] - aggregate_fit: received 25 results and 0 failures
[2024-06-16 15:49:49,843][flwr][INFO] - fit progress: (24, tensor(0.2074, dtype=torch.float64), {'mae_loss, mse_loss': (0.4145207214355466, 0.20743065898690793)}, 48.8498316)
[2024-06-16 15:49:49,845][flwr][INFO] - configure_evaluate: strategy sampled 25 clients (out of 25)
[2024-06-16 15:49:50,136][flwr][INFO] - aggregate_evaluate: received 25 results and 0 failures
[2024-06-16 15:49:50,136][flwr][INFO] - 
[2024-06-16 15:49:50,137][flwr][INFO] - [ROUND 25]
[2024-06-16 15:49:50,138][flwr][INFO] - configure_fit: strategy sampled 25 clients (out of 25)
[2024-06-16 15:49:51,571][flwr][INFO] - aggregate_fit: received 25 results and 0 failures
[2024-06-16 15:49:51,600][flwr][INFO] - fit progress: (25, tensor(0.1839, dtype=torch.float64), {'mae_loss, mse_loss': (0.392202453613281, 0.18390722215152305)}, 50.6066797)
[2024-06-16 15:49:51,602][flwr][INFO] - configure_evaluate: strategy sampled 25 clients (out of 25)
[2024-06-16 15:49:51,859][flwr][INFO] - aggregate_evaluate: received 25 results and 0 failures
[2024-06-16 15:49:51,859][flwr][INFO] - 
[2024-06-16 15:49:51,860][flwr][INFO] - [ROUND 26]
[2024-06-16 15:49:51,860][flwr][INFO] - configure_fit: strategy sampled 25 clients (out of 25)
[2024-06-16 15:49:53,190][flwr][INFO] - aggregate_fit: received 25 results and 0 failures
[2024-06-16 15:49:53,212][flwr][INFO] - fit progress: (26, tensor(0.1844, dtype=torch.float64), {'mae_loss, mse_loss': (0.38877609252929657, 0.1843542748949253)}, 52.2184678)
[2024-06-16 15:49:53,214][flwr][INFO] - configure_evaluate: strategy sampled 25 clients (out of 25)
[2024-06-16 15:49:53,462][flwr][INFO] - aggregate_evaluate: received 25 results and 0 failures
[2024-06-16 15:49:53,463][flwr][INFO] - 
[2024-06-16 15:49:53,464][flwr][INFO] - [ROUND 27]
[2024-06-16 15:49:53,464][flwr][INFO] - configure_fit: strategy sampled 25 clients (out of 25)
[2024-06-16 15:49:54,783][flwr][INFO] - aggregate_fit: received 25 results and 0 failures
[2024-06-16 15:49:54,806][flwr][INFO] - fit progress: (27, tensor(0.1939, dtype=torch.float64), {'mae_loss, mse_loss': (0.39303405761718724, 0.19386057309200938)}, 53.81250630000001)
[2024-06-16 15:49:54,808][flwr][INFO] - configure_evaluate: strategy sampled 25 clients (out of 25)
[2024-06-16 15:49:55,056][flwr][INFO] - aggregate_evaluate: received 25 results and 0 failures
[2024-06-16 15:49:55,057][flwr][INFO] - 
[2024-06-16 15:49:55,057][flwr][INFO] - [ROUND 28]
[2024-06-16 15:49:55,058][flwr][INFO] - configure_fit: strategy sampled 25 clients (out of 25)
[2024-06-16 15:49:56,418][flwr][INFO] - aggregate_fit: received 25 results and 0 failures
[2024-06-16 15:49:56,442][flwr][INFO] - fit progress: (28, tensor(0.1874, dtype=torch.float64), {'mae_loss, mse_loss': (0.384359436035156, 0.1874402716974723)}, 55.448205900000005)
[2024-06-16 15:49:56,443][flwr][INFO] - configure_evaluate: strategy sampled 25 clients (out of 25)
[2024-06-16 15:49:56,714][flwr][INFO] - aggregate_evaluate: received 25 results and 0 failures
[2024-06-16 15:49:56,714][flwr][INFO] - 
[2024-06-16 15:49:56,715][flwr][INFO] - [ROUND 29]
[2024-06-16 15:49:56,715][flwr][INFO] - configure_fit: strategy sampled 25 clients (out of 25)
[2024-06-16 15:49:58,114][flwr][INFO] - aggregate_fit: received 25 results and 0 failures
[2024-06-16 15:49:58,137][flwr][INFO] - fit progress: (29, tensor(0.2058, dtype=torch.float64), {'mae_loss, mse_loss': (0.408767547607421, 0.20582317805418224)}, 57.1434275)
[2024-06-16 15:49:58,139][flwr][INFO] - configure_evaluate: strategy sampled 25 clients (out of 25)
[2024-06-16 15:49:58,396][flwr][INFO] - aggregate_evaluate: received 25 results and 0 failures
[2024-06-16 15:49:58,397][flwr][INFO] - 
[2024-06-16 15:49:58,397][flwr][INFO] - [ROUND 30]
[2024-06-16 15:49:58,398][flwr][INFO] - configure_fit: strategy sampled 25 clients (out of 25)
[2024-06-16 15:49:59,737][flwr][INFO] - aggregate_fit: received 25 results and 0 failures
[2024-06-16 15:49:59,763][flwr][INFO] - fit progress: (30, tensor(0.1581, dtype=torch.float64), {'mae_loss, mse_loss': (0.3533573913574216, 0.15808226090541527)}, 58.770340000000004)
[2024-06-16 15:49:59,766][flwr][INFO] - configure_evaluate: strategy sampled 25 clients (out of 25)
[2024-06-16 15:50:00,030][flwr][INFO] - aggregate_evaluate: received 25 results and 0 failures
[2024-06-16 15:50:00,031][flwr][INFO] - 
[2024-06-16 15:50:00,031][flwr][INFO] - [ROUND 31]
[2024-06-16 15:50:00,032][flwr][INFO] - configure_fit: strategy sampled 25 clients (out of 25)
[2024-06-16 15:50:01,394][flwr][INFO] - aggregate_fit: received 25 results and 0 failures
[2024-06-16 15:50:01,416][flwr][INFO] - fit progress: (31, tensor(0.0795, dtype=torch.float64), {'mae_loss, mse_loss': (0.26752822875976534, 0.07953360808116827)}, 60.4228526)
[2024-06-16 15:50:01,418][flwr][INFO] - configure_evaluate: strategy sampled 25 clients (out of 25)
[2024-06-16 15:50:01,670][flwr][INFO] - aggregate_evaluate: received 25 results and 0 failures
[2024-06-16 15:50:01,671][flwr][INFO] - 
[2024-06-16 15:50:01,672][flwr][INFO] - [ROUND 32]
[2024-06-16 15:50:01,672][flwr][INFO] - configure_fit: strategy sampled 25 clients (out of 25)
[2024-06-16 15:50:03,002][flwr][INFO] - aggregate_fit: received 25 results and 0 failures
[2024-06-16 15:50:03,025][flwr][INFO] - fit progress: (32, tensor(0.0969, dtype=torch.float64), {'mae_loss, mse_loss': (0.28737991333007784, 0.09691228108864712)}, 62.031891)
[2024-06-16 15:50:03,027][flwr][INFO] - configure_evaluate: strategy sampled 25 clients (out of 25)
[2024-06-16 15:50:03,273][flwr][INFO] - aggregate_evaluate: received 25 results and 0 failures
[2024-06-16 15:50:03,273][flwr][INFO] - 
[2024-06-16 15:50:03,274][flwr][INFO] - [ROUND 33]
[2024-06-16 15:50:03,275][flwr][INFO] - configure_fit: strategy sampled 25 clients (out of 25)
[2024-06-16 15:50:04,610][flwr][INFO] - aggregate_fit: received 25 results and 0 failures
[2024-06-16 15:50:04,639][flwr][INFO] - fit progress: (33, tensor(0.1375, dtype=torch.float64), {'mae_loss, mse_loss': (0.33109191894531165, 0.13749918458727145)}, 63.64643000000001)
[2024-06-16 15:50:04,642][flwr][INFO] - configure_evaluate: strategy sampled 25 clients (out of 25)
[2024-06-16 15:50:04,899][flwr][INFO] - aggregate_evaluate: received 25 results and 0 failures
[2024-06-16 15:50:04,900][flwr][INFO] - 
[2024-06-16 15:50:04,901][flwr][INFO] - [ROUND 34]
[2024-06-16 15:50:04,901][flwr][INFO] - configure_fit: strategy sampled 25 clients (out of 25)
[2024-06-16 15:50:06,227][flwr][INFO] - aggregate_fit: received 25 results and 0 failures
[2024-06-16 15:50:06,251][flwr][INFO] - fit progress: (34, tensor(0.1044, dtype=torch.float64), {'mae_loss, mse_loss': (0.29012344360351533, 0.10437036110705196)}, 65.25778700000001)
[2024-06-16 15:50:06,253][flwr][INFO] - configure_evaluate: strategy sampled 25 clients (out of 25)
[2024-06-16 15:50:06,502][flwr][INFO] - aggregate_evaluate: received 25 results and 0 failures
[2024-06-16 15:50:06,502][flwr][INFO] - 
[2024-06-16 15:50:06,503][flwr][INFO] - [ROUND 35]
[2024-06-16 15:50:06,503][flwr][INFO] - configure_fit: strategy sampled 25 clients (out of 25)
[2024-06-16 15:50:07,831][flwr][INFO] - aggregate_fit: received 25 results and 0 failures
[2024-06-16 15:50:07,855][flwr][INFO] - fit progress: (35, tensor(0.1808, dtype=torch.float64), {'mae_loss, mse_loss': (0.39754470825195226, 0.18077551244327278)}, 66.8618914)
[2024-06-16 15:50:07,856][flwr][INFO] - configure_evaluate: strategy sampled 25 clients (out of 25)
[2024-06-16 15:50:08,100][flwr][INFO] - aggregate_evaluate: received 25 results and 0 failures
[2024-06-16 15:50:08,101][flwr][INFO] - 
[2024-06-16 15:50:08,101][flwr][INFO] - [ROUND 36]
[2024-06-16 15:50:08,102][flwr][INFO] - configure_fit: strategy sampled 25 clients (out of 25)
[2024-06-16 15:50:09,423][flwr][INFO] - aggregate_fit: received 25 results and 0 failures
[2024-06-16 15:50:09,446][flwr][INFO] - fit progress: (36, tensor(0.1581, dtype=torch.float64), {'mae_loss, mse_loss': (0.3700338745117179, 0.15811818354739757)}, 68.4526989)
[2024-06-16 15:50:09,448][flwr][INFO] - configure_evaluate: strategy sampled 25 clients (out of 25)
[2024-06-16 15:50:09,702][flwr][INFO] - aggregate_evaluate: received 25 results and 0 failures
[2024-06-16 15:50:09,703][flwr][INFO] - 
[2024-06-16 15:50:09,703][flwr][INFO] - [ROUND 37]
[2024-06-16 15:50:09,704][flwr][INFO] - configure_fit: strategy sampled 25 clients (out of 25)
[2024-06-16 15:50:11,104][flwr][INFO] - aggregate_fit: received 25 results and 0 failures
[2024-06-16 15:50:11,127][flwr][INFO] - fit progress: (37, tensor(0.0455, dtype=torch.float64), {'mae_loss, mse_loss': (0.20237625122070285, 0.04546989453642149)}, 70.1344744)
[2024-06-16 15:50:11,130][flwr][INFO] - configure_evaluate: strategy sampled 25 clients (out of 25)
[2024-06-16 15:50:11,399][flwr][INFO] - aggregate_evaluate: received 25 results and 0 failures
[2024-06-16 15:50:11,400][flwr][INFO] - 
[2024-06-16 15:50:11,401][flwr][INFO] - [ROUND 38]
[2024-06-16 15:50:11,402][flwr][INFO] - configure_fit: strategy sampled 25 clients (out of 25)
[2024-06-16 15:50:12,769][flwr][INFO] - aggregate_fit: received 25 results and 0 failures
[2024-06-16 15:50:12,792][flwr][INFO] - fit progress: (38, tensor(0.0186, dtype=torch.float64), {'mae_loss, mse_loss': (0.10699813842773409, 0.01860919108649261)}, 71.7994556)
[2024-06-16 15:50:12,794][flwr][INFO] - configure_evaluate: strategy sampled 25 clients (out of 25)
[2024-06-16 15:50:13,054][flwr][INFO] - aggregate_evaluate: received 25 results and 0 failures
[2024-06-16 15:50:13,054][flwr][INFO] - 
[2024-06-16 15:50:13,055][flwr][INFO] - [ROUND 39]
[2024-06-16 15:50:13,056][flwr][INFO] - configure_fit: strategy sampled 25 clients (out of 25)
[2024-06-16 15:50:14,472][flwr][INFO] - aggregate_fit: received 25 results and 0 failures
[2024-06-16 15:50:14,497][flwr][INFO] - fit progress: (39, tensor(0.1979, dtype=torch.float64), {'mae_loss, mse_loss': (0.34566452026367217, 0.1978576285523606)}, 73.5033245)
[2024-06-16 15:50:14,499][flwr][INFO] - configure_evaluate: strategy sampled 25 clients (out of 25)
[2024-06-16 15:50:14,744][flwr][INFO] - aggregate_evaluate: received 25 results and 0 failures
[2024-06-16 15:50:14,745][flwr][INFO] - 
[2024-06-16 15:50:14,745][flwr][INFO] - [ROUND 40]
[2024-06-16 15:50:14,746][flwr][INFO] - configure_fit: strategy sampled 25 clients (out of 25)
[2024-06-16 15:50:16,063][flwr][INFO] - aggregate_fit: received 25 results and 0 failures
[2024-06-16 15:50:16,091][flwr][INFO] - fit progress: (40, tensor(0.0789, dtype=torch.float64), {'mae_loss, mse_loss': (0.2630052185058602, 0.07893341986613843)}, 75.09737080000001)
[2024-06-16 15:50:16,093][flwr][INFO] - configure_evaluate: strategy sampled 25 clients (out of 25)
[2024-06-16 15:50:16,335][flwr][INFO] - aggregate_evaluate: received 25 results and 0 failures
[2024-06-16 15:50:16,336][flwr][INFO] - 
[2024-06-16 15:50:16,337][flwr][INFO] - [ROUND 41]
[2024-06-16 15:50:16,338][flwr][INFO] - configure_fit: strategy sampled 25 clients (out of 25)
[2024-06-16 15:50:17,667][flwr][INFO] - aggregate_fit: received 25 results and 0 failures
[2024-06-16 15:50:17,690][flwr][INFO] - fit progress: (41, tensor(0.1816, dtype=torch.float64), {'mae_loss, mse_loss': (0.38237899780273354, 0.18157573263777854)}, 76.6969826)
[2024-06-16 15:50:17,693][flwr][INFO] - configure_evaluate: strategy sampled 25 clients (out of 25)
[2024-06-16 15:50:17,939][flwr][INFO] - aggregate_evaluate: received 25 results and 0 failures
[2024-06-16 15:50:17,940][flwr][INFO] - 
[2024-06-16 15:50:17,941][flwr][INFO] - [ROUND 42]
[2024-06-16 15:50:17,941][flwr][INFO] - configure_fit: strategy sampled 25 clients (out of 25)
[2024-06-16 15:50:19,260][flwr][INFO] - aggregate_fit: received 25 results and 0 failures
[2024-06-16 15:50:19,282][flwr][INFO] - fit progress: (42, tensor(0.1172, dtype=torch.float64), {'mae_loss, mse_loss': (0.31022018432617104, 0.11723790661699578)}, 78.2886419)
[2024-06-16 15:50:19,284][flwr][INFO] - configure_evaluate: strategy sampled 25 clients (out of 25)
[2024-06-16 15:50:19,538][flwr][INFO] - aggregate_evaluate: received 25 results and 0 failures
[2024-06-16 15:50:19,539][flwr][INFO] - 
[2024-06-16 15:50:19,540][flwr][INFO] - [ROUND 43]
[2024-06-16 15:50:19,540][flwr][INFO] - configure_fit: strategy sampled 25 clients (out of 25)
[2024-06-16 15:50:20,854][flwr][INFO] - aggregate_fit: received 25 results and 0 failures
[2024-06-16 15:50:20,877][flwr][INFO] - fit progress: (43, tensor(0.1519, dtype=torch.float64), {'mae_loss, mse_loss': (0.3686689758300773, 0.15185144246241505)}, 79.8841177)
[2024-06-16 15:50:20,879][flwr][INFO] - configure_evaluate: strategy sampled 25 clients (out of 25)
[2024-06-16 15:50:21,126][flwr][INFO] - aggregate_evaluate: received 25 results and 0 failures
[2024-06-16 15:50:21,127][flwr][INFO] - 
[2024-06-16 15:50:21,128][flwr][INFO] - [ROUND 44]
[2024-06-16 15:50:21,129][flwr][INFO] - configure_fit: strategy sampled 25 clients (out of 25)
[2024-06-16 15:50:22,507][flwr][INFO] - aggregate_fit: received 25 results and 0 failures
[2024-06-16 15:50:22,532][flwr][INFO] - fit progress: (44, tensor(0.1290, dtype=torch.float64), {'mae_loss, mse_loss': (0.3402883911132804, 0.12903563560894654)}, 81.5384767)
[2024-06-16 15:50:22,533][flwr][INFO] - configure_evaluate: strategy sampled 25 clients (out of 25)
[2024-06-16 15:50:22,805][flwr][INFO] - aggregate_evaluate: received 25 results and 0 failures
[2024-06-16 15:50:22,806][flwr][INFO] - 
[2024-06-16 15:50:22,806][flwr][INFO] - [ROUND 45]
[2024-06-16 15:50:22,807][flwr][INFO] - configure_fit: strategy sampled 25 clients (out of 25)
[2024-06-16 15:50:24,268][flwr][INFO] - aggregate_fit: received 25 results and 0 failures
[2024-06-16 15:50:24,291][flwr][INFO] - fit progress: (45, tensor(0.0510, dtype=torch.float64), {'mae_loss, mse_loss': (0.19773925781249915, 0.05095425731828422)}, 83.2976044)
[2024-06-16 15:50:24,293][flwr][INFO] - configure_evaluate: strategy sampled 25 clients (out of 25)
[2024-06-16 15:50:24,552][flwr][INFO] - aggregate_evaluate: received 25 results and 0 failures
[2024-06-16 15:50:24,553][flwr][INFO] - 
[2024-06-16 15:50:24,553][flwr][INFO] - [ROUND 46]
[2024-06-16 15:50:24,554][flwr][INFO] - configure_fit: strategy sampled 25 clients (out of 25)
[2024-06-16 15:50:25,867][flwr][INFO] - aggregate_fit: received 25 results and 0 failures
[2024-06-16 15:50:25,889][flwr][INFO] - fit progress: (46, tensor(0.0596, dtype=torch.float64), {'mae_loss, mse_loss': (0.22107833862304602, 0.05963468529318906)}, 84.8962285)
[2024-06-16 15:50:25,891][flwr][INFO] - configure_evaluate: strategy sampled 25 clients (out of 25)
[2024-06-16 15:50:26,126][flwr][INFO] - aggregate_evaluate: received 25 results and 0 failures
[2024-06-16 15:50:26,127][flwr][INFO] - 
[2024-06-16 15:50:26,127][flwr][INFO] - [ROUND 47]
[2024-06-16 15:50:26,128][flwr][INFO] - configure_fit: strategy sampled 25 clients (out of 25)
[2024-06-16 15:50:27,485][flwr][INFO] - aggregate_fit: received 25 results and 0 failures
[2024-06-16 15:50:27,507][flwr][INFO] - fit progress: (47, tensor(0.0845, dtype=torch.float64), {'mae_loss, mse_loss': (0.2731001281738273, 0.08451673575944704)}, 86.514033)
[2024-06-16 15:50:27,509][flwr][INFO] - configure_evaluate: strategy sampled 25 clients (out of 25)
[2024-06-16 15:50:27,759][flwr][INFO] - aggregate_evaluate: received 25 results and 0 failures
[2024-06-16 15:50:27,760][flwr][INFO] - 
[2024-06-16 15:50:27,761][flwr][INFO] - [ROUND 48]
[2024-06-16 15:50:27,762][flwr][INFO] - configure_fit: strategy sampled 25 clients (out of 25)
[2024-06-16 15:50:29,106][flwr][INFO] - aggregate_fit: received 25 results and 0 failures
[2024-06-16 15:50:29,129][flwr][INFO] - fit progress: (48, tensor(0.0594, dtype=torch.float64), {'mae_loss, mse_loss': (0.2243551635742179, 0.05940569327422397)}, 88.13655010000001)
[2024-06-16 15:50:29,131][flwr][INFO] - configure_evaluate: strategy sampled 25 clients (out of 25)
[2024-06-16 15:50:29,378][flwr][INFO] - aggregate_evaluate: received 25 results and 0 failures
[2024-06-16 15:50:29,378][flwr][INFO] - 
[2024-06-16 15:50:29,379][flwr][INFO] - [ROUND 49]
[2024-06-16 15:50:29,379][flwr][INFO] - configure_fit: strategy sampled 25 clients (out of 25)
[2024-06-16 15:50:30,737][flwr][INFO] - aggregate_fit: received 25 results and 0 failures
[2024-06-16 15:50:30,760][flwr][INFO] - fit progress: (49, tensor(0.0493, dtype=torch.float64), {'mae_loss, mse_loss': (0.2025930786132804, 0.04934177627763693)}, 89.76753670000001)
[2024-06-16 15:50:30,763][flwr][INFO] - configure_evaluate: strategy sampled 25 clients (out of 25)
[2024-06-16 15:50:31,012][flwr][INFO] - aggregate_evaluate: received 25 results and 0 failures
[2024-06-16 15:50:31,013][flwr][INFO] - 
[2024-06-16 15:50:31,014][flwr][INFO] - [ROUND 50]
[2024-06-16 15:50:31,014][flwr][INFO] - configure_fit: strategy sampled 25 clients (out of 25)
[2024-06-16 15:50:32,347][flwr][INFO] - aggregate_fit: received 25 results and 0 failures
[2024-06-16 15:50:32,371][flwr][INFO] - fit progress: (50, tensor(0.0612, dtype=torch.float64), {'mae_loss, mse_loss': (0.2310415649414054, 0.061187564852647244)}, 91.37805490000001)
[2024-06-16 15:50:32,373][flwr][INFO] - configure_evaluate: strategy sampled 25 clients (out of 25)
[2024-06-16 15:50:32,629][flwr][INFO] - aggregate_evaluate: received 25 results and 0 failures
[2024-06-16 15:50:32,630][flwr][INFO] - 
[2024-06-16 15:50:32,630][flwr][INFO] - [SUMMARY]
[2024-06-16 15:50:32,631][flwr][INFO] - Run finished 50 rounds in 91.64s
[2024-06-16 15:50:32,633][flwr][INFO] - History (loss, distributed):
[2024-06-16 15:50:32,633][flwr][INFO] - 	('\tround 1: 23.369937342733593\n'
[2024-06-16 15:50:32,633][flwr][INFO] - 	 '\tround 2: 3.913301946362675\n'
[2024-06-16 15:50:32,634][flwr][INFO] - 	 '\tround 3: 3.6047838279196047\n'
[2024-06-16 15:50:32,635][flwr][INFO] - 	 '\tround 4: 7.392247416624105\n'
[2024-06-16 15:50:32,635][flwr][INFO] - 	 '\tround 5: 4.100171932367187\n'
[2024-06-16 15:50:32,636][flwr][INFO] - 	 '\tround 6: 1.8678892154533133\n'
[2024-06-16 15:50:32,636][flwr][INFO] - 	 '\tround 7: 1.354362827740026\n'
[2024-06-16 15:50:32,637][flwr][INFO] - 	 '\tround 8: 1.466684851894062\n'
[2024-06-16 15:50:32,638][flwr][INFO] - 	 '\tround 9: 1.6234017611675453\n'
[2024-06-16 15:50:32,638][flwr][INFO] - 	 '\tround 10: 3.30860155775198\n'
[2024-06-16 15:50:32,639][flwr][INFO] - 	 '\tround 11: 6.601327054086003\n'
[2024-06-16 15:50:32,640][flwr][INFO] - 	 '\tround 12: 2.7901097150806646\n'
[2024-06-16 15:50:32,646][flwr][INFO] - 	 '\tround 13: 1.3987051794884449\n'
[2024-06-16 15:50:32,664][flwr][INFO] - 	 '\tround 14: 1.126162740486556\n'
[2024-06-16 15:50:32,666][flwr][INFO] - 	 '\tround 15: 0.9674918352739361\n'
[2024-06-16 15:50:32,667][flwr][INFO] - 	 '\tround 16: 0.8059956962535633\n'
[2024-06-16 15:50:32,668][flwr][INFO] - 	 '\tround 17: 0.7183266918731221\n'
[2024-06-16 15:50:32,668][flwr][INFO] - 	 '\tround 18: 0.6389681784826514\n'
[2024-06-16 15:50:32,669][flwr][INFO] - 	 '\tround 19: 0.5923959133144795\n'
[2024-06-16 15:50:32,669][flwr][INFO] - 	 '\tround 20: 0.5159710048488272\n'
[2024-06-16 15:50:32,670][flwr][INFO] - 	 '\tround 21: 0.4655673770933914\n'
[2024-06-16 15:50:32,670][flwr][INFO] - 	 '\tround 22: 0.47104943749979694\n'
[2024-06-16 15:50:32,671][flwr][INFO] - 	 '\tround 23: 0.39461684320189216\n'
[2024-06-16 15:50:32,671][flwr][INFO] - 	 '\tround 24: 0.3597010095542963\n'
[2024-06-16 15:50:32,672][flwr][INFO] - 	 '\tround 25: 0.337531497135014\n'
[2024-06-16 15:50:32,672][flwr][INFO] - 	 '\tround 26: 0.311958132454575\n'
[2024-06-16 15:50:32,673][flwr][INFO] - 	 '\tround 27: 0.29018038988594846\n'
[2024-06-16 15:50:32,674][flwr][INFO] - 	 '\tround 28: 0.2746973025277816\n'
[2024-06-16 15:50:32,676][flwr][INFO] - 	 '\tround 29: 0.25910955437523814\n'
[2024-06-16 15:50:32,677][flwr][INFO] - 	 '\tround 30: 0.24990344249372967\n'
[2024-06-16 15:50:32,678][flwr][INFO] - 	 '\tround 31: 0.2746922112370402\n'
[2024-06-16 15:50:32,678][flwr][INFO] - 	 '\tround 32: 0.24468717070016294\n'
[2024-06-16 15:50:32,679][flwr][INFO] - 	 '\tround 33: 0.2217492712772292\n'
[2024-06-16 15:50:32,680][flwr][INFO] - 	 '\tround 34: 0.22570085777228097\n'
[2024-06-16 15:50:32,681][flwr][INFO] - 	 '\tround 35: 0.21752161280450197\n'
[2024-06-16 15:50:32,681][flwr][INFO] - 	 '\tround 36: 0.21109598439647384\n'
[2024-06-16 15:50:32,682][flwr][INFO] - 	 '\tround 37: 0.2461139589122978\n'
[2024-06-16 15:50:32,682][flwr][INFO] - 	 '\tround 38: 0.33063775258624106\n'
[2024-06-16 15:50:32,683][flwr][INFO] - 	 '\tround 39: 2.1930196909190753\n'
[2024-06-16 15:50:32,683][flwr][INFO] - 	 '\tround 40: 2.02950394685688\n'
[2024-06-16 15:50:32,684][flwr][INFO] - 	 '\tround 41: 0.7148673357666736\n'
[2024-06-16 15:50:32,684][flwr][INFO] - 	 '\tround 42: 0.40683487180766237\n'
[2024-06-16 15:50:32,685][flwr][INFO] - 	 '\tround 43: 0.31920964717634354\n'
[2024-06-16 15:50:32,685][flwr][INFO] - 	 '\tround 44: 0.30176494829461203\n'
[2024-06-16 15:50:32,686][flwr][INFO] - 	 '\tround 45: 0.30898785886205593\n'
[2024-06-16 15:50:32,686][flwr][INFO] - 	 '\tround 46: 0.2901921515295617\n'
[2024-06-16 15:50:32,687][flwr][INFO] - 	 '\tround 47: 0.27391997477691377\n'
[2024-06-16 15:50:32,687][flwr][INFO] - 	 '\tround 48: 0.2702048216587792\n'
[2024-06-16 15:50:32,688][flwr][INFO] - 	 '\tround 49: 0.26334481596520104\n'
[2024-06-16 15:50:32,688][flwr][INFO] - 	 '\tround 50: 0.2513544506782612\n')History (loss, centralized):
[2024-06-16 15:50:32,688][flwr][INFO] - 	('\tround 0: 1255.3978663721575\n'
[2024-06-16 15:50:32,689][flwr][INFO] - 	 '\tround 1: 0.8802656656128842\n'
[2024-06-16 15:50:32,689][flwr][INFO] - 	 '\tround 2: 1.606412305652978\n'
[2024-06-16 15:50:32,689][flwr][INFO] - 	 '\tround 3: 3.86510979427758\n'
[2024-06-16 15:50:32,690][flwr][INFO] - 	 '\tround 4: 0.6802813497806214\n'
[2024-06-16 15:50:32,690][flwr][INFO] - 	 '\tround 5: 1.0294495275591034\n'
[2024-06-16 15:50:32,691][flwr][INFO] - 	 '\tround 6: 0.847696598494425\n'
[2024-06-16 15:50:32,691][flwr][INFO] - 	 '\tround 7: 0.8434571759935927\n'
[2024-06-16 15:50:32,692][flwr][INFO] - 	 '\tround 8: 0.3560058999961475\n'
[2024-06-16 15:50:32,692][flwr][INFO] - 	 '\tround 9: 0.202256585146883\n'
[2024-06-16 15:50:32,693][flwr][INFO] - 	 '\tround 10: 0.6743897396050177\n'
[2024-06-16 15:50:32,693][flwr][INFO] - 	 '\tround 11: 0.38388270013476866\n'
[2024-06-16 15:50:32,693][flwr][INFO] - 	 '\tround 12: 0.3511414351958086\n'
[2024-06-16 15:50:32,694][flwr][INFO] - 	 '\tround 13: 0.5640007718696721\n'
[2024-06-16 15:50:32,694][flwr][INFO] - 	 '\tround 14: 0.5220022102111248\n'
[2024-06-16 15:50:32,694][flwr][INFO] - 	 '\tround 15: 0.4464667968368154\n'
[2024-06-16 15:50:32,695][flwr][INFO] - 	 '\tround 16: 0.4555557074197563\n'
[2024-06-16 15:50:32,695][flwr][INFO] - 	 '\tround 17: 0.3934729353435101\n'
[2024-06-16 15:50:32,695][flwr][INFO] - 	 '\tround 18: 0.3643077106864652\n'
[2024-06-16 15:50:32,696][flwr][INFO] - 	 '\tround 19: 0.27727244053652933\n'
[2024-06-16 15:50:32,696][flwr][INFO] - 	 '\tround 20: 0.29920113294303835\n'
[2024-06-16 15:50:32,697][flwr][INFO] - 	 '\tround 21: 0.29004353401111393\n'
[2024-06-16 15:50:32,697][flwr][INFO] - 	 '\tround 22: 0.15113124041038078\n'
[2024-06-16 15:50:32,697][flwr][INFO] - 	 '\tround 23: 0.1872731370435791\n'
[2024-06-16 15:50:32,698][flwr][INFO] - 	 '\tround 24: 0.20743065898690793\n'
[2024-06-16 15:50:32,698][flwr][INFO] - 	 '\tround 25: 0.18390722215152305\n'
[2024-06-16 15:50:32,698][flwr][INFO] - 	 '\tround 26: 0.1843542748949253\n'
[2024-06-16 15:50:32,699][flwr][INFO] - 	 '\tround 27: 0.19386057309200938\n'
[2024-06-16 15:50:32,699][flwr][INFO] - 	 '\tround 28: 0.1874402716974723\n'
[2024-06-16 15:50:32,699][flwr][INFO] - 	 '\tround 29: 0.20582317805418224\n'
[2024-06-16 15:50:32,700][flwr][INFO] - 	 '\tround 30: 0.1580822609054153\n'
[2024-06-16 15:50:32,700][flwr][INFO] - 	 '\tround 31: 0.07953360808116827\n'
[2024-06-16 15:50:32,700][flwr][INFO] - 	 '\tround 32: 0.09691228108864712\n'
[2024-06-16 15:50:32,701][flwr][INFO] - 	 '\tround 33: 0.13749918458727145\n'
[2024-06-16 15:50:32,701][flwr][INFO] - 	 '\tround 34: 0.10437036110705196\n'
[2024-06-16 15:50:32,702][flwr][INFO] - 	 '\tround 35: 0.18077551244327278\n'
[2024-06-16 15:50:32,702][flwr][INFO] - 	 '\tround 36: 0.15811818354739757\n'
[2024-06-16 15:50:32,702][flwr][INFO] - 	 '\tround 37: 0.04546989453642149\n'
[2024-06-16 15:50:32,703][flwr][INFO] - 	 '\tround 38: 0.01860919108649261\n'
[2024-06-16 15:50:32,703][flwr][INFO] - 	 '\tround 39: 0.1978576285523606\n'
[2024-06-16 15:50:32,703][flwr][INFO] - 	 '\tround 40: 0.07893341986613843\n'
[2024-06-16 15:50:32,704][flwr][INFO] - 	 '\tround 41: 0.18157573263777854\n'
[2024-06-16 15:50:32,704][flwr][INFO] - 	 '\tround 42: 0.1172379066169958\n'
[2024-06-16 15:50:32,704][flwr][INFO] - 	 '\tround 43: 0.15185144246241505\n'
[2024-06-16 15:50:32,705][flwr][INFO] - 	 '\tround 44: 0.12903563560894654\n'
[2024-06-16 15:50:32,705][flwr][INFO] - 	 '\tround 45: 0.05095425731828422\n'
[2024-06-16 15:50:32,705][flwr][INFO] - 	 '\tround 46: 0.05963468529318907\n'
[2024-06-16 15:50:32,706][flwr][INFO] - 	 '\tround 47: 0.08451673575944704\n'
[2024-06-16 15:50:32,706][flwr][INFO] - 	 '\tround 48: 0.05940569327422396\n'
[2024-06-16 15:50:32,707][flwr][INFO] - 	 '\tround 49: 0.04934177627763693\n'
[2024-06-16 15:50:32,707][flwr][INFO] - 	 '\tround 50: 0.061187564852647244\n')History (metrics, centralized):
[2024-06-16 15:50:32,708][flwr][INFO] - 	{'mae_loss, mse_loss': [(0, (35.426618347167974, 1255.3978663721575)),
[2024-06-16 15:50:32,708][flwr][INFO] - 	                        (1, (0.7303164672851565, 0.8802656656128842)),
[2024-06-16 15:50:32,709][flwr][INFO] - 	                        (2, (1.1491331481933584, 1.606412305652978)),
[2024-06-16 15:50:32,709][flwr][INFO] - 	                        (3, (1.8438795471191398, 3.86510979427758)),
[2024-06-16 15:50:32,710][flwr][INFO] - 	                        (4, (0.7869004821777352, 0.6802813497806214)),
[2024-06-16 15:50:32,710][flwr][INFO] - 	                        (5, (0.8055242919921867, 1.0294495275591034)),
[2024-06-16 15:50:32,711][flwr][INFO] - 	                        (6, (0.8040493774414059, 0.847696598494425)),
[2024-06-16 15:50:32,711][flwr][INFO] - 	                        (7, (0.8106701660156247, 0.8434571759935927)),
[2024-06-16 15:50:32,711][flwr][INFO] - 	                        (8, (0.5585346984863279, 0.3560058999961475)),
[2024-06-16 15:50:32,712][flwr][INFO] - 	                        (9, (0.3874119567871091, 0.202256585146883)),
[2024-06-16 15:50:32,712][flwr][INFO] - 	                        (10, (0.6831315612792977, 0.6743897396050177)),
[2024-06-16 15:50:32,712][flwr][INFO] - 	                        (11, (0.5378411865234384, 0.38388270013476866)),
[2024-06-16 15:50:32,713][flwr][INFO] - 	                        (12, (0.5235597229003914, 0.3511414351958086)),
[2024-06-16 15:50:32,713][flwr][INFO] - 	                        (13, (0.6515484619140622, 0.5640007718696721)),
[2024-06-16 15:50:32,714][flwr][INFO] - 	                        (14, (0.6394230651855466, 0.5220022102111248)),
[2024-06-16 15:50:32,714][flwr][INFO] - 	                        (15, (0.6005261230468747, 0.4464667968368154)),
[2024-06-16 15:50:32,714][flwr][INFO] - 	                        (16, (0.6047039794921872, 0.4555557074197563)),
[2024-06-16 15:50:32,715][flwr][INFO] - 	                        (17, (0.566855316162109, 0.39347293534350997)),
[2024-06-16 15:50:32,715][flwr][INFO] - 	                        (18, (0.5452587890624997, 0.3643077106864652)),
[2024-06-16 15:50:32,715][flwr][INFO] - 	                        (19, (0.48544204711914035, 0.27727244053652933)),
[2024-06-16 15:50:32,716][flwr][INFO] - 	                        (20, (0.49585159301757786, 0.29920113294303835)),
[2024-06-16 15:50:32,716][flwr][INFO] - 	                        (21, (0.4852764892578122, 0.29004353401111393)),
[2024-06-16 15:50:32,716][flwr][INFO] - 	                        (22, (0.3704930114746091, 0.15113124041038076)),
[2024-06-16 15:50:32,717][flwr][INFO] - 	                        (23, (0.4019779968261716, 0.1872731370435791)),
[2024-06-16 15:50:32,717][flwr][INFO] - 	                        (24, (0.4145207214355466, 0.20743065898690793)),
[2024-06-16 15:50:32,718][flwr][INFO] - 	                        (25, (0.392202453613281, 0.18390722215152305)),
[2024-06-16 15:50:32,718][flwr][INFO] - 	                        (26, (0.38877609252929657, 0.1843542748949253)),
[2024-06-16 15:50:32,718][flwr][INFO] - 	                        (27, (0.39303405761718724, 0.19386057309200938)),
[2024-06-16 15:50:32,719][flwr][INFO] - 	                        (28, (0.384359436035156, 0.1874402716974723)),
[2024-06-16 15:50:32,719][flwr][INFO] - 	                        (29, (0.408767547607421, 0.20582317805418224)),
[2024-06-16 15:50:32,719][flwr][INFO] - 	                        (30, (0.3533573913574216, 0.15808226090541527)),
[2024-06-16 15:50:32,720][flwr][INFO] - 	                        (31, (0.26752822875976534, 0.07953360808116827)),
[2024-06-16 15:50:32,720][flwr][INFO] - 	                        (32, (0.28737991333007784, 0.09691228108864712)),
[2024-06-16 15:50:32,721][flwr][INFO] - 	                        (33, (0.33109191894531165, 0.13749918458727145)),
[2024-06-16 15:50:32,721][flwr][INFO] - 	                        (34, (0.29012344360351533, 0.10437036110705196)),
[2024-06-16 15:50:32,721][flwr][INFO] - 	                        (35, (0.39754470825195226, 0.18077551244327278)),
[2024-06-16 15:50:32,722][flwr][INFO] - 	                        (36, (0.3700338745117179, 0.15811818354739757)),
[2024-06-16 15:50:32,722][flwr][INFO] - 	                        (37, (0.20237625122070285, 0.04546989453642149)),
[2024-06-16 15:50:32,722][flwr][INFO] - 	                        (38, (0.10699813842773409, 0.01860919108649261)),
[2024-06-16 15:50:32,723][flwr][INFO] - 	                        (39, (0.34566452026367217, 0.1978576285523606)),
[2024-06-16 15:50:32,723][flwr][INFO] - 	                        (40, (0.2630052185058602, 0.07893341986613843)),
[2024-06-16 15:50:32,724][flwr][INFO] - 	                        (41, (0.38237899780273354, 0.18157573263777854)),
[2024-06-16 15:50:32,724][flwr][INFO] - 	                        (42, (0.31022018432617104, 0.11723790661699578)),
[2024-06-16 15:50:32,725][flwr][INFO] - 	                        (43, (0.3686689758300773, 0.15185144246241505)),
[2024-06-16 15:50:32,725][flwr][INFO] - 	                        (44, (0.3402883911132804, 0.12903563560894654)),
[2024-06-16 15:50:32,726][flwr][INFO] - 	                        (45, (0.19773925781249915, 0.05095425731828422)),
[2024-06-16 15:50:32,726][flwr][INFO] - 	                        (46, (0.22107833862304602, 0.05963468529318906)),
[2024-06-16 15:50:32,727][flwr][INFO] - 	                        (47, (0.2731001281738273, 0.08451673575944704)),
[2024-06-16 15:50:32,727][flwr][INFO] - 	                        (48, (0.2243551635742179, 0.05940569327422397)),
[2024-06-16 15:50:32,727][flwr][INFO] - 	                        (49, (0.2025930786132804, 0.04934177627763693)),
[2024-06-16 15:50:32,728][flwr][INFO] - 	                        (50, (0.2310415649414054, 0.061187564852647244))]}
[2024-06-16 15:50:32,728][flwr][INFO] - 
