[2024-06-16 15:50:51,943][flwr][INFO] - Starting Flower simulation, config: num_rounds=50, no round_timeout
[2024-06-16 15:50:57,228][flwr][INFO] - Flower VCE: Ray initialized with resources: {'node:__internal_head__': 1.0, 'node:127.0.0.1': 1.0, 'object_store_memory': 6999977164.0, 'memory': 13999954331.0, 'CPU': 8.0}
[2024-06-16 15:50:57,229][flwr][INFO] - Optimize your simulation with Flower VCE: https://flower.ai/docs/framework/how-to-run-simulations.html
[2024-06-16 15:50:57,230][flwr][INFO] - Flower VCE: Resources for each Virtual Client: {'num_cpus': 8, 'num_gpus': 0.0}
[2024-06-16 15:50:57,238][flwr][INFO] - Flower VCE: Creating VirtualClientEngineActorPool with 1 actors
[2024-06-16 15:50:57,239][flwr][INFO] - [INIT]
[2024-06-16 15:50:57,239][flwr][INFO] - Requesting initial parameters from one random client
[2024-06-16 15:51:01,359][flwr][INFO] - Received initial parameters from one random client
[2024-06-16 15:51:01,360][flwr][INFO] - Evaluating initial global parameters
[2024-06-16 15:51:01,368][flwr][INFO] - initial parameters (loss, other metrics): tensor(36.9609, dtype=torch.float64), {'mae_loss, mse_loss': (5.890875396728516, 36.96089987674414)}
[2024-06-16 15:51:01,370][flwr][INFO] - 
[2024-06-16 15:51:01,371][flwr][INFO] - [ROUND 1]
[2024-06-16 15:51:01,372][flwr][INFO] - configure_fit: strategy sampled 25 clients (out of 25)
[2024-06-16 15:51:08,157][flwr][INFO] - aggregate_fit: received 25 results and 0 failures
[2024-06-16 15:51:08,177][flwr][WARNING] - No fit_metrics_aggregation_fn provided
[2024-06-16 15:51:08,181][flwr][INFO] - fit progress: (1, tensor(1.0858, dtype=torch.float64), {'mae_loss, mse_loss': (0.7615686035156258, 1.0858345138838075)}, 6.8109587000000005)
[2024-06-16 15:51:08,182][flwr][INFO] - configure_evaluate: strategy sampled 25 clients (out of 25)
[2024-06-16 15:51:08,774][flwr][INFO] - aggregate_evaluate: received 25 results and 0 failures
[2024-06-16 15:51:08,775][flwr][WARNING] - No evaluate_metrics_aggregation_fn provided
[2024-06-16 15:51:08,776][flwr][INFO] - 
[2024-06-16 15:51:08,776][flwr][INFO] - [ROUND 2]
[2024-06-16 15:51:08,776][flwr][INFO] - configure_fit: strategy sampled 25 clients (out of 25)
[2024-06-16 15:51:13,991][flwr][INFO] - aggregate_fit: received 25 results and 0 failures
[2024-06-16 15:51:14,015][flwr][INFO] - fit progress: (2, tensor(0.7813, dtype=torch.float64), {'mae_loss, mse_loss': (0.8024423217773446, 0.7812991787688823)}, 12.644557800000001)
[2024-06-16 15:51:14,017][flwr][INFO] - configure_evaluate: strategy sampled 25 clients (out of 25)
[2024-06-16 15:51:14,538][flwr][INFO] - aggregate_evaluate: received 25 results and 0 failures
[2024-06-16 15:51:14,539][flwr][INFO] - 
[2024-06-16 15:51:14,540][flwr][INFO] - [ROUND 3]
[2024-06-16 15:51:14,540][flwr][INFO] - configure_fit: strategy sampled 25 clients (out of 25)
[2024-06-16 15:51:19,989][flwr][INFO] - aggregate_fit: received 25 results and 0 failures
[2024-06-16 15:51:20,011][flwr][INFO] - fit progress: (3, tensor(1.1972, dtype=torch.float64), {'mae_loss, mse_loss': (0.9522616577148441, 1.1972044227817098)}, 18.640778100000002)
[2024-06-16 15:51:20,013][flwr][INFO] - configure_evaluate: strategy sampled 25 clients (out of 25)
[2024-06-16 15:51:20,525][flwr][INFO] - aggregate_evaluate: received 25 results and 0 failures
[2024-06-16 15:51:20,525][flwr][INFO] - 
[2024-06-16 15:51:20,526][flwr][INFO] - [ROUND 4]
[2024-06-16 15:51:20,526][flwr][INFO] - configure_fit: strategy sampled 25 clients (out of 25)
[2024-06-16 15:51:25,648][flwr][INFO] - aggregate_fit: received 25 results and 0 failures
[2024-06-16 15:51:25,672][flwr][INFO] - fit progress: (4, tensor(1.2783, dtype=torch.float64), {'mae_loss, mse_loss': (0.9723669433593741, 1.2782825212830207)}, 24.301815899999998)
[2024-06-16 15:51:25,674][flwr][INFO] - configure_evaluate: strategy sampled 25 clients (out of 25)
[2024-06-16 15:51:26,187][flwr][INFO] - aggregate_evaluate: received 25 results and 0 failures
[2024-06-16 15:51:26,188][flwr][INFO] - 
[2024-06-16 15:51:26,188][flwr][INFO] - [ROUND 5]
[2024-06-16 15:51:26,188][flwr][INFO] - configure_fit: strategy sampled 25 clients (out of 25)
[2024-06-16 15:51:31,366][flwr][INFO] - aggregate_fit: received 25 results and 0 failures
[2024-06-16 15:51:31,389][flwr][INFO] - fit progress: (5, tensor(1.1169, dtype=torch.float64), {'mae_loss, mse_loss': (0.9349752807617179, 1.116864900210406)}, 30.018991500000002)
[2024-06-16 15:51:31,392][flwr][INFO] - configure_evaluate: strategy sampled 25 clients (out of 25)
[2024-06-16 15:51:31,921][flwr][INFO] - aggregate_evaluate: received 25 results and 0 failures
[2024-06-16 15:51:31,922][flwr][INFO] - 
[2024-06-16 15:51:31,922][flwr][INFO] - [ROUND 6]
[2024-06-16 15:51:31,923][flwr][INFO] - configure_fit: strategy sampled 25 clients (out of 25)
[2024-06-16 15:51:37,519][flwr][INFO] - aggregate_fit: received 25 results and 0 failures
[2024-06-16 15:51:37,543][flwr][INFO] - fit progress: (6, tensor(0.3064, dtype=torch.float64), {'mae_loss, mse_loss': (0.4992898559570321, 0.30642637115065086)}, 36.1733924)
[2024-06-16 15:51:37,545][flwr][INFO] - configure_evaluate: strategy sampled 25 clients (out of 25)
[2024-06-16 15:51:38,067][flwr][INFO] - aggregate_evaluate: received 25 results and 0 failures
[2024-06-16 15:51:38,069][flwr][INFO] - 
[2024-06-16 15:51:38,069][flwr][INFO] - [ROUND 7]
[2024-06-16 15:51:38,070][flwr][INFO] - configure_fit: strategy sampled 25 clients (out of 25)
[2024-06-16 15:51:43,470][flwr][INFO] - aggregate_fit: received 25 results and 0 failures
[2024-06-16 15:51:43,497][flwr][INFO] - fit progress: (7, tensor(1.0098, dtype=torch.float64), {'mae_loss, mse_loss': (0.8963995361328116, 1.0098031642751297)}, 42.1270906)
[2024-06-16 15:51:43,499][flwr][INFO] - configure_evaluate: strategy sampled 25 clients (out of 25)
[2024-06-16 15:51:44,038][flwr][INFO] - aggregate_evaluate: received 25 results and 0 failures
[2024-06-16 15:51:44,039][flwr][INFO] - 
[2024-06-16 15:51:44,040][flwr][INFO] - [ROUND 8]
[2024-06-16 15:51:44,040][flwr][INFO] - configure_fit: strategy sampled 25 clients (out of 25)
[2024-06-16 15:51:49,416][flwr][INFO] - aggregate_fit: received 25 results and 0 failures
[2024-06-16 15:51:49,439][flwr][INFO] - fit progress: (8, tensor(1.4696, dtype=torch.float64), {'mae_loss, mse_loss': (1.1349478149414054, 1.4696272115162565)}, 48.0694242)
[2024-06-16 15:51:49,442][flwr][INFO] - configure_evaluate: strategy sampled 25 clients (out of 25)
[2024-06-16 15:51:49,983][flwr][INFO] - aggregate_evaluate: received 25 results and 0 failures
[2024-06-16 15:51:49,984][flwr][INFO] - 
[2024-06-16 15:51:49,985][flwr][INFO] - [ROUND 9]
[2024-06-16 15:51:49,986][flwr][INFO] - configure_fit: strategy sampled 25 clients (out of 25)
[2024-06-16 15:51:55,594][flwr][INFO] - aggregate_fit: received 25 results and 0 failures
[2024-06-16 15:51:55,618][flwr][INFO] - fit progress: (9, tensor(0.4128, dtype=torch.float64), {'mae_loss, mse_loss': (0.5248339843750003, 0.4128442527700682)}, 54.2487854)
[2024-06-16 15:51:55,621][flwr][INFO] - configure_evaluate: strategy sampled 25 clients (out of 25)
[2024-06-16 15:51:56,143][flwr][INFO] - aggregate_evaluate: received 25 results and 0 failures
[2024-06-16 15:51:56,144][flwr][INFO] - 
[2024-06-16 15:51:56,145][flwr][INFO] - [ROUND 10]
[2024-06-16 15:51:56,145][flwr][INFO] - configure_fit: strategy sampled 25 clients (out of 25)
[2024-06-16 15:52:01,394][flwr][INFO] - aggregate_fit: received 25 results and 0 failures
[2024-06-16 15:52:01,417][flwr][INFO] - fit progress: (10, tensor(0.4331, dtype=torch.float64), {'mae_loss, mse_loss': (0.5531820678710929, 0.4330661379473749)}, 60.047235099999995)
[2024-06-16 15:52:01,419][flwr][INFO] - configure_evaluate: strategy sampled 25 clients (out of 25)
[2024-06-16 15:52:02,002][flwr][INFO] - aggregate_evaluate: received 25 results and 0 failures
[2024-06-16 15:52:02,004][flwr][INFO] - 
[2024-06-16 15:52:02,005][flwr][INFO] - [ROUND 11]
[2024-06-16 15:52:02,005][flwr][INFO] - configure_fit: strategy sampled 25 clients (out of 25)
[2024-06-16 15:52:07,530][flwr][INFO] - aggregate_fit: received 25 results and 0 failures
[2024-06-16 15:52:07,554][flwr][INFO] - fit progress: (11, tensor(0.5112, dtype=torch.float64), {'mae_loss, mse_loss': (0.6303289794921867, 0.5111988569421226)}, 66.183566)
[2024-06-16 15:52:07,555][flwr][INFO] - configure_evaluate: strategy sampled 25 clients (out of 25)
[2024-06-16 15:52:08,149][flwr][INFO] - aggregate_evaluate: received 25 results and 0 failures
[2024-06-16 15:52:08,150][flwr][INFO] - 
[2024-06-16 15:52:08,151][flwr][INFO] - [ROUND 12]
[2024-06-16 15:52:08,151][flwr][INFO] - configure_fit: strategy sampled 25 clients (out of 25)
[2024-06-16 15:52:13,580][flwr][INFO] - aggregate_fit: received 25 results and 0 failures
[2024-06-16 15:52:13,607][flwr][INFO] - fit progress: (12, tensor(0.1623, dtype=torch.float64), {'mae_loss, mse_loss': (0.3432978820800784, 0.1623272581285568)}, 72.23704219999999)
[2024-06-16 15:52:13,609][flwr][INFO] - configure_evaluate: strategy sampled 25 clients (out of 25)
[2024-06-16 15:52:14,186][flwr][INFO] - aggregate_evaluate: received 25 results and 0 failures
[2024-06-16 15:52:14,187][flwr][INFO] - 
[2024-06-16 15:52:14,187][flwr][INFO] - [ROUND 13]
[2024-06-16 15:52:14,188][flwr][INFO] - configure_fit: strategy sampled 25 clients (out of 25)
[2024-06-16 15:52:19,735][flwr][INFO] - aggregate_fit: received 25 results and 0 failures
[2024-06-16 15:52:19,760][flwr][INFO] - fit progress: (13, tensor(0.2267, dtype=torch.float64), {'mae_loss, mse_loss': (0.4083964538574222, 0.2267363735385008)}, 78.3893853)
[2024-06-16 15:52:19,761][flwr][INFO] - configure_evaluate: strategy sampled 25 clients (out of 25)
[2024-06-16 15:52:20,287][flwr][INFO] - aggregate_evaluate: received 25 results and 0 failures
[2024-06-16 15:52:20,288][flwr][INFO] - 
[2024-06-16 15:52:20,289][flwr][INFO] - [ROUND 14]
[2024-06-16 15:52:20,289][flwr][INFO] - configure_fit: strategy sampled 25 clients (out of 25)
[2024-06-16 15:52:25,955][flwr][INFO] - aggregate_fit: received 25 results and 0 failures
[2024-06-16 15:52:25,979][flwr][INFO] - fit progress: (14, tensor(0.1721, dtype=torch.float64), {'mae_loss, mse_loss': (0.3568164062500003, 0.1721359888683076)}, 84.6091392)
[2024-06-16 15:52:25,981][flwr][INFO] - configure_evaluate: strategy sampled 25 clients (out of 25)
[2024-06-16 15:52:26,514][flwr][INFO] - aggregate_evaluate: received 25 results and 0 failures
[2024-06-16 15:52:26,515][flwr][INFO] - 
[2024-06-16 15:52:26,516][flwr][INFO] - [ROUND 15]
[2024-06-16 15:52:26,516][flwr][INFO] - configure_fit: strategy sampled 25 clients (out of 25)
[2024-06-16 15:52:32,638][flwr][INFO] - aggregate_fit: received 25 results and 0 failures
[2024-06-16 15:52:32,662][flwr][INFO] - fit progress: (15, tensor(0.2489, dtype=torch.float64), {'mae_loss, mse_loss': (0.4252062988281253, 0.24894164158590143)}, 91.29175479999999)
[2024-06-16 15:52:32,663][flwr][INFO] - configure_evaluate: strategy sampled 25 clients (out of 25)
[2024-06-16 15:52:33,228][flwr][INFO] - aggregate_evaluate: received 25 results and 0 failures
[2024-06-16 15:52:33,229][flwr][INFO] - 
[2024-06-16 15:52:33,230][flwr][INFO] - [ROUND 16]
[2024-06-16 15:52:33,231][flwr][INFO] - configure_fit: strategy sampled 25 clients (out of 25)
[2024-06-16 15:52:38,710][flwr][INFO] - aggregate_fit: received 25 results and 0 failures
[2024-06-16 15:52:38,732][flwr][INFO] - fit progress: (16, tensor(0.2647, dtype=torch.float64), {'mae_loss, mse_loss': (0.4349818420410159, 0.264661563462927)}, 97.36207)
[2024-06-16 15:52:38,734][flwr][INFO] - configure_evaluate: strategy sampled 25 clients (out of 25)
[2024-06-16 15:52:39,240][flwr][INFO] - aggregate_evaluate: received 25 results and 0 failures
[2024-06-16 15:52:39,241][flwr][INFO] - 
[2024-06-16 15:52:39,242][flwr][INFO] - [ROUND 17]
[2024-06-16 15:52:39,243][flwr][INFO] - configure_fit: strategy sampled 25 clients (out of 25)
[2024-06-16 15:52:44,336][flwr][INFO] - aggregate_fit: received 25 results and 0 failures
[2024-06-16 15:52:44,358][flwr][INFO] - fit progress: (17, tensor(0.1976, dtype=torch.float64), {'mae_loss, mse_loss': (0.3822886657714847, 0.19764826508157435)}, 102.9886094)
[2024-06-16 15:52:44,360][flwr][INFO] - configure_evaluate: strategy sampled 25 clients (out of 25)
[2024-06-16 15:52:44,930][flwr][INFO] - aggregate_evaluate: received 25 results and 0 failures
[2024-06-16 15:52:44,931][flwr][INFO] - 
[2024-06-16 15:52:44,931][flwr][INFO] - [ROUND 18]
[2024-06-16 15:52:44,932][flwr][INFO] - configure_fit: strategy sampled 25 clients (out of 25)
[2024-06-16 15:52:50,349][flwr][INFO] - aggregate_fit: received 25 results and 0 failures
[2024-06-16 15:52:50,375][flwr][INFO] - fit progress: (18, tensor(0.2329, dtype=torch.float64), {'mae_loss, mse_loss': (0.41099655151367215, 0.2329184988039779)}, 109.0043033)
[2024-06-16 15:52:50,377][flwr][INFO] - configure_evaluate: strategy sampled 25 clients (out of 25)
[2024-06-16 15:52:50,900][flwr][INFO] - aggregate_evaluate: received 25 results and 0 failures
[2024-06-16 15:52:50,901][flwr][INFO] - 
[2024-06-16 15:52:50,902][flwr][INFO] - [ROUND 19]
[2024-06-16 15:52:50,903][flwr][INFO] - configure_fit: strategy sampled 25 clients (out of 25)
[2024-06-16 15:52:56,588][flwr][INFO] - aggregate_fit: received 25 results and 0 failures
[2024-06-16 15:52:56,616][flwr][INFO] - fit progress: (19, tensor(0.1800, dtype=torch.float64), {'mae_loss, mse_loss': (0.36607696533203155, 0.17996713030478)}, 115.2456585)
[2024-06-16 15:52:56,618][flwr][INFO] - configure_evaluate: strategy sampled 25 clients (out of 25)
[2024-06-16 15:52:57,270][flwr][INFO] - aggregate_evaluate: received 25 results and 0 failures
[2024-06-16 15:52:57,271][flwr][INFO] - 
[2024-06-16 15:52:57,271][flwr][INFO] - [ROUND 20]
[2024-06-16 15:52:57,272][flwr][INFO] - configure_fit: strategy sampled 25 clients (out of 25)
[2024-06-16 15:53:02,682][flwr][INFO] - aggregate_fit: received 25 results and 0 failures
[2024-06-16 15:53:02,705][flwr][INFO] - fit progress: (20, tensor(0.1759, dtype=torch.float64), {'mae_loss, mse_loss': (0.36348220825195343, 0.17590220476069968)}, 121.3341679)
[2024-06-16 15:53:02,707][flwr][INFO] - configure_evaluate: strategy sampled 25 clients (out of 25)
[2024-06-16 15:53:03,295][flwr][INFO] - aggregate_evaluate: received 25 results and 0 failures
[2024-06-16 15:53:03,297][flwr][INFO] - 
[2024-06-16 15:53:03,297][flwr][INFO] - [ROUND 21]
[2024-06-16 15:53:03,298][flwr][INFO] - configure_fit: strategy sampled 25 clients (out of 25)
[2024-06-16 15:53:08,527][flwr][INFO] - aggregate_fit: received 25 results and 0 failures
[2024-06-16 15:53:08,548][flwr][INFO] - fit progress: (21, tensor(0.1056, dtype=torch.float64), {'mae_loss, mse_loss': (0.28179046630859406, 0.10556695230398364)}, 127.17826939999999)
[2024-06-16 15:53:08,550][flwr][INFO] - configure_evaluate: strategy sampled 25 clients (out of 25)
[2024-06-16 15:53:09,121][flwr][INFO] - aggregate_evaluate: received 25 results and 0 failures
[2024-06-16 15:53:09,122][flwr][INFO] - 
[2024-06-16 15:53:09,123][flwr][INFO] - [ROUND 22]
[2024-06-16 15:53:09,125][flwr][INFO] - configure_fit: strategy sampled 25 clients (out of 25)
[2024-06-16 15:53:14,582][flwr][INFO] - aggregate_fit: received 25 results and 0 failures
[2024-06-16 15:53:14,605][flwr][INFO] - fit progress: (22, tensor(0.1694, dtype=torch.float64), {'mae_loss, mse_loss': (0.359555358886719, 0.16939605269790642)}, 133.2350489)
[2024-06-16 15:53:14,607][flwr][INFO] - configure_evaluate: strategy sampled 25 clients (out of 25)
[2024-06-16 15:53:15,220][flwr][INFO] - aggregate_evaluate: received 25 results and 0 failures
[2024-06-16 15:53:15,221][flwr][INFO] - 
[2024-06-16 15:53:15,221][flwr][INFO] - [ROUND 23]
[2024-06-16 15:53:15,222][flwr][INFO] - configure_fit: strategy sampled 25 clients (out of 25)
[2024-06-16 15:53:20,467][flwr][INFO] - aggregate_fit: received 25 results and 0 failures
[2024-06-16 15:53:20,489][flwr][INFO] - fit progress: (23, tensor(0.1265, dtype=torch.float64), {'mae_loss, mse_loss': (0.3140185546875003, 0.12649829046078986)}, 139.11863150000002)
[2024-06-16 15:53:20,491][flwr][INFO] - configure_evaluate: strategy sampled 25 clients (out of 25)
[2024-06-16 15:53:21,046][flwr][INFO] - aggregate_evaluate: received 25 results and 0 failures
[2024-06-16 15:53:21,047][flwr][INFO] - 
[2024-06-16 15:53:21,048][flwr][INFO] - [ROUND 24]
[2024-06-16 15:53:21,049][flwr][INFO] - configure_fit: strategy sampled 25 clients (out of 25)
[2024-06-16 15:53:26,180][flwr][INFO] - aggregate_fit: received 25 results and 0 failures
[2024-06-16 15:53:26,204][flwr][INFO] - fit progress: (24, tensor(0.1096, dtype=torch.float64), {'mae_loss, mse_loss': (0.2906733703613284, 0.10959803091513491)}, 144.83380000000002)
[2024-06-16 15:53:26,206][flwr][INFO] - configure_evaluate: strategy sampled 25 clients (out of 25)
[2024-06-16 15:53:26,761][flwr][INFO] - aggregate_evaluate: received 25 results and 0 failures
[2024-06-16 15:53:26,761][flwr][INFO] - 
[2024-06-16 15:53:26,761][flwr][INFO] - [ROUND 25]
[2024-06-16 15:53:26,762][flwr][INFO] - configure_fit: strategy sampled 25 clients (out of 25)
[2024-06-16 15:53:32,302][flwr][INFO] - aggregate_fit: received 25 results and 0 failures
[2024-06-16 15:53:32,328][flwr][INFO] - fit progress: (25, tensor(0.1028, dtype=torch.float64), {'mae_loss, mse_loss': (0.27865631103515653, 0.10284918837226029)}, 150.95743230000002)
[2024-06-16 15:53:32,330][flwr][INFO] - configure_evaluate: strategy sampled 25 clients (out of 25)
[2024-06-16 15:53:32,864][flwr][INFO] - aggregate_evaluate: received 25 results and 0 failures
[2024-06-16 15:53:32,865][flwr][INFO] - 
[2024-06-16 15:53:32,867][flwr][INFO] - [ROUND 26]
[2024-06-16 15:53:32,868][flwr][INFO] - configure_fit: strategy sampled 25 clients (out of 25)
[2024-06-16 15:53:38,386][flwr][INFO] - aggregate_fit: received 25 results and 0 failures
[2024-06-16 15:53:38,408][flwr][INFO] - fit progress: (26, tensor(0.3514, dtype=torch.float64), {'mae_loss, mse_loss': (0.41431381225585967, 0.3513543760314367)}, 157.0378446)
[2024-06-16 15:53:38,410][flwr][INFO] - configure_evaluate: strategy sampled 25 clients (out of 25)
[2024-06-16 15:53:38,932][flwr][INFO] - aggregate_evaluate: received 25 results and 0 failures
[2024-06-16 15:53:38,933][flwr][INFO] - 
[2024-06-16 15:53:38,933][flwr][INFO] - [ROUND 27]
[2024-06-16 15:53:38,934][flwr][INFO] - configure_fit: strategy sampled 25 clients (out of 25)
[2024-06-16 15:53:44,370][flwr][INFO] - aggregate_fit: received 25 results and 0 failures
[2024-06-16 15:53:44,393][flwr][INFO] - fit progress: (27, tensor(0.3448, dtype=torch.float64), {'mae_loss, mse_loss': (0.4071115112304696, 0.34477117491862896)}, 163.02261280000002)
[2024-06-16 15:53:44,395][flwr][INFO] - configure_evaluate: strategy sampled 25 clients (out of 25)
[2024-06-16 15:53:44,940][flwr][INFO] - aggregate_evaluate: received 25 results and 0 failures
[2024-06-16 15:53:44,941][flwr][INFO] - 
[2024-06-16 15:53:44,942][flwr][INFO] - [ROUND 28]
[2024-06-16 15:53:44,943][flwr][INFO] - configure_fit: strategy sampled 25 clients (out of 25)
[2024-06-16 15:53:50,289][flwr][INFO] - aggregate_fit: received 25 results and 0 failures
[2024-06-16 15:53:50,313][flwr][INFO] - fit progress: (28, tensor(0.2747, dtype=torch.float64), {'mae_loss, mse_loss': (0.48271209716796903, 0.2747457423279998)}, 168.9426295)
[2024-06-16 15:53:50,315][flwr][INFO] - configure_evaluate: strategy sampled 25 clients (out of 25)
[2024-06-16 15:53:50,875][flwr][INFO] - aggregate_evaluate: received 25 results and 0 failures
[2024-06-16 15:53:50,876][flwr][INFO] - 
[2024-06-16 15:53:50,876][flwr][INFO] - [ROUND 29]
[2024-06-16 15:53:50,877][flwr][INFO] - configure_fit: strategy sampled 25 clients (out of 25)
[2024-06-16 15:53:56,201][flwr][INFO] - aggregate_fit: received 25 results and 0 failures
[2024-06-16 15:53:56,226][flwr][INFO] - fit progress: (29, tensor(0.1921, dtype=torch.float64), {'mae_loss, mse_loss': (0.3907733154296878, 0.19208974145096777)}, 174.8559083)
[2024-06-16 15:53:56,229][flwr][INFO] - configure_evaluate: strategy sampled 25 clients (out of 25)
[2024-06-16 15:53:56,764][flwr][INFO] - aggregate_evaluate: received 25 results and 0 failures
[2024-06-16 15:53:56,765][flwr][INFO] - 
[2024-06-16 15:53:56,765][flwr][INFO] - [ROUND 30]
[2024-06-16 15:53:56,766][flwr][INFO] - configure_fit: strategy sampled 25 clients (out of 25)
[2024-06-16 15:54:02,341][flwr][INFO] - aggregate_fit: received 25 results and 0 failures
[2024-06-16 15:54:02,365][flwr][INFO] - fit progress: (30, tensor(0.2036, dtype=torch.float64), {'mae_loss, mse_loss': (0.4013026428222659, 0.20362267347902555)}, 180.994144)
[2024-06-16 15:54:02,367][flwr][INFO] - configure_evaluate: strategy sampled 25 clients (out of 25)
[2024-06-16 15:54:02,963][flwr][INFO] - aggregate_evaluate: received 25 results and 0 failures
[2024-06-16 15:54:02,964][flwr][INFO] - 
[2024-06-16 15:54:02,964][flwr][INFO] - [ROUND 31]
[2024-06-16 15:54:02,965][flwr][INFO] - configure_fit: strategy sampled 25 clients (out of 25)
[2024-06-16 15:54:08,417][flwr][INFO] - aggregate_fit: received 25 results and 0 failures
[2024-06-16 15:54:08,440][flwr][INFO] - fit progress: (31, tensor(0.1545, dtype=torch.float64), {'mae_loss, mse_loss': (0.34892456054687526, 0.15446420797822102)}, 187.0700521)
[2024-06-16 15:54:08,442][flwr][INFO] - configure_evaluate: strategy sampled 25 clients (out of 25)
[2024-06-16 15:54:09,032][flwr][INFO] - aggregate_evaluate: received 25 results and 0 failures
[2024-06-16 15:54:09,032][flwr][INFO] - 
[2024-06-16 15:54:09,033][flwr][INFO] - [ROUND 32]
[2024-06-16 15:54:09,034][flwr][INFO] - configure_fit: strategy sampled 25 clients (out of 25)
[2024-06-16 15:54:14,427][flwr][INFO] - aggregate_fit: received 25 results and 0 failures
[2024-06-16 15:54:14,449][flwr][INFO] - fit progress: (32, tensor(0.1106, dtype=torch.float64), {'mae_loss, mse_loss': (0.2893908691406253, 0.11056343571492518)}, 193.0797416)
[2024-06-16 15:54:14,451][flwr][INFO] - configure_evaluate: strategy sampled 25 clients (out of 25)
[2024-06-16 15:54:14,991][flwr][INFO] - aggregate_evaluate: received 25 results and 0 failures
[2024-06-16 15:54:14,992][flwr][INFO] - 
[2024-06-16 15:54:14,993][flwr][INFO] - [ROUND 33]
[2024-06-16 15:54:14,994][flwr][INFO] - configure_fit: strategy sampled 25 clients (out of 25)
[2024-06-16 15:54:20,675][flwr][INFO] - aggregate_fit: received 25 results and 0 failures
[2024-06-16 15:54:20,699][flwr][INFO] - fit progress: (33, tensor(0.1574, dtype=torch.float64), {'mae_loss, mse_loss': (0.3545947265625003, 0.15735568653768883)}, 199.3290317)
[2024-06-16 15:54:20,701][flwr][INFO] - configure_evaluate: strategy sampled 25 clients (out of 25)
[2024-06-16 15:54:21,221][flwr][INFO] - aggregate_evaluate: received 25 results and 0 failures
[2024-06-16 15:54:21,222][flwr][INFO] - 
[2024-06-16 15:54:21,222][flwr][INFO] - [ROUND 34]
[2024-06-16 15:54:21,223][flwr][INFO] - configure_fit: strategy sampled 25 clients (out of 25)
[2024-06-16 15:54:26,590][flwr][INFO] - aggregate_fit: received 25 results and 0 failures
[2024-06-16 15:54:26,612][flwr][INFO] - fit progress: (34, tensor(0.1051, dtype=torch.float64), {'mae_loss, mse_loss': (0.29023849487304715, 0.10514337432722135)}, 205.2419604)
[2024-06-16 15:54:26,614][flwr][INFO] - configure_evaluate: strategy sampled 25 clients (out of 25)
[2024-06-16 15:54:27,152][flwr][INFO] - aggregate_evaluate: received 25 results and 0 failures
[2024-06-16 15:54:27,153][flwr][INFO] - 
[2024-06-16 15:54:27,154][flwr][INFO] - [ROUND 35]
[2024-06-16 15:54:27,155][flwr][INFO] - configure_fit: strategy sampled 25 clients (out of 25)
[2024-06-16 15:54:32,387][flwr][INFO] - aggregate_fit: received 25 results and 0 failures
[2024-06-16 15:54:32,427][flwr][INFO] - fit progress: (35, tensor(0.1168, dtype=torch.float64), {'mae_loss, mse_loss': (0.3097483825683597, 0.11684709702536958)}, 211.0565329)
[2024-06-16 15:54:32,429][flwr][INFO] - configure_evaluate: strategy sampled 25 clients (out of 25)
[2024-06-16 15:54:33,008][flwr][INFO] - aggregate_evaluate: received 25 results and 0 failures
[2024-06-16 15:54:33,009][flwr][INFO] - 
[2024-06-16 15:54:33,010][flwr][INFO] - [ROUND 36]
[2024-06-16 15:54:33,011][flwr][INFO] - configure_fit: strategy sampled 25 clients (out of 25)
[2024-06-16 15:54:38,849][flwr][INFO] - aggregate_fit: received 25 results and 0 failures
[2024-06-16 15:54:38,874][flwr][INFO] - fit progress: (36, tensor(0.0783, dtype=torch.float64), {'mae_loss, mse_loss': (0.24695846557617215, 0.07828497065731829)}, 217.5035109)
[2024-06-16 15:54:38,877][flwr][INFO] - configure_evaluate: strategy sampled 25 clients (out of 25)
[2024-06-16 15:54:39,387][flwr][INFO] - aggregate_evaluate: received 25 results and 0 failures
[2024-06-16 15:54:39,388][flwr][INFO] - 
[2024-06-16 15:54:39,389][flwr][INFO] - [ROUND 37]
[2024-06-16 15:54:39,390][flwr][INFO] - configure_fit: strategy sampled 25 clients (out of 25)
[2024-06-16 15:54:44,449][flwr][INFO] - aggregate_fit: received 25 results and 0 failures
[2024-06-16 15:54:44,471][flwr][INFO] - fit progress: (37, tensor(0.0942, dtype=torch.float64), {'mae_loss, mse_loss': (0.27803146362304715, 0.09418685545946966)}, 223.1011728)
[2024-06-16 15:54:44,473][flwr][INFO] - configure_evaluate: strategy sampled 25 clients (out of 25)
[2024-06-16 15:54:45,009][flwr][INFO] - aggregate_evaluate: received 25 results and 0 failures
[2024-06-16 15:54:45,010][flwr][INFO] - 
[2024-06-16 15:54:45,011][flwr][INFO] - [ROUND 38]
[2024-06-16 15:54:45,011][flwr][INFO] - configure_fit: strategy sampled 25 clients (out of 25)
[2024-06-16 15:54:50,134][flwr][INFO] - aggregate_fit: received 25 results and 0 failures
[2024-06-16 15:54:50,162][flwr][INFO] - fit progress: (38, tensor(0.0636, dtype=torch.float64), {'mae_loss, mse_loss': (0.2210864257812503, 0.06358464458817656)}, 228.79236550000002)
[2024-06-16 15:54:50,164][flwr][INFO] - configure_evaluate: strategy sampled 25 clients (out of 25)
[2024-06-16 15:54:50,738][flwr][INFO] - aggregate_evaluate: received 25 results and 0 failures
[2024-06-16 15:54:50,739][flwr][INFO] - 
[2024-06-16 15:54:50,739][flwr][INFO] - [ROUND 39]
[2024-06-16 15:54:50,740][flwr][INFO] - configure_fit: strategy sampled 25 clients (out of 25)
[2024-06-16 15:54:55,972][flwr][INFO] - aggregate_fit: received 25 results and 0 failures
[2024-06-16 15:54:55,997][flwr][INFO] - fit progress: (39, tensor(0.0783, dtype=torch.float64), {'mae_loss, mse_loss': (0.2551966857910159, 0.07825221525656553)}, 234.62710280000002)
[2024-06-16 15:54:55,999][flwr][INFO] - configure_evaluate: strategy sampled 25 clients (out of 25)
[2024-06-16 15:54:56,531][flwr][INFO] - aggregate_evaluate: received 25 results and 0 failures
[2024-06-16 15:54:56,532][flwr][INFO] - 
[2024-06-16 15:54:56,533][flwr][INFO] - [ROUND 40]
[2024-06-16 15:54:56,533][flwr][INFO] - configure_fit: strategy sampled 25 clients (out of 25)
[2024-06-16 15:55:01,589][flwr][INFO] - aggregate_fit: received 25 results and 0 failures
[2024-06-16 15:55:01,610][flwr][INFO] - fit progress: (40, tensor(0.0571, dtype=torch.float64), {'mae_loss, mse_loss': (0.21150848388671903, 0.057072865646100056)}, 240.23970930000002)
[2024-06-16 15:55:01,612][flwr][INFO] - configure_evaluate: strategy sampled 25 clients (out of 25)
[2024-06-16 15:55:02,132][flwr][INFO] - aggregate_evaluate: received 25 results and 0 failures
[2024-06-16 15:55:02,133][flwr][INFO] - 
[2024-06-16 15:55:02,134][flwr][INFO] - [ROUND 41]
[2024-06-16 15:55:02,134][flwr][INFO] - configure_fit: strategy sampled 25 clients (out of 25)
[2024-06-16 15:55:07,298][flwr][INFO] - aggregate_fit: received 25 results and 0 failures
[2024-06-16 15:55:07,320][flwr][INFO] - fit progress: (41, tensor(0.0568, dtype=torch.float64), {'mae_loss, mse_loss': (0.21408111572265653, 0.05675273597682863)}, 245.94970780000003)
[2024-06-16 15:55:07,321][flwr][INFO] - configure_evaluate: strategy sampled 25 clients (out of 25)
[2024-06-16 15:55:07,909][flwr][INFO] - aggregate_evaluate: received 25 results and 0 failures
[2024-06-16 15:55:07,910][flwr][INFO] - 
[2024-06-16 15:55:07,911][flwr][INFO] - [ROUND 42]
[2024-06-16 15:55:07,911][flwr][INFO] - configure_fit: strategy sampled 25 clients (out of 25)
[2024-06-16 15:55:13,081][flwr][INFO] - aggregate_fit: received 25 results and 0 failures
[2024-06-16 15:55:13,103][flwr][INFO] - fit progress: (42, tensor(0.0487, dtype=torch.float64), {'mae_loss, mse_loss': (0.1929034423828128, 0.04872959331120404)}, 251.73249660000002)
[2024-06-16 15:55:13,105][flwr][INFO] - configure_evaluate: strategy sampled 25 clients (out of 25)
[2024-06-16 15:55:13,642][flwr][INFO] - aggregate_evaluate: received 25 results and 0 failures
[2024-06-16 15:55:13,642][flwr][INFO] - 
[2024-06-16 15:55:13,643][flwr][INFO] - [ROUND 43]
[2024-06-16 15:55:13,644][flwr][INFO] - configure_fit: strategy sampled 25 clients (out of 25)
[2024-06-16 15:55:18,800][flwr][INFO] - aggregate_fit: received 25 results and 0 failures
[2024-06-16 15:55:18,823][flwr][INFO] - fit progress: (43, tensor(0.0468, dtype=torch.float64), {'mae_loss, mse_loss': (0.18891784667968778, 0.04681527689308899)}, 257.4529295)
[2024-06-16 15:55:18,825][flwr][INFO] - configure_evaluate: strategy sampled 25 clients (out of 25)
[2024-06-16 15:55:19,403][flwr][INFO] - aggregate_evaluate: received 25 results and 0 failures
[2024-06-16 15:55:19,404][flwr][INFO] - 
[2024-06-16 15:55:19,405][flwr][INFO] - [ROUND 44]
[2024-06-16 15:55:19,406][flwr][INFO] - configure_fit: strategy sampled 25 clients (out of 25)
[2024-06-16 15:55:24,401][flwr][INFO] - aggregate_fit: received 25 results and 0 failures
[2024-06-16 15:55:24,423][flwr][INFO] - fit progress: (44, tensor(0.0403, dtype=torch.float64), {'mae_loss, mse_loss': (0.16882034301757898, 0.04029911277152175)}, 263.05324379999996)
[2024-06-16 15:55:24,426][flwr][INFO] - configure_evaluate: strategy sampled 25 clients (out of 25)
[2024-06-16 15:55:24,928][flwr][INFO] - aggregate_evaluate: received 25 results and 0 failures
[2024-06-16 15:55:24,928][flwr][INFO] - 
[2024-06-16 15:55:24,929][flwr][INFO] - [ROUND 45]
[2024-06-16 15:55:24,929][flwr][INFO] - configure_fit: strategy sampled 25 clients (out of 25)
[2024-06-16 15:55:29,963][flwr][INFO] - aggregate_fit: received 25 results and 0 failures
[2024-06-16 15:55:29,985][flwr][INFO] - fit progress: (45, tensor(0.0384, dtype=torch.float64), {'mae_loss, mse_loss': (0.1638101196289071, 0.03837320761615455)}, 268.6150819)
[2024-06-16 15:55:29,987][flwr][INFO] - configure_evaluate: strategy sampled 25 clients (out of 25)
[2024-06-16 15:55:30,517][flwr][INFO] - aggregate_evaluate: received 25 results and 0 failures
[2024-06-16 15:55:30,517][flwr][INFO] - 
[2024-06-16 15:55:30,518][flwr][INFO] - [ROUND 46]
[2024-06-16 15:55:30,519][flwr][INFO] - configure_fit: strategy sampled 25 clients (out of 25)
[2024-06-16 15:55:35,882][flwr][INFO] - aggregate_fit: received 25 results and 0 failures
[2024-06-16 15:55:35,904][flwr][INFO] - fit progress: (46, tensor(0.0531, dtype=torch.float64), {'mae_loss, mse_loss': (0.21235763549804715, 0.05307028885849312)}, 274.5338514)
[2024-06-16 15:55:35,906][flwr][INFO] - configure_evaluate: strategy sampled 25 clients (out of 25)
[2024-06-16 15:55:36,493][flwr][INFO] - aggregate_evaluate: received 25 results and 0 failures
[2024-06-16 15:55:36,494][flwr][INFO] - 
[2024-06-16 15:55:36,494][flwr][INFO] - [ROUND 47]
[2024-06-16 15:55:36,495][flwr][INFO] - configure_fit: strategy sampled 25 clients (out of 25)
[2024-06-16 15:55:41,661][flwr][INFO] - aggregate_fit: received 25 results and 0 failures
[2024-06-16 15:55:41,684][flwr][INFO] - fit progress: (47, tensor(0.0643, dtype=torch.float64), {'mae_loss, mse_loss': (0.2347521972656253, 0.06425722427992168)}, 280.31394029999996)
[2024-06-16 15:55:41,685][flwr][INFO] - configure_evaluate: strategy sampled 25 clients (out of 25)
[2024-06-16 15:55:42,220][flwr][INFO] - aggregate_evaluate: received 25 results and 0 failures
[2024-06-16 15:55:42,221][flwr][INFO] - 
[2024-06-16 15:55:42,221][flwr][INFO] - [ROUND 48]
[2024-06-16 15:55:42,222][flwr][INFO] - configure_fit: strategy sampled 25 clients (out of 25)
[2024-06-16 15:55:47,266][flwr][INFO] - aggregate_fit: received 25 results and 0 failures
[2024-06-16 15:55:47,289][flwr][INFO] - fit progress: (48, tensor(0.0428, dtype=torch.float64), {'mae_loss, mse_loss': (0.18782608032226591, 0.04277879958890875)}, 285.91820659999996)
[2024-06-16 15:55:47,290][flwr][INFO] - configure_evaluate: strategy sampled 25 clients (out of 25)
[2024-06-16 15:55:47,808][flwr][INFO] - aggregate_evaluate: received 25 results and 0 failures
[2024-06-16 15:55:47,809][flwr][INFO] - 
[2024-06-16 15:55:47,810][flwr][INFO] - [ROUND 49]
[2024-06-16 15:55:47,810][flwr][INFO] - configure_fit: strategy sampled 25 clients (out of 25)
[2024-06-16 15:55:52,938][flwr][INFO] - aggregate_fit: received 25 results and 0 failures
[2024-06-16 15:55:52,962][flwr][INFO] - fit progress: (49, tensor(0.0501, dtype=torch.float64), {'mae_loss, mse_loss': (0.20779983520507841, 0.050128231144394034)}, 291.5921201)
[2024-06-16 15:55:52,964][flwr][INFO] - configure_evaluate: strategy sampled 25 clients (out of 25)
[2024-06-16 15:55:53,480][flwr][INFO] - aggregate_evaluate: received 25 results and 0 failures
[2024-06-16 15:55:53,481][flwr][INFO] - 
[2024-06-16 15:55:53,482][flwr][INFO] - [ROUND 50]
[2024-06-16 15:55:53,482][flwr][INFO] - configure_fit: strategy sampled 25 clients (out of 25)
[2024-06-16 15:55:58,660][flwr][INFO] - aggregate_fit: received 25 results and 0 failures
[2024-06-16 15:55:58,682][flwr][INFO] - fit progress: (50, tensor(0.0399, dtype=torch.float64), {'mae_loss, mse_loss': (0.1813616943359378, 0.03987117004557542)}, 297.3123079)
[2024-06-16 15:55:58,684][flwr][INFO] - configure_evaluate: strategy sampled 25 clients (out of 25)
[2024-06-16 15:55:59,210][flwr][INFO] - aggregate_evaluate: received 25 results and 0 failures
[2024-06-16 15:55:59,211][flwr][INFO] - 
[2024-06-16 15:55:59,211][flwr][INFO] - [SUMMARY]
[2024-06-16 15:55:59,212][flwr][INFO] - Run finished 50 rounds in 297.84s
[2024-06-16 15:55:59,214][flwr][INFO] - History (loss, distributed):
[2024-06-16 15:55:59,214][flwr][INFO] - 	('\tround 1: 20.516543989832403\n'
[2024-06-16 15:55:59,215][flwr][INFO] - 	 '\tround 2: 14.52710809950855\n'
[2024-06-16 15:55:59,215][flwr][INFO] - 	 '\tround 3: 9.354041294180837\n'
[2024-06-16 15:55:59,216][flwr][INFO] - 	 '\tround 4: 5.776716349651615\n'
[2024-06-16 15:55:59,216][flwr][INFO] - 	 '\tround 5: 3.076177956144611\n'
[2024-06-16 15:55:59,217][flwr][INFO] - 	 '\tround 6: 3.43295829391928\n'
[2024-06-16 15:55:59,218][flwr][INFO] - 	 '\tround 7: 2.1773441551491013\n'
[2024-06-16 15:55:59,218][flwr][INFO] - 	 '\tround 8: 1.8531558375172108\n'
[2024-06-16 15:55:59,219][flwr][INFO] - 	 '\tround 9: 1.8288071457500232\n'
[2024-06-16 15:55:59,220][flwr][INFO] - 	 '\tround 10: 1.4644958895342748\n'
[2024-06-16 15:55:59,220][flwr][INFO] - 	 '\tround 11: 1.2825716901348918\n'
[2024-06-16 15:55:59,221][flwr][INFO] - 	 '\tround 12: 1.3007102500794119\n'
[2024-06-16 15:55:59,222][flwr][INFO] - 	 '\tround 13: 1.0548220476924453\n'
[2024-06-16 15:55:59,222][flwr][INFO] - 	 '\tround 14: 1.0048788536950868\n'
[2024-06-16 15:55:59,223][flwr][INFO] - 	 '\tround 15: 0.8693549930467301\n'
[2024-06-16 15:55:59,224][flwr][INFO] - 	 '\tround 16: 0.7990530871542996\n'
[2024-06-16 15:55:59,224][flwr][INFO] - 	 '\tround 17: 0.7792907696770154\n'
[2024-06-16 15:55:59,225][flwr][INFO] - 	 '\tround 18: 0.7176698039428571\n'
[2024-06-16 15:55:59,226][flwr][INFO] - 	 '\tround 19: 0.7039195328574938\n'
[2024-06-16 15:55:59,226][flwr][INFO] - 	 '\tround 20: 0.6731162593359893\n'
[2024-06-16 15:55:59,227][flwr][INFO] - 	 '\tround 21: 0.7139811848673103\n'
[2024-06-16 15:55:59,228][flwr][INFO] - 	 '\tround 22: 0.6407152370468857\n'
[2024-06-16 15:55:59,229][flwr][INFO] - 	 '\tround 23: 0.6581282255972843\n'
[2024-06-16 15:55:59,229][flwr][INFO] - 	 '\tround 24: 0.657606858625671\n'
[2024-06-16 15:55:59,230][flwr][INFO] - 	 '\tround 25: 0.6379013767171154\n'
[2024-06-16 15:55:59,230][flwr][INFO] - 	 '\tround 26: 2.040817695636102\n'
[2024-06-16 15:55:59,231][flwr][INFO] - 	 '\tround 27: 2.890968967481612\n'
[2024-06-16 15:55:59,231][flwr][INFO] - 	 '\tround 28: 1.0825153109358103\n'
[2024-06-16 15:55:59,232][flwr][INFO] - 	 '\tround 29: 0.9069263389768051\n'
[2024-06-16 15:55:59,232][flwr][INFO] - 	 '\tround 30: 0.7587890791213703\n'
[2024-06-16 15:55:59,232][flwr][INFO] - 	 '\tround 31: 0.716403066978031\n'
[2024-06-16 15:55:59,233][flwr][INFO] - 	 '\tround 32: 0.6860120414045647\n'
[2024-06-16 15:55:59,233][flwr][INFO] - 	 '\tround 33: 0.5993092898749093\n'
[2024-06-16 15:55:59,234][flwr][INFO] - 	 '\tround 34: 0.5874285049943018\n'
[2024-06-16 15:55:59,234][flwr][INFO] - 	 '\tround 35: 0.5396407934676076\n'
[2024-06-16 15:55:59,235][flwr][INFO] - 	 '\tround 36: 0.5347176696630465\n'
[2024-06-16 15:55:59,235][flwr][INFO] - 	 '\tround 37: 0.4872423786469567\n'
[2024-06-16 15:55:59,235][flwr][INFO] - 	 '\tround 38: 0.4854539676300655\n'
[2024-06-16 15:55:59,236][flwr][INFO] - 	 '\tround 39: 0.44539243314677407\n'
[2024-06-16 15:55:59,236][flwr][INFO] - 	 '\tround 40: 0.44609378640946673\n'
[2024-06-16 15:55:59,237][flwr][INFO] - 	 '\tround 41: 0.42663764766488027\n'
[2024-06-16 15:55:59,237][flwr][INFO] - 	 '\tround 42: 0.41933964372780624\n'
[2024-06-16 15:55:59,237][flwr][INFO] - 	 '\tround 43: 0.4097824752403468\n'
[2024-06-16 15:55:59,238][flwr][INFO] - 	 '\tround 44: 0.4058896385552678\n'
[2024-06-16 15:55:59,238][flwr][INFO] - 	 '\tround 45: 0.40221382044355913\n'
[2024-06-16 15:55:59,239][flwr][INFO] - 	 '\tround 46: 0.3613672090825785\n'
[2024-06-16 15:55:59,239][flwr][INFO] - 	 '\tround 47: 0.3464197350443161\n'
[2024-06-16 15:55:59,239][flwr][INFO] - 	 '\tround 48: 0.34858120088647176\n'
[2024-06-16 15:55:59,240][flwr][INFO] - 	 '\tround 49: 0.3343354839599705\n'
[2024-06-16 15:55:59,240][flwr][INFO] - 	 '\tround 50: 0.3335571262634258\n')History (loss, centralized):
[2024-06-16 15:55:59,241][flwr][INFO] - 	('\tround 0: 36.96089987674414\n'
[2024-06-16 15:55:59,241][flwr][INFO] - 	 '\tround 1: 1.0858345138838075\n'
[2024-06-16 15:55:59,242][flwr][INFO] - 	 '\tround 2: 0.7812991787688823\n'
[2024-06-16 15:55:59,242][flwr][INFO] - 	 '\tround 3: 1.1972044227817098\n'
[2024-06-16 15:55:59,243][flwr][INFO] - 	 '\tround 4: 1.2782825212830207\n'
[2024-06-16 15:55:59,243][flwr][INFO] - 	 '\tround 5: 1.116864900210406\n'
[2024-06-16 15:55:59,244][flwr][INFO] - 	 '\tround 6: 0.30642637115065086\n'
[2024-06-16 15:55:59,244][flwr][INFO] - 	 '\tround 7: 1.0098031642751297\n'
[2024-06-16 15:55:59,245][flwr][INFO] - 	 '\tround 8: 1.4696272115162565\n'
[2024-06-16 15:55:59,245][flwr][INFO] - 	 '\tround 9: 0.4128442527700682\n'
[2024-06-16 15:55:59,245][flwr][INFO] - 	 '\tround 10: 0.4330661379473749\n'
[2024-06-16 15:55:59,246][flwr][INFO] - 	 '\tround 11: 0.5111988569421226\n'
[2024-06-16 15:55:59,246][flwr][INFO] - 	 '\tround 12: 0.1623272581285568\n'
[2024-06-16 15:55:59,247][flwr][INFO] - 	 '\tround 13: 0.2267363735385008\n'
[2024-06-16 15:55:59,247][flwr][INFO] - 	 '\tround 14: 0.1721359888683076\n'
[2024-06-16 15:55:59,248][flwr][INFO] - 	 '\tround 15: 0.24894164158590143\n'
[2024-06-16 15:55:59,248][flwr][INFO] - 	 '\tround 16: 0.264661563462927\n'
[2024-06-16 15:55:59,248][flwr][INFO] - 	 '\tround 17: 0.19764826508157435\n'
[2024-06-16 15:55:59,249][flwr][INFO] - 	 '\tround 18: 0.2329184988039779\n'
[2024-06-16 15:55:59,249][flwr][INFO] - 	 '\tround 19: 0.17996713030477998\n'
[2024-06-16 15:55:59,250][flwr][INFO] - 	 '\tround 20: 0.17590220476069968\n'
[2024-06-16 15:55:59,250][flwr][INFO] - 	 '\tround 21: 0.10556695230398364\n'
[2024-06-16 15:55:59,250][flwr][INFO] - 	 '\tround 22: 0.16939605269790642\n'
[2024-06-16 15:55:59,251][flwr][INFO] - 	 '\tround 23: 0.12649829046078986\n'
[2024-06-16 15:55:59,251][flwr][INFO] - 	 '\tround 24: 0.10959803091513494\n'
[2024-06-16 15:55:59,251][flwr][INFO] - 	 '\tround 25: 0.10284918837226029\n'
[2024-06-16 15:55:59,252][flwr][INFO] - 	 '\tround 26: 0.3513543760314367\n'
[2024-06-16 15:55:59,252][flwr][INFO] - 	 '\tround 27: 0.34477117491862896\n'
[2024-06-16 15:55:59,252][flwr][INFO] - 	 '\tround 28: 0.27474574232799975\n'
[2024-06-16 15:55:59,253][flwr][INFO] - 	 '\tround 29: 0.19208974145096777\n'
[2024-06-16 15:55:59,253][flwr][INFO] - 	 '\tround 30: 0.20362267347902555\n'
[2024-06-16 15:55:59,253][flwr][INFO] - 	 '\tround 31: 0.15446420797822102\n'
[2024-06-16 15:55:59,254][flwr][INFO] - 	 '\tround 32: 0.11056343571492518\n'
[2024-06-16 15:55:59,254][flwr][INFO] - 	 '\tround 33: 0.15735568653768883\n'
[2024-06-16 15:55:59,254][flwr][INFO] - 	 '\tround 34: 0.10514337432722135\n'
[2024-06-16 15:55:59,255][flwr][INFO] - 	 '\tround 35: 0.11684709702536958\n'
[2024-06-16 15:55:59,255][flwr][INFO] - 	 '\tround 36: 0.07828497065731829\n'
[2024-06-16 15:55:59,255][flwr][INFO] - 	 '\tround 37: 0.09418685545946966\n'
[2024-06-16 15:55:59,256][flwr][INFO] - 	 '\tround 38: 0.06358464458817656\n'
[2024-06-16 15:55:59,256][flwr][INFO] - 	 '\tround 39: 0.07825221525656553\n'
[2024-06-16 15:55:59,257][flwr][INFO] - 	 '\tround 40: 0.057072865646100056\n'
[2024-06-16 15:55:59,257][flwr][INFO] - 	 '\tround 41: 0.05675273597682862\n'
[2024-06-16 15:55:59,257][flwr][INFO] - 	 '\tround 42: 0.04872959331120404\n'
[2024-06-16 15:55:59,258][flwr][INFO] - 	 '\tround 43: 0.04681527689308898\n'
[2024-06-16 15:55:59,258][flwr][INFO] - 	 '\tround 44: 0.04029911277152175\n'
[2024-06-16 15:55:59,259][flwr][INFO] - 	 '\tround 45: 0.03837320761615455\n'
[2024-06-16 15:55:59,259][flwr][INFO] - 	 '\tround 46: 0.05307028885849312\n'
[2024-06-16 15:55:59,260][flwr][INFO] - 	 '\tround 47: 0.06425722427992168\n'
[2024-06-16 15:55:59,260][flwr][INFO] - 	 '\tround 48: 0.04277879958890875\n'
[2024-06-16 15:55:59,260][flwr][INFO] - 	 '\tround 49: 0.050128231144394034\n'
[2024-06-16 15:55:59,261][flwr][INFO] - 	 '\tround 50: 0.03987117004557542\n')History (metrics, centralized):
[2024-06-16 15:55:59,261][flwr][INFO] - 	{'mae_loss, mse_loss': [(0, (5.890875396728516, 36.96089987674414)),
[2024-06-16 15:55:59,262][flwr][INFO] - 	                        (1, (0.7615686035156258, 1.0858345138838075)),
[2024-06-16 15:55:59,262][flwr][INFO] - 	                        (2, (0.8024423217773446, 0.7812991787688823)),
[2024-06-16 15:55:59,263][flwr][INFO] - 	                        (3, (0.9522616577148441, 1.1972044227817098)),
[2024-06-16 15:55:59,263][flwr][INFO] - 	                        (4, (0.9723669433593741, 1.2782825212830207)),
[2024-06-16 15:55:59,264][flwr][INFO] - 	                        (5, (0.9349752807617179, 1.116864900210406)),
[2024-06-16 15:55:59,264][flwr][INFO] - 	                        (6, (0.4992898559570321, 0.30642637115065086)),
[2024-06-16 15:55:59,264][flwr][INFO] - 	                        (7, (0.8963995361328116, 1.0098031642751297)),
[2024-06-16 15:55:59,265][flwr][INFO] - 	                        (8, (1.1349478149414054, 1.4696272115162565)),
[2024-06-16 15:55:59,265][flwr][INFO] - 	                        (9, (0.5248339843750003, 0.4128442527700682)),
[2024-06-16 15:55:59,265][flwr][INFO] - 	                        (10, (0.5531820678710929, 0.4330661379473749)),
[2024-06-16 15:55:59,266][flwr][INFO] - 	                        (11, (0.6303289794921867, 0.5111988569421226)),
[2024-06-16 15:55:59,266][flwr][INFO] - 	                        (12, (0.3432978820800784, 0.1623272581285568)),
[2024-06-16 15:55:59,267][flwr][INFO] - 	                        (13, (0.4083964538574222, 0.2267363735385008)),
[2024-06-16 15:55:59,267][flwr][INFO] - 	                        (14, (0.3568164062500003, 0.1721359888683076)),
[2024-06-16 15:55:59,267][flwr][INFO] - 	                        (15, (0.4252062988281253, 0.24894164158590143)),
[2024-06-16 15:55:59,268][flwr][INFO] - 	                        (16, (0.4349818420410159, 0.264661563462927)),
[2024-06-16 15:55:59,268][flwr][INFO] - 	                        (17, (0.3822886657714847, 0.19764826508157435)),
[2024-06-16 15:55:59,269][flwr][INFO] - 	                        (18, (0.41099655151367215, 0.2329184988039779)),
[2024-06-16 15:55:59,269][flwr][INFO] - 	                        (19, (0.36607696533203155, 0.17996713030478)),
[2024-06-16 15:55:59,269][flwr][INFO] - 	                        (20, (0.36348220825195343, 0.17590220476069968)),
[2024-06-16 15:55:59,270][flwr][INFO] - 	                        (21, (0.28179046630859406, 0.10556695230398364)),
[2024-06-16 15:55:59,270][flwr][INFO] - 	                        (22, (0.359555358886719, 0.16939605269790642)),
[2024-06-16 15:55:59,270][flwr][INFO] - 	                        (23, (0.3140185546875003, 0.12649829046078986)),
[2024-06-16 15:55:59,271][flwr][INFO] - 	                        (24, (0.2906733703613284, 0.10959803091513491)),
[2024-06-16 15:55:59,271][flwr][INFO] - 	                        (25, (0.27865631103515653, 0.10284918837226029)),
[2024-06-16 15:55:59,272][flwr][INFO] - 	                        (26, (0.41431381225585967, 0.3513543760314367)),
[2024-06-16 15:55:59,272][flwr][INFO] - 	                        (27, (0.4071115112304696, 0.34477117491862896)),
[2024-06-16 15:55:59,273][flwr][INFO] - 	                        (28, (0.48271209716796903, 0.2747457423279998)),
[2024-06-16 15:55:59,273][flwr][INFO] - 	                        (29, (0.3907733154296878, 0.19208974145096777)),
[2024-06-16 15:55:59,273][flwr][INFO] - 	                        (30, (0.4013026428222659, 0.20362267347902555)),
[2024-06-16 15:55:59,274][flwr][INFO] - 	                        (31, (0.34892456054687526, 0.15446420797822102)),
[2024-06-16 15:55:59,274][flwr][INFO] - 	                        (32, (0.2893908691406253, 0.11056343571492518)),
[2024-06-16 15:55:59,275][flwr][INFO] - 	                        (33, (0.3545947265625003, 0.15735568653768883)),
[2024-06-16 15:55:59,275][flwr][INFO] - 	                        (34, (0.29023849487304715, 0.10514337432722135)),
[2024-06-16 15:55:59,275][flwr][INFO] - 	                        (35, (0.3097483825683597, 0.11684709702536958)),
[2024-06-16 15:55:59,276][flwr][INFO] - 	                        (36, (0.24695846557617215, 0.07828497065731829)),
[2024-06-16 15:55:59,276][flwr][INFO] - 	                        (37, (0.27803146362304715, 0.09418685545946966)),
[2024-06-16 15:55:59,277][flwr][INFO] - 	                        (38, (0.2210864257812503, 0.06358464458817656)),
[2024-06-16 15:55:59,277][flwr][INFO] - 	                        (39, (0.2551966857910159, 0.07825221525656553)),
[2024-06-16 15:55:59,278][flwr][INFO] - 	                        (40, (0.21150848388671903, 0.057072865646100056)),
[2024-06-16 15:55:59,278][flwr][INFO] - 	                        (41, (0.21408111572265653, 0.05675273597682863)),
[2024-06-16 15:55:59,279][flwr][INFO] - 	                        (42, (0.1929034423828128, 0.04872959331120404)),
[2024-06-16 15:55:59,279][flwr][INFO] - 	                        (43, (0.18891784667968778, 0.04681527689308899)),
[2024-06-16 15:55:59,279][flwr][INFO] - 	                        (44, (0.16882034301757898, 0.04029911277152175)),
[2024-06-16 15:55:59,280][flwr][INFO] - 	                        (45, (0.1638101196289071, 0.03837320761615455)),
[2024-06-16 15:55:59,280][flwr][INFO] - 	                        (46, (0.21235763549804715, 0.05307028885849312)),
[2024-06-16 15:55:59,280][flwr][INFO] - 	                        (47, (0.2347521972656253, 0.06425722427992168)),
[2024-06-16 15:55:59,281][flwr][INFO] - 	                        (48, (0.18782608032226591, 0.04277879958890875)),
[2024-06-16 15:55:59,281][flwr][INFO] - 	                        (49, (0.20779983520507841, 0.050128231144394034)),
[2024-06-16 15:55:59,282][flwr][INFO] - 	                        (50, (0.1813616943359378, 0.03987117004557542))]}
[2024-06-16 15:55:59,282][flwr][INFO] - 
