[2024-06-11 18:24:55,849][flwr][INFO] - Starting Flower simulation, config: num_rounds=50, no round_timeout
[2024-06-11 18:25:00,858][flwr][INFO] - Flower VCE: Ray initialized with resources: {'object_store_memory': 7437036748.0, 'node:127.0.0.1': 1.0, 'memory': 14874073499.0, 'node:__internal_head__': 1.0, 'CPU': 8.0}
[2024-06-11 18:25:00,858][flwr][INFO] - Optimize your simulation with Flower VCE: https://flower.ai/docs/framework/how-to-run-simulations.html
[2024-06-11 18:25:00,858][flwr][INFO] - Flower VCE: Resources for each Virtual Client: {'num_cpus': 8, 'num_gpus': 0.0}
[2024-06-11 18:25:00,858][flwr][INFO] - Flower VCE: Creating VirtualClientEngineActorPool with 1 actors
[2024-06-11 18:25:00,858][flwr][INFO] - [INIT]
[2024-06-11 18:25:00,872][flwr][INFO] - Requesting initial parameters from one random client
[2024-06-11 18:25:04,798][flwr][INFO] - Received initial parameters from one random client
[2024-06-11 18:25:04,798][flwr][INFO] - Evaluating initial global parameters
[2024-06-11 18:25:04,798][flwr][INFO] - initial parameters (loss, other metrics): tensor(79.8170, dtype=torch.float64), {'mae_loss, mse_loss': (8.914084777832032, 79.81700178223873)}
[2024-06-11 18:25:04,815][flwr][INFO] - 
[2024-06-11 18:25:04,816][flwr][INFO] - [ROUND 1]
[2024-06-11 18:25:04,817][flwr][INFO] - configure_fit: strategy sampled 25 clients (out of 25)
[2024-06-11 18:25:08,814][flwr][INFO] - aggregate_fit: received 25 results and 0 failures
[2024-06-11 18:25:08,838][flwr][WARNING] - No fit_metrics_aggregation_fn provided
[2024-06-11 18:25:08,841][flwr][INFO] - fit progress: (1, tensor(0.3553, dtype=torch.float64), {'mae_loss, mse_loss': (0.5160044860839846, 0.35532641689793687)}, 4.0263451)
[2024-06-11 18:25:08,843][flwr][INFO] - configure_evaluate: strategy sampled 25 clients (out of 25)
[2024-06-11 18:25:09,368][flwr][INFO] - aggregate_evaluate: received 25 results and 0 failures
[2024-06-11 18:25:09,368][flwr][WARNING] - No evaluate_metrics_aggregation_fn provided
[2024-06-11 18:25:09,368][flwr][INFO] - 
[2024-06-11 18:25:09,368][flwr][INFO] - [ROUND 2]
[2024-06-11 18:25:09,368][flwr][INFO] - configure_fit: strategy sampled 25 clients (out of 25)
[2024-06-11 18:25:11,985][flwr][INFO] - aggregate_fit: received 25 results and 0 failures
[2024-06-11 18:25:12,007][flwr][INFO] - fit progress: (2, tensor(0.2147, dtype=torch.float64), {'mae_loss, mse_loss': (0.3571087646484372, 0.21469253981346217)}, 7.194572699999998)
[2024-06-11 18:25:12,012][flwr][INFO] - configure_evaluate: strategy sampled 25 clients (out of 25)
[2024-06-11 18:25:12,552][flwr][INFO] - aggregate_evaluate: received 25 results and 0 failures
[2024-06-11 18:25:12,554][flwr][INFO] - 
[2024-06-11 18:25:12,554][flwr][INFO] - [ROUND 3]
[2024-06-11 18:25:12,555][flwr][INFO] - configure_fit: strategy sampled 25 clients (out of 25)
[2024-06-11 18:25:15,001][flwr][INFO] - aggregate_fit: received 25 results and 0 failures
[2024-06-11 18:25:15,037][flwr][INFO] - fit progress: (3, tensor(0.5851, dtype=torch.float64), {'mae_loss, mse_loss': (0.6445330810546878, 0.5851118961300228)}, 10.2213906)
[2024-06-11 18:25:15,039][flwr][INFO] - configure_evaluate: strategy sampled 25 clients (out of 25)
[2024-06-11 18:25:15,551][flwr][INFO] - aggregate_evaluate: received 25 results and 0 failures
[2024-06-11 18:25:15,551][flwr][INFO] - 
[2024-06-11 18:25:15,551][flwr][INFO] - [ROUND 4]
[2024-06-11 18:25:15,551][flwr][INFO] - configure_fit: strategy sampled 25 clients (out of 25)
[2024-06-11 18:25:17,818][flwr][INFO] - aggregate_fit: received 25 results and 0 failures
[2024-06-11 18:25:17,855][flwr][INFO] - fit progress: (4, tensor(0.3430, dtype=torch.float64), {'mae_loss, mse_loss': (0.4923449707031253, 0.3429815864001863)}, 13.0403859)
[2024-06-11 18:25:17,858][flwr][INFO] - configure_evaluate: strategy sampled 25 clients (out of 25)
[2024-06-11 18:25:18,318][flwr][INFO] - aggregate_evaluate: received 25 results and 0 failures
[2024-06-11 18:25:18,318][flwr][INFO] - 
[2024-06-11 18:25:18,318][flwr][INFO] - [ROUND 5]
[2024-06-11 18:25:18,318][flwr][INFO] - configure_fit: strategy sampled 25 clients (out of 25)
[2024-06-11 18:25:20,818][flwr][INFO] - aggregate_fit: received 25 results and 0 failures
[2024-06-11 18:25:20,852][flwr][INFO] - fit progress: (5, tensor(0.6176, dtype=torch.float64), {'mae_loss, mse_loss': (0.7222998046874991, 0.6176289696977463)}, 16.0367334)
[2024-06-11 18:25:20,854][flwr][INFO] - configure_evaluate: strategy sampled 25 clients (out of 25)
[2024-06-11 18:25:21,301][flwr][INFO] - aggregate_evaluate: received 25 results and 0 failures
[2024-06-11 18:25:21,301][flwr][INFO] - 
[2024-06-11 18:25:21,301][flwr][INFO] - [ROUND 6]
[2024-06-11 18:25:21,301][flwr][INFO] - configure_fit: strategy sampled 25 clients (out of 25)
[2024-06-11 18:25:23,634][flwr][INFO] - aggregate_fit: received 25 results and 0 failures
[2024-06-11 18:25:23,656][flwr][INFO] - fit progress: (6, tensor(0.2042, dtype=torch.float64), {'mae_loss, mse_loss': (0.3801283264160148, 0.2041742631528754)}, 18.845635299999998)
[2024-06-11 18:25:23,663][flwr][INFO] - configure_evaluate: strategy sampled 25 clients (out of 25)
[2024-06-11 18:25:24,134][flwr][INFO] - aggregate_evaluate: received 25 results and 0 failures
[2024-06-11 18:25:24,134][flwr][INFO] - 
[2024-06-11 18:25:24,134][flwr][INFO] - [ROUND 7]
[2024-06-11 18:25:24,134][flwr][INFO] - configure_fit: strategy sampled 25 clients (out of 25)
[2024-06-11 18:25:26,417][flwr][INFO] - aggregate_fit: received 25 results and 0 failures
[2024-06-11 18:25:26,439][flwr][INFO] - fit progress: (7, tensor(0.2959, dtype=torch.float64), {'mae_loss, mse_loss': (0.5000357055664054, 0.2959027701008591)}, 21.6281282)
[2024-06-11 18:25:26,445][flwr][INFO] - configure_evaluate: strategy sampled 25 clients (out of 25)
[2024-06-11 18:25:26,934][flwr][INFO] - aggregate_evaluate: received 25 results and 0 failures
[2024-06-11 18:25:26,934][flwr][INFO] - 
[2024-06-11 18:25:26,934][flwr][INFO] - [ROUND 8]
[2024-06-11 18:25:26,934][flwr][INFO] - configure_fit: strategy sampled 25 clients (out of 25)
[2024-06-11 18:25:29,184][flwr][INFO] - aggregate_fit: received 25 results and 0 failures
[2024-06-11 18:25:29,221][flwr][INFO] - fit progress: (8, tensor(0.1408, dtype=torch.float64), {'mae_loss, mse_loss': (0.32719009399414034, 0.14079577331466075)}, 24.4053768)
[2024-06-11 18:25:29,223][flwr][INFO] - configure_evaluate: strategy sampled 25 clients (out of 25)
[2024-06-11 18:25:29,684][flwr][INFO] - aggregate_evaluate: received 25 results and 0 failures
[2024-06-11 18:25:29,684][flwr][INFO] - 
[2024-06-11 18:25:29,684][flwr][INFO] - [ROUND 9]
[2024-06-11 18:25:29,684][flwr][INFO] - configure_fit: strategy sampled 25 clients (out of 25)
[2024-06-11 18:25:31,968][flwr][INFO] - aggregate_fit: received 25 results and 0 failures
[2024-06-11 18:25:31,990][flwr][INFO] - fit progress: (9, tensor(0.2127, dtype=torch.float64), {'mae_loss, mse_loss': (0.4094091796874991, 0.2127331663991782)}, 27.177928199999997)
[2024-06-11 18:25:31,995][flwr][INFO] - configure_evaluate: strategy sampled 25 clients (out of 25)
[2024-06-11 18:25:32,516][flwr][INFO] - aggregate_evaluate: received 25 results and 0 failures
[2024-06-11 18:25:32,518][flwr][INFO] - 
[2024-06-11 18:25:32,518][flwr][INFO] - [ROUND 10]
[2024-06-11 18:25:32,518][flwr][INFO] - configure_fit: strategy sampled 25 clients (out of 25)
[2024-06-11 18:25:34,817][flwr][INFO] - aggregate_fit: received 25 results and 0 failures
[2024-06-11 18:25:34,840][flwr][INFO] - fit progress: (10, tensor(0.3215, dtype=torch.float64), {'mae_loss, mse_loss': (0.521389617919921, 0.3214902706657293)}, 30.0318439)
[2024-06-11 18:25:34,849][flwr][INFO] - configure_evaluate: strategy sampled 25 clients (out of 25)
[2024-06-11 18:25:35,403][flwr][INFO] - aggregate_evaluate: received 25 results and 0 failures
[2024-06-11 18:25:35,403][flwr][INFO] - 
[2024-06-11 18:25:35,403][flwr][INFO] - [ROUND 11]
[2024-06-11 18:25:35,403][flwr][INFO] - configure_fit: strategy sampled 25 clients (out of 25)
[2024-06-11 18:25:38,084][flwr][INFO] - aggregate_fit: received 25 results and 0 failures
[2024-06-11 18:25:38,106][flwr][INFO] - fit progress: (11, tensor(0.6547, dtype=torch.float64), {'mae_loss, mse_loss': (0.7603956604003898, 0.6547042776007423)}, 33.299365)
[2024-06-11 18:25:38,106][flwr][INFO] - configure_evaluate: strategy sampled 25 clients (out of 25)
[2024-06-11 18:25:38,625][flwr][INFO] - aggregate_evaluate: received 25 results and 0 failures
[2024-06-11 18:25:38,626][flwr][INFO] - 
[2024-06-11 18:25:38,626][flwr][INFO] - [ROUND 12]
[2024-06-11 18:25:38,627][flwr][INFO] - configure_fit: strategy sampled 25 clients (out of 25)
[2024-06-11 18:25:40,984][flwr][INFO] - aggregate_fit: received 25 results and 0 failures
[2024-06-11 18:25:41,009][flwr][INFO] - fit progress: (12, tensor(0.4706, dtype=torch.float64), {'mae_loss, mse_loss': (0.6233297729492179, 0.4705648908168065)}, 36.1941216)
[2024-06-11 18:25:41,011][flwr][INFO] - configure_evaluate: strategy sampled 25 clients (out of 25)
[2024-06-11 18:25:41,539][flwr][INFO] - aggregate_evaluate: received 25 results and 0 failures
[2024-06-11 18:25:41,540][flwr][INFO] - 
[2024-06-11 18:25:41,541][flwr][INFO] - [ROUND 13]
[2024-06-11 18:25:41,541][flwr][INFO] - configure_fit: strategy sampled 25 clients (out of 25)
[2024-06-11 18:25:44,269][flwr][INFO] - aggregate_fit: received 25 results and 0 failures
[2024-06-11 18:25:44,303][flwr][INFO] - fit progress: (13, tensor(0.5330, dtype=torch.float64), {'mae_loss, mse_loss': (0.6701490783691397, 0.5329517639059327)}, 39.4882391)
[2024-06-11 18:25:44,305][flwr][INFO] - configure_evaluate: strategy sampled 25 clients (out of 25)
[2024-06-11 18:25:44,795][flwr][INFO] - aggregate_evaluate: received 25 results and 0 failures
[2024-06-11 18:25:44,796][flwr][INFO] - 
[2024-06-11 18:25:44,797][flwr][INFO] - [ROUND 14]
[2024-06-11 18:25:44,798][flwr][INFO] - configure_fit: strategy sampled 25 clients (out of 25)
[2024-06-11 18:25:47,351][flwr][INFO] - aggregate_fit: received 25 results and 0 failures
[2024-06-11 18:25:47,372][flwr][INFO] - fit progress: (14, tensor(0.5131, dtype=torch.float64), {'mae_loss, mse_loss': (0.6538046264648429, 0.5131051364433938)}, 42.5675249)
[2024-06-11 18:25:47,385][flwr][INFO] - configure_evaluate: strategy sampled 25 clients (out of 25)
[2024-06-11 18:25:47,851][flwr][INFO] - aggregate_evaluate: received 25 results and 0 failures
[2024-06-11 18:25:47,851][flwr][INFO] - 
[2024-06-11 18:25:47,851][flwr][INFO] - [ROUND 15]
[2024-06-11 18:25:47,851][flwr][INFO] - configure_fit: strategy sampled 25 clients (out of 25)
[2024-06-11 18:25:50,484][flwr][INFO] - aggregate_fit: received 25 results and 0 failures
[2024-06-11 18:25:50,507][flwr][INFO] - fit progress: (15, tensor(0.5627, dtype=torch.float64), {'mae_loss, mse_loss': (0.692819061279296, 0.5626941904359251)}, 45.6950986)
[2024-06-11 18:25:50,512][flwr][INFO] - configure_evaluate: strategy sampled 25 clients (out of 25)
[2024-06-11 18:25:51,002][flwr][INFO] - aggregate_evaluate: received 25 results and 0 failures
[2024-06-11 18:25:51,002][flwr][INFO] - 
[2024-06-11 18:25:51,002][flwr][INFO] - [ROUND 16]
[2024-06-11 18:25:51,017][flwr][INFO] - configure_fit: strategy sampled 25 clients (out of 25)
[2024-06-11 18:25:53,418][flwr][INFO] - aggregate_fit: received 25 results and 0 failures
[2024-06-11 18:25:53,439][flwr][INFO] - fit progress: (16, tensor(0.4214, dtype=torch.float64), {'mae_loss, mse_loss': (0.581887664794921, 0.421426253253942)}, 48.6345477)
[2024-06-11 18:25:53,453][flwr][INFO] - configure_evaluate: strategy sampled 25 clients (out of 25)
[2024-06-11 18:25:53,967][flwr][INFO] - aggregate_evaluate: received 25 results and 0 failures
[2024-06-11 18:25:53,968][flwr][INFO] - 
[2024-06-11 18:25:53,969][flwr][INFO] - [ROUND 17]
[2024-06-11 18:25:53,969][flwr][INFO] - configure_fit: strategy sampled 25 clients (out of 25)
[2024-06-11 18:25:56,486][flwr][INFO] - aggregate_fit: received 25 results and 0 failures
[2024-06-11 18:25:56,527][flwr][INFO] - fit progress: (17, tensor(0.3756, dtype=torch.float64), {'mae_loss, mse_loss': (0.5392866516113273, 0.37556779343320396)}, 51.714847199999994)
[2024-06-11 18:25:56,527][flwr][INFO] - configure_evaluate: strategy sampled 25 clients (out of 25)
[2024-06-11 18:25:57,034][flwr][INFO] - aggregate_evaluate: received 25 results and 0 failures
[2024-06-11 18:25:57,034][flwr][INFO] - 
[2024-06-11 18:25:57,034][flwr][INFO] - [ROUND 18]
[2024-06-11 18:25:57,034][flwr][INFO] - configure_fit: strategy sampled 25 clients (out of 25)
[2024-06-11 18:25:59,619][flwr][INFO] - aggregate_fit: received 25 results and 0 failures
[2024-06-11 18:25:59,641][flwr][INFO] - fit progress: (18, tensor(0.3745, dtype=torch.float64), {'mae_loss, mse_loss': (0.5388800048828116, 0.3744778690845694)}, 54.8333107)
[2024-06-11 18:25:59,650][flwr][INFO] - configure_evaluate: strategy sampled 25 clients (out of 25)
[2024-06-11 18:26:00,132][flwr][INFO] - aggregate_evaluate: received 25 results and 0 failures
[2024-06-11 18:26:00,134][flwr][INFO] - 
[2024-06-11 18:26:00,134][flwr][INFO] - [ROUND 19]
[2024-06-11 18:26:00,135][flwr][INFO] - configure_fit: strategy sampled 25 clients (out of 25)
[2024-06-11 18:26:02,638][flwr][INFO] - aggregate_fit: received 25 results and 0 failures
[2024-06-11 18:26:02,663][flwr][INFO] - fit progress: (19, tensor(0.4454, dtype=torch.float64), {'mae_loss, mse_loss': (0.6023260498046866, 0.4454418161241325)}, 57.8477427)
[2024-06-11 18:26:02,665][flwr][INFO] - configure_evaluate: strategy sampled 25 clients (out of 25)
[2024-06-11 18:26:03,270][flwr][INFO] - aggregate_evaluate: received 25 results and 0 failures
[2024-06-11 18:26:03,270][flwr][INFO] - 
[2024-06-11 18:26:03,270][flwr][INFO] - [ROUND 20]
[2024-06-11 18:26:03,270][flwr][INFO] - configure_fit: strategy sampled 25 clients (out of 25)
[2024-06-11 18:26:05,734][flwr][INFO] - aggregate_fit: received 25 results and 0 failures
[2024-06-11 18:26:05,757][flwr][INFO] - fit progress: (20, tensor(0.2914, dtype=torch.float64), {'mae_loss, mse_loss': (0.4545523071289054, 0.29141035335929966)}, 60.9508994)
[2024-06-11 18:26:05,769][flwr][INFO] - configure_evaluate: strategy sampled 25 clients (out of 25)
[2024-06-11 18:26:06,218][flwr][INFO] - aggregate_evaluate: received 25 results and 0 failures
[2024-06-11 18:26:06,218][flwr][INFO] - 
[2024-06-11 18:26:06,234][flwr][INFO] - [ROUND 21]
[2024-06-11 18:26:06,234][flwr][INFO] - configure_fit: strategy sampled 25 clients (out of 25)
[2024-06-11 18:26:08,517][flwr][INFO] - aggregate_fit: received 25 results and 0 failures
[2024-06-11 18:26:08,553][flwr][INFO] - fit progress: (21, tensor(0.4015, dtype=torch.float64), {'mae_loss, mse_loss': (0.5630140686035148, 0.4015388497213122)}, 63.74024970000001)
[2024-06-11 18:26:08,553][flwr][INFO] - configure_evaluate: strategy sampled 25 clients (out of 25)
[2024-06-11 18:26:09,016][flwr][INFO] - aggregate_evaluate: received 25 results and 0 failures
[2024-06-11 18:26:09,017][flwr][INFO] - 
[2024-06-11 18:26:09,018][flwr][INFO] - [ROUND 22]
[2024-06-11 18:26:09,018][flwr][INFO] - configure_fit: strategy sampled 25 clients (out of 25)
[2024-06-11 18:26:11,301][flwr][INFO] - aggregate_fit: received 25 results and 0 failures
[2024-06-11 18:26:11,323][flwr][INFO] - fit progress: (22, tensor(0.4627, dtype=torch.float64), {'mae_loss, mse_loss': (0.6136274719238273, 0.4626793099954944)}, 66.5079667)
[2024-06-11 18:26:11,325][flwr][INFO] - configure_evaluate: strategy sampled 25 clients (out of 25)
[2024-06-11 18:26:11,801][flwr][INFO] - aggregate_evaluate: received 25 results and 0 failures
[2024-06-11 18:26:11,801][flwr][INFO] - 
[2024-06-11 18:26:11,801][flwr][INFO] - [ROUND 23]
[2024-06-11 18:26:11,801][flwr][INFO] - configure_fit: strategy sampled 25 clients (out of 25)
[2024-06-11 18:26:14,184][flwr][INFO] - aggregate_fit: received 25 results and 0 failures
[2024-06-11 18:26:14,206][flwr][INFO] - fit progress: (23, tensor(0.3582, dtype=torch.float64), {'mae_loss, mse_loss': (0.5163496398925773, 0.3581822927171585)}, 69.3944443)
[2024-06-11 18:26:14,212][flwr][INFO] - configure_evaluate: strategy sampled 25 clients (out of 25)
[2024-06-11 18:26:14,701][flwr][INFO] - aggregate_evaluate: received 25 results and 0 failures
[2024-06-11 18:26:14,701][flwr][INFO] - 
[2024-06-11 18:26:14,701][flwr][INFO] - [ROUND 24]
[2024-06-11 18:26:14,701][flwr][INFO] - configure_fit: strategy sampled 25 clients (out of 25)
[2024-06-11 18:26:16,984][flwr][INFO] - aggregate_fit: received 25 results and 0 failures
[2024-06-11 18:26:17,008][flwr][INFO] - fit progress: (24, tensor(0.3830, dtype=torch.float64), {'mae_loss, mse_loss': (0.5421774291992179, 0.3830315159619774)}, 72.1946988)
[2024-06-11 18:26:17,012][flwr][INFO] - configure_evaluate: strategy sampled 25 clients (out of 25)
[2024-06-11 18:26:17,501][flwr][INFO] - aggregate_evaluate: received 25 results and 0 failures
[2024-06-11 18:26:17,501][flwr][INFO] - 
[2024-06-11 18:26:17,501][flwr][INFO] - [ROUND 25]
[2024-06-11 18:26:17,501][flwr][INFO] - configure_fit: strategy sampled 25 clients (out of 25)
[2024-06-11 18:26:19,818][flwr][INFO] - aggregate_fit: received 25 results and 0 failures
[2024-06-11 18:26:19,840][flwr][INFO] - fit progress: (25, tensor(0.2922, dtype=torch.float64), {'mae_loss, mse_loss': (0.453658905029296, 0.2921549849157444)}, 75.02535)
[2024-06-11 18:26:19,842][flwr][INFO] - configure_evaluate: strategy sampled 25 clients (out of 25)
[2024-06-11 18:26:20,301][flwr][INFO] - aggregate_evaluate: received 25 results and 0 failures
[2024-06-11 18:26:20,301][flwr][INFO] - 
[2024-06-11 18:26:20,301][flwr][INFO] - [ROUND 26]
[2024-06-11 18:26:20,301][flwr][INFO] - configure_fit: strategy sampled 25 clients (out of 25)
[2024-06-11 18:26:22,567][flwr][INFO] - aggregate_fit: received 25 results and 0 failures
[2024-06-11 18:26:22,604][flwr][INFO] - fit progress: (26, tensor(0.3032, dtype=torch.float64), {'mae_loss, mse_loss': (0.4662329101562491, 0.30322903104219473)}, 77.7890628)
[2024-06-11 18:26:22,606][flwr][INFO] - configure_evaluate: strategy sampled 25 clients (out of 25)
[2024-06-11 18:26:23,084][flwr][INFO] - aggregate_evaluate: received 25 results and 0 failures
[2024-06-11 18:26:23,084][flwr][INFO] - 
[2024-06-11 18:26:23,084][flwr][INFO] - [ROUND 27]
[2024-06-11 18:26:23,084][flwr][INFO] - configure_fit: strategy sampled 25 clients (out of 25)
[2024-06-11 18:26:25,351][flwr][INFO] - aggregate_fit: received 25 results and 0 failures
[2024-06-11 18:26:25,373][flwr][INFO] - fit progress: (27, tensor(0.2802, dtype=torch.float64), {'mae_loss, mse_loss': (0.4399877929687491, 0.2801771518166632)}, 80.5637078)
[2024-06-11 18:26:25,381][flwr][INFO] - configure_evaluate: strategy sampled 25 clients (out of 25)
[2024-06-11 18:26:25,834][flwr][INFO] - aggregate_evaluate: received 25 results and 0 failures
[2024-06-11 18:26:25,834][flwr][INFO] - 
[2024-06-11 18:26:25,834][flwr][INFO] - [ROUND 28]
[2024-06-11 18:26:25,834][flwr][INFO] - configure_fit: strategy sampled 25 clients (out of 25)
[2024-06-11 18:26:28,101][flwr][INFO] - aggregate_fit: received 25 results and 0 failures
[2024-06-11 18:26:28,123][flwr][INFO] - fit progress: (28, tensor(0.2615, dtype=torch.float64), {'mae_loss, mse_loss': (0.42280471801757785, 0.2614542838154583)}, 83.3087742)
[2024-06-11 18:26:28,126][flwr][INFO] - configure_evaluate: strategy sampled 25 clients (out of 25)
[2024-06-11 18:26:28,601][flwr][INFO] - aggregate_evaluate: received 25 results and 0 failures
[2024-06-11 18:26:28,601][flwr][INFO] - 
[2024-06-11 18:26:28,601][flwr][INFO] - [ROUND 29]
[2024-06-11 18:26:28,601][flwr][INFO] - configure_fit: strategy sampled 25 clients (out of 25)
[2024-06-11 18:26:30,901][flwr][INFO] - aggregate_fit: received 25 results and 0 failures
[2024-06-11 18:26:30,936][flwr][INFO] - fit progress: (29, tensor(0.3009, dtype=torch.float64), {'mae_loss, mse_loss': (0.46275695800781164, 0.30091259686136507)}, 86.1200657)
[2024-06-11 18:26:30,939][flwr][INFO] - configure_evaluate: strategy sampled 25 clients (out of 25)
[2024-06-11 18:26:31,401][flwr][INFO] - aggregate_evaluate: received 25 results and 0 failures
[2024-06-11 18:26:31,401][flwr][INFO] - 
[2024-06-11 18:26:31,401][flwr][INFO] - [ROUND 30]
[2024-06-11 18:26:31,401][flwr][INFO] - configure_fit: strategy sampled 25 clients (out of 25)
[2024-06-11 18:26:33,701][flwr][INFO] - aggregate_fit: received 25 results and 0 failures
[2024-06-11 18:26:33,723][flwr][INFO] - fit progress: (30, tensor(0.3237, dtype=torch.float64), {'mae_loss, mse_loss': (0.48795303344726476, 0.32368509473663176)}, 88.9135131)
[2024-06-11 18:26:33,730][flwr][INFO] - configure_evaluate: strategy sampled 25 clients (out of 25)
[2024-06-11 18:26:34,234][flwr][INFO] - aggregate_evaluate: received 25 results and 0 failures
[2024-06-11 18:26:34,234][flwr][INFO] - 
[2024-06-11 18:26:34,234][flwr][INFO] - [ROUND 31]
[2024-06-11 18:26:34,234][flwr][INFO] - configure_fit: strategy sampled 25 clients (out of 25)
[2024-06-11 18:26:36,517][flwr][INFO] - aggregate_fit: received 25 results and 0 failures
[2024-06-11 18:26:36,539][flwr][INFO] - fit progress: (31, tensor(0.2843, dtype=torch.float64), {'mae_loss, mse_loss': (0.4456472778320304, 0.28434350157016774)}, 91.7242884)
[2024-06-11 18:26:36,541][flwr][INFO] - configure_evaluate: strategy sampled 25 clients (out of 25)
[2024-06-11 18:26:37,000][flwr][INFO] - aggregate_evaluate: received 25 results and 0 failures
[2024-06-11 18:26:37,001][flwr][INFO] - 
[2024-06-11 18:26:37,001][flwr][INFO] - [ROUND 32]
[2024-06-11 18:26:37,001][flwr][INFO] - configure_fit: strategy sampled 25 clients (out of 25)
[2024-06-11 18:26:39,268][flwr][INFO] - aggregate_fit: received 25 results and 0 failures
[2024-06-11 18:26:39,301][flwr][INFO] - fit progress: (32, tensor(0.3154, dtype=torch.float64), {'mae_loss, mse_loss': (0.47878097534179603, 0.315412512314854)}, 94.4860225)
[2024-06-11 18:26:39,302][flwr][INFO] - configure_evaluate: strategy sampled 25 clients (out of 25)
[2024-06-11 18:26:39,842][flwr][INFO] - aggregate_evaluate: received 25 results and 0 failures
[2024-06-11 18:26:39,843][flwr][INFO] - 
[2024-06-11 18:26:39,844][flwr][INFO] - [ROUND 33]
[2024-06-11 18:26:39,845][flwr][INFO] - configure_fit: strategy sampled 25 clients (out of 25)
[2024-06-11 18:26:42,468][flwr][INFO] - aggregate_fit: received 25 results and 0 failures
[2024-06-11 18:26:42,522][flwr][INFO] - fit progress: (33, tensor(0.3260, dtype=torch.float64), {'mae_loss, mse_loss': (0.49065536499023354, 0.32603799764683816)}, 97.7066298)
[2024-06-11 18:26:42,523][flwr][INFO] - configure_evaluate: strategy sampled 25 clients (out of 25)
[2024-06-11 18:26:42,984][flwr][INFO] - aggregate_evaluate: received 25 results and 0 failures
[2024-06-11 18:26:42,984][flwr][INFO] - 
[2024-06-11 18:26:42,984][flwr][INFO] - [ROUND 34]
[2024-06-11 18:26:42,984][flwr][INFO] - configure_fit: strategy sampled 25 clients (out of 25)
[2024-06-11 18:26:45,234][flwr][INFO] - aggregate_fit: received 25 results and 0 failures
[2024-06-11 18:26:45,267][flwr][INFO] - fit progress: (34, tensor(0.2755, dtype=torch.float64), {'mae_loss, mse_loss': (0.4383047485351554, 0.27554970699688314)}, 100.4515735)
[2024-06-11 18:26:45,269][flwr][INFO] - configure_evaluate: strategy sampled 25 clients (out of 25)
[2024-06-11 18:26:45,717][flwr][INFO] - aggregate_evaluate: received 25 results and 0 failures
[2024-06-11 18:26:45,717][flwr][INFO] - 
[2024-06-11 18:26:45,733][flwr][INFO] - [ROUND 35]
[2024-06-11 18:26:45,734][flwr][INFO] - configure_fit: strategy sampled 25 clients (out of 25)
[2024-06-11 18:26:48,034][flwr][INFO] - aggregate_fit: received 25 results and 0 failures
[2024-06-11 18:26:48,071][flwr][INFO] - fit progress: (35, tensor(0.3211, dtype=torch.float64), {'mae_loss, mse_loss': (0.4861875915527335, 0.32106117093271924)}, 103.2550573)
[2024-06-11 18:26:48,072][flwr][INFO] - configure_evaluate: strategy sampled 25 clients (out of 25)
[2024-06-11 18:26:48,532][flwr][INFO] - aggregate_evaluate: received 25 results and 0 failures
[2024-06-11 18:26:48,533][flwr][INFO] - 
[2024-06-11 18:26:48,533][flwr][INFO] - [ROUND 36]
[2024-06-11 18:26:48,534][flwr][INFO] - configure_fit: strategy sampled 25 clients (out of 25)
[2024-06-11 18:26:50,817][flwr][INFO] - aggregate_fit: received 25 results and 0 failures
[2024-06-11 18:26:50,856][flwr][INFO] - fit progress: (36, tensor(0.3149, dtype=torch.float64), {'mae_loss, mse_loss': (0.47669433593749916, 0.3148898778213177)}, 106.0403519)
[2024-06-11 18:26:50,858][flwr][INFO] - configure_evaluate: strategy sampled 25 clients (out of 25)
[2024-06-11 18:26:51,334][flwr][INFO] - aggregate_evaluate: received 25 results and 0 failures
[2024-06-11 18:26:51,334][flwr][INFO] - 
[2024-06-11 18:26:51,334][flwr][INFO] - [ROUND 37]
[2024-06-11 18:26:51,334][flwr][INFO] - configure_fit: strategy sampled 25 clients (out of 25)
[2024-06-11 18:26:53,824][flwr][INFO] - aggregate_fit: received 25 results and 0 failures
[2024-06-11 18:26:53,847][flwr][INFO] - fit progress: (37, tensor(0.2663, dtype=torch.float64), {'mae_loss, mse_loss': (0.42312377929687417, 0.26634128514886735)}, 109.031923)
[2024-06-11 18:26:53,849][flwr][INFO] - configure_evaluate: strategy sampled 25 clients (out of 25)
[2024-06-11 18:26:54,354][flwr][INFO] - aggregate_evaluate: received 25 results and 0 failures
[2024-06-11 18:26:54,355][flwr][INFO] - 
[2024-06-11 18:26:54,357][flwr][INFO] - [ROUND 38]
[2024-06-11 18:26:54,357][flwr][INFO] - configure_fit: strategy sampled 25 clients (out of 25)
[2024-06-11 18:26:57,001][flwr][INFO] - aggregate_fit: received 25 results and 0 failures
[2024-06-11 18:26:57,023][flwr][INFO] - fit progress: (38, tensor(0.3306, dtype=torch.float64), {'mae_loss, mse_loss': (0.4927198791503898, 0.330553984210476)}, 112.2097721)
[2024-06-11 18:26:57,027][flwr][INFO] - configure_evaluate: strategy sampled 25 clients (out of 25)
[2024-06-11 18:26:57,484][flwr][INFO] - aggregate_evaluate: received 25 results and 0 failures
[2024-06-11 18:26:57,484][flwr][INFO] - 
[2024-06-11 18:26:57,484][flwr][INFO] - [ROUND 39]
[2024-06-11 18:26:57,484][flwr][INFO] - configure_fit: strategy sampled 25 clients (out of 25)
[2024-06-11 18:26:59,802][flwr][INFO] - aggregate_fit: received 25 results and 0 failures
[2024-06-11 18:26:59,823][flwr][INFO] - fit progress: (39, tensor(0.2651, dtype=torch.float64), {'mae_loss, mse_loss': (0.42342895507812417, 0.2650924687283103)}, 115.01182850000001)
[2024-06-11 18:26:59,829][flwr][INFO] - configure_evaluate: strategy sampled 25 clients (out of 25)
[2024-06-11 18:27:00,284][flwr][INFO] - aggregate_evaluate: received 25 results and 0 failures
[2024-06-11 18:27:00,301][flwr][INFO] - 
[2024-06-11 18:27:00,301][flwr][INFO] - [ROUND 40]
[2024-06-11 18:27:00,301][flwr][INFO] - configure_fit: strategy sampled 25 clients (out of 25)
[2024-06-11 18:27:02,703][flwr][INFO] - aggregate_fit: received 25 results and 0 failures
[2024-06-11 18:27:02,731][flwr][INFO] - fit progress: (40, tensor(0.2698, dtype=torch.float64), {'mae_loss, mse_loss': (0.4298521423339835, 0.2697977904303688)}, 117.91571099999999)
