[2024-06-10 19:21:21,005][flwr][INFO] - Starting Flower simulation, config: num_rounds=20, no round_timeout
[2024-06-10 19:21:26,536][flwr][INFO] - Flower VCE: Ray initialized with resources: {'node:__internal_head__': 1.0, 'memory': 8114550375.0, 'object_store_memory': 4057275187.0, 'node:127.0.0.1': 1.0, 'CPU': 8.0}
[2024-06-10 19:21:26,537][flwr][INFO] - Optimize your simulation with Flower VCE: https://flower.ai/docs/framework/how-to-run-simulations.html
[2024-06-10 19:21:26,537][flwr][INFO] - Flower VCE: Resources for each Virtual Client: {'num_cpus': 8, 'num_gpus': 0.0}
[2024-06-10 19:21:26,546][flwr][INFO] - Flower VCE: Creating VirtualClientEngineActorPool with 1 actors
[2024-06-10 19:21:26,547][flwr][INFO] - [INIT]
[2024-06-10 19:21:26,548][flwr][INFO] - Requesting initial parameters from one random client
[2024-06-10 19:21:31,232][flwr][INFO] - Received initial parameters from one random client
[2024-06-10 19:21:31,233][flwr][INFO] - Evaluating initial global parameters
[2024-06-10 19:21:31,244][flwr][INFO] - initial parameters (loss, other metrics): tensor(19065.7975, dtype=torch.float64), {'mae_loss, mse_loss': (138.04675689697265, 19065.797528631258)}
[2024-06-10 19:21:31,247][flwr][INFO] - 
[2024-06-10 19:21:31,248][flwr][INFO] - [ROUND 1]
[2024-06-10 19:21:31,249][flwr][INFO] - configure_fit: strategy sampled 25 clients (out of 25)
[2024-06-10 19:21:34,990][flwr][INFO] - aggregate_fit: received 25 results and 0 failures
[2024-06-10 19:21:35,008][flwr][WARNING] - No fit_metrics_aggregation_fn provided
[2024-06-10 19:21:35,013][flwr][INFO] - fit progress: (1, tensor(11.7220, dtype=torch.float64), {'mae_loss, mse_loss': (3.374337615966796, 11.722040736389227)}, 3.7655607999999994)
[2024-06-10 19:21:35,015][flwr][INFO] - configure_evaluate: strategy sampled 25 clients (out of 25)
[2024-06-10 19:21:35,564][flwr][INFO] - aggregate_evaluate: received 25 results and 0 failures
[2024-06-10 19:21:35,565][flwr][WARNING] - No evaluate_metrics_aggregation_fn provided
[2024-06-10 19:21:35,566][flwr][INFO] - 
[2024-06-10 19:21:35,566][flwr][INFO] - [ROUND 2]
[2024-06-10 19:21:35,567][flwr][INFO] - configure_fit: strategy sampled 25 clients (out of 25)
[2024-06-10 19:21:37,672][flwr][INFO] - aggregate_fit: received 25 results and 0 failures
[2024-06-10 19:21:37,696][flwr][INFO] - fit progress: (2, tensor(4.3320, dtype=torch.float64), {'mae_loss, mse_loss': (1.9636831665039054, 4.331972407655323)}, 6.4493811)
[2024-06-10 19:21:37,698][flwr][INFO] - configure_evaluate: strategy sampled 25 clients (out of 25)
[2024-06-10 19:21:38,258][flwr][INFO] - aggregate_evaluate: received 25 results and 0 failures
[2024-06-10 19:21:38,259][flwr][INFO] - 
[2024-06-10 19:21:38,260][flwr][INFO] - [ROUND 3]
[2024-06-10 19:21:38,261][flwr][INFO] - configure_fit: strategy sampled 25 clients (out of 25)
[2024-06-10 19:21:40,454][flwr][INFO] - aggregate_fit: received 25 results and 0 failures
[2024-06-10 19:21:40,478][flwr][INFO] - fit progress: (3, tensor(6.5394, dtype=torch.float64), {'mae_loss, mse_loss': (2.4423956298828116, 6.539445383453041)}, 9.230764700000002)
[2024-06-10 19:21:40,479][flwr][INFO] - configure_evaluate: strategy sampled 25 clients (out of 25)
[2024-06-10 19:21:41,205][flwr][INFO] - aggregate_evaluate: received 25 results and 0 failures
[2024-06-10 19:21:41,206][flwr][INFO] - 
[2024-06-10 19:21:41,207][flwr][INFO] - [ROUND 4]
[2024-06-10 19:21:41,208][flwr][INFO] - configure_fit: strategy sampled 25 clients (out of 25)
[2024-06-10 19:21:43,373][flwr][INFO] - aggregate_fit: received 25 results and 0 failures
[2024-06-10 19:21:43,398][flwr][INFO] - fit progress: (4, tensor(4.3431, dtype=torch.float64), {'mae_loss, mse_loss': (1.9514021301269522, 4.343085078403003)}, 12.150679400000001)
[2024-06-10 19:21:43,400][flwr][INFO] - configure_evaluate: strategy sampled 25 clients (out of 25)
[2024-06-10 19:21:44,004][flwr][INFO] - aggregate_evaluate: received 25 results and 0 failures
[2024-06-10 19:21:44,005][flwr][INFO] - 
[2024-06-10 19:21:44,006][flwr][INFO] - [ROUND 5]
[2024-06-10 19:21:44,006][flwr][INFO] - configure_fit: strategy sampled 25 clients (out of 25)
[2024-06-10 19:21:46,423][flwr][INFO] - aggregate_fit: received 25 results and 0 failures
[2024-06-10 19:21:46,449][flwr][INFO] - fit progress: (5, tensor(3.8093, dtype=torch.float64), {'mae_loss, mse_loss': (1.815730895996093, 3.809343248319112)}, 15.200844700000001)
[2024-06-10 19:21:46,451][flwr][INFO] - configure_evaluate: strategy sampled 25 clients (out of 25)
[2024-06-10 19:21:47,027][flwr][INFO] - aggregate_evaluate: received 25 results and 0 failures
[2024-06-10 19:21:47,028][flwr][INFO] - 
[2024-06-10 19:21:47,029][flwr][INFO] - [ROUND 6]
[2024-06-10 19:21:47,030][flwr][INFO] - configure_fit: strategy sampled 25 clients (out of 25)
[2024-06-10 19:21:49,304][flwr][INFO] - aggregate_fit: received 25 results and 0 failures
[2024-06-10 19:21:49,332][flwr][INFO] - fit progress: (6, tensor(3.8696, dtype=torch.float64), {'mae_loss, mse_loss': (1.8356054687499992, 3.869646469095953)}, 18.0844162)
[2024-06-10 19:21:49,334][flwr][INFO] - configure_evaluate: strategy sampled 25 clients (out of 25)
[2024-06-10 19:21:49,864][flwr][INFO] - aggregate_evaluate: received 25 results and 0 failures
[2024-06-10 19:21:49,865][flwr][INFO] - 
[2024-06-10 19:21:49,865][flwr][INFO] - [ROUND 7]
[2024-06-10 19:21:49,866][flwr][INFO] - configure_fit: strategy sampled 25 clients (out of 25)
[2024-06-10 19:21:52,445][flwr][INFO] - aggregate_fit: received 25 results and 0 failures
[2024-06-10 19:21:52,473][flwr][INFO] - fit progress: (7, tensor(2.5499, dtype=torch.float64), {'mae_loss, mse_loss': (1.4297232055664053, 2.5499254831797438)}, 21.226284399999997)
[2024-06-10 19:21:52,476][flwr][INFO] - configure_evaluate: strategy sampled 25 clients (out of 25)
[2024-06-10 19:21:53,103][flwr][INFO] - aggregate_evaluate: received 25 results and 0 failures
[2024-06-10 19:21:53,103][flwr][INFO] - 
[2024-06-10 19:21:53,104][flwr][INFO] - [ROUND 8]
[2024-06-10 19:21:53,105][flwr][INFO] - configure_fit: strategy sampled 25 clients (out of 25)
[2024-06-10 19:21:55,491][flwr][INFO] - aggregate_fit: received 25 results and 0 failures
[2024-06-10 19:21:55,522][flwr][INFO] - fit progress: (8, tensor(2.1834, dtype=torch.float64), {'mae_loss, mse_loss': (1.2914312744140617, 2.18341502513946)}, 24.274830299999998)
[2024-06-10 19:21:55,525][flwr][INFO] - configure_evaluate: strategy sampled 25 clients (out of 25)
[2024-06-10 19:21:56,082][flwr][INFO] - aggregate_evaluate: received 25 results and 0 failures
[2024-06-10 19:21:56,083][flwr][INFO] - 
[2024-06-10 19:21:56,084][flwr][INFO] - [ROUND 9]
[2024-06-10 19:21:56,084][flwr][INFO] - configure_fit: strategy sampled 25 clients (out of 25)
