[2024-06-11 18:27:09,101][flwr][INFO] - Starting Flower simulation, config: num_rounds=50, no round_timeout
[2024-06-11 18:27:14,217][flwr][INFO] - Flower VCE: Ray initialized with resources: {'node:__internal_head__': 1.0, 'object_store_memory': 7399672627.0, 'node:127.0.0.1': 1.0, 'memory': 14799345255.0, 'CPU': 8.0}
[2024-06-11 18:27:14,217][flwr][INFO] - Optimize your simulation with Flower VCE: https://flower.ai/docs/framework/how-to-run-simulations.html
[2024-06-11 18:27:14,217][flwr][INFO] - Flower VCE: Resources for each Virtual Client: {'num_cpus': 8, 'num_gpus': 0.0}
[2024-06-11 18:27:14,235][flwr][INFO] - Flower VCE: Creating VirtualClientEngineActorPool with 1 actors
[2024-06-11 18:27:14,236][flwr][INFO] - [INIT]
[2024-06-11 18:27:14,236][flwr][INFO] - Requesting initial parameters from one random client
[2024-06-11 18:27:18,201][flwr][INFO] - Received initial parameters from one random client
[2024-06-11 18:27:18,201][flwr][INFO] - Evaluating initial global parameters
[2024-06-11 18:27:18,216][flwr][INFO] - initial parameters (loss, other metrics): tensor(1983.3531, dtype=torch.float64), {'mae_loss, mse_loss': (44.528201828002935, 1983.3531267126825)}
[2024-06-11 18:27:18,220][flwr][INFO] - 
[2024-06-11 18:27:18,220][flwr][INFO] - [ROUND 1]
[2024-06-11 18:27:18,221][flwr][INFO] - configure_fit: strategy sampled 25 clients (out of 25)
[2024-06-11 18:27:21,885][flwr][INFO] - aggregate_fit: received 25 results and 0 failures
[2024-06-11 18:27:21,901][flwr][WARNING] - No fit_metrics_aggregation_fn provided
[2024-06-11 18:27:21,920][flwr][INFO] - fit progress: (1, tensor(11.8796, dtype=torch.float64), {'mae_loss, mse_loss': (3.1115232849121086, 11.879597703268866)}, 3.7002931000000014)
[2024-06-11 18:27:21,922][flwr][INFO] - configure_evaluate: strategy sampled 25 clients (out of 25)
[2024-06-11 18:27:22,384][flwr][INFO] - aggregate_evaluate: received 25 results and 0 failures
[2024-06-11 18:27:22,384][flwr][WARNING] - No evaluate_metrics_aggregation_fn provided
[2024-06-11 18:27:22,384][flwr][INFO] - 
[2024-06-11 18:27:22,384][flwr][INFO] - [ROUND 2]
[2024-06-11 18:27:22,384][flwr][INFO] - configure_fit: strategy sampled 25 clients (out of 25)
[2024-06-11 18:27:24,651][flwr][INFO] - aggregate_fit: received 25 results and 0 failures
[2024-06-11 18:27:24,685][flwr][INFO] - fit progress: (2, tensor(7.6028, dtype=torch.float64), {'mae_loss, mse_loss': (2.569093933105468, 7.602802479467118)}, 6.465188700000001)
[2024-06-11 18:27:24,687][flwr][INFO] - configure_evaluate: strategy sampled 25 clients (out of 25)
[2024-06-11 18:27:25,134][flwr][INFO] - aggregate_evaluate: received 25 results and 0 failures
[2024-06-11 18:27:25,134][flwr][INFO] - 
[2024-06-11 18:27:25,134][flwr][INFO] - [ROUND 3]
[2024-06-11 18:27:25,134][flwr][INFO] - configure_fit: strategy sampled 25 clients (out of 25)
[2024-06-11 18:27:27,401][flwr][INFO] - aggregate_fit: received 25 results and 0 failures
[2024-06-11 18:27:27,436][flwr][INFO] - fit progress: (3, tensor(5.2124, dtype=torch.float64), {'mae_loss, mse_loss': (2.2111334228515616, 5.212363389325093)}, 9.2168382)
[2024-06-11 18:27:27,438][flwr][INFO] - configure_evaluate: strategy sampled 25 clients (out of 25)
[2024-06-11 18:27:27,901][flwr][INFO] - aggregate_evaluate: received 25 results and 0 failures
[2024-06-11 18:27:27,901][flwr][INFO] - 
[2024-06-11 18:27:27,902][flwr][INFO] - [ROUND 4]
[2024-06-11 18:27:27,903][flwr][INFO] - configure_fit: strategy sampled 25 clients (out of 25)
[2024-06-11 18:27:30,151][flwr][INFO] - aggregate_fit: received 25 results and 0 failures
[2024-06-11 18:27:30,189][flwr][INFO] - fit progress: (4, tensor(2.0771, dtype=torch.float64), {'mae_loss, mse_loss': (1.401407470703124, 2.0770933396564772)}, 11.971354400000001)
[2024-06-11 18:27:30,192][flwr][INFO] - configure_evaluate: strategy sampled 25 clients (out of 25)
[2024-06-11 18:27:30,751][flwr][INFO] - aggregate_evaluate: received 25 results and 0 failures
[2024-06-11 18:27:30,751][flwr][INFO] - 
[2024-06-11 18:27:30,751][flwr][INFO] - [ROUND 5]
[2024-06-11 18:27:30,751][flwr][INFO] - configure_fit: strategy sampled 25 clients (out of 25)
[2024-06-11 18:27:33,034][flwr][INFO] - aggregate_fit: received 25 results and 0 failures
[2024-06-11 18:27:33,056][flwr][INFO] - fit progress: (5, tensor(0.8925, dtype=torch.float64), {'mae_loss, mse_loss': (0.8529882812499991, 0.8925446537809897)}, 14.846109400000001)
[2024-06-11 18:27:33,068][flwr][INFO] - configure_evaluate: strategy sampled 25 clients (out of 25)
[2024-06-11 18:27:33,518][flwr][INFO] - aggregate_evaluate: received 25 results and 0 failures
[2024-06-11 18:27:33,518][flwr][INFO] - 
[2024-06-11 18:27:33,518][flwr][INFO] - [ROUND 6]
[2024-06-11 18:27:33,518][flwr][INFO] - configure_fit: strategy sampled 25 clients (out of 25)
[2024-06-11 18:27:35,851][flwr][INFO] - aggregate_fit: received 25 results and 0 failures
[2024-06-11 18:27:35,872][flwr][INFO] - fit progress: (6, tensor(0.9337, dtype=torch.float64), {'mae_loss, mse_loss': (0.8492803955078116, 0.9336643797738926)}, 17.659643100000004)
[2024-06-11 18:27:35,881][flwr][INFO] - configure_evaluate: strategy sampled 25 clients (out of 25)
[2024-06-11 18:27:36,334][flwr][INFO] - aggregate_evaluate: received 25 results and 0 failures
[2024-06-11 18:27:36,334][flwr][INFO] - 
[2024-06-11 18:27:36,334][flwr][INFO] - [ROUND 7]
[2024-06-11 18:27:36,334][flwr][INFO] - configure_fit: strategy sampled 25 clients (out of 25)
[2024-06-11 18:27:38,601][flwr][INFO] - aggregate_fit: received 25 results and 0 failures
[2024-06-11 18:27:38,623][flwr][INFO] - fit progress: (7, tensor(0.6844, dtype=torch.float64), {'mae_loss, mse_loss': (0.720632629394531, 0.6844056212946292)}, 20.406579799999996)
[2024-06-11 18:27:38,628][flwr][INFO] - configure_evaluate: strategy sampled 25 clients (out of 25)
[2024-06-11 18:27:39,083][flwr][INFO] - aggregate_evaluate: received 25 results and 0 failures
[2024-06-11 18:27:39,084][flwr][INFO] - 
[2024-06-11 18:27:39,084][flwr][INFO] - [ROUND 8]
[2024-06-11 18:27:39,084][flwr][INFO] - configure_fit: strategy sampled 25 clients (out of 25)
[2024-06-11 18:27:41,435][flwr][INFO] - aggregate_fit: received 25 results and 0 failures
[2024-06-11 18:27:41,456][flwr][INFO] - fit progress: (8, tensor(0.5642, dtype=torch.float64), {'mae_loss, mse_loss': (0.6561955261230465, 0.5641565315731555)}, 23.2423146)
[2024-06-11 18:27:41,463][flwr][INFO] - configure_evaluate: strategy sampled 25 clients (out of 25)
[2024-06-11 18:27:41,950][flwr][INFO] - aggregate_evaluate: received 25 results and 0 failures
[2024-06-11 18:27:41,952][flwr][INFO] - 
[2024-06-11 18:27:41,953][flwr][INFO] - [ROUND 9]
[2024-06-11 18:27:41,953][flwr][INFO] - configure_fit: strategy sampled 25 clients (out of 25)
