[2024-05-31 14:30:27,051][flwr][INFO] - Starting Flower simulation, config: num_rounds=5, no round_timeout
[2024-05-31 14:30:32,418][flwr][INFO] - Flower VCE: Ray initialized with resources: {'node:__internal_head__': 1.0, 'memory': 6403618407.0, 'node:127.0.0.1': 1.0, 'object_store_memory': 3201809203.0, 'CPU': 8.0}
[2024-05-31 14:30:32,419][flwr][INFO] - Optimize your simulation with Flower VCE: https://flower.ai/docs/framework/how-to-run-simulations.html
[2024-05-31 14:30:32,419][flwr][INFO] - Flower VCE: Resources for each Virtual Client: {'num_cpus': 2, 'num_gpus': 0.0}
[2024-05-31 14:30:32,428][flwr][INFO] - Flower VCE: Creating VirtualClientEngineActorPool with 4 actors
[2024-05-31 14:30:32,430][flwr][INFO] - [INIT]
[2024-05-31 14:30:32,433][flwr][INFO] - Requesting initial parameters from one random client
[2024-05-31 14:30:36,679][flwr][INFO] - Received initial parameters from one random client
[2024-05-31 14:30:36,680][flwr][INFO] - Evaluating initial global parameters
[2024-05-31 14:30:36,681][flwr][INFO] - 
[2024-05-31 14:30:36,681][flwr][INFO] - [ROUND 1]
[2024-05-31 14:30:36,682][flwr][INFO] - configure_fit: strategy sampled 25 clients (out of 25)
[2024-05-31 14:46:41,550][flwr][INFO] - aggregate_fit: received 25 results and 0 failures
[2024-05-31 14:46:41,569][flwr][WARNING] - No fit_metrics_aggregation_fn provided
[2024-05-31 14:46:41,570][flwr][INFO] - configure_evaluate: strategy sampled 25 clients (out of 25)
[2024-05-31 14:47:23,028][flwr][INFO] - aggregate_evaluate: received 25 results and 0 failures
[2024-05-31 14:47:23,029][flwr][WARNING] - No evaluate_metrics_aggregation_fn provided
[2024-05-31 14:47:23,029][flwr][INFO] - 
[2024-05-31 14:47:23,030][flwr][INFO] - [ROUND 2]
[2024-05-31 14:47:23,030][flwr][INFO] - configure_fit: strategy sampled 25 clients (out of 25)
[2024-05-31 15:02:46,229][flwr][INFO] - aggregate_fit: received 25 results and 0 failures
[2024-05-31 15:02:46,250][flwr][INFO] - configure_evaluate: strategy sampled 25 clients (out of 25)
[2024-05-31 15:03:29,708][flwr][INFO] - aggregate_evaluate: received 25 results and 0 failures
[2024-05-31 15:03:29,709][flwr][INFO] - 
[2024-05-31 15:03:29,710][flwr][INFO] - [ROUND 3]
[2024-05-31 15:03:29,711][flwr][INFO] - configure_fit: strategy sampled 25 clients (out of 25)
[2024-05-31 15:18:53,209][flwr][INFO] - aggregate_fit: received 25 results and 0 failures
[2024-05-31 15:18:53,229][flwr][INFO] - configure_evaluate: strategy sampled 25 clients (out of 25)
[2024-05-31 15:19:35,528][flwr][INFO] - aggregate_evaluate: received 25 results and 0 failures
[2024-05-31 15:19:35,529][flwr][INFO] - 
[2024-05-31 15:19:35,530][flwr][INFO] - [ROUND 4]
[2024-05-31 15:19:35,531][flwr][INFO] - configure_fit: strategy sampled 25 clients (out of 25)
[2024-05-31 15:34:52,497][flwr][INFO] - aggregate_fit: received 25 results and 0 failures
[2024-05-31 15:34:52,517][flwr][INFO] - configure_evaluate: strategy sampled 25 clients (out of 25)
[2024-05-31 15:35:33,412][flwr][INFO] - aggregate_evaluate: received 25 results and 0 failures
[2024-05-31 15:35:33,413][flwr][INFO] - 
[2024-05-31 15:35:33,414][flwr][INFO] - [ROUND 5]
[2024-05-31 15:35:33,414][flwr][INFO] - configure_fit: strategy sampled 25 clients (out of 25)
[2024-05-31 15:50:37,842][flwr][INFO] - aggregate_fit: received 25 results and 0 failures
[2024-05-31 15:50:37,861][flwr][INFO] - configure_evaluate: strategy sampled 25 clients (out of 25)
[2024-05-31 15:51:18,797][flwr][INFO] - aggregate_evaluate: received 25 results and 0 failures
[2024-05-31 15:51:18,798][flwr][INFO] - 
[2024-05-31 15:51:18,798][flwr][INFO] - [SUMMARY]
[2024-05-31 15:51:18,799][flwr][INFO] - Run finished 5 rounds in 4842.12s
[2024-05-31 15:51:18,799][flwr][INFO] - History (loss, distributed):
[2024-05-31 15:51:18,800][flwr][INFO] - 	('\tround 1: 2.563251060485841\n'
[2024-05-31 15:51:18,800][flwr][INFO] - 	 '\tround 2: 2.52823706817627\n'
[2024-05-31 15:51:18,801][flwr][INFO] - 	 '\tround 3: 2.2321430053710944\n'
[2024-05-31 15:51:18,801][flwr][INFO] - 	 '\tround 4: 1.961301750183106\n'
[2024-05-31 15:51:18,802][flwr][INFO] - 	 '\tround 5: 1.713832260131836\n')
[2024-05-31 15:51:18,802][flwr][INFO] - 
