[2024-06-10 15:49:05,789][flwr][INFO] - Starting Flower simulation, config: num_rounds=20, no round_timeout
[2024-06-10 15:49:11,148][flwr][INFO] - Flower VCE: Ray initialized with resources: {'node:127.0.0.1': 1.0, 'memory': 8475711899.0, 'object_store_memory': 4237855948.0, 'CPU': 8.0, 'node:__internal_head__': 1.0}
[2024-06-10 15:49:11,149][flwr][INFO] - Optimize your simulation with Flower VCE: https://flower.ai/docs/framework/how-to-run-simulations.html
[2024-06-10 15:49:11,150][flwr][INFO] - Flower VCE: Resources for each Virtual Client: {'num_cpus': 8, 'num_gpus': 0.0}
[2024-06-10 15:49:11,158][flwr][INFO] - Flower VCE: Creating VirtualClientEngineActorPool with 1 actors
[2024-06-10 15:49:11,159][flwr][INFO] - [INIT]
[2024-06-10 15:49:11,159][flwr][INFO] - Requesting initial parameters from one random client
[2024-06-10 15:49:15,197][flwr][INFO] - Received initial parameters from one random client
[2024-06-10 15:49:15,198][flwr][INFO] - Evaluating initial global parameters
[2024-06-10 15:49:15,205][flwr][INFO] - initial parameters (loss, other metrics): tensor(1570.1415, dtype=torch.float64), {'mae_loss, mse_loss': (39.614719238281246, 1570.1415412698088)}
[2024-06-10 15:49:15,207][flwr][INFO] - 
[2024-06-10 15:49:15,208][flwr][INFO] - [ROUND 1]
[2024-06-10 15:49:15,209][flwr][INFO] - configure_fit: strategy sampled 25 clients (out of 25)
[2024-06-10 15:49:53,578][flwr][INFO] - aggregate_fit: received 25 results and 0 failures
[2024-06-10 15:49:53,599][flwr][WARNING] - No fit_metrics_aggregation_fn provided
[2024-06-10 15:49:53,602][flwr][INFO] - fit progress: (1, tensor(1.3913, dtype=torch.float64), {'mae_loss, mse_loss': (1.048134460449218, 1.3912989985859017)}, 38.3948763)
[2024-06-10 15:49:53,604][flwr][INFO] - configure_evaluate: strategy sampled 25 clients (out of 25)
[2024-06-10 15:49:54,188][flwr][INFO] - aggregate_evaluate: received 25 results and 0 failures
[2024-06-10 15:49:54,190][flwr][WARNING] - No evaluate_metrics_aggregation_fn provided
[2024-06-10 15:49:54,190][flwr][INFO] - 
[2024-06-10 15:49:54,191][flwr][INFO] - [ROUND 2]
[2024-06-10 15:49:54,191][flwr][INFO] - configure_fit: strategy sampled 25 clients (out of 25)
[2024-06-10 15:50:33,150][flwr][INFO] - aggregate_fit: received 25 results and 0 failures
[2024-06-10 15:50:33,172][flwr][INFO] - fit progress: (2, tensor(0.9220, dtype=torch.float64), {'mae_loss, mse_loss': (0.9294050598144523, 0.9220354656808768)}, 77.96468730000001)
[2024-06-10 15:50:33,174][flwr][INFO] - configure_evaluate: strategy sampled 25 clients (out of 25)
[2024-06-10 15:50:33,803][flwr][INFO] - aggregate_evaluate: received 25 results and 0 failures
[2024-06-10 15:50:33,804][flwr][INFO] - 
[2024-06-10 15:50:33,804][flwr][INFO] - [ROUND 3]
[2024-06-10 15:50:33,804][flwr][INFO] - configure_fit: strategy sampled 25 clients (out of 25)
[2024-06-10 15:51:12,423][flwr][INFO] - aggregate_fit: received 25 results and 0 failures
[2024-06-10 15:51:12,451][flwr][INFO] - fit progress: (3, tensor(0.0725, dtype=torch.float64), {'mae_loss, mse_loss': (0.19831558227539148, 0.07248501925298556)}, 117.24272489999998)
[2024-06-10 15:51:12,453][flwr][INFO] - configure_evaluate: strategy sampled 25 clients (out of 25)
[2024-06-10 15:51:13,047][flwr][INFO] - aggregate_evaluate: received 25 results and 0 failures
[2024-06-10 15:51:13,048][flwr][INFO] - 
[2024-06-10 15:51:13,049][flwr][INFO] - [ROUND 4]
[2024-06-10 15:51:13,050][flwr][INFO] - configure_fit: strategy sampled 25 clients (out of 25)
[2024-06-10 15:51:52,481][flwr][INFO] - aggregate_fit: received 25 results and 0 failures
[2024-06-10 15:51:52,503][flwr][INFO] - fit progress: (4, tensor(0.0166, dtype=torch.float64), {'mae_loss, mse_loss': (0.09274978637695455, 0.0166373261975827)}, 157.2954963)
[2024-06-10 15:51:52,505][flwr][INFO] - configure_evaluate: strategy sampled 25 clients (out of 25)
[2024-06-10 15:51:53,106][flwr][INFO] - aggregate_evaluate: received 25 results and 0 failures
[2024-06-10 15:51:53,107][flwr][INFO] - 
[2024-06-10 15:51:53,107][flwr][INFO] - [ROUND 5]
[2024-06-10 15:51:53,108][flwr][INFO] - configure_fit: strategy sampled 25 clients (out of 25)
[2024-06-10 15:52:31,855][flwr][INFO] - aggregate_fit: received 25 results and 0 failures
[2024-06-10 15:52:31,880][flwr][INFO] - fit progress: (5, tensor(0.3329, dtype=torch.float64), {'mae_loss, mse_loss': (0.5697503662109383, 0.3328673954911076)}, 196.6715432)
[2024-06-10 15:52:31,882][flwr][INFO] - configure_evaluate: strategy sampled 25 clients (out of 25)
[2024-06-10 15:52:32,501][flwr][INFO] - aggregate_evaluate: received 25 results and 0 failures
[2024-06-10 15:52:32,501][flwr][INFO] - 
[2024-06-10 15:52:32,502][flwr][INFO] - [ROUND 6]
[2024-06-10 15:52:32,502][flwr][INFO] - configure_fit: strategy sampled 25 clients (out of 25)
[2024-06-10 15:53:10,883][flwr][INFO] - aggregate_fit: received 25 results and 0 failures
[2024-06-10 15:53:10,908][flwr][INFO] - fit progress: (6, tensor(0.2803, dtype=torch.float64), {'mae_loss, mse_loss': (0.5218713378906259, 0.28026159308245513)}, 235.6998906)
[2024-06-10 15:53:10,910][flwr][INFO] - configure_evaluate: strategy sampled 25 clients (out of 25)
[2024-06-10 15:53:11,513][flwr][INFO] - aggregate_evaluate: received 25 results and 0 failures
[2024-06-10 15:53:11,514][flwr][INFO] - 
[2024-06-10 15:53:11,515][flwr][INFO] - [ROUND 7]
[2024-06-10 15:53:11,516][flwr][INFO] - configure_fit: strategy sampled 25 clients (out of 25)
