[2024-05-14 11:28:11,712][flwr][INFO] - Starting Flower simulation, config: num_rounds=20, no round_timeout
[2024-05-14 11:28:16,873][flwr][INFO] - Flower VCE: Ray initialized with resources: {'memory': 11801581979.0, 'node:127.0.0.1': 1.0, 'object_store_memory': 5900790988.0, 'CPU': 8.0, 'node:__internal_head__': 1.0}
[2024-05-14 11:28:16,874][flwr][INFO] - Optimize your simulation with Flower VCE: https://flower.ai/docs/framework/how-to-run-simulations.html
[2024-05-14 11:28:16,875][flwr][INFO] - No `client_resources` specified. Using minimal resources for clients.
[2024-05-14 11:28:16,875][flwr][INFO] - Flower VCE: Resources for each Virtual Client: {'num_cpus': 1, 'num_gpus': 0.0}
[2024-05-14 11:28:16,885][flwr][INFO] - Flower VCE: Creating VirtualClientEngineActorPool with 8 actors
[2024-05-14 11:28:16,886][flwr][INFO] - [INIT]
[2024-05-14 11:28:16,886][flwr][INFO] - Requesting initial parameters from one random client
[2024-05-14 11:28:21,654][flwr][INFO] - Received initial parameters from one random client
[2024-05-14 11:28:21,655][flwr][INFO] - Evaluating initial global parameters
[2024-05-14 11:28:21,656][flwr][INFO] - 
[2024-05-14 11:28:21,656][flwr][INFO] - [ROUND 1]
[2024-05-14 11:28:21,657][flwr][INFO] - configure_fit: strategy sampled 13 clients (out of 13)
[2024-05-14 11:31:27,692][flwr][INFO] - aggregate_fit: received 13 results and 0 failures
[2024-05-14 11:31:27,702][flwr][WARNING] - No fit_metrics_aggregation_fn provided
[2024-05-14 11:31:27,703][flwr][INFO] - configure_evaluate: strategy sampled 13 clients (out of 13)
[2024-05-14 11:31:44,527][flwr][INFO] - aggregate_evaluate: received 13 results and 0 failures
[2024-05-14 11:31:44,527][flwr][WARNING] - No evaluate_metrics_aggregation_fn provided
[2024-05-14 11:31:44,528][flwr][INFO] - 
[2024-05-14 11:31:44,528][flwr][INFO] - [ROUND 2]
[2024-05-14 11:31:44,529][flwr][INFO] - configure_fit: strategy sampled 13 clients (out of 13)
[2024-05-14 11:34:44,956][flwr][INFO] - aggregate_fit: received 13 results and 0 failures
[2024-05-14 11:34:44,966][flwr][INFO] - configure_evaluate: strategy sampled 13 clients (out of 13)
[2024-05-14 11:35:02,284][flwr][INFO] - aggregate_evaluate: received 13 results and 0 failures
[2024-05-14 11:35:02,284][flwr][INFO] - 
[2024-05-14 11:35:02,284][flwr][INFO] - [ROUND 3]
[2024-05-14 11:35:02,284][flwr][INFO] - configure_fit: strategy sampled 13 clients (out of 13)
[2024-05-14 11:38:03,314][flwr][INFO] - aggregate_fit: received 13 results and 0 failures
[2024-05-14 11:38:03,325][flwr][INFO] - configure_evaluate: strategy sampled 13 clients (out of 13)
[2024-05-14 11:38:21,062][flwr][INFO] - aggregate_evaluate: received 13 results and 0 failures
[2024-05-14 11:38:21,062][flwr][INFO] - 
[2024-05-14 11:38:21,062][flwr][INFO] - [ROUND 4]
[2024-05-14 11:38:21,062][flwr][INFO] - configure_fit: strategy sampled 13 clients (out of 13)
[2024-05-14 11:41:27,126][flwr][INFO] - aggregate_fit: received 13 results and 0 failures
[2024-05-14 11:41:27,127][flwr][INFO] - configure_evaluate: strategy sampled 13 clients (out of 13)
[2024-05-14 11:41:44,627][flwr][INFO] - aggregate_evaluate: received 13 results and 0 failures
[2024-05-14 11:41:44,627][flwr][INFO] - 
[2024-05-14 11:41:44,627][flwr][INFO] - [ROUND 5]
[2024-05-14 11:41:44,627][flwr][INFO] - configure_fit: strategy sampled 13 clients (out of 13)
[2024-05-14 11:44:46,741][flwr][INFO] - aggregate_fit: received 13 results and 0 failures
[2024-05-14 11:44:46,746][flwr][INFO] - configure_evaluate: strategy sampled 13 clients (out of 13)
[2024-05-14 11:45:04,208][flwr][INFO] - aggregate_evaluate: received 13 results and 0 failures
[2024-05-14 11:45:04,208][flwr][INFO] - 
[2024-05-14 11:45:04,208][flwr][INFO] - [ROUND 6]
[2024-05-14 11:45:04,210][flwr][INFO] - configure_fit: strategy sampled 13 clients (out of 13)
[2024-05-14 11:48:07,630][flwr][INFO] - aggregate_fit: received 13 results and 0 failures
[2024-05-14 11:48:07,642][flwr][INFO] - configure_evaluate: strategy sampled 13 clients (out of 13)
[2024-05-14 11:48:25,090][flwr][INFO] - aggregate_evaluate: received 13 results and 0 failures
[2024-05-14 11:48:25,090][flwr][INFO] - 
[2024-05-14 11:48:25,094][flwr][INFO] - [ROUND 7]
[2024-05-14 11:48:25,095][flwr][INFO] - configure_fit: strategy sampled 13 clients (out of 13)
[2024-05-14 11:51:27,446][flwr][INFO] - aggregate_fit: received 13 results and 0 failures
[2024-05-14 11:51:27,466][flwr][INFO] - configure_evaluate: strategy sampled 13 clients (out of 13)
[2024-05-14 11:51:44,661][flwr][INFO] - aggregate_evaluate: received 13 results and 0 failures
[2024-05-14 11:51:44,661][flwr][INFO] - 
[2024-05-14 11:51:44,662][flwr][INFO] - [ROUND 8]
[2024-05-14 11:51:44,662][flwr][INFO] - configure_fit: strategy sampled 13 clients (out of 13)
[2024-05-14 11:54:49,944][flwr][INFO] - aggregate_fit: received 13 results and 0 failures
[2024-05-14 11:54:49,965][flwr][INFO] - configure_evaluate: strategy sampled 13 clients (out of 13)
[2024-05-14 11:55:07,161][flwr][INFO] - aggregate_evaluate: received 13 results and 0 failures
[2024-05-14 11:55:07,161][flwr][INFO] - 
[2024-05-14 11:55:07,161][flwr][INFO] - [ROUND 9]
[2024-05-14 11:55:07,161][flwr][INFO] - configure_fit: strategy sampled 13 clients (out of 13)
[2024-05-14 11:58:10,812][flwr][INFO] - aggregate_fit: received 13 results and 0 failures
[2024-05-14 11:58:10,820][flwr][INFO] - configure_evaluate: strategy sampled 13 clients (out of 13)
[2024-05-14 11:58:27,994][flwr][INFO] - aggregate_evaluate: received 13 results and 0 failures
[2024-05-14 11:58:27,994][flwr][INFO] - 
[2024-05-14 11:58:27,994][flwr][INFO] - [ROUND 10]
[2024-05-14 11:58:27,994][flwr][INFO] - configure_fit: strategy sampled 13 clients (out of 13)
[2024-05-14 12:01:30,284][flwr][INFO] - aggregate_fit: received 13 results and 0 failures
[2024-05-14 12:01:30,296][flwr][INFO] - configure_evaluate: strategy sampled 13 clients (out of 13)
[2024-05-14 12:01:47,524][flwr][INFO] - aggregate_evaluate: received 13 results and 0 failures
[2024-05-14 12:01:47,525][flwr][INFO] - 
[2024-05-14 12:01:47,525][flwr][INFO] - [ROUND 11]
[2024-05-14 12:01:47,526][flwr][INFO] - configure_fit: strategy sampled 13 clients (out of 13)
[2024-05-14 12:04:51,526][flwr][INFO] - aggregate_fit: received 13 results and 0 failures
[2024-05-14 12:04:51,538][flwr][INFO] - configure_evaluate: strategy sampled 13 clients (out of 13)
[2024-05-14 12:05:08,817][flwr][INFO] - aggregate_evaluate: received 13 results and 0 failures
[2024-05-14 12:05:08,818][flwr][INFO] - 
[2024-05-14 12:05:08,818][flwr][INFO] - [ROUND 12]
[2024-05-14 12:05:08,819][flwr][INFO] - configure_fit: strategy sampled 13 clients (out of 13)
[2024-05-14 12:08:13,228][flwr][INFO] - aggregate_fit: received 13 results and 0 failures
[2024-05-14 12:08:13,240][flwr][INFO] - configure_evaluate: strategy sampled 13 clients (out of 13)
[2024-05-14 12:08:30,824][flwr][INFO] - aggregate_evaluate: received 13 results and 0 failures
[2024-05-14 12:08:30,824][flwr][INFO] - 
[2024-05-14 12:08:30,824][flwr][INFO] - [ROUND 13]
[2024-05-14 12:08:30,825][flwr][INFO] - configure_fit: strategy sampled 13 clients (out of 13)
[2024-05-14 12:11:35,293][flwr][INFO] - aggregate_fit: received 13 results and 0 failures
[2024-05-14 12:11:35,305][flwr][INFO] - configure_evaluate: strategy sampled 13 clients (out of 13)
[2024-05-14 12:11:52,811][flwr][INFO] - aggregate_evaluate: received 13 results and 0 failures
[2024-05-14 12:11:52,812][flwr][INFO] - 
[2024-05-14 12:11:52,813][flwr][INFO] - [ROUND 14]
[2024-05-14 12:11:52,813][flwr][INFO] - configure_fit: strategy sampled 13 clients (out of 13)
[2024-05-14 12:14:57,661][flwr][INFO] - aggregate_fit: received 13 results and 0 failures
[2024-05-14 12:14:57,672][flwr][INFO] - configure_evaluate: strategy sampled 13 clients (out of 13)
[2024-05-14 12:15:14,915][flwr][INFO] - aggregate_evaluate: received 13 results and 0 failures
[2024-05-14 12:15:14,915][flwr][INFO] - 
[2024-05-14 12:15:14,916][flwr][INFO] - [ROUND 15]
[2024-05-14 12:15:14,916][flwr][INFO] - configure_fit: strategy sampled 13 clients (out of 13)
[2024-05-14 12:18:21,106][flwr][INFO] - aggregate_fit: received 13 results and 0 failures
[2024-05-14 12:18:21,117][flwr][INFO] - configure_evaluate: strategy sampled 13 clients (out of 13)
[2024-05-14 12:18:39,244][flwr][INFO] - aggregate_evaluate: received 13 results and 0 failures
[2024-05-14 12:18:39,245][flwr][INFO] - 
[2024-05-14 12:18:39,246][flwr][INFO] - [ROUND 16]
[2024-05-14 12:18:39,247][flwr][INFO] - configure_fit: strategy sampled 13 clients (out of 13)
[2024-05-14 12:21:43,249][flwr][INFO] - aggregate_fit: received 13 results and 0 failures
[2024-05-14 12:21:43,260][flwr][INFO] - configure_evaluate: strategy sampled 13 clients (out of 13)
[2024-05-14 12:22:00,434][flwr][INFO] - aggregate_evaluate: received 13 results and 0 failures
[2024-05-14 12:22:00,435][flwr][INFO] - 
[2024-05-14 12:22:00,435][flwr][INFO] - [ROUND 17]
[2024-05-14 12:22:00,436][flwr][INFO] - configure_fit: strategy sampled 13 clients (out of 13)
[2024-05-14 12:25:04,840][flwr][INFO] - aggregate_fit: received 13 results and 0 failures
[2024-05-14 12:25:04,852][flwr][INFO] - configure_evaluate: strategy sampled 13 clients (out of 13)
[2024-05-14 12:25:22,115][flwr][INFO] - aggregate_evaluate: received 13 results and 0 failures
[2024-05-14 12:25:22,116][flwr][INFO] - 
[2024-05-14 12:25:22,116][flwr][INFO] - [ROUND 18]
[2024-05-14 12:25:22,117][flwr][INFO] - configure_fit: strategy sampled 13 clients (out of 13)
[2024-05-14 12:28:27,378][flwr][INFO] - aggregate_fit: received 13 results and 0 failures
[2024-05-14 12:28:27,389][flwr][INFO] - configure_evaluate: strategy sampled 13 clients (out of 13)
[2024-05-14 12:28:44,814][flwr][INFO] - aggregate_evaluate: received 13 results and 0 failures
[2024-05-14 12:28:44,815][flwr][INFO] - 
[2024-05-14 12:28:44,815][flwr][INFO] - [ROUND 19]
[2024-05-14 12:28:44,816][flwr][INFO] - configure_fit: strategy sampled 13 clients (out of 13)
[2024-05-14 12:31:48,191][flwr][INFO] - aggregate_fit: received 13 results and 0 failures
[2024-05-14 12:31:48,202][flwr][INFO] - configure_evaluate: strategy sampled 13 clients (out of 13)
[2024-05-14 12:32:05,575][flwr][INFO] - aggregate_evaluate: received 13 results and 0 failures
[2024-05-14 12:32:05,577][flwr][INFO] - 
[2024-05-14 12:32:05,578][flwr][INFO] - [ROUND 20]
[2024-05-14 12:32:05,578][flwr][INFO] - configure_fit: strategy sampled 13 clients (out of 13)
[2024-05-14 12:35:10,489][flwr][INFO] - aggregate_fit: received 13 results and 0 failures
[2024-05-14 12:35:10,502][flwr][INFO] - configure_evaluate: strategy sampled 13 clients (out of 13)
[2024-05-14 12:35:27,768][flwr][INFO] - aggregate_evaluate: received 13 results and 0 failures
[2024-05-14 12:35:27,769][flwr][INFO] - 
[2024-05-14 12:35:27,770][flwr][INFO] - [SUMMARY]
[2024-05-14 12:35:27,770][flwr][INFO] - Run finished 20 rounds in 4026.11s
[2024-05-14 12:35:27,771][flwr][INFO] - History (loss, distributed):
[2024-05-14 12:35:27,772][flwr][INFO] - 	('\tround 1: 37.11330714494818\n'
[2024-05-14 12:35:27,772][flwr][INFO] - 	 '\tround 2: 43.24110579554125\n'
[2024-05-14 12:35:27,772][flwr][INFO] - 	 '\tround 3: 31.70696465352947\n'
[2024-05-14 12:35:27,773][flwr][INFO] - 	 '\tround 4: 31.048403270631503\n'
[2024-05-14 12:35:27,773][flwr][INFO] - 	 '\tround 5: 26.45300669598583\n'
[2024-05-14 12:35:27,774][flwr][INFO] - 	 '\tround 6: 23.05695138201655\n'
[2024-05-14 12:35:27,774][flwr][INFO] - 	 '\tround 7: 21.884184576929353\n'
[2024-05-14 12:35:27,774][flwr][INFO] - 	 '\tround 8: 21.701396786426752\n'
[2024-05-14 12:35:27,775][flwr][INFO] - 	 '\tround 9: 20.565773404304664\n'
[2024-05-14 12:35:27,775][flwr][INFO] - 	 '\tround 10: 19.065184359737763\n'
[2024-05-14 12:35:27,776][flwr][INFO] - 	 '\tround 11: 22.114708939719\n'
[2024-05-14 12:35:27,776][flwr][INFO] - 	 '\tround 12: 17.20993457386839\n'
[2024-05-14 12:35:27,777][flwr][INFO] - 	 '\tround 13: 20.13997818441522\n'
[2024-05-14 12:35:27,777][flwr][INFO] - 	 '\tround 14: 16.351770148780467\n'
[2024-05-14 12:35:27,778][flwr][INFO] - 	 '\tround 15: 18.054843834452242\n'
[2024-05-14 12:35:27,778][flwr][INFO] - 	 '\tround 16: 15.556195798145202\n'
[2024-05-14 12:35:27,779][flwr][INFO] - 	 '\tround 17: 19.124607710297287\n'
[2024-05-14 12:35:27,779][flwr][INFO] - 	 '\tround 18: 14.390061512045833\n'
[2024-05-14 12:35:27,779][flwr][INFO] - 	 '\tround 19: 16.853531003142475\n'
[2024-05-14 12:35:27,780][flwr][INFO] - 	 '\tround 20: 12.691763103223755\n')
[2024-05-14 12:35:27,780][flwr][INFO] - 
