[2024-06-07 16:26:32,595][flwr][INFO] - Starting Flower simulation, config: num_rounds=50, no round_timeout
[2024-06-07 16:26:37,897][flwr][INFO] - Flower VCE: Ray initialized with resources: {'node:127.0.0.1': 1.0, 'memory': 7319443047.0, 'object_store_memory': 3659721523.0, 'CPU': 8.0, 'node:__internal_head__': 1.0}
[2024-06-07 16:26:37,897][flwr][INFO] - Optimize your simulation with Flower VCE: https://flower.ai/docs/framework/how-to-run-simulations.html
[2024-06-07 16:26:37,898][flwr][INFO] - Flower VCE: Resources for each Virtual Client: {'num_cpus': 1, 'num_gpus': 0.0}
[2024-06-07 16:26:37,909][flwr][INFO] - Flower VCE: Creating VirtualClientEngineActorPool with 8 actors
[2024-06-07 16:26:37,910][flwr][INFO] - [INIT]
[2024-06-07 16:26:37,911][flwr][INFO] - Requesting initial parameters from one random client
[2024-06-07 16:26:42,839][flwr][INFO] - Received initial parameters from one random client
[2024-06-07 16:26:42,840][flwr][INFO] - Evaluating initial global parameters
[2024-06-07 16:26:42,847][flwr][INFO] - initial parameters (loss, other metrics): tensor(28.9197, dtype=torch.float64), {'mae_loss, mse_loss': (5.32208724975586, 28.919720291057956)}
[2024-06-07 16:26:42,850][flwr][INFO] - 
[2024-06-07 16:26:42,850][flwr][INFO] - [ROUND 1]
[2024-06-07 16:26:42,851][flwr][INFO] - configure_fit: strategy sampled 25 clients (out of 25)
[2024-06-07 16:26:50,406][flwr][INFO] - aggregate_fit: received 25 results and 0 failures
[2024-06-07 16:26:50,432][flwr][WARNING] - No fit_metrics_aggregation_fn provided
[2024-06-07 16:26:50,436][flwr][INFO] - fit progress: (1, tensor(5.5100, dtype=torch.float64), {'mae_loss, mse_loss': (2.275041046142577, 5.510013353341838)}, 7.586041399999999)
[2024-06-07 16:26:50,437][flwr][INFO] - configure_evaluate: strategy sampled 25 clients (out of 25)
[2024-06-07 16:26:50,677][flwr][INFO] - aggregate_evaluate: received 25 results and 0 failures
[2024-06-07 16:26:50,677][flwr][WARNING] - No evaluate_metrics_aggregation_fn provided
[2024-06-07 16:26:50,678][flwr][INFO] - 
[2024-06-07 16:26:50,678][flwr][INFO] - [ROUND 2]
[2024-06-07 16:26:50,679][flwr][INFO] - configure_fit: strategy sampled 25 clients (out of 25)
[2024-06-07 16:26:51,208][flwr][INFO] - aggregate_fit: received 25 results and 0 failures
[2024-06-07 16:26:51,235][flwr][INFO] - fit progress: (2, tensor(13.3534, dtype=torch.float64), {'mae_loss, mse_loss': (3.5744810485839835, 13.353375585866505)}, 8.3853875)
[2024-06-07 16:26:51,237][flwr][INFO] - configure_evaluate: strategy sampled 25 clients (out of 25)
[2024-06-07 16:26:51,481][flwr][INFO] - aggregate_evaluate: received 25 results and 0 failures
[2024-06-07 16:26:51,482][flwr][INFO] - 
[2024-06-07 16:26:51,483][flwr][INFO] - [ROUND 3]
[2024-06-07 16:26:51,483][flwr][INFO] - configure_fit: strategy sampled 25 clients (out of 25)
[2024-06-07 16:26:52,015][flwr][INFO] - aggregate_fit: received 25 results and 0 failures
[2024-06-07 16:26:52,039][flwr][INFO] - fit progress: (3, tensor(6.5347, dtype=torch.float64), {'mae_loss, mse_loss': (2.4742185974121087, 6.534687824702469)}, 9.1888525)
[2024-06-07 16:26:52,040][flwr][INFO] - configure_evaluate: strategy sampled 25 clients (out of 25)
[2024-06-07 16:26:52,285][flwr][INFO] - aggregate_evaluate: received 25 results and 0 failures
[2024-06-07 16:26:52,286][flwr][INFO] - 
[2024-06-07 16:26:52,286][flwr][INFO] - [ROUND 4]
[2024-06-07 16:26:52,287][flwr][INFO] - configure_fit: strategy sampled 25 clients (out of 25)
[2024-06-07 16:26:52,825][flwr][INFO] - aggregate_fit: received 25 results and 0 failures
[2024-06-07 16:26:52,848][flwr][INFO] - fit progress: (4, tensor(4.1790, dtype=torch.float64), {'mae_loss, mse_loss': (1.969705047607421, 4.17904842002352)}, 9.997773800000001)
[2024-06-07 16:26:52,849][flwr][INFO] - configure_evaluate: strategy sampled 25 clients (out of 25)
[2024-06-07 16:26:53,095][flwr][INFO] - aggregate_evaluate: received 25 results and 0 failures
[2024-06-07 16:26:53,096][flwr][INFO] - 
[2024-06-07 16:26:53,097][flwr][INFO] - [ROUND 5]
[2024-06-07 16:26:53,097][flwr][INFO] - configure_fit: strategy sampled 25 clients (out of 25)
[2024-06-07 16:26:53,636][flwr][INFO] - aggregate_fit: received 25 results and 0 failures
[2024-06-07 16:26:53,660][flwr][INFO] - fit progress: (5, tensor(3.0180, dtype=torch.float64), {'mae_loss, mse_loss': (1.672982635498046, 3.0179590237702922)}, 10.811288300000001)
[2024-06-07 16:26:53,662][flwr][INFO] - configure_evaluate: strategy sampled 25 clients (out of 25)
[2024-06-07 16:26:53,916][flwr][INFO] - aggregate_evaluate: received 25 results and 0 failures
[2024-06-07 16:26:53,917][flwr][INFO] - 
[2024-06-07 16:26:53,917][flwr][INFO] - [ROUND 6]
[2024-06-07 16:26:53,918][flwr][INFO] - configure_fit: strategy sampled 25 clients (out of 25)
[2024-06-07 16:26:54,449][flwr][INFO] - aggregate_fit: received 25 results and 0 failures
[2024-06-07 16:26:54,472][flwr][INFO] - fit progress: (6, tensor(2.4474, dtype=torch.float64), {'mae_loss, mse_loss': (1.5070539855957024, 2.4473832236222206)}, 11.6224737)
[2024-06-07 16:26:54,474][flwr][INFO] - configure_evaluate: strategy sampled 25 clients (out of 25)
[2024-06-07 16:26:54,715][flwr][INFO] - aggregate_evaluate: received 25 results and 0 failures
[2024-06-07 16:26:54,716][flwr][INFO] - 
[2024-06-07 16:26:54,717][flwr][INFO] - [ROUND 7]
[2024-06-07 16:26:54,717][flwr][INFO] - configure_fit: strategy sampled 25 clients (out of 25)
[2024-06-07 16:26:55,236][flwr][INFO] - aggregate_fit: received 25 results and 0 failures
[2024-06-07 16:26:55,260][flwr][INFO] - fit progress: (7, tensor(1.7775, dtype=torch.float64), {'mae_loss, mse_loss': (1.278402557373046, 1.7774706349676692)}, 12.410614299999999)
[2024-06-07 16:26:55,262][flwr][INFO] - configure_evaluate: strategy sampled 25 clients (out of 25)
[2024-06-07 16:26:55,604][flwr][INFO] - aggregate_evaluate: received 25 results and 0 failures
[2024-06-07 16:26:55,604][flwr][INFO] - 
[2024-06-07 16:26:55,605][flwr][INFO] - [ROUND 8]
[2024-06-07 16:26:55,605][flwr][INFO] - configure_fit: strategy sampled 25 clients (out of 25)
[2024-06-07 16:26:56,131][flwr][INFO] - aggregate_fit: received 25 results and 0 failures
[2024-06-07 16:26:56,154][flwr][INFO] - fit progress: (8, tensor(2.2013, dtype=torch.float64), {'mae_loss, mse_loss': (1.4427427673339834, 2.2012733153629798)}, 13.3038897)
[2024-06-07 16:26:56,155][flwr][INFO] - configure_evaluate: strategy sampled 25 clients (out of 25)
[2024-06-07 16:26:56,401][flwr][INFO] - aggregate_evaluate: received 25 results and 0 failures
[2024-06-07 16:26:56,402][flwr][INFO] - 
[2024-06-07 16:26:56,403][flwr][INFO] - [ROUND 9]
[2024-06-07 16:26:56,403][flwr][INFO] - configure_fit: strategy sampled 25 clients (out of 25)
[2024-06-07 16:26:56,931][flwr][INFO] - aggregate_fit: received 25 results and 0 failures
[2024-06-07 16:26:56,955][flwr][INFO] - fit progress: (9, tensor(1.7351, dtype=torch.float64), {'mae_loss, mse_loss': (1.2766882324218742, 1.7350954326763735)}, 14.105920399999999)
[2024-06-07 16:26:56,957][flwr][INFO] - configure_evaluate: strategy sampled 25 clients (out of 25)
[2024-06-07 16:26:57,202][flwr][INFO] - aggregate_evaluate: received 25 results and 0 failures
[2024-06-07 16:26:57,203][flwr][INFO] - 
[2024-06-07 16:26:57,203][flwr][INFO] - [ROUND 10]
[2024-06-07 16:26:57,204][flwr][INFO] - configure_fit: strategy sampled 25 clients (out of 25)
[2024-06-07 16:26:57,725][flwr][INFO] - aggregate_fit: received 25 results and 0 failures
[2024-06-07 16:26:57,757][flwr][INFO] - fit progress: (10, tensor(1.2260, dtype=torch.float64), {'mae_loss, mse_loss': (1.0648420715332023, 1.2259784916151535)}, 14.9076774)
[2024-06-07 16:26:57,758][flwr][INFO] - configure_evaluate: strategy sampled 25 clients (out of 25)
[2024-06-07 16:26:58,007][flwr][INFO] - aggregate_evaluate: received 25 results and 0 failures
[2024-06-07 16:26:58,008][flwr][INFO] - 
[2024-06-07 16:26:58,008][flwr][INFO] - [ROUND 11]
[2024-06-07 16:26:58,009][flwr][INFO] - configure_fit: strategy sampled 25 clients (out of 25)
[2024-06-07 16:26:58,546][flwr][INFO] - aggregate_fit: received 25 results and 0 failures
[2024-06-07 16:26:58,568][flwr][INFO] - fit progress: (11, tensor(1.3282, dtype=torch.float64), {'mae_loss, mse_loss': (1.116036071777343, 1.3281635199752622)}, 15.7187993)
[2024-06-07 16:26:58,570][flwr][INFO] - configure_evaluate: strategy sampled 25 clients (out of 25)
[2024-06-07 16:26:58,818][flwr][INFO] - aggregate_evaluate: received 25 results and 0 failures
[2024-06-07 16:26:58,818][flwr][INFO] - 
[2024-06-07 16:26:58,819][flwr][INFO] - [ROUND 12]
[2024-06-07 16:26:58,819][flwr][INFO] - configure_fit: strategy sampled 25 clients (out of 25)
[2024-06-07 16:26:59,337][flwr][INFO] - aggregate_fit: received 25 results and 0 failures
[2024-06-07 16:26:59,366][flwr][INFO] - fit progress: (12, tensor(0.8101, dtype=torch.float64), {'mae_loss, mse_loss': (0.8579489135742179, 0.8101256596108423)}, 16.5161656)
[2024-06-07 16:26:59,367][flwr][INFO] - configure_evaluate: strategy sampled 25 clients (out of 25)
[2024-06-07 16:26:59,624][flwr][INFO] - aggregate_evaluate: received 25 results and 0 failures
[2024-06-07 16:26:59,624][flwr][INFO] - 
[2024-06-07 16:26:59,624][flwr][INFO] - [ROUND 13]
[2024-06-07 16:26:59,625][flwr][INFO] - configure_fit: strategy sampled 25 clients (out of 25)
[2024-06-07 16:27:00,159][flwr][INFO] - aggregate_fit: received 25 results and 0 failures
[2024-06-07 16:27:00,183][flwr][INFO] - fit progress: (13, tensor(1.0480, dtype=torch.float64), {'mae_loss, mse_loss': (0.9907057189941397, 1.0479567226875794)}, 17.3330718)
[2024-06-07 16:27:00,184][flwr][INFO] - configure_evaluate: strategy sampled 25 clients (out of 25)
[2024-06-07 16:27:00,412][flwr][INFO] - aggregate_evaluate: received 25 results and 0 failures
[2024-06-07 16:27:00,412][flwr][INFO] - 
[2024-06-07 16:27:00,413][flwr][INFO] - [ROUND 14]
[2024-06-07 16:27:00,413][flwr][INFO] - configure_fit: strategy sampled 25 clients (out of 25)
[2024-06-07 16:27:00,942][flwr][INFO] - aggregate_fit: received 25 results and 0 failures
[2024-06-07 16:27:00,967][flwr][INFO] - fit progress: (14, tensor(1.2891, dtype=torch.float64), {'mae_loss, mse_loss': (1.106545104980468, 1.2891395424338974)}, 18.1168593)
[2024-06-07 16:27:00,969][flwr][INFO] - configure_evaluate: strategy sampled 25 clients (out of 25)
[2024-06-07 16:27:01,216][flwr][INFO] - aggregate_evaluate: received 25 results and 0 failures
[2024-06-07 16:27:01,217][flwr][INFO] - 
[2024-06-07 16:27:01,218][flwr][INFO] - [ROUND 15]
[2024-06-07 16:27:01,219][flwr][INFO] - configure_fit: strategy sampled 25 clients (out of 25)
[2024-06-07 16:27:01,749][flwr][INFO] - aggregate_fit: received 25 results and 0 failures
[2024-06-07 16:27:01,773][flwr][INFO] - fit progress: (15, tensor(1.1884, dtype=torch.float64), {'mae_loss, mse_loss': (1.061380615234374, 1.1884160357024505)}, 18.9228483)
[2024-06-07 16:27:01,774][flwr][INFO] - configure_evaluate: strategy sampled 25 clients (out of 25)
[2024-06-07 16:27:02,016][flwr][INFO] - aggregate_evaluate: received 25 results and 0 failures
[2024-06-07 16:27:02,017][flwr][INFO] - 
[2024-06-07 16:27:02,017][flwr][INFO] - [ROUND 16]
[2024-06-07 16:27:02,018][flwr][INFO] - configure_fit: strategy sampled 25 clients (out of 25)
[2024-06-07 16:27:02,557][flwr][INFO] - aggregate_fit: received 25 results and 0 failures
[2024-06-07 16:27:02,584][flwr][INFO] - fit progress: (16, tensor(0.8566, dtype=torch.float64), {'mae_loss, mse_loss': (0.892184295654296, 0.8565978167488927)}, 19.734468200000002)
[2024-06-07 16:27:02,586][flwr][INFO] - configure_evaluate: strategy sampled 25 clients (out of 25)
[2024-06-07 16:27:02,846][flwr][INFO] - aggregate_evaluate: received 25 results and 0 failures
[2024-06-07 16:27:02,847][flwr][INFO] - 
[2024-06-07 16:27:02,848][flwr][INFO] - [ROUND 17]
[2024-06-07 16:27:02,849][flwr][INFO] - configure_fit: strategy sampled 25 clients (out of 25)
[2024-06-07 16:27:03,385][flwr][INFO] - aggregate_fit: received 25 results and 0 failures
[2024-06-07 16:27:03,409][flwr][INFO] - fit progress: (17, tensor(0.6285, dtype=torch.float64), {'mae_loss, mse_loss': (0.7544927978515616, 0.6285495097804805)}, 20.558911099999996)
[2024-06-07 16:27:03,410][flwr][INFO] - configure_evaluate: strategy sampled 25 clients (out of 25)
[2024-06-07 16:27:03,655][flwr][INFO] - aggregate_evaluate: received 25 results and 0 failures
[2024-06-07 16:27:03,655][flwr][INFO] - 
[2024-06-07 16:27:03,656][flwr][INFO] - [ROUND 18]
[2024-06-07 16:27:03,656][flwr][INFO] - configure_fit: strategy sampled 25 clients (out of 25)
[2024-06-07 16:27:04,187][flwr][INFO] - aggregate_fit: received 25 results and 0 failures
[2024-06-07 16:27:04,210][flwr][INFO] - fit progress: (18, tensor(0.7830, dtype=torch.float64), {'mae_loss, mse_loss': (0.8519857788085929, 0.7829631790411647)}, 21.3602729)
[2024-06-07 16:27:04,212][flwr][INFO] - configure_evaluate: strategy sampled 25 clients (out of 25)
[2024-06-07 16:27:04,456][flwr][INFO] - aggregate_evaluate: received 25 results and 0 failures
[2024-06-07 16:27:04,457][flwr][INFO] - 
[2024-06-07 16:27:04,457][flwr][INFO] - [ROUND 19]
[2024-06-07 16:27:04,458][flwr][INFO] - configure_fit: strategy sampled 25 clients (out of 25)
[2024-06-07 16:27:04,989][flwr][INFO] - aggregate_fit: received 25 results and 0 failures
[2024-06-07 16:27:05,012][flwr][INFO] - fit progress: (19, tensor(0.6520, dtype=torch.float64), {'mae_loss, mse_loss': (0.7717771911621085, 0.652005983173497)}, 22.161799000000002)
[2024-06-07 16:27:05,014][flwr][INFO] - configure_evaluate: strategy sampled 25 clients (out of 25)
[2024-06-07 16:27:05,266][flwr][INFO] - aggregate_evaluate: received 25 results and 0 failures
[2024-06-07 16:27:05,267][flwr][INFO] - 
[2024-06-07 16:27:05,268][flwr][INFO] - [ROUND 20]
[2024-06-07 16:27:05,268][flwr][INFO] - configure_fit: strategy sampled 25 clients (out of 25)
[2024-06-07 16:27:05,801][flwr][INFO] - aggregate_fit: received 25 results and 0 failures
[2024-06-07 16:27:05,823][flwr][INFO] - fit progress: (20, tensor(0.4678, dtype=torch.float64), {'mae_loss, mse_loss': (0.642147674560546, 0.4678471245899556)}, 22.973771300000003)
[2024-06-07 16:27:05,825][flwr][INFO] - configure_evaluate: strategy sampled 25 clients (out of 25)
[2024-06-07 16:27:06,070][flwr][INFO] - aggregate_evaluate: received 25 results and 0 failures
[2024-06-07 16:27:06,070][flwr][INFO] - 
[2024-06-07 16:27:06,071][flwr][INFO] - [ROUND 21]
[2024-06-07 16:27:06,071][flwr][INFO] - configure_fit: strategy sampled 25 clients (out of 25)
[2024-06-07 16:27:06,604][flwr][INFO] - aggregate_fit: received 25 results and 0 failures
[2024-06-07 16:27:06,628][flwr][INFO] - fit progress: (21, tensor(0.6474, dtype=torch.float64), {'mae_loss, mse_loss': (0.7698133850097648, 0.6474410540229865)}, 23.778034400000003)
[2024-06-07 16:27:06,630][flwr][INFO] - configure_evaluate: strategy sampled 25 clients (out of 25)
[2024-06-07 16:27:06,868][flwr][INFO] - aggregate_evaluate: received 25 results and 0 failures
[2024-06-07 16:27:06,868][flwr][INFO] - 
[2024-06-07 16:27:06,869][flwr][INFO] - [ROUND 22]
[2024-06-07 16:27:06,869][flwr][INFO] - configure_fit: strategy sampled 25 clients (out of 25)
[2024-06-07 16:27:07,394][flwr][INFO] - aggregate_fit: received 25 results and 0 failures
[2024-06-07 16:27:07,418][flwr][INFO] - fit progress: (22, tensor(0.8717, dtype=torch.float64), {'mae_loss, mse_loss': (0.9039099121093741, 0.8717374264015805)}, 24.568093499999996)
[2024-06-07 16:27:07,419][flwr][INFO] - configure_evaluate: strategy sampled 25 clients (out of 25)
[2024-06-07 16:27:07,715][flwr][INFO] - aggregate_evaluate: received 25 results and 0 failures
[2024-06-07 16:27:07,716][flwr][INFO] - 
[2024-06-07 16:27:07,717][flwr][INFO] - [ROUND 23]
[2024-06-07 16:27:07,717][flwr][INFO] - configure_fit: strategy sampled 25 clients (out of 25)
[2024-06-07 16:27:08,278][flwr][INFO] - aggregate_fit: received 25 results and 0 failures
[2024-06-07 16:27:08,300][flwr][INFO] - fit progress: (23, tensor(0.8500, dtype=torch.float64), {'mae_loss, mse_loss': (0.8920027160644523, 0.8500454995086171)}, 25.450328499999998)
[2024-06-07 16:27:08,302][flwr][INFO] - configure_evaluate: strategy sampled 25 clients (out of 25)
[2024-06-07 16:27:08,563][flwr][INFO] - aggregate_evaluate: received 25 results and 0 failures
[2024-06-07 16:27:08,563][flwr][INFO] - 
[2024-06-07 16:27:08,564][flwr][INFO] - [ROUND 24]
[2024-06-07 16:27:08,564][flwr][INFO] - configure_fit: strategy sampled 25 clients (out of 25)
[2024-06-07 16:27:09,085][flwr][INFO] - aggregate_fit: received 25 results and 0 failures
[2024-06-07 16:27:09,107][flwr][INFO] - fit progress: (24, tensor(0.3663, dtype=torch.float64), {'mae_loss, mse_loss': (0.5575239562988272, 0.3662549900220468)}, 26.258254700000002)
[2024-06-07 16:27:09,109][flwr][INFO] - configure_evaluate: strategy sampled 25 clients (out of 25)
[2024-06-07 16:27:09,366][flwr][INFO] - aggregate_evaluate: received 25 results and 0 failures
[2024-06-07 16:27:09,367][flwr][INFO] - 
[2024-06-07 16:27:09,368][flwr][INFO] - [ROUND 25]
[2024-06-07 16:27:09,368][flwr][INFO] - configure_fit: strategy sampled 25 clients (out of 25)
[2024-06-07 16:27:09,931][flwr][INFO] - aggregate_fit: received 25 results and 0 failures
[2024-06-07 16:27:09,954][flwr][INFO] - fit progress: (25, tensor(0.6167, dtype=torch.float64), {'mae_loss, mse_loss': (0.749044647216796, 0.6166997732225563)}, 27.104149899999996)
[2024-06-07 16:27:09,956][flwr][INFO] - configure_evaluate: strategy sampled 25 clients (out of 25)
[2024-06-07 16:27:10,207][flwr][INFO] - aggregate_evaluate: received 25 results and 0 failures
[2024-06-07 16:27:10,208][flwr][INFO] - 
[2024-06-07 16:27:10,208][flwr][INFO] - [ROUND 26]
[2024-06-07 16:27:10,209][flwr][INFO] - configure_fit: strategy sampled 25 clients (out of 25)
[2024-06-07 16:27:10,733][flwr][INFO] - aggregate_fit: received 25 results and 0 failures
[2024-06-07 16:27:10,757][flwr][INFO] - fit progress: (26, tensor(0.4828, dtype=torch.float64), {'mae_loss, mse_loss': (0.6533926391601554, 0.4827861030886408)}, 27.9071887)
[2024-06-07 16:27:10,759][flwr][INFO] - configure_evaluate: strategy sampled 25 clients (out of 25)
[2024-06-07 16:27:11,010][flwr][INFO] - aggregate_evaluate: received 25 results and 0 failures
[2024-06-07 16:27:11,011][flwr][INFO] - 
[2024-06-07 16:27:11,012][flwr][INFO] - [ROUND 27]
[2024-06-07 16:27:11,012][flwr][INFO] - configure_fit: strategy sampled 25 clients (out of 25)
[2024-06-07 16:27:11,545][flwr][INFO] - aggregate_fit: received 25 results and 0 failures
[2024-06-07 16:27:11,567][flwr][INFO] - fit progress: (27, tensor(0.6228, dtype=torch.float64), {'mae_loss, mse_loss': (0.7524252319335929, 0.6228339347718274)}, 28.717456300000002)
[2024-06-07 16:27:11,568][flwr][INFO] - configure_evaluate: strategy sampled 25 clients (out of 25)
[2024-06-07 16:27:11,810][flwr][INFO] - aggregate_evaluate: received 25 results and 0 failures
[2024-06-07 16:27:11,811][flwr][INFO] - 
[2024-06-07 16:27:11,811][flwr][INFO] - [ROUND 28]
[2024-06-07 16:27:11,811][flwr][INFO] - configure_fit: strategy sampled 25 clients (out of 25)
[2024-06-07 16:27:12,338][flwr][INFO] - aggregate_fit: received 25 results and 0 failures
[2024-06-07 16:27:12,364][flwr][INFO] - fit progress: (28, tensor(0.5015, dtype=torch.float64), {'mae_loss, mse_loss': (0.6660520935058585, 0.5014929795117342)}, 29.5144813)
[2024-06-07 16:27:12,366][flwr][INFO] - configure_evaluate: strategy sampled 25 clients (out of 25)
[2024-06-07 16:27:12,620][flwr][INFO] - aggregate_evaluate: received 25 results and 0 failures
[2024-06-07 16:27:12,620][flwr][INFO] - 
[2024-06-07 16:27:12,621][flwr][INFO] - [ROUND 29]
[2024-06-07 16:27:12,621][flwr][INFO] - configure_fit: strategy sampled 25 clients (out of 25)
[2024-06-07 16:27:13,146][flwr][INFO] - aggregate_fit: received 25 results and 0 failures
[2024-06-07 16:27:13,171][flwr][INFO] - fit progress: (29, tensor(0.5171, dtype=torch.float64), {'mae_loss, mse_loss': (0.6777098083496085, 0.517125077840522)}, 30.321610200000002)
[2024-06-07 16:27:13,172][flwr][INFO] - configure_evaluate: strategy sampled 25 clients (out of 25)
[2024-06-07 16:27:13,416][flwr][INFO] - aggregate_evaluate: received 25 results and 0 failures
[2024-06-07 16:27:13,417][flwr][INFO] - 
[2024-06-07 16:27:13,418][flwr][INFO] - [ROUND 30]
[2024-06-07 16:27:13,419][flwr][INFO] - configure_fit: strategy sampled 25 clients (out of 25)
[2024-06-07 16:27:13,965][flwr][INFO] - aggregate_fit: received 25 results and 0 failures
[2024-06-07 16:27:13,989][flwr][INFO] - fit progress: (30, tensor(0.4644, dtype=torch.float64), {'mae_loss, mse_loss': (0.6375440979003898, 0.46442615322919956)}, 31.1399119)
[2024-06-07 16:27:13,991][flwr][INFO] - configure_evaluate: strategy sampled 25 clients (out of 25)
[2024-06-07 16:27:14,244][flwr][INFO] - aggregate_evaluate: received 25 results and 0 failures
[2024-06-07 16:27:14,245][flwr][INFO] - 
[2024-06-07 16:27:14,245][flwr][INFO] - [ROUND 31]
[2024-06-07 16:27:14,246][flwr][INFO] - configure_fit: strategy sampled 25 clients (out of 25)
[2024-06-07 16:27:14,773][flwr][INFO] - aggregate_fit: received 25 results and 0 failures
[2024-06-07 16:27:14,798][flwr][INFO] - fit progress: (31, tensor(0.6220, dtype=torch.float64), {'mae_loss, mse_loss': (0.7504843139648429, 0.6219581925994706)}, 31.9481896)
[2024-06-07 16:27:14,799][flwr][INFO] - configure_evaluate: strategy sampled 25 clients (out of 25)
[2024-06-07 16:27:15,030][flwr][INFO] - aggregate_evaluate: received 25 results and 0 failures
[2024-06-07 16:27:15,031][flwr][INFO] - 
[2024-06-07 16:27:15,031][flwr][INFO] - [ROUND 32]
[2024-06-07 16:27:15,032][flwr][INFO] - configure_fit: strategy sampled 25 clients (out of 25)
[2024-06-07 16:27:15,562][flwr][INFO] - aggregate_fit: received 25 results and 0 failures
[2024-06-07 16:27:15,587][flwr][INFO] - fit progress: (32, tensor(0.4604, dtype=torch.float64), {'mae_loss, mse_loss': (0.6325842285156241, 0.460350650766398)}, 32.7374118)
[2024-06-07 16:27:15,589][flwr][INFO] - configure_evaluate: strategy sampled 25 clients (out of 25)
[2024-06-07 16:27:15,836][flwr][INFO] - aggregate_evaluate: received 25 results and 0 failures
[2024-06-07 16:27:15,836][flwr][INFO] - 
[2024-06-07 16:27:15,837][flwr][INFO] - [ROUND 33]
[2024-06-07 16:27:15,837][flwr][INFO] - configure_fit: strategy sampled 25 clients (out of 25)
[2024-06-07 16:27:16,366][flwr][INFO] - aggregate_fit: received 25 results and 0 failures
[2024-06-07 16:27:16,388][flwr][INFO] - fit progress: (33, tensor(0.4763, dtype=torch.float64), {'mae_loss, mse_loss': (0.6454092407226554, 0.47634781735460197)}, 33.5388752)
[2024-06-07 16:27:16,390][flwr][INFO] - configure_evaluate: strategy sampled 25 clients (out of 25)
[2024-06-07 16:27:16,626][flwr][INFO] - aggregate_evaluate: received 25 results and 0 failures
[2024-06-07 16:27:16,627][flwr][INFO] - 
[2024-06-07 16:27:16,627][flwr][INFO] - [ROUND 34]
[2024-06-07 16:27:16,628][flwr][INFO] - configure_fit: strategy sampled 25 clients (out of 25)
[2024-06-07 16:27:17,155][flwr][INFO] - aggregate_fit: received 25 results and 0 failures
[2024-06-07 16:27:17,180][flwr][INFO] - fit progress: (34, tensor(0.5620, dtype=torch.float64), {'mae_loss, mse_loss': (0.7078894042968742, 0.5620121154594226)}, 34.3299909)
[2024-06-07 16:27:17,182][flwr][INFO] - configure_evaluate: strategy sampled 25 clients (out of 25)
[2024-06-07 16:27:17,427][flwr][INFO] - aggregate_evaluate: received 25 results and 0 failures
[2024-06-07 16:27:17,428][flwr][INFO] - 
[2024-06-07 16:27:17,429][flwr][INFO] - [ROUND 35]
[2024-06-07 16:27:17,430][flwr][INFO] - configure_fit: strategy sampled 25 clients (out of 25)
[2024-06-07 16:27:17,957][flwr][INFO] - aggregate_fit: received 25 results and 0 failures
[2024-06-07 16:27:17,984][flwr][INFO] - fit progress: (35, tensor(0.4447, dtype=torch.float64), {'mae_loss, mse_loss': (0.6173010253906241, 0.4447161812798578)}, 35.1343131)
[2024-06-07 16:27:17,985][flwr][INFO] - configure_evaluate: strategy sampled 25 clients (out of 25)
[2024-06-07 16:27:18,232][flwr][INFO] - aggregate_evaluate: received 25 results and 0 failures
[2024-06-07 16:27:18,233][flwr][INFO] - 
[2024-06-07 16:27:18,233][flwr][INFO] - [ROUND 36]
[2024-06-07 16:27:18,234][flwr][INFO] - configure_fit: strategy sampled 25 clients (out of 25)
[2024-06-07 16:27:18,769][flwr][INFO] - aggregate_fit: received 25 results and 0 failures
[2024-06-07 16:27:18,792][flwr][INFO] - fit progress: (36, tensor(0.4070, dtype=torch.float64), {'mae_loss, mse_loss': (0.5836012268066397, 0.40698728233261433)}, 35.9423071)
[2024-06-07 16:27:18,794][flwr][INFO] - configure_evaluate: strategy sampled 25 clients (out of 25)
[2024-06-07 16:27:19,048][flwr][INFO] - aggregate_evaluate: received 25 results and 0 failures
[2024-06-07 16:27:19,049][flwr][INFO] - 
[2024-06-07 16:27:19,050][flwr][INFO] - [ROUND 37]
[2024-06-07 16:27:19,051][flwr][INFO] - configure_fit: strategy sampled 25 clients (out of 25)
[2024-06-07 16:27:19,644][flwr][INFO] - aggregate_fit: received 25 results and 0 failures
[2024-06-07 16:27:19,668][flwr][INFO] - fit progress: (37, tensor(0.5774, dtype=torch.float64), {'mae_loss, mse_loss': (0.7136801147460929, 0.5774423832106395)}, 36.8186593)
[2024-06-07 16:27:19,669][flwr][INFO] - configure_evaluate: strategy sampled 25 clients (out of 25)
[2024-06-07 16:27:19,918][flwr][INFO] - aggregate_evaluate: received 25 results and 0 failures
[2024-06-07 16:27:19,919][flwr][INFO] - 
[2024-06-07 16:27:19,919][flwr][INFO] - [ROUND 38]
[2024-06-07 16:27:19,920][flwr][INFO] - configure_fit: strategy sampled 25 clients (out of 25)
[2024-06-07 16:27:20,444][flwr][INFO] - aggregate_fit: received 25 results and 0 failures
[2024-06-07 16:27:20,468][flwr][INFO] - fit progress: (38, tensor(0.5323, dtype=torch.float64), {'mae_loss, mse_loss': (0.6797056579589835, 0.5323086596528294)}, 37.618848)
[2024-06-07 16:27:20,469][flwr][INFO] - configure_evaluate: strategy sampled 25 clients (out of 25)
[2024-06-07 16:27:20,717][flwr][INFO] - aggregate_evaluate: received 25 results and 0 failures
[2024-06-07 16:27:20,718][flwr][INFO] - 
[2024-06-07 16:27:20,719][flwr][INFO] - [ROUND 39]
[2024-06-07 16:27:20,719][flwr][INFO] - configure_fit: strategy sampled 25 clients (out of 25)
[2024-06-07 16:27:21,245][flwr][INFO] - aggregate_fit: received 25 results and 0 failures
[2024-06-07 16:27:21,268][flwr][INFO] - fit progress: (39, tensor(0.5860, dtype=torch.float64), {'mae_loss, mse_loss': (0.7170210266113273, 0.585951099956058)}, 38.4189113)
[2024-06-07 16:27:21,270][flwr][INFO] - configure_evaluate: strategy sampled 25 clients (out of 25)
[2024-06-07 16:27:21,501][flwr][INFO] - aggregate_evaluate: received 25 results and 0 failures
[2024-06-07 16:27:21,502][flwr][INFO] - 
[2024-06-07 16:27:21,502][flwr][INFO] - [ROUND 40]
[2024-06-07 16:27:21,503][flwr][INFO] - configure_fit: strategy sampled 25 clients (out of 25)
[2024-06-07 16:27:22,037][flwr][INFO] - aggregate_fit: received 25 results and 0 failures
[2024-06-07 16:27:22,061][flwr][INFO] - fit progress: (40, tensor(0.5775, dtype=torch.float64), {'mae_loss, mse_loss': (0.7100546264648429, 0.5774627077402539)}, 39.211901499999996)
[2024-06-07 16:27:22,063][flwr][INFO] - configure_evaluate: strategy sampled 25 clients (out of 25)
[2024-06-07 16:27:22,308][flwr][INFO] - aggregate_evaluate: received 25 results and 0 failures
[2024-06-07 16:27:22,308][flwr][INFO] - 
[2024-06-07 16:27:22,309][flwr][INFO] - [ROUND 41]
[2024-06-07 16:27:22,309][flwr][INFO] - configure_fit: strategy sampled 25 clients (out of 25)
[2024-06-07 16:27:22,829][flwr][INFO] - aggregate_fit: received 25 results and 0 failures
[2024-06-07 16:27:22,853][flwr][INFO] - fit progress: (41, tensor(0.5475, dtype=torch.float64), {'mae_loss, mse_loss': (0.6865469360351554, 0.5474893514425485)}, 40.0036735)
[2024-06-07 16:27:22,855][flwr][INFO] - configure_evaluate: strategy sampled 25 clients (out of 25)
[2024-06-07 16:27:23,101][flwr][INFO] - aggregate_evaluate: received 25 results and 0 failures
[2024-06-07 16:27:23,101][flwr][INFO] - 
[2024-06-07 16:27:23,102][flwr][INFO] - [ROUND 42]
[2024-06-07 16:27:23,103][flwr][INFO] - configure_fit: strategy sampled 25 clients (out of 25)
[2024-06-07 16:27:23,642][flwr][INFO] - aggregate_fit: received 25 results and 0 failures
[2024-06-07 16:27:23,665][flwr][INFO] - fit progress: (42, tensor(0.6257, dtype=torch.float64), {'mae_loss, mse_loss': (0.740243377685546, 0.6257364034388437)}, 40.8154511)
[2024-06-07 16:27:23,666][flwr][INFO] - configure_evaluate: strategy sampled 25 clients (out of 25)
[2024-06-07 16:27:23,909][flwr][INFO] - aggregate_evaluate: received 25 results and 0 failures
[2024-06-07 16:27:23,909][flwr][INFO] - 
[2024-06-07 16:27:23,910][flwr][INFO] - [ROUND 43]
[2024-06-07 16:27:23,910][flwr][INFO] - configure_fit: strategy sampled 25 clients (out of 25)
[2024-06-07 16:27:24,434][flwr][INFO] - aggregate_fit: received 25 results and 0 failures
[2024-06-07 16:27:24,459][flwr][INFO] - fit progress: (43, tensor(0.4014, dtype=torch.float64), {'mae_loss, mse_loss': (0.5639028930664054, 0.4013704073613038)}, 41.6097449)
[2024-06-07 16:27:24,461][flwr][INFO] - configure_evaluate: strategy sampled 25 clients (out of 25)
[2024-06-07 16:27:24,713][flwr][INFO] - aggregate_evaluate: received 25 results and 0 failures
[2024-06-07 16:27:24,714][flwr][INFO] - 
[2024-06-07 16:27:24,714][flwr][INFO] - [ROUND 44]
[2024-06-07 16:27:24,715][flwr][INFO] - configure_fit: strategy sampled 25 clients (out of 25)
[2024-06-07 16:27:25,235][flwr][INFO] - aggregate_fit: received 25 results and 0 failures
[2024-06-07 16:27:25,264][flwr][INFO] - fit progress: (44, tensor(0.5091, dtype=torch.float64), {'mae_loss, mse_loss': (0.6492506408691398, 0.5091358749641797)}, 42.4142772)
[2024-06-07 16:27:25,266][flwr][INFO] - configure_evaluate: strategy sampled 25 clients (out of 25)
[2024-06-07 16:27:25,504][flwr][INFO] - aggregate_evaluate: received 25 results and 0 failures
[2024-06-07 16:27:25,504][flwr][INFO] - 
[2024-06-07 16:27:25,505][flwr][INFO] - [ROUND 45]
[2024-06-07 16:27:25,506][flwr][INFO] - configure_fit: strategy sampled 25 clients (out of 25)
[2024-06-07 16:27:26,039][flwr][INFO] - aggregate_fit: received 25 results and 0 failures
[2024-06-07 16:27:26,062][flwr][INFO] - fit progress: (45, tensor(0.6005, dtype=torch.float64), {'mae_loss, mse_loss': (0.7107771301269523, 0.600480799870914)}, 43.2127755)
[2024-06-07 16:27:26,064][flwr][INFO] - configure_evaluate: strategy sampled 25 clients (out of 25)
[2024-06-07 16:27:26,303][flwr][INFO] - aggregate_evaluate: received 25 results and 0 failures
[2024-06-07 16:27:26,304][flwr][INFO] - 
[2024-06-07 16:27:26,304][flwr][INFO] - [ROUND 46]
[2024-06-07 16:27:26,305][flwr][INFO] - configure_fit: strategy sampled 25 clients (out of 25)
[2024-06-07 16:27:26,842][flwr][INFO] - aggregate_fit: received 25 results and 0 failures
[2024-06-07 16:27:26,868][flwr][INFO] - fit progress: (46, tensor(0.6105, dtype=torch.float64), {'mae_loss, mse_loss': (0.7128141784667961, 0.6104859767426961)}, 44.0184983)
[2024-06-07 16:27:26,870][flwr][INFO] - configure_evaluate: strategy sampled 25 clients (out of 25)
[2024-06-07 16:27:27,106][flwr][INFO] - aggregate_evaluate: received 25 results and 0 failures
[2024-06-07 16:27:27,107][flwr][INFO] - 
[2024-06-07 16:27:27,108][flwr][INFO] - [ROUND 47]
[2024-06-07 16:27:27,108][flwr][INFO] - configure_fit: strategy sampled 25 clients (out of 25)
[2024-06-07 16:27:27,642][flwr][INFO] - aggregate_fit: received 25 results and 0 failures
[2024-06-07 16:27:27,664][flwr][INFO] - fit progress: (47, tensor(0.6508, dtype=torch.float64), {'mae_loss, mse_loss': (0.7363577270507804, 0.650788747208192)}, 44.8149669)
[2024-06-07 16:27:27,666][flwr][INFO] - configure_evaluate: strategy sampled 25 clients (out of 25)
[2024-06-07 16:27:27,910][flwr][INFO] - aggregate_evaluate: received 25 results and 0 failures
[2024-06-07 16:27:27,910][flwr][INFO] - 
[2024-06-07 16:27:27,911][flwr][INFO] - [ROUND 48]
[2024-06-07 16:27:27,912][flwr][INFO] - configure_fit: strategy sampled 25 clients (out of 25)
[2024-06-07 16:27:28,438][flwr][INFO] - aggregate_fit: received 25 results and 0 failures
[2024-06-07 16:27:28,462][flwr][INFO] - fit progress: (48, tensor(0.5756, dtype=torch.float64), {'mae_loss, mse_loss': (0.6751852416992179, 0.5756228292032604)}, 45.6127739)
[2024-06-07 16:27:28,464][flwr][INFO] - configure_evaluate: strategy sampled 25 clients (out of 25)
[2024-06-07 16:27:28,713][flwr][INFO] - aggregate_evaluate: received 25 results and 0 failures
[2024-06-07 16:27:28,714][flwr][INFO] - 
[2024-06-07 16:27:28,714][flwr][INFO] - [ROUND 49]
[2024-06-07 16:27:28,715][flwr][INFO] - configure_fit: strategy sampled 25 clients (out of 25)
[2024-06-07 16:27:29,238][flwr][INFO] - aggregate_fit: received 25 results and 0 failures
[2024-06-07 16:27:29,262][flwr][INFO] - fit progress: (49, tensor(0.4686, dtype=torch.float64), {'mae_loss, mse_loss': (0.6240849304199216, 0.46857860388269135)}, 46.4130022)
[2024-06-07 16:27:29,264][flwr][INFO] - configure_evaluate: strategy sampled 25 clients (out of 25)
[2024-06-07 16:27:29,513][flwr][INFO] - aggregate_evaluate: received 25 results and 0 failures
[2024-06-07 16:27:29,513][flwr][INFO] - 
[2024-06-07 16:27:29,514][flwr][INFO] - [ROUND 50]
[2024-06-07 16:27:29,514][flwr][INFO] - configure_fit: strategy sampled 25 clients (out of 25)
[2024-06-07 16:27:30,060][flwr][INFO] - aggregate_fit: received 25 results and 0 failures
[2024-06-07 16:27:30,084][flwr][INFO] - fit progress: (50, tensor(0.3418, dtype=torch.float64), {'mae_loss, mse_loss': (0.5642529296874997, 0.3417795480319765)}, 47.2340846)
[2024-06-07 16:27:30,086][flwr][INFO] - configure_evaluate: strategy sampled 25 clients (out of 25)
[2024-06-07 16:27:30,332][flwr][INFO] - aggregate_evaluate: received 25 results and 0 failures
[2024-06-07 16:27:30,333][flwr][INFO] - 
[2024-06-07 16:27:30,333][flwr][INFO] - [SUMMARY]
[2024-06-07 16:27:30,333][flwr][INFO] - Run finished 50 rounds in 47.48s
[2024-06-07 16:27:30,336][flwr][INFO] - History (loss, distributed):
[2024-06-07 16:27:30,336][flwr][INFO] - 	('\tround 1: 33.57034360609307\n'
[2024-06-07 16:27:30,336][flwr][INFO] - 	 '\tround 2: 23.97876414047196\n'
[2024-06-07 16:27:30,337][flwr][INFO] - 	 '\tround 3: 17.916840508277748\n'
[2024-06-07 16:27:30,337][flwr][INFO] - 	 '\tround 4: 13.56729316619316\n'
[2024-06-07 16:27:30,338][flwr][INFO] - 	 '\tround 5: 10.168463650314466\n'
[2024-06-07 16:27:30,338][flwr][INFO] - 	 '\tround 6: 8.123307353450187\n'
[2024-06-07 16:27:30,339][flwr][INFO] - 	 '\tround 7: 6.7745643679496546\n'
[2024-06-07 16:27:30,339][flwr][INFO] - 	 '\tround 8: 5.305470888744713\n'
[2024-06-07 16:27:30,340][flwr][INFO] - 	 '\tround 9: 4.752698199487939\n'
[2024-06-07 16:27:30,340][flwr][INFO] - 	 '\tround 10: 4.3769328014133615\n'
[2024-06-07 16:27:30,341][flwr][INFO] - 	 '\tround 11: 3.858548298888287\n'
[2024-06-07 16:27:30,341][flwr][INFO] - 	 '\tround 12: 3.8679883455319266\n'
[2024-06-07 16:27:30,342][flwr][INFO] - 	 '\tround 13: 3.4655736442766916\n'
[2024-06-07 16:27:30,342][flwr][INFO] - 	 '\tround 14: 3.151493882660067\n'
[2024-06-07 16:27:30,342][flwr][INFO] - 	 '\tround 15: 2.9912528811877994\n'
[2024-06-07 16:27:30,343][flwr][INFO] - 	 '\tround 16: 3.014224227919347\n'
[2024-06-07 16:27:30,343][flwr][INFO] - 	 '\tround 17: 3.030665522783627\n'
[2024-06-07 16:27:30,344][flwr][INFO] - 	 '\tround 18: 2.7120892402279706\n'
[2024-06-07 16:27:30,344][flwr][INFO] - 	 '\tround 19: 2.683791802903439\n'
[2024-06-07 16:27:30,345][flwr][INFO] - 	 '\tround 20: 2.7406624173820124\n'
[2024-06-07 16:27:30,345][flwr][INFO] - 	 '\tround 21: 2.4740911122649787\n'
[2024-06-07 16:27:30,346][flwr][INFO] - 	 '\tround 22: 2.2917400361412485\n'
[2024-06-07 16:27:30,346][flwr][INFO] - 	 '\tround 23: 2.1828789421544808\n'
[2024-06-07 16:27:30,347][flwr][INFO] - 	 '\tround 24: 2.4744946773830154\n'
[2024-06-07 16:27:30,347][flwr][INFO] - 	 '\tround 25: 2.175507250635971\n'
[2024-06-07 16:27:30,347][flwr][INFO] - 	 '\tround 26: 2.2382811032465537\n'
[2024-06-07 16:27:30,348][flwr][INFO] - 	 '\tround 27: 2.0811628995966567\n'
[2024-06-07 16:27:30,348][flwr][INFO] - 	 '\tround 28: 2.1513739350989685\n'
[2024-06-07 16:27:30,349][flwr][INFO] - 	 '\tround 29: 2.0774136746022838\n'
[2024-06-07 16:27:30,349][flwr][INFO] - 	 '\tround 30: 2.0784088262892313\n'
[2024-06-07 16:27:30,349][flwr][INFO] - 	 '\tround 31: 1.912718165991233\n'
[2024-06-07 16:27:30,350][flwr][INFO] - 	 '\tround 32: 2.004614242289447\n'
[2024-06-07 16:27:30,350][flwr][INFO] - 	 '\tround 33: 1.942005047216155\n'
[2024-06-07 16:27:30,350][flwr][INFO] - 	 '\tround 34: 1.842268802558251\n'
[2024-06-07 16:27:30,351][flwr][INFO] - 	 '\tround 35: 1.8782715746866991\n'
[2024-06-07 16:27:30,351][flwr][INFO] - 	 '\tround 36: 1.8957717412092423\n'
[2024-06-07 16:27:30,351][flwr][INFO] - 	 '\tround 37: 1.7548008749974005\n'
[2024-06-07 16:27:30,352][flwr][INFO] - 	 '\tround 38: 1.7573133207832277\n'
[2024-06-07 16:27:30,352][flwr][INFO] - 	 '\tround 39: 1.7072704630690325\n'
[2024-06-07 16:27:30,352][flwr][INFO] - 	 '\tround 40: 1.6712895327122517\n'
[2024-06-07 16:27:30,353][flwr][INFO] - 	 '\tround 41: 1.6620265674510606\n'
[2024-06-07 16:27:30,353][flwr][INFO] - 	 '\tround 42: 1.6358518893375102\n'
[2024-06-07 16:27:30,354][flwr][INFO] - 	 '\tround 43: 1.8433451032006116\n'
[2024-06-07 16:27:30,354][flwr][INFO] - 	 '\tround 44: 1.7937536764738777\n'
[2024-06-07 16:27:30,354][flwr][INFO] - 	 '\tround 45: 1.8320382453111284\n'
[2024-06-07 16:27:30,355][flwr][INFO] - 	 '\tround 46: 1.8707474513367095\n'
[2024-06-07 16:27:30,355][flwr][INFO] - 	 '\tround 47: 1.9400499807505156\n'
[2024-06-07 16:27:30,355][flwr][INFO] - 	 '\tround 48: 2.2292050142373707\n'
[2024-06-07 16:27:30,356][flwr][INFO] - 	 '\tround 49: 2.5887257758029265\n'
[2024-06-07 16:27:30,356][flwr][INFO] - 	 '\tround 50: 4.50186567882466\n')History (loss, centralized):
[2024-06-07 16:27:30,356][flwr][INFO] - 	('\tround 0: 28.919720291057956\n'
[2024-06-07 16:27:30,357][flwr][INFO] - 	 '\tround 1: 5.510013353341838\n'
[2024-06-07 16:27:30,357][flwr][INFO] - 	 '\tround 2: 13.353375585866505\n'
[2024-06-07 16:27:30,357][flwr][INFO] - 	 '\tround 3: 6.534687824702469\n'
[2024-06-07 16:27:30,358][flwr][INFO] - 	 '\tround 4: 4.17904842002352\n'
[2024-06-07 16:27:30,358][flwr][INFO] - 	 '\tround 5: 3.0179590237702922\n'
[2024-06-07 16:27:30,358][flwr][INFO] - 	 '\tround 6: 2.4473832236222206\n'
[2024-06-07 16:27:30,359][flwr][INFO] - 	 '\tround 7: 1.7774706349676692\n'
[2024-06-07 16:27:30,359][flwr][INFO] - 	 '\tround 8: 2.2012733153629798\n'
[2024-06-07 16:27:30,360][flwr][INFO] - 	 '\tround 9: 1.7350954326763735\n'
[2024-06-07 16:27:30,360][flwr][INFO] - 	 '\tround 10: 1.2259784916151535\n'
[2024-06-07 16:27:30,360][flwr][INFO] - 	 '\tround 11: 1.3281635199752622\n'
[2024-06-07 16:27:30,361][flwr][INFO] - 	 '\tround 12: 0.8101256596108423\n'
[2024-06-07 16:27:30,361][flwr][INFO] - 	 '\tround 13: 1.0479567226875794\n'
[2024-06-07 16:27:30,362][flwr][INFO] - 	 '\tround 14: 1.2891395424338974\n'
[2024-06-07 16:27:30,362][flwr][INFO] - 	 '\tround 15: 1.1884160357024505\n'
[2024-06-07 16:27:30,362][flwr][INFO] - 	 '\tround 16: 0.8565978167488927\n'
[2024-06-07 16:27:30,363][flwr][INFO] - 	 '\tround 17: 0.6285495097804805\n'
[2024-06-07 16:27:30,364][flwr][INFO] - 	 '\tround 18: 0.7829631790411647\n'
[2024-06-07 16:27:30,364][flwr][INFO] - 	 '\tround 19: 0.652005983173497\n'
[2024-06-07 16:27:30,364][flwr][INFO] - 	 '\tround 20: 0.4678471245899556\n'
[2024-06-07 16:27:30,365][flwr][INFO] - 	 '\tround 21: 0.6474410540229865\n'
[2024-06-07 16:27:30,365][flwr][INFO] - 	 '\tround 22: 0.8717374264015803\n'
[2024-06-07 16:27:30,365][flwr][INFO] - 	 '\tround 23: 0.8500454995086171\n'
[2024-06-07 16:27:30,366][flwr][INFO] - 	 '\tround 24: 0.3662549900220468\n'
[2024-06-07 16:27:30,366][flwr][INFO] - 	 '\tround 25: 0.6166997732225563\n'
[2024-06-07 16:27:30,366][flwr][INFO] - 	 '\tround 26: 0.4827861030886408\n'
[2024-06-07 16:27:30,367][flwr][INFO] - 	 '\tround 27: 0.6228339347718274\n'
[2024-06-07 16:27:30,367][flwr][INFO] - 	 '\tround 28: 0.5014929795117342\n'
[2024-06-07 16:27:30,368][flwr][INFO] - 	 '\tround 29: 0.517125077840522\n'
[2024-06-07 16:27:30,368][flwr][INFO] - 	 '\tround 30: 0.46442615322919956\n'
[2024-06-07 16:27:30,368][flwr][INFO] - 	 '\tround 31: 0.6219581925994707\n'
[2024-06-07 16:27:30,369][flwr][INFO] - 	 '\tround 32: 0.460350650766398\n'
[2024-06-07 16:27:30,369][flwr][INFO] - 	 '\tround 33: 0.47634781735460197\n'
[2024-06-07 16:27:30,370][flwr][INFO] - 	 '\tround 34: 0.5620121154594226\n'
[2024-06-07 16:27:30,370][flwr][INFO] - 	 '\tround 35: 0.4447161812798578\n'
[2024-06-07 16:27:30,371][flwr][INFO] - 	 '\tround 36: 0.40698728233261433\n'
[2024-06-07 16:27:30,371][flwr][INFO] - 	 '\tround 37: 0.5774423832106396\n'
[2024-06-07 16:27:30,371][flwr][INFO] - 	 '\tround 38: 0.5323086596528294\n'
[2024-06-07 16:27:30,372][flwr][INFO] - 	 '\tround 39: 0.585951099956058\n'
[2024-06-07 16:27:30,372][flwr][INFO] - 	 '\tround 40: 0.5774627077402539\n'
[2024-06-07 16:27:30,373][flwr][INFO] - 	 '\tround 41: 0.5474893514425485\n'
[2024-06-07 16:27:30,373][flwr][INFO] - 	 '\tround 42: 0.6257364034388437\n'
[2024-06-07 16:27:30,373][flwr][INFO] - 	 '\tround 43: 0.4013704073613038\n'
[2024-06-07 16:27:30,374][flwr][INFO] - 	 '\tround 44: 0.5091358749641797\n'
[2024-06-07 16:27:30,374][flwr][INFO] - 	 '\tround 45: 0.600480799870914\n'
[2024-06-07 16:27:30,375][flwr][INFO] - 	 '\tround 46: 0.6104859767426961\n'
[2024-06-07 16:27:30,375][flwr][INFO] - 	 '\tround 47: 0.650788747208192\n'
[2024-06-07 16:27:30,375][flwr][INFO] - 	 '\tround 48: 0.5756228292032604\n'
[2024-06-07 16:27:30,376][flwr][INFO] - 	 '\tround 49: 0.46857860388269124\n'
[2024-06-07 16:27:30,376][flwr][INFO] - 	 '\tround 50: 0.3417795480319765\n')History (metrics, centralized):
[2024-06-07 16:27:30,376][flwr][INFO] - 	{'mae_loss, mse_loss': [(0, (5.32208724975586, 28.919720291057956)),
[2024-06-07 16:27:30,377][flwr][INFO] - 	                        (1, (2.275041046142577, 5.510013353341838)),
[2024-06-07 16:27:30,377][flwr][INFO] - 	                        (2, (3.5744810485839835, 13.353375585866505)),
[2024-06-07 16:27:30,378][flwr][INFO] - 	                        (3, (2.4742185974121087, 6.534687824702469)),
[2024-06-07 16:27:30,379][flwr][INFO] - 	                        (4, (1.969705047607421, 4.17904842002352)),
[2024-06-07 16:27:30,379][flwr][INFO] - 	                        (5, (1.672982635498046, 3.0179590237702922)),
[2024-06-07 16:27:30,379][flwr][INFO] - 	                        (6, (1.5070539855957024, 2.4473832236222206)),
[2024-06-07 16:27:30,380][flwr][INFO] - 	                        (7, (1.278402557373046, 1.7774706349676692)),
[2024-06-07 16:27:30,380][flwr][INFO] - 	                        (8, (1.4427427673339834, 2.2012733153629798)),
[2024-06-07 16:27:30,381][flwr][INFO] - 	                        (9, (1.2766882324218742, 1.7350954326763735)),
[2024-06-07 16:27:30,381][flwr][INFO] - 	                        (10, (1.0648420715332023, 1.2259784916151535)),
[2024-06-07 16:27:30,381][flwr][INFO] - 	                        (11, (1.116036071777343, 1.3281635199752622)),
[2024-06-07 16:27:30,382][flwr][INFO] - 	                        (12, (0.8579489135742179, 0.8101256596108423)),
[2024-06-07 16:27:30,382][flwr][INFO] - 	                        (13, (0.9907057189941397, 1.0479567226875794)),
[2024-06-07 16:27:30,382][flwr][INFO] - 	                        (14, (1.106545104980468, 1.2891395424338974)),
[2024-06-07 16:27:30,383][flwr][INFO] - 	                        (15, (1.061380615234374, 1.1884160357024505)),
[2024-06-07 16:27:30,383][flwr][INFO] - 	                        (16, (0.892184295654296, 0.8565978167488927)),
[2024-06-07 16:27:30,383][flwr][INFO] - 	                        (17, (0.7544927978515616, 0.6285495097804805)),
[2024-06-07 16:27:30,384][flwr][INFO] - 	                        (18, (0.8519857788085929, 0.7829631790411647)),
[2024-06-07 16:27:30,384][flwr][INFO] - 	                        (19, (0.7717771911621085, 0.652005983173497)),
[2024-06-07 16:27:30,384][flwr][INFO] - 	                        (20, (0.642147674560546, 0.4678471245899556)),
[2024-06-07 16:27:30,385][flwr][INFO] - 	                        (21, (0.7698133850097648, 0.6474410540229865)),
[2024-06-07 16:27:30,385][flwr][INFO] - 	                        (22, (0.9039099121093741, 0.8717374264015805)),
[2024-06-07 16:27:30,386][flwr][INFO] - 	                        (23, (0.8920027160644523, 0.8500454995086171)),
[2024-06-07 16:27:30,386][flwr][INFO] - 	                        (24, (0.5575239562988272, 0.3662549900220468)),
[2024-06-07 16:27:30,386][flwr][INFO] - 	                        (25, (0.749044647216796, 0.6166997732225563)),
[2024-06-07 16:27:30,387][flwr][INFO] - 	                        (26, (0.6533926391601554, 0.4827861030886408)),
[2024-06-07 16:27:30,387][flwr][INFO] - 	                        (27, (0.7524252319335929, 0.6228339347718274)),
[2024-06-07 16:27:30,387][flwr][INFO] - 	                        (28, (0.6660520935058585, 0.5014929795117342)),
[2024-06-07 16:27:30,388][flwr][INFO] - 	                        (29, (0.6777098083496085, 0.517125077840522)),
[2024-06-07 16:27:30,388][flwr][INFO] - 	                        (30, (0.6375440979003898, 0.46442615322919956)),
[2024-06-07 16:27:30,388][flwr][INFO] - 	                        (31, (0.7504843139648429, 0.6219581925994706)),
[2024-06-07 16:27:30,389][flwr][INFO] - 	                        (32, (0.6325842285156241, 0.460350650766398)),
[2024-06-07 16:27:30,389][flwr][INFO] - 	                        (33, (0.6454092407226554, 0.47634781735460197)),
[2024-06-07 16:27:30,389][flwr][INFO] - 	                        (34, (0.7078894042968742, 0.5620121154594226)),
[2024-06-07 16:27:30,390][flwr][INFO] - 	                        (35, (0.6173010253906241, 0.4447161812798578)),
[2024-06-07 16:27:30,390][flwr][INFO] - 	                        (36, (0.5836012268066397, 0.40698728233261433)),
[2024-06-07 16:27:30,391][flwr][INFO] - 	                        (37, (0.7136801147460929, 0.5774423832106395)),
[2024-06-07 16:27:30,391][flwr][INFO] - 	                        (38, (0.6797056579589835, 0.5323086596528294)),
[2024-06-07 16:27:30,391][flwr][INFO] - 	                        (39, (0.7170210266113273, 0.585951099956058)),
[2024-06-07 16:27:30,392][flwr][INFO] - 	                        (40, (0.7100546264648429, 0.5774627077402539)),
[2024-06-07 16:27:30,392][flwr][INFO] - 	                        (41, (0.6865469360351554, 0.5474893514425485)),
[2024-06-07 16:27:30,392][flwr][INFO] - 	                        (42, (0.740243377685546, 0.6257364034388437)),
[2024-06-07 16:27:30,393][flwr][INFO] - 	                        (43, (0.5639028930664054, 0.4013704073613038)),
[2024-06-07 16:27:30,393][flwr][INFO] - 	                        (44, (0.6492506408691398, 0.5091358749641797)),
[2024-06-07 16:27:30,394][flwr][INFO] - 	                        (45, (0.7107771301269523, 0.600480799870914)),
[2024-06-07 16:27:30,394][flwr][INFO] - 	                        (46, (0.7128141784667961, 0.6104859767426961)),
[2024-06-07 16:27:30,394][flwr][INFO] - 	                        (47, (0.7363577270507804, 0.650788747208192)),
[2024-06-07 16:27:30,395][flwr][INFO] - 	                        (48, (0.6751852416992179, 0.5756228292032604)),
[2024-06-07 16:27:30,395][flwr][INFO] - 	                        (49, (0.6240849304199216, 0.46857860388269135)),
[2024-06-07 16:27:30,396][flwr][INFO] - 	                        (50, (0.5642529296874997, 0.3417795480319765))]}
[2024-06-07 16:27:30,396][flwr][INFO] - 
