[2024-06-11 23:17:19,444][flwr][INFO] - Starting Flower simulation, config: num_rounds=50, no round_timeout
[2024-06-11 23:17:24,626][flwr][INFO] - Flower VCE: Ray initialized with resources: {'node:127.0.0.1': 1.0, 'object_store_memory': 7001769984.0, 'memory': 14003539968.0, 'CPU': 8.0, 'node:__internal_head__': 1.0}
[2024-06-11 23:17:24,626][flwr][INFO] - Optimize your simulation with Flower VCE: https://flower.ai/docs/framework/how-to-run-simulations.html
[2024-06-11 23:17:24,626][flwr][INFO] - Flower VCE: Resources for each Virtual Client: {'num_cpus': 1, 'num_gpus': 0.0}
[2024-06-11 23:17:24,626][flwr][INFO] - Flower VCE: Creating VirtualClientEngineActorPool with 8 actors
[2024-06-11 23:17:24,626][flwr][INFO] - [INIT]
[2024-06-11 23:17:24,641][flwr][INFO] - Requesting initial parameters from one random client
[2024-06-11 23:17:29,928][flwr][INFO] - Received initial parameters from one random client
[2024-06-11 23:17:29,929][flwr][INFO] - Evaluating initial global parameters
[2024-06-11 23:17:29,937][flwr][INFO] - initial parameters (loss, other metrics): tensor(1384.8491, dtype=torch.float64), {'mae_loss, mse_loss': (37.18470817565918, 1384.849095347857)}
[2024-06-11 23:17:29,939][flwr][INFO] - 
[2024-06-11 23:17:29,940][flwr][INFO] - [ROUND 1]
[2024-06-11 23:17:29,941][flwr][INFO] - configure_fit: strategy sampled 25 clients (out of 25)
[2024-06-11 23:17:38,742][flwr][INFO] - aggregate_fit: received 25 results and 0 failures
[2024-06-11 23:17:38,765][flwr][WARNING] - No fit_metrics_aggregation_fn provided
[2024-06-11 23:17:38,765][flwr][INFO] - fit progress: (1, tensor(0.7173, dtype=torch.float64), {'mae_loss, mse_loss': (0.8417230224609383, 0.7173435050095447)}, 8.833929)
[2024-06-11 23:17:38,775][flwr][INFO] - configure_evaluate: strategy sampled 25 clients (out of 25)
[2024-06-11 23:17:39,063][flwr][INFO] - aggregate_evaluate: received 25 results and 0 failures
[2024-06-11 23:17:39,063][flwr][WARNING] - No evaluate_metrics_aggregation_fn provided
[2024-06-11 23:17:39,063][flwr][INFO] - 
[2024-06-11 23:17:39,063][flwr][INFO] - [ROUND 2]
[2024-06-11 23:17:39,063][flwr][INFO] - configure_fit: strategy sampled 25 clients (out of 25)
[2024-06-11 23:17:40,459][flwr][INFO] - aggregate_fit: received 25 results and 0 failures
[2024-06-11 23:17:40,487][flwr][INFO] - fit progress: (2, tensor(1.3898, dtype=torch.float64), {'mae_loss, mse_loss': (0.9401330566406259, 1.389813954503977)}, 10.5490984)
[2024-06-11 23:17:40,487][flwr][INFO] - configure_evaluate: strategy sampled 25 clients (out of 25)
[2024-06-11 23:17:40,758][flwr][INFO] - aggregate_evaluate: received 25 results and 0 failures
[2024-06-11 23:17:40,758][flwr][INFO] - 
[2024-06-11 23:17:40,758][flwr][INFO] - [ROUND 3]
[2024-06-11 23:17:40,758][flwr][INFO] - configure_fit: strategy sampled 25 clients (out of 25)
[2024-06-11 23:17:42,309][flwr][INFO] - aggregate_fit: received 25 results and 0 failures
[2024-06-11 23:17:42,332][flwr][INFO] - fit progress: (3, tensor(0.5169, dtype=torch.float64), {'mae_loss, mse_loss': (0.7155274963378915, 0.5169339610080945)}, 12.395380000000001)
[2024-06-11 23:17:42,336][flwr][INFO] - configure_evaluate: strategy sampled 25 clients (out of 25)
[2024-06-11 23:17:42,609][flwr][INFO] - aggregate_evaluate: received 25 results and 0 failures
[2024-06-11 23:17:42,609][flwr][INFO] - 
[2024-06-11 23:17:42,609][flwr][INFO] - [ROUND 4]
[2024-06-11 23:17:42,609][flwr][INFO] - configure_fit: strategy sampled 25 clients (out of 25)
[2024-06-11 23:17:44,226][flwr][INFO] - aggregate_fit: received 25 results and 0 failures
[2024-06-11 23:17:44,262][flwr][INFO] - fit progress: (4, tensor(1.1266, dtype=torch.float64), {'mae_loss, mse_loss': (0.8771017456054679, 1.1265868935754988)}, 14.322975000000001)
[2024-06-11 23:17:44,264][flwr][INFO] - configure_evaluate: strategy sampled 25 clients (out of 25)
[2024-06-11 23:17:44,526][flwr][INFO] - aggregate_evaluate: received 25 results and 0 failures
[2024-06-11 23:17:44,526][flwr][INFO] - 
[2024-06-11 23:17:44,526][flwr][INFO] - [ROUND 5]
[2024-06-11 23:17:44,526][flwr][INFO] - configure_fit: strategy sampled 25 clients (out of 25)
[2024-06-11 23:17:46,093][flwr][INFO] - aggregate_fit: received 25 results and 0 failures
[2024-06-11 23:17:46,126][flwr][INFO] - fit progress: (5, tensor(0.4936, dtype=torch.float64), {'mae_loss, mse_loss': (0.6026719665527352, 0.49360706571408136)}, 16.1864785)
[2024-06-11 23:17:46,128][flwr][INFO] - configure_evaluate: strategy sampled 25 clients (out of 25)
[2024-06-11 23:17:46,442][flwr][INFO] - aggregate_evaluate: received 25 results and 0 failures
[2024-06-11 23:17:46,442][flwr][INFO] - 
[2024-06-11 23:17:46,442][flwr][INFO] - [ROUND 6]
[2024-06-11 23:17:46,442][flwr][INFO] - configure_fit: strategy sampled 25 clients (out of 25)
[2024-06-11 23:17:48,109][flwr][INFO] - aggregate_fit: received 25 results and 0 failures
[2024-06-11 23:17:48,131][flwr][INFO] - fit progress: (6, tensor(0.3857, dtype=torch.float64), {'mae_loss, mse_loss': (0.5502389526367196, 0.38570761231915157)}, 18.1936776)
[2024-06-11 23:17:48,135][flwr][INFO] - configure_evaluate: strategy sampled 25 clients (out of 25)
[2024-06-11 23:17:48,393][flwr][INFO] - aggregate_evaluate: received 25 results and 0 failures
[2024-06-11 23:17:48,393][flwr][INFO] - 
[2024-06-11 23:17:48,393][flwr][INFO] - [ROUND 7]
[2024-06-11 23:17:48,393][flwr][INFO] - configure_fit: strategy sampled 25 clients (out of 25)
[2024-06-11 23:17:49,992][flwr][INFO] - aggregate_fit: received 25 results and 0 failures
[2024-06-11 23:17:50,026][flwr][INFO] - fit progress: (7, tensor(0.4554, dtype=torch.float64), {'mae_loss, mse_loss': (0.550345001220704, 0.4554267122669849)}, 20.086441899999997)
[2024-06-11 23:17:50,028][flwr][INFO] - configure_evaluate: strategy sampled 25 clients (out of 25)
[2024-06-11 23:17:50,275][flwr][INFO] - aggregate_evaluate: received 25 results and 0 failures
[2024-06-11 23:17:50,275][flwr][INFO] - 
[2024-06-11 23:17:50,275][flwr][INFO] - [ROUND 8]
[2024-06-11 23:17:50,275][flwr][INFO] - configure_fit: strategy sampled 25 clients (out of 25)
[2024-06-11 23:17:51,676][flwr][INFO] - aggregate_fit: received 25 results and 0 failures
[2024-06-11 23:17:51,713][flwr][INFO] - fit progress: (8, tensor(0.3539, dtype=torch.float64), {'mae_loss, mse_loss': (0.5111764526367196, 0.35390929308696706)}, 21.7743198)
[2024-06-11 23:17:51,715][flwr][INFO] - configure_evaluate: strategy sampled 25 clients (out of 25)
[2024-06-11 23:17:51,977][flwr][INFO] - aggregate_evaluate: received 25 results and 0 failures
[2024-06-11 23:17:51,977][flwr][INFO] - 
[2024-06-11 23:17:51,977][flwr][INFO] - [ROUND 9]
[2024-06-11 23:17:51,977][flwr][INFO] - configure_fit: strategy sampled 25 clients (out of 25)
[2024-06-11 23:17:53,459][flwr][INFO] - aggregate_fit: received 25 results and 0 failures
[2024-06-11 23:17:53,499][flwr][INFO] - fit progress: (9, tensor(0.2302, dtype=torch.float64), {'mae_loss, mse_loss': (0.4526551818847665, 0.23022343888913838)}, 23.566293199999997)
[2024-06-11 23:17:53,507][flwr][INFO] - configure_evaluate: strategy sampled 25 clients (out of 25)
[2024-06-11 23:17:53,775][flwr][INFO] - aggregate_evaluate: received 25 results and 0 failures
[2024-06-11 23:17:53,775][flwr][INFO] - 
[2024-06-11 23:17:53,775][flwr][INFO] - [ROUND 10]
[2024-06-11 23:17:53,775][flwr][INFO] - configure_fit: strategy sampled 25 clients (out of 25)
[2024-06-11 23:17:55,325][flwr][INFO] - aggregate_fit: received 25 results and 0 failures
[2024-06-11 23:17:55,412][flwr][INFO] - fit progress: (10, tensor(0.3470, dtype=torch.float64), {'mae_loss, mse_loss': (0.42155303955078266, 0.34704735070909554)}, 25.4752868)
[2024-06-11 23:17:55,412][flwr][INFO] - configure_evaluate: strategy sampled 25 clients (out of 25)
[2024-06-11 23:17:55,678][flwr][INFO] - aggregate_evaluate: received 25 results and 0 failures
[2024-06-11 23:17:55,678][flwr][INFO] - 
[2024-06-11 23:17:55,678][flwr][INFO] - [ROUND 11]
[2024-06-11 23:17:55,678][flwr][INFO] - configure_fit: strategy sampled 25 clients (out of 25)
[2024-06-11 23:17:57,109][flwr][INFO] - aggregate_fit: received 25 results and 0 failures
[2024-06-11 23:17:57,143][flwr][INFO] - fit progress: (11, tensor(0.2464, dtype=torch.float64), {'mae_loss, mse_loss': (0.4672891235351571, 0.24644793359073897)}, 27.203650599999996)
[2024-06-11 23:17:57,145][flwr][INFO] - configure_evaluate: strategy sampled 25 clients (out of 25)
[2024-06-11 23:17:57,392][flwr][INFO] - aggregate_evaluate: received 25 results and 0 failures
[2024-06-11 23:17:57,392][flwr][INFO] - 
[2024-06-11 23:17:57,407][flwr][INFO] - [ROUND 12]
[2024-06-11 23:17:57,408][flwr][INFO] - configure_fit: strategy sampled 25 clients (out of 25)
[2024-06-11 23:17:58,787][flwr][INFO] - aggregate_fit: received 25 results and 0 failures
[2024-06-11 23:17:58,811][flwr][INFO] - fit progress: (12, tensor(0.4610, dtype=torch.float64), {'mae_loss, mse_loss': (0.5813121032714846, 0.46095751104678523)}, 28.871747)
[2024-06-11 23:17:58,813][flwr][INFO] - configure_evaluate: strategy sampled 25 clients (out of 25)
[2024-06-11 23:17:59,058][flwr][INFO] - aggregate_evaluate: received 25 results and 0 failures
[2024-06-11 23:17:59,058][flwr][INFO] - 
[2024-06-11 23:17:59,058][flwr][INFO] - [ROUND 13]
[2024-06-11 23:17:59,058][flwr][INFO] - configure_fit: strategy sampled 25 clients (out of 25)
[2024-06-11 23:18:00,457][flwr][INFO] - aggregate_fit: received 25 results and 0 failures
[2024-06-11 23:18:00,480][flwr][INFO] - fit progress: (13, tensor(0.3229, dtype=torch.float64), {'mae_loss, mse_loss': (0.49320098876953156, 0.3229334379171492)}, 30.5409341)
[2024-06-11 23:18:00,480][flwr][INFO] - configure_evaluate: strategy sampled 25 clients (out of 25)
[2024-06-11 23:18:00,725][flwr][INFO] - aggregate_evaluate: received 25 results and 0 failures
[2024-06-11 23:18:00,725][flwr][INFO] - 
[2024-06-11 23:18:00,725][flwr][INFO] - [ROUND 14]
[2024-06-11 23:18:00,725][flwr][INFO] - configure_fit: strategy sampled 25 clients (out of 25)
[2024-06-11 23:18:02,108][flwr][INFO] - aggregate_fit: received 25 results and 0 failures
[2024-06-11 23:18:02,142][flwr][INFO] - fit progress: (14, tensor(0.2227, dtype=torch.float64), {'mae_loss, mse_loss': (0.4098672485351571, 0.222654452388874)}, 32.2031625)
[2024-06-11 23:18:02,145][flwr][INFO] - configure_evaluate: strategy sampled 25 clients (out of 25)
[2024-06-11 23:18:02,392][flwr][INFO] - aggregate_evaluate: received 25 results and 0 failures
[2024-06-11 23:18:02,392][flwr][INFO] - 
[2024-06-11 23:18:02,392][flwr][INFO] - [ROUND 15]
[2024-06-11 23:18:02,407][flwr][INFO] - configure_fit: strategy sampled 25 clients (out of 25)
[2024-06-11 23:18:03,759][flwr][INFO] - aggregate_fit: received 25 results and 0 failures
[2024-06-11 23:18:03,796][flwr][INFO] - fit progress: (15, tensor(0.3435, dtype=torch.float64), {'mae_loss, mse_loss': (0.5145495605468753, 0.34347942774160795)}, 33.861230899999995)
[2024-06-11 23:18:03,796][flwr][INFO] - configure_evaluate: strategy sampled 25 clients (out of 25)
[2024-06-11 23:18:04,061][flwr][INFO] - aggregate_evaluate: received 25 results and 0 failures
[2024-06-11 23:18:04,062][flwr][INFO] - 
[2024-06-11 23:18:04,063][flwr][INFO] - [ROUND 16]
[2024-06-11 23:18:04,063][flwr][INFO] - configure_fit: strategy sampled 25 clients (out of 25)
[2024-06-11 23:18:05,471][flwr][INFO] - aggregate_fit: received 25 results and 0 failures
[2024-06-11 23:18:05,496][flwr][INFO] - fit progress: (16, tensor(0.2319, dtype=torch.float64), {'mae_loss, mse_loss': (0.422037048339844, 0.2319034652933484)}, 35.5568397)
[2024-06-11 23:18:05,498][flwr][INFO] - configure_evaluate: strategy sampled 25 clients (out of 25)
[2024-06-11 23:18:05,758][flwr][INFO] - aggregate_evaluate: received 25 results and 0 failures
[2024-06-11 23:18:05,758][flwr][INFO] - 
[2024-06-11 23:18:05,758][flwr][INFO] - [ROUND 17]
[2024-06-11 23:18:05,758][flwr][INFO] - configure_fit: strategy sampled 25 clients (out of 25)
[2024-06-11 23:18:07,359][flwr][INFO] - aggregate_fit: received 25 results and 0 failures
[2024-06-11 23:18:07,392][flwr][INFO] - fit progress: (17, tensor(0.2438, dtype=torch.float64), {'mae_loss, mse_loss': (0.43827926635742215, 0.24377555543824614)}, 37.453158699999996)
[2024-06-11 23:18:07,394][flwr][INFO] - configure_evaluate: strategy sampled 25 clients (out of 25)
[2024-06-11 23:18:07,642][flwr][INFO] - aggregate_evaluate: received 25 results and 0 failures
[2024-06-11 23:18:07,642][flwr][INFO] - 
[2024-06-11 23:18:07,642][flwr][INFO] - [ROUND 18]
[2024-06-11 23:18:07,642][flwr][INFO] - configure_fit: strategy sampled 25 clients (out of 25)
[2024-06-11 23:18:09,009][flwr][INFO] - aggregate_fit: received 25 results and 0 failures
[2024-06-11 23:18:09,049][flwr][INFO] - fit progress: (18, tensor(0.2699, dtype=torch.float64), {'mae_loss, mse_loss': (0.4667918395996097, 0.26989303267828696)}, 39.1098395)
[2024-06-11 23:18:09,051][flwr][INFO] - configure_evaluate: strategy sampled 25 clients (out of 25)
[2024-06-11 23:18:09,307][flwr][INFO] - aggregate_evaluate: received 25 results and 0 failures
[2024-06-11 23:18:09,308][flwr][INFO] - 
[2024-06-11 23:18:09,308][flwr][INFO] - [ROUND 19]
[2024-06-11 23:18:09,310][flwr][INFO] - configure_fit: strategy sampled 25 clients (out of 25)
[2024-06-11 23:18:10,693][flwr][INFO] - aggregate_fit: received 25 results and 0 failures
[2024-06-11 23:18:10,714][flwr][INFO] - fit progress: (19, tensor(0.2033, dtype=torch.float64), {'mae_loss, mse_loss': (0.4020587158203128, 0.2033473541864665)}, 40.784425999999996)
[2024-06-11 23:18:10,726][flwr][INFO] - configure_evaluate: strategy sampled 25 clients (out of 25)
[2024-06-11 23:18:10,975][flwr][INFO] - aggregate_evaluate: received 25 results and 0 failures
[2024-06-11 23:18:10,975][flwr][INFO] - 
[2024-06-11 23:18:10,975][flwr][INFO] - [ROUND 20]
[2024-06-11 23:18:10,975][flwr][INFO] - configure_fit: strategy sampled 25 clients (out of 25)
[2024-06-11 23:18:12,351][flwr][INFO] - aggregate_fit: received 25 results and 0 failures
[2024-06-11 23:18:12,359][flwr][INFO] - fit progress: (20, tensor(0.2459, dtype=torch.float64), {'mae_loss, mse_loss': (0.4473353576660159, 0.24593504012713713)}, 42.4334348)
[2024-06-11 23:18:12,375][flwr][INFO] - configure_evaluate: strategy sampled 25 clients (out of 25)
[2024-06-11 23:18:12,608][flwr][INFO] - aggregate_evaluate: received 25 results and 0 failures
[2024-06-11 23:18:12,608][flwr][INFO] - 
[2024-06-11 23:18:12,608][flwr][INFO] - [ROUND 21]
[2024-06-11 23:18:12,608][flwr][INFO] - configure_fit: strategy sampled 25 clients (out of 25)
[2024-06-11 23:18:14,209][flwr][INFO] - aggregate_fit: received 25 results and 0 failures
[2024-06-11 23:18:14,238][flwr][INFO] - fit progress: (21, tensor(0.2428, dtype=torch.float64), {'mae_loss, mse_loss': (0.4461322021484378, 0.24282642106036692)}, 44.2988064)
[2024-06-11 23:18:14,240][flwr][INFO] - configure_evaluate: strategy sampled 25 clients (out of 25)
[2024-06-11 23:18:14,559][flwr][INFO] - aggregate_evaluate: received 25 results and 0 failures
[2024-06-11 23:18:14,559][flwr][INFO] - 
[2024-06-11 23:18:14,559][flwr][INFO] - [ROUND 22]
[2024-06-11 23:18:14,559][flwr][INFO] - configure_fit: strategy sampled 25 clients (out of 25)
[2024-06-11 23:18:16,331][flwr][INFO] - aggregate_fit: received 25 results and 0 failures
[2024-06-11 23:18:16,359][flwr][INFO] - fit progress: (22, tensor(0.1940, dtype=torch.float64), {'mae_loss, mse_loss': (0.3995356750488284, 0.19396954499685717)}, 46.420375299999996)
[2024-06-11 23:18:16,362][flwr][INFO] - configure_evaluate: strategy sampled 25 clients (out of 25)
[2024-06-11 23:18:16,684][flwr][INFO] - aggregate_evaluate: received 25 results and 0 failures
[2024-06-11 23:18:16,685][flwr][INFO] - 
[2024-06-11 23:18:16,685][flwr][INFO] - [ROUND 23]
[2024-06-11 23:18:16,686][flwr][INFO] - configure_fit: strategy sampled 25 clients (out of 25)
[2024-06-11 23:18:18,508][flwr][INFO] - aggregate_fit: received 25 results and 0 failures
[2024-06-11 23:18:18,540][flwr][INFO] - fit progress: (23, tensor(0.1929, dtype=torch.float64), {'mae_loss, mse_loss': (0.4001063537597659, 0.19285727634362454)}, 48.6008046)
[2024-06-11 23:18:18,542][flwr][INFO] - configure_evaluate: strategy sampled 25 clients (out of 25)
[2024-06-11 23:18:18,842][flwr][INFO] - aggregate_evaluate: received 25 results and 0 failures
[2024-06-11 23:18:18,842][flwr][INFO] - 
[2024-06-11 23:18:18,842][flwr][INFO] - [ROUND 24]
[2024-06-11 23:18:18,842][flwr][INFO] - configure_fit: strategy sampled 25 clients (out of 25)
[2024-06-11 23:18:20,632][flwr][INFO] - aggregate_fit: received 25 results and 0 failures
[2024-06-11 23:18:20,658][flwr][INFO] - fit progress: (24, tensor(0.1961, dtype=torch.float64), {'mae_loss, mse_loss': (0.4050990295410159, 0.1960908376475567)}, 50.71862039999999)
[2024-06-11 23:18:20,660][flwr][INFO] - configure_evaluate: strategy sampled 25 clients (out of 25)
[2024-06-11 23:18:20,942][flwr][INFO] - aggregate_evaluate: received 25 results and 0 failures
[2024-06-11 23:18:20,942][flwr][INFO] - 
[2024-06-11 23:18:20,942][flwr][INFO] - [ROUND 25]
[2024-06-11 23:18:20,942][flwr][INFO] - configure_fit: strategy sampled 25 clients (out of 25)
[2024-06-11 23:18:22,685][flwr][INFO] - aggregate_fit: received 25 results and 0 failures
[2024-06-11 23:18:22,709][flwr][INFO] - fit progress: (25, tensor(0.1629, dtype=torch.float64), {'mae_loss, mse_loss': (0.369137878417969, 0.16286233017430687)}, 52.770163100000005)
[2024-06-11 23:18:22,712][flwr][INFO] - configure_evaluate: strategy sampled 25 clients (out of 25)
[2024-06-11 23:18:23,042][flwr][INFO] - aggregate_evaluate: received 25 results and 0 failures
[2024-06-11 23:18:23,042][flwr][INFO] - 
[2024-06-11 23:18:23,042][flwr][INFO] - [ROUND 26]
[2024-06-11 23:18:23,042][flwr][INFO] - configure_fit: strategy sampled 25 clients (out of 25)
[2024-06-11 23:18:24,535][flwr][INFO] - aggregate_fit: received 25 results and 0 failures
[2024-06-11 23:18:24,558][flwr][INFO] - fit progress: (26, tensor(0.1631, dtype=torch.float64), {'mae_loss, mse_loss': (0.3701831054687503, 0.16314759638719303)}, 54.6187398)
[2024-06-11 23:18:24,560][flwr][INFO] - configure_evaluate: strategy sampled 25 clients (out of 25)
[2024-06-11 23:18:24,826][flwr][INFO] - aggregate_evaluate: received 25 results and 0 failures
[2024-06-11 23:18:24,826][flwr][INFO] - 
[2024-06-11 23:18:24,826][flwr][INFO] - [ROUND 27]
[2024-06-11 23:18:24,826][flwr][INFO] - configure_fit: strategy sampled 25 clients (out of 25)
[2024-06-11 23:18:26,225][flwr][INFO] - aggregate_fit: received 25 results and 0 failures
[2024-06-11 23:18:26,263][flwr][INFO] - fit progress: (27, tensor(0.1426, dtype=torch.float64), {'mae_loss, mse_loss': (0.34448348999023465, 0.14259289084619423)}, 56.323308299999994)
[2024-06-11 23:18:26,265][flwr][INFO] - configure_evaluate: strategy sampled 25 clients (out of 25)
[2024-06-11 23:18:26,526][flwr][INFO] - aggregate_evaluate: received 25 results and 0 failures
[2024-06-11 23:18:26,526][flwr][INFO] - 
[2024-06-11 23:18:26,526][flwr][INFO] - [ROUND 28]
[2024-06-11 23:18:26,526][flwr][INFO] - configure_fit: strategy sampled 25 clients (out of 25)
[2024-06-11 23:18:28,069][flwr][INFO] - aggregate_fit: received 25 results and 0 failures
[2024-06-11 23:18:28,092][flwr][INFO] - fit progress: (28, tensor(0.1305, dtype=torch.float64), {'mae_loss, mse_loss': (0.32908813476562526, 0.13048626047768677)}, 58.1530049)
[2024-06-11 23:18:28,094][flwr][INFO] - configure_evaluate: strategy sampled 25 clients (out of 25)
[2024-06-11 23:18:28,343][flwr][INFO] - aggregate_evaluate: received 25 results and 0 failures
[2024-06-11 23:18:28,359][flwr][INFO] - 
[2024-06-11 23:18:28,359][flwr][INFO] - [ROUND 29]
[2024-06-11 23:18:28,359][flwr][INFO] - configure_fit: strategy sampled 25 clients (out of 25)
[2024-06-11 23:18:29,759][flwr][INFO] - aggregate_fit: received 25 results and 0 failures
[2024-06-11 23:18:29,782][flwr][INFO] - fit progress: (29, tensor(0.1281, dtype=torch.float64), {'mae_loss, mse_loss': (0.32704193115234403, 0.12805607635271782)}, 59.84838499999999)
[2024-06-11 23:18:29,782][flwr][INFO] - configure_evaluate: strategy sampled 25 clients (out of 25)
[2024-06-11 23:18:30,043][flwr][INFO] - aggregate_evaluate: received 25 results and 0 failures
[2024-06-11 23:18:30,043][flwr][INFO] - 
[2024-06-11 23:18:30,043][flwr][INFO] - [ROUND 30]
[2024-06-11 23:18:30,043][flwr][INFO] - configure_fit: strategy sampled 25 clients (out of 25)
[2024-06-11 23:18:31,437][flwr][INFO] - aggregate_fit: received 25 results and 0 failures
[2024-06-11 23:18:31,460][flwr][INFO] - fit progress: (30, tensor(0.1447, dtype=torch.float64), {'mae_loss, mse_loss': (0.35259811401367214, 0.14473465053981674)}, 61.5208619)
[2024-06-11 23:18:31,462][flwr][INFO] - configure_evaluate: strategy sampled 25 clients (out of 25)
[2024-06-11 23:18:31,725][flwr][INFO] - aggregate_evaluate: received 25 results and 0 failures
[2024-06-11 23:18:31,725][flwr][INFO] - 
[2024-06-11 23:18:31,725][flwr][INFO] - [ROUND 31]
[2024-06-11 23:18:31,725][flwr][INFO] - configure_fit: strategy sampled 25 clients (out of 25)
[2024-06-11 23:18:33,092][flwr][INFO] - aggregate_fit: received 25 results and 0 failures
[2024-06-11 23:18:33,125][flwr][INFO] - fit progress: (31, tensor(0.1337, dtype=torch.float64), {'mae_loss, mse_loss': (0.3390750122070315, 0.13371617790637574)}, 63.1868374)
[2024-06-11 23:18:33,128][flwr][INFO] - configure_evaluate: strategy sampled 25 clients (out of 25)
[2024-06-11 23:18:33,392][flwr][INFO] - aggregate_evaluate: received 25 results and 0 failures
[2024-06-11 23:18:33,393][flwr][INFO] - 
[2024-06-11 23:18:33,393][flwr][INFO] - [ROUND 32]
[2024-06-11 23:18:33,393][flwr][INFO] - configure_fit: strategy sampled 25 clients (out of 25)
[2024-06-11 23:18:34,895][flwr][INFO] - aggregate_fit: received 25 results and 0 failures
[2024-06-11 23:18:34,919][flwr][INFO] - fit progress: (32, tensor(0.1366, dtype=torch.float64), {'mae_loss, mse_loss': (0.3437434387207034, 0.13655031576671206)}, 64.9838717)
[2024-06-11 23:18:34,925][flwr][INFO] - configure_evaluate: strategy sampled 25 clients (out of 25)
[2024-06-11 23:18:35,192][flwr][INFO] - aggregate_evaluate: received 25 results and 0 failures
[2024-06-11 23:18:35,192][flwr][INFO] - 
[2024-06-11 23:18:35,192][flwr][INFO] - [ROUND 33]
[2024-06-11 23:18:35,192][flwr][INFO] - configure_fit: strategy sampled 25 clients (out of 25)
[2024-06-11 23:18:36,677][flwr][INFO] - aggregate_fit: received 25 results and 0 failures
[2024-06-11 23:18:36,710][flwr][INFO] - fit progress: (33, tensor(0.1031, dtype=torch.float64), {'mae_loss, mse_loss': (0.2931636047363284, 0.1031154377587377)}, 66.7706153)
[2024-06-11 23:18:36,713][flwr][INFO] - configure_evaluate: strategy sampled 25 clients (out of 25)
[2024-06-11 23:18:36,976][flwr][INFO] - aggregate_evaluate: received 25 results and 0 failures
[2024-06-11 23:18:36,976][flwr][INFO] - 
[2024-06-11 23:18:36,976][flwr][INFO] - [ROUND 34]
[2024-06-11 23:18:36,976][flwr][INFO] - configure_fit: strategy sampled 25 clients (out of 25)
[2024-06-11 23:18:38,658][flwr][INFO] - aggregate_fit: received 25 results and 0 failures
[2024-06-11 23:18:38,695][flwr][INFO] - fit progress: (34, tensor(0.1184, dtype=torch.float64), {'mae_loss, mse_loss': (0.3207179260253909, 0.1183549625674499)}, 68.755095)
[2024-06-11 23:18:38,697][flwr][INFO] - configure_evaluate: strategy sampled 25 clients (out of 25)
[2024-06-11 23:18:38,992][flwr][INFO] - aggregate_evaluate: received 25 results and 0 failures
[2024-06-11 23:18:38,993][flwr][INFO] - 
[2024-06-11 23:18:38,993][flwr][INFO] - [ROUND 35]
[2024-06-11 23:18:38,994][flwr][INFO] - configure_fit: strategy sampled 25 clients (out of 25)
[2024-06-11 23:18:40,724][flwr][INFO] - aggregate_fit: received 25 results and 0 failures
[2024-06-11 23:18:40,746][flwr][INFO] - fit progress: (35, tensor(0.0857, dtype=torch.float64), {'mae_loss, mse_loss': (0.25937530517578156, 0.08572918982338211)}, 70.806943)
[2024-06-11 23:18:40,748][flwr][INFO] - configure_evaluate: strategy sampled 25 clients (out of 25)
[2024-06-11 23:18:41,006][flwr][INFO] - aggregate_evaluate: received 25 results and 0 failures
[2024-06-11 23:18:41,007][flwr][INFO] - 
[2024-06-11 23:18:41,008][flwr][INFO] - [ROUND 36]
[2024-06-11 23:18:41,009][flwr][INFO] - configure_fit: strategy sampled 25 clients (out of 25)
[2024-06-11 23:18:42,358][flwr][INFO] - aggregate_fit: received 25 results and 0 failures
[2024-06-11 23:18:42,395][flwr][INFO] - fit progress: (36, tensor(0.1093, dtype=torch.float64), {'mae_loss, mse_loss': (0.3088336181640628, 0.10930057682772203)}, 72.4558347)
[2024-06-11 23:18:42,396][flwr][INFO] - configure_evaluate: strategy sampled 25 clients (out of 25)
[2024-06-11 23:18:42,642][flwr][INFO] - aggregate_evaluate: received 25 results and 0 failures
[2024-06-11 23:18:42,642][flwr][INFO] - 
[2024-06-11 23:18:42,642][flwr][INFO] - [ROUND 37]
[2024-06-11 23:18:42,642][flwr][INFO] - configure_fit: strategy sampled 25 clients (out of 25)
[2024-06-11 23:18:44,375][flwr][INFO] - aggregate_fit: received 25 results and 0 failures
[2024-06-11 23:18:44,412][flwr][INFO] - fit progress: (37, tensor(0.1206, dtype=torch.float64), {'mae_loss, mse_loss': (0.3263934326171878, 0.12058446844783641)}, 74.4727272)
[2024-06-11 23:18:44,414][flwr][INFO] - configure_evaluate: strategy sampled 25 clients (out of 25)
[2024-06-11 23:18:44,696][flwr][INFO] - aggregate_evaluate: received 25 results and 0 failures
[2024-06-11 23:18:44,696][flwr][INFO] - 
[2024-06-11 23:18:44,697][flwr][INFO] - [ROUND 38]
[2024-06-11 23:18:44,697][flwr][INFO] - configure_fit: strategy sampled 25 clients (out of 25)
[2024-06-11 23:18:46,193][flwr][INFO] - aggregate_fit: received 25 results and 0 failures
[2024-06-11 23:18:46,218][flwr][INFO] - fit progress: (38, tensor(0.1054, dtype=torch.float64), {'mae_loss, mse_loss': (0.30435211181640653, 0.1054085320371672)}, 76.2832173)
[2024-06-11 23:18:46,224][flwr][INFO] - configure_evaluate: strategy sampled 25 clients (out of 25)
[2024-06-11 23:18:46,502][flwr][INFO] - aggregate_evaluate: received 25 results and 0 failures
[2024-06-11 23:18:46,503][flwr][INFO] - 
[2024-06-11 23:18:46,504][flwr][INFO] - [ROUND 39]
[2024-06-11 23:18:46,504][flwr][INFO] - configure_fit: strategy sampled 25 clients (out of 25)
[2024-06-11 23:18:47,917][flwr][INFO] - aggregate_fit: received 25 results and 0 failures
[2024-06-11 23:18:47,926][flwr][INFO] - fit progress: (39, tensor(0.1073, dtype=torch.float64), {'mae_loss, mse_loss': (0.30860092163085967, 0.10731095589499487)}, 77.9991198)
[2024-06-11 23:18:47,940][flwr][INFO] - configure_evaluate: strategy sampled 25 clients (out of 25)
[2024-06-11 23:18:48,192][flwr][INFO] - aggregate_evaluate: received 25 results and 0 failures
[2024-06-11 23:18:48,192][flwr][INFO] - 
[2024-06-11 23:18:48,192][flwr][INFO] - [ROUND 40]
[2024-06-11 23:18:48,192][flwr][INFO] - configure_fit: strategy sampled 25 clients (out of 25)
[2024-06-11 23:18:49,892][flwr][INFO] - aggregate_fit: received 25 results and 0 failures
[2024-06-11 23:18:49,915][flwr][INFO] - fit progress: (40, tensor(0.1026, dtype=torch.float64), {'mae_loss, mse_loss': (0.3012026977539065, 0.10262086844746984)}, 79.9762554)
[2024-06-11 23:18:49,917][flwr][INFO] - configure_evaluate: strategy sampled 25 clients (out of 25)
[2024-06-11 23:18:50,175][flwr][INFO] - aggregate_evaluate: received 25 results and 0 failures
[2024-06-11 23:18:50,175][flwr][INFO] - 
[2024-06-11 23:18:50,175][flwr][INFO] - [ROUND 41]
[2024-06-11 23:18:50,175][flwr][INFO] - configure_fit: strategy sampled 25 clients (out of 25)
[2024-06-11 23:18:51,542][flwr][INFO] - aggregate_fit: received 25 results and 0 failures
[2024-06-11 23:18:51,568][flwr][INFO] - fit progress: (41, tensor(0.0967, dtype=torch.float64), {'mae_loss, mse_loss': (0.29298583984375026, 0.09665879437676662)}, 81.6295873)
[2024-06-11 23:18:51,568][flwr][INFO] - configure_evaluate: strategy sampled 25 clients (out of 25)
[2024-06-11 23:18:51,825][flwr][INFO] - aggregate_evaluate: received 25 results and 0 failures
[2024-06-11 23:18:51,825][flwr][INFO] - 
[2024-06-11 23:18:51,825][flwr][INFO] - [ROUND 42]
[2024-06-11 23:18:51,825][flwr][INFO] - configure_fit: strategy sampled 25 clients (out of 25)
[2024-06-11 23:18:53,415][flwr][INFO] - aggregate_fit: received 25 results and 0 failures
[2024-06-11 23:18:53,432][flwr][INFO] - fit progress: (42, tensor(0.0813, dtype=torch.float64), {'mae_loss, mse_loss': (0.2653559875488284, 0.08134366176708174)}, 83.501026)
[2024-06-11 23:18:53,442][flwr][INFO] - configure_evaluate: strategy sampled 25 clients (out of 25)
[2024-06-11 23:18:53,693][flwr][INFO] - aggregate_evaluate: received 25 results and 0 failures
[2024-06-11 23:18:53,693][flwr][INFO] - 
[2024-06-11 23:18:53,693][flwr][INFO] - [ROUND 43]
[2024-06-11 23:18:53,693][flwr][INFO] - configure_fit: strategy sampled 25 clients (out of 25)
[2024-06-11 23:18:55,142][flwr][INFO] - aggregate_fit: received 25 results and 0 failures
[2024-06-11 23:18:55,169][flwr][INFO] - fit progress: (43, tensor(0.1052, dtype=torch.float64), {'mae_loss, mse_loss': (0.3047991943359378, 0.10516668433882322)}, 85.2295847)
[2024-06-11 23:18:55,169][flwr][INFO] - configure_evaluate: strategy sampled 25 clients (out of 25)
[2024-06-11 23:18:55,426][flwr][INFO] - aggregate_evaluate: received 25 results and 0 failures
[2024-06-11 23:18:55,426][flwr][INFO] - 
[2024-06-11 23:18:55,426][flwr][INFO] - [ROUND 44]
[2024-06-11 23:18:55,426][flwr][INFO] - configure_fit: strategy sampled 25 clients (out of 25)
[2024-06-11 23:18:57,025][flwr][INFO] - aggregate_fit: received 25 results and 0 failures
[2024-06-11 23:18:57,061][flwr][INFO] - fit progress: (44, tensor(0.0925, dtype=torch.float64), {'mae_loss, mse_loss': (0.28709823608398466, 0.09253976380720297)}, 87.1216633)
[2024-06-11 23:18:57,063][flwr][INFO] - configure_evaluate: strategy sampled 25 clients (out of 25)
[2024-06-11 23:18:57,322][flwr][INFO] - aggregate_evaluate: received 25 results and 0 failures
[2024-06-11 23:18:57,323][flwr][INFO] - 
[2024-06-11 23:18:57,323][flwr][INFO] - [ROUND 45]
[2024-06-11 23:18:57,324][flwr][INFO] - configure_fit: strategy sampled 25 clients (out of 25)
[2024-06-11 23:18:58,692][flwr][INFO] - aggregate_fit: received 25 results and 0 failures
[2024-06-11 23:18:58,727][flwr][INFO] - fit progress: (45, tensor(0.0929, dtype=torch.float64), {'mae_loss, mse_loss': (0.2883380126953128, 0.0929335654582831)}, 88.7878745)
[2024-06-11 23:18:58,728][flwr][INFO] - configure_evaluate: strategy sampled 25 clients (out of 25)
[2024-06-11 23:18:59,026][flwr][INFO] - aggregate_evaluate: received 25 results and 0 failures
[2024-06-11 23:18:59,026][flwr][INFO] - 
[2024-06-11 23:18:59,026][flwr][INFO] - [ROUND 46]
[2024-06-11 23:18:59,026][flwr][INFO] - configure_fit: strategy sampled 25 clients (out of 25)
[2024-06-11 23:19:00,725][flwr][INFO] - aggregate_fit: received 25 results and 0 failures
[2024-06-11 23:19:00,747][flwr][INFO] - fit progress: (46, tensor(0.1114, dtype=torch.float64), {'mae_loss, mse_loss': (0.3136683654785159, 0.11138885265367589)}, 90.8142065)
[2024-06-11 23:19:00,755][flwr][INFO] - configure_evaluate: strategy sampled 25 clients (out of 25)
[2024-06-11 23:19:00,992][flwr][INFO] - aggregate_evaluate: received 25 results and 0 failures
[2024-06-11 23:19:00,992][flwr][INFO] - 
[2024-06-11 23:19:00,992][flwr][INFO] - [ROUND 47]
[2024-06-11 23:19:00,992][flwr][INFO] - configure_fit: strategy sampled 25 clients (out of 25)
[2024-06-11 23:19:02,416][flwr][INFO] - aggregate_fit: received 25 results and 0 failures
[2024-06-11 23:19:02,439][flwr][INFO] - fit progress: (47, tensor(0.0882, dtype=torch.float64), {'mae_loss, mse_loss': (0.2807086181640628, 0.08817857686174127)}, 92.4994784)
[2024-06-11 23:19:02,441][flwr][INFO] - configure_evaluate: strategy sampled 25 clients (out of 25)
[2024-06-11 23:19:02,686][flwr][INFO] - aggregate_evaluate: received 25 results and 0 failures
[2024-06-11 23:19:02,687][flwr][INFO] - 
[2024-06-11 23:19:02,687][flwr][INFO] - [ROUND 48]
[2024-06-11 23:19:02,688][flwr][INFO] - configure_fit: strategy sampled 25 clients (out of 25)
[2024-06-11 23:19:04,253][flwr][INFO] - aggregate_fit: received 25 results and 0 failures
[2024-06-11 23:19:04,276][flwr][INFO] - fit progress: (48, tensor(0.0838, dtype=torch.float64), {'mae_loss, mse_loss': (0.2737513732910159, 0.08384036822279475)}, 94.3368084)
[2024-06-11 23:19:04,278][flwr][INFO] - configure_evaluate: strategy sampled 25 clients (out of 25)
[2024-06-11 23:19:04,554][flwr][INFO] - aggregate_evaluate: received 25 results and 0 failures
[2024-06-11 23:19:04,555][flwr][INFO] - 
[2024-06-11 23:19:04,555][flwr][INFO] - [ROUND 49]
[2024-06-11 23:19:04,555][flwr][INFO] - configure_fit: strategy sampled 25 clients (out of 25)
[2024-06-11 23:19:06,075][flwr][INFO] - aggregate_fit: received 25 results and 0 failures
[2024-06-11 23:19:06,097][flwr][INFO] - fit progress: (49, tensor(0.0889, dtype=torch.float64), {'mae_loss, mse_loss': (0.2819476318359378, 0.08885937909805239)}, 96.1646481)
[2024-06-11 23:19:06,106][flwr][INFO] - configure_evaluate: strategy sampled 25 clients (out of 25)
[2024-06-11 23:19:06,362][flwr][INFO] - aggregate_evaluate: received 25 results and 0 failures
[2024-06-11 23:19:06,363][flwr][INFO] - 
[2024-06-11 23:19:06,364][flwr][INFO] - [ROUND 50]
[2024-06-11 23:19:06,364][flwr][INFO] - configure_fit: strategy sampled 25 clients (out of 25)
[2024-06-11 23:19:07,798][flwr][INFO] - aggregate_fit: received 25 results and 0 failures
[2024-06-11 23:19:07,830][flwr][INFO] - fit progress: (50, tensor(0.0858, dtype=torch.float64), {'mae_loss, mse_loss': (0.27655364990234405, 0.08583558771852426)}, 97.89127)
[2024-06-11 23:19:07,833][flwr][INFO] - configure_evaluate: strategy sampled 25 clients (out of 25)
[2024-06-11 23:19:08,108][flwr][INFO] - aggregate_evaluate: received 25 results and 0 failures
[2024-06-11 23:19:08,108][flwr][INFO] - 
[2024-06-11 23:19:08,108][flwr][INFO] - [SUMMARY]
[2024-06-11 23:19:08,108][flwr][INFO] - Run finished 50 rounds in 98.17s
[2024-06-11 23:19:08,108][flwr][INFO] - History (loss, distributed):
[2024-06-11 23:19:08,108][flwr][INFO] - 	('\tround 1: 19.452979596530408\n'
[2024-06-11 23:19:08,108][flwr][INFO] - 	 '\tround 2: 15.587653463174975\n'
[2024-06-11 23:19:08,116][flwr][INFO] - 	 '\tround 3: 15.881316982919389\n'
[2024-06-11 23:19:08,116][flwr][INFO] - 	 '\tround 4: 4.672065471327635\n'
[2024-06-11 23:19:08,116][flwr][INFO] - 	 '\tround 5: 2.609055638730258\n'
[2024-06-11 23:19:08,116][flwr][INFO] - 	 '\tround 6: 1.8566920361840058\n'
[2024-06-11 23:19:08,117][flwr][INFO] - 	 '\tround 7: 1.4391434557149947\n'
[2024-06-11 23:19:08,117][flwr][INFO] - 	 '\tround 8: 1.2755155574459625\n'
[2024-06-11 23:19:08,118][flwr][INFO] - 	 '\tround 9: 1.32871545071533\n'
[2024-06-11 23:19:08,119][flwr][INFO] - 	 '\tround 10: 4.414648502487776\n'
[2024-06-11 23:19:08,119][flwr][INFO] - 	 '\tround 11: 2.36438718818877\n'
[2024-06-11 23:19:08,120][flwr][INFO] - 	 '\tround 12: 1.2469401022735533\n'
[2024-06-11 23:19:08,120][flwr][INFO] - 	 '\tround 13: 0.9452146438218025\n'
[2024-06-11 23:19:08,120][flwr][INFO] - 	 '\tround 14: 0.8472515477636072\n'
[2024-06-11 23:19:08,120][flwr][INFO] - 	 '\tround 15: 0.633400887798215\n'
[2024-06-11 23:19:08,120][flwr][INFO] - 	 '\tround 16: 0.6110581793043459\n'
[2024-06-11 23:19:08,120][flwr][INFO] - 	 '\tround 17: 0.5422966962887468\n'
[2024-06-11 23:19:08,120][flwr][INFO] - 	 '\tround 18: 0.4773982545828988\n'
[2024-06-11 23:19:08,120][flwr][INFO] - 	 '\tround 19: 0.47338092032926965\n'
[2024-06-11 23:19:08,120][flwr][INFO] - 	 '\tround 20: 0.40007041569973095\n'
[2024-06-11 23:19:08,120][flwr][INFO] - 	 '\tround 21: 0.37263550911487997\n'
[2024-06-11 23:19:08,125][flwr][INFO] - 	 '\tround 22: 0.3666771047699319\n'
[2024-06-11 23:19:08,125][flwr][INFO] - 	 '\tround 23: 0.34177112950321814\n'
[2024-06-11 23:19:08,126][flwr][INFO] - 	 '\tround 24: 0.3139953142871747\n'
[2024-06-11 23:19:08,127][flwr][INFO] - 	 '\tround 25: 0.32068691845637187\n'
[2024-06-11 23:19:08,127][flwr][INFO] - 	 '\tround 26: 0.2941277419505035\n'
[2024-06-11 23:19:08,128][flwr][INFO] - 	 '\tround 27: 0.29117136279472966\n'
[2024-06-11 23:19:08,128][flwr][INFO] - 	 '\tround 28: 0.28119245142427846\n'
[2024-06-11 23:19:08,129][flwr][INFO] - 	 '\tround 29: 0.27639048776882086\n'
[2024-06-11 23:19:08,129][flwr][INFO] - 	 '\tround 30: 0.24199095152144107\n'
[2024-06-11 23:19:08,130][flwr][INFO] - 	 '\tround 31: 0.23643101738497357\n'
[2024-06-11 23:19:08,131][flwr][INFO] - 	 '\tround 32: 0.22501273473604186\n'
[2024-06-11 23:19:08,131][flwr][INFO] - 	 '\tround 33: 0.24475217485682763\n'
[2024-06-11 23:19:08,131][flwr][INFO] - 	 '\tround 34: 0.21951008763957613\n'
[2024-06-11 23:19:08,131][flwr][INFO] - 	 '\tround 35: 0.2542298603485616\n'
[2024-06-11 23:19:08,131][flwr][INFO] - 	 '\tround 36: 0.2102859885745445\n'
[2024-06-11 23:19:08,131][flwr][INFO] - 	 '\tround 37: 0.19179587593168024\n'
[2024-06-11 23:19:08,131][flwr][INFO] - 	 '\tround 38: 0.19537976069414442\n'
[2024-06-11 23:19:08,131][flwr][INFO] - 	 '\tround 39: 0.18594746618089023\n'
[2024-06-11 23:19:08,137][flwr][INFO] - 	 '\tround 40: 0.184271017802125\n'
[2024-06-11 23:19:08,137][flwr][INFO] - 	 '\tround 41: 0.18533325255148278\n'
[2024-06-11 23:19:08,138][flwr][INFO] - 	 '\tround 42: 0.19663943553697277\n'
[2024-06-11 23:19:08,139][flwr][INFO] - 	 '\tround 43: 0.16500057956078426\n'
[2024-06-11 23:19:08,139][flwr][INFO] - 	 '\tround 44: 0.1726476213535182\n'
[2024-06-11 23:19:08,139][flwr][INFO] - 	 '\tround 45: 0.16685702575899633\n'
[2024-06-11 23:19:08,140][flwr][INFO] - 	 '\tround 46: 0.1519579510520343\n'
[2024-06-11 23:19:08,140][flwr][INFO] - 	 '\tround 47: 0.16294707482776474\n'
[2024-06-11 23:19:08,141][flwr][INFO] - 	 '\tround 48: 0.16199561671910004\n'
[2024-06-11 23:19:08,141][flwr][INFO] - 	 '\tround 49: 0.15542771671571487\n'
[2024-06-11 23:19:08,142][flwr][INFO] - 	 '\tround 50: 0.14992253234684902\n')History (loss, centralized):
[2024-06-11 23:19:08,142][flwr][INFO] - 	('\tround 0: 1384.849095347857\n'
[2024-06-11 23:19:08,143][flwr][INFO] - 	 '\tround 1: 0.7173435050095447\n'
[2024-06-11 23:19:08,143][flwr][INFO] - 	 '\tround 2: 1.389813954503977\n'
[2024-06-11 23:19:08,144][flwr][INFO] - 	 '\tround 3: 0.5169339610080945\n'
[2024-06-11 23:19:08,144][flwr][INFO] - 	 '\tround 4: 1.1265868935754988\n'
[2024-06-11 23:19:08,144][flwr][INFO] - 	 '\tround 5: 0.49360706571408136\n'
[2024-06-11 23:19:08,145][flwr][INFO] - 	 '\tround 6: 0.3857076123191516\n'
[2024-06-11 23:19:08,145][flwr][INFO] - 	 '\tround 7: 0.4554267122669849\n'
[2024-06-11 23:19:08,146][flwr][INFO] - 	 '\tround 8: 0.35390929308696706\n'
[2024-06-11 23:19:08,146][flwr][INFO] - 	 '\tround 9: 0.23022343888913838\n'
[2024-06-11 23:19:08,147][flwr][INFO] - 	 '\tround 10: 0.34704735070909554\n'
[2024-06-11 23:19:08,147][flwr][INFO] - 	 '\tround 11: 0.24644793359073897\n'
[2024-06-11 23:19:08,147][flwr][INFO] - 	 '\tround 12: 0.46095751104678523\n'
[2024-06-11 23:19:08,147][flwr][INFO] - 	 '\tround 13: 0.3229334379171491\n'
[2024-06-11 23:19:08,147][flwr][INFO] - 	 '\tround 14: 0.222654452388874\n'
[2024-06-11 23:19:08,147][flwr][INFO] - 	 '\tround 15: 0.34347942774160795\n'
[2024-06-11 23:19:08,147][flwr][INFO] - 	 '\tround 16: 0.2319034652933484\n'
[2024-06-11 23:19:08,147][flwr][INFO] - 	 '\tround 17: 0.24377555543824614\n'
[2024-06-11 23:19:08,147][flwr][INFO] - 	 '\tround 18: 0.26989303267828696\n'
[2024-06-11 23:19:08,151][flwr][INFO] - 	 '\tround 19: 0.2033473541864665\n'
[2024-06-11 23:19:08,151][flwr][INFO] - 	 '\tround 20: 0.24593504012713713\n'
[2024-06-11 23:19:08,152][flwr][INFO] - 	 '\tround 21: 0.24282642106036692\n'
[2024-06-11 23:19:08,152][flwr][INFO] - 	 '\tround 22: 0.19396954499685717\n'
[2024-06-11 23:19:08,152][flwr][INFO] - 	 '\tround 23: 0.19285727634362454\n'
[2024-06-11 23:19:08,153][flwr][INFO] - 	 '\tround 24: 0.1960908376475567\n'
[2024-06-11 23:19:08,153][flwr][INFO] - 	 '\tround 25: 0.1628623301743069\n'
[2024-06-11 23:19:08,153][flwr][INFO] - 	 '\tround 26: 0.16314759638719303\n'
[2024-06-11 23:19:08,154][flwr][INFO] - 	 '\tround 27: 0.14259289084619423\n'
[2024-06-11 23:19:08,154][flwr][INFO] - 	 '\tround 28: 0.13048626047768677\n'
[2024-06-11 23:19:08,155][flwr][INFO] - 	 '\tround 29: 0.12805607635271782\n'
[2024-06-11 23:19:08,155][flwr][INFO] - 	 '\tround 30: 0.14473465053981674\n'
[2024-06-11 23:19:08,155][flwr][INFO] - 	 '\tround 31: 0.13371617790637574\n'
[2024-06-11 23:19:08,155][flwr][INFO] - 	 '\tround 32: 0.13655031576671206\n'
[2024-06-11 23:19:08,155][flwr][INFO] - 	 '\tround 33: 0.10311543775873769\n'
[2024-06-11 23:19:08,158][flwr][INFO] - 	 '\tround 34: 0.1183549625674499\n'
[2024-06-11 23:19:08,158][flwr][INFO] - 	 '\tround 35: 0.08572918982338212\n'
[2024-06-11 23:19:08,159][flwr][INFO] - 	 '\tround 36: 0.10930057682772203\n'
[2024-06-11 23:19:08,159][flwr][INFO] - 	 '\tround 37: 0.12058446844783641\n'
[2024-06-11 23:19:08,160][flwr][INFO] - 	 '\tround 38: 0.1054085320371672\n'
[2024-06-11 23:19:08,160][flwr][INFO] - 	 '\tround 39: 0.10731095589499484\n'
[2024-06-11 23:19:08,161][flwr][INFO] - 	 '\tround 40: 0.10262086844746984\n'
[2024-06-11 23:19:08,161][flwr][INFO] - 	 '\tround 41: 0.09665879437676662\n'
[2024-06-11 23:19:08,161][flwr][INFO] - 	 '\tround 42: 0.08134366176708173\n'
[2024-06-11 23:19:08,162][flwr][INFO] - 	 '\tround 43: 0.10516668433882319\n'
[2024-06-11 23:19:08,162][flwr][INFO] - 	 '\tround 44: 0.09253976380720297\n'
[2024-06-11 23:19:08,163][flwr][INFO] - 	 '\tround 45: 0.0929335654582831\n'
[2024-06-11 23:19:08,164][flwr][INFO] - 	 '\tround 46: 0.11138885265367589\n'
[2024-06-11 23:19:08,164][flwr][INFO] - 	 '\tround 47: 0.08817857686174127\n'
[2024-06-11 23:19:08,165][flwr][INFO] - 	 '\tround 48: 0.08384036822279475\n'
[2024-06-11 23:19:08,165][flwr][INFO] - 	 '\tround 49: 0.08885937909805239\n'
[2024-06-11 23:19:08,165][flwr][INFO] - 	 '\tround 50: 0.08583558771852426\n')History (metrics, centralized):
[2024-06-11 23:19:08,165][flwr][INFO] - 	{'mae_loss, mse_loss': [(0, (37.18470817565918, 1384.849095347857)),
[2024-06-11 23:19:08,168][flwr][INFO] - 	                        (1, (0.8417230224609383, 0.7173435050095447)),
[2024-06-11 23:19:08,168][flwr][INFO] - 	                        (2, (0.9401330566406259, 1.389813954503977)),
[2024-06-11 23:19:08,169][flwr][INFO] - 	                        (3, (0.7155274963378915, 0.5169339610080945)),
[2024-06-11 23:19:08,169][flwr][INFO] - 	                        (4, (0.8771017456054679, 1.1265868935754988)),
[2024-06-11 23:19:08,170][flwr][INFO] - 	                        (5, (0.6026719665527352, 0.49360706571408136)),
[2024-06-11 23:19:08,170][flwr][INFO] - 	                        (6, (0.5502389526367196, 0.38570761231915157)),
[2024-06-11 23:19:08,170][flwr][INFO] - 	                        (7, (0.550345001220704, 0.4554267122669849)),
[2024-06-11 23:19:08,170][flwr][INFO] - 	                        (8, (0.5111764526367196, 0.35390929308696706)),
[2024-06-11 23:19:08,171][flwr][INFO] - 	                        (9, (0.4526551818847665, 0.23022343888913838)),
[2024-06-11 23:19:08,171][flwr][INFO] - 	                        (10, (0.42155303955078266, 0.34704735070909554)),
[2024-06-11 23:19:08,172][flwr][INFO] - 	                        (11, (0.4672891235351571, 0.24644793359073897)),
[2024-06-11 23:19:08,172][flwr][INFO] - 	                        (12, (0.5813121032714846, 0.46095751104678523)),
[2024-06-11 23:19:08,172][flwr][INFO] - 	                        (13, (0.49320098876953156, 0.3229334379171492)),
[2024-06-11 23:19:08,173][flwr][INFO] - 	                        (14, (0.4098672485351571, 0.222654452388874)),
[2024-06-11 23:19:08,173][flwr][INFO] - 	                        (15, (0.5145495605468753, 0.34347942774160795)),
[2024-06-11 23:19:08,174][flwr][INFO] - 	                        (16, (0.422037048339844, 0.2319034652933484)),
[2024-06-11 23:19:08,174][flwr][INFO] - 	                        (17, (0.43827926635742215, 0.24377555543824614)),
[2024-06-11 23:19:08,175][flwr][INFO] - 	                        (18, (0.4667918395996097, 0.26989303267828696)),
[2024-06-11 23:19:08,175][flwr][INFO] - 	                        (19, (0.4020587158203128, 0.2033473541864665)),
[2024-06-11 23:19:08,176][flwr][INFO] - 	                        (20, (0.4473353576660159, 0.24593504012713713)),
[2024-06-11 23:19:08,177][flwr][INFO] - 	                        (21, (0.4461322021484378, 0.24282642106036692)),
[2024-06-11 23:19:08,177][flwr][INFO] - 	                        (22, (0.3995356750488284, 0.19396954499685717)),
[2024-06-11 23:19:08,178][flwr][INFO] - 	                        (23, (0.4001063537597659, 0.19285727634362454)),
[2024-06-11 23:19:08,178][flwr][INFO] - 	                        (24, (0.4050990295410159, 0.1960908376475567)),
[2024-06-11 23:19:08,179][flwr][INFO] - 	                        (25, (0.369137878417969, 0.16286233017430687)),
[2024-06-11 23:19:08,179][flwr][INFO] - 	                        (26, (0.3701831054687503, 0.16314759638719303)),
[2024-06-11 23:19:08,180][flwr][INFO] - 	                        (27, (0.34448348999023465, 0.14259289084619423)),
[2024-06-11 23:19:08,180][flwr][INFO] - 	                        (28, (0.32908813476562526, 0.13048626047768677)),
[2024-06-11 23:19:08,180][flwr][INFO] - 	                        (29, (0.32704193115234403, 0.12805607635271782)),
[2024-06-11 23:19:08,180][flwr][INFO] - 	                        (30, (0.35259811401367214, 0.14473465053981674)),
[2024-06-11 23:19:08,180][flwr][INFO] - 	                        (31, (0.3390750122070315, 0.13371617790637574)),
[2024-06-11 23:19:08,180][flwr][INFO] - 	                        (32, (0.3437434387207034, 0.13655031576671206)),
[2024-06-11 23:19:08,180][flwr][INFO] - 	                        (33, (0.2931636047363284, 0.1031154377587377)),
[2024-06-11 23:19:08,185][flwr][INFO] - 	                        (34, (0.3207179260253909, 0.1183549625674499)),
[2024-06-11 23:19:08,185][flwr][INFO] - 	                        (35, (0.25937530517578156, 0.08572918982338211)),
[2024-06-11 23:19:08,185][flwr][INFO] - 	                        (36, (0.3088336181640628, 0.10930057682772203)),
[2024-06-11 23:19:08,186][flwr][INFO] - 	                        (37, (0.3263934326171878, 0.12058446844783641)),
[2024-06-11 23:19:08,186][flwr][INFO] - 	                        (38, (0.30435211181640653, 0.1054085320371672)),
[2024-06-11 23:19:08,186][flwr][INFO] - 	                        (39, (0.30860092163085967, 0.10731095589499487)),
[2024-06-11 23:19:08,187][flwr][INFO] - 	                        (40, (0.3012026977539065, 0.10262086844746984)),
[2024-06-11 23:19:08,187][flwr][INFO] - 	                        (41, (0.29298583984375026, 0.09665879437676662)),
[2024-06-11 23:19:08,187][flwr][INFO] - 	                        (42, (0.2653559875488284, 0.08134366176708174)),
[2024-06-11 23:19:08,187][flwr][INFO] - 	                        (43, (0.3047991943359378, 0.10516668433882322)),
[2024-06-11 23:19:08,187][flwr][INFO] - 	                        (44, (0.28709823608398466, 0.09253976380720297)),
[2024-06-11 23:19:08,187][flwr][INFO] - 	                        (45, (0.2883380126953128, 0.0929335654582831)),
[2024-06-11 23:19:08,187][flwr][INFO] - 	                        (46, (0.3136683654785159, 0.11138885265367589)),
[2024-06-11 23:19:08,187][flwr][INFO] - 	                        (47, (0.2807086181640628, 0.08817857686174127)),
[2024-06-11 23:19:08,187][flwr][INFO] - 	                        (48, (0.2737513732910159, 0.08384036822279475)),
[2024-06-11 23:19:08,191][flwr][INFO] - 	                        (49, (0.2819476318359378, 0.08885937909805239)),
[2024-06-11 23:19:08,191][flwr][INFO] - 	                        (50, (0.27655364990234405, 0.08583558771852426))]}
[2024-06-11 23:19:08,192][flwr][INFO] - 
