[2024-05-30 14:34:00,213][flwr][INFO] - Starting Flower simulation, config: num_rounds=50, no round_timeout
[2024-05-30 14:34:06,182][flwr][INFO] - Flower VCE: Ray initialized with resources: {'CPU': 8.0, 'node:__internal_head__': 1.0, 'object_store_memory': 3692632473.0, 'memory': 7385264948.0, 'node:127.0.0.1': 1.0}
[2024-05-30 14:34:06,183][flwr][INFO] - Optimize your simulation with Flower VCE: https://flower.ai/docs/framework/how-to-run-simulations.html
[2024-05-30 14:34:06,184][flwr][INFO] - Flower VCE: Resources for each Virtual Client: {'num_cpus': 2, 'num_gpus': 0.0}
[2024-05-30 14:34:06,193][flwr][INFO] - Flower VCE: Creating VirtualClientEngineActorPool with 4 actors
[2024-05-30 14:34:06,193][flwr][INFO] - [INIT]
[2024-05-30 14:34:06,194][flwr][INFO] - Requesting initial parameters from one random client
[2024-05-30 14:34:10,837][flwr][INFO] - Received initial parameters from one random client
[2024-05-30 14:34:10,838][flwr][INFO] - Evaluating initial global parameters
[2024-05-30 14:34:10,839][flwr][INFO] - 
[2024-05-30 14:34:10,840][flwr][INFO] - [ROUND 1]
[2024-05-30 14:34:10,841][flwr][INFO] - configure_fit: strategy sampled 25 clients (out of 25)
[2024-05-30 14:50:05,804][flwr][INFO] - aggregate_fit: received 25 results and 0 failures
[2024-05-30 14:50:05,823][flwr][WARNING] - No fit_metrics_aggregation_fn provided
[2024-05-30 14:50:05,824][flwr][INFO] - configure_evaluate: strategy sampled 25 clients (out of 25)
[2024-05-30 14:50:48,363][flwr][INFO] - aggregate_evaluate: received 25 results and 0 failures
[2024-05-30 14:50:48,364][flwr][WARNING] - No evaluate_metrics_aggregation_fn provided
[2024-05-30 14:50:48,364][flwr][INFO] - 
[2024-05-30 14:50:48,365][flwr][INFO] - [ROUND 2]
[2024-05-30 14:50:48,365][flwr][INFO] - configure_fit: strategy sampled 25 clients (out of 25)
[2024-05-30 15:06:22,801][flwr][INFO] - aggregate_fit: received 25 results and 0 failures
[2024-05-30 15:06:22,820][flwr][INFO] - configure_evaluate: strategy sampled 25 clients (out of 25)
[2024-05-30 15:07:04,958][flwr][INFO] - aggregate_evaluate: received 25 results and 0 failures
[2024-05-30 15:07:04,959][flwr][INFO] - 
[2024-05-30 15:07:04,960][flwr][INFO] - [ROUND 3]
[2024-05-30 15:07:04,960][flwr][INFO] - configure_fit: strategy sampled 25 clients (out of 25)
[2024-05-30 15:22:11,481][flwr][INFO] - aggregate_fit: received 25 results and 0 failures
[2024-05-30 15:22:11,501][flwr][INFO] - configure_evaluate: strategy sampled 25 clients (out of 25)
[2024-05-30 15:22:52,542][flwr][INFO] - aggregate_evaluate: received 25 results and 0 failures
[2024-05-30 15:22:52,543][flwr][INFO] - 
[2024-05-30 15:22:52,544][flwr][INFO] - [ROUND 4]
[2024-05-30 15:22:52,544][flwr][INFO] - configure_fit: strategy sampled 25 clients (out of 25)
[2024-05-30 15:37:58,623][flwr][INFO] - aggregate_fit: received 25 results and 0 failures
[2024-05-30 15:37:58,643][flwr][INFO] - configure_evaluate: strategy sampled 25 clients (out of 25)
[2024-05-30 15:38:39,928][flwr][INFO] - aggregate_evaluate: received 25 results and 0 failures
[2024-05-30 15:38:39,929][flwr][INFO] - 
[2024-05-30 15:38:39,929][flwr][INFO] - [ROUND 5]
[2024-05-30 15:38:39,930][flwr][INFO] - configure_fit: strategy sampled 25 clients (out of 25)
[2024-05-30 15:53:46,876][flwr][INFO] - aggregate_fit: received 25 results and 0 failures
[2024-05-30 15:53:46,896][flwr][INFO] - configure_evaluate: strategy sampled 25 clients (out of 25)
[2024-05-30 15:54:28,060][flwr][INFO] - aggregate_evaluate: received 25 results and 0 failures
[2024-05-30 15:54:28,060][flwr][INFO] - 
[2024-05-30 15:54:28,061][flwr][INFO] - [ROUND 6]
[2024-05-30 15:54:28,062][flwr][INFO] - configure_fit: strategy sampled 25 clients (out of 25)
[2024-05-30 16:09:39,363][flwr][INFO] - aggregate_fit: received 25 results and 0 failures
[2024-05-30 16:09:39,390][flwr][INFO] - configure_evaluate: strategy sampled 25 clients (out of 25)
[2024-05-30 16:10:20,522][flwr][INFO] - aggregate_evaluate: received 25 results and 0 failures
[2024-05-30 16:10:20,523][flwr][INFO] - 
[2024-05-30 16:10:20,523][flwr][INFO] - [ROUND 7]
[2024-05-30 16:10:20,525][flwr][INFO] - configure_fit: strategy sampled 25 clients (out of 25)
[2024-05-30 16:25:59,308][flwr][INFO] - aggregate_fit: received 25 results and 0 failures
[2024-05-30 16:25:59,329][flwr][INFO] - configure_evaluate: strategy sampled 25 clients (out of 25)
[2024-05-30 16:26:42,992][flwr][INFO] - aggregate_evaluate: received 25 results and 0 failures
[2024-05-30 16:26:42,993][flwr][INFO] - 
[2024-05-30 16:26:42,994][flwr][INFO] - [ROUND 8]
[2024-05-30 16:26:42,995][flwr][INFO] - configure_fit: strategy sampled 25 clients (out of 25)
[2024-05-30 16:42:08,178][flwr][INFO] - aggregate_fit: received 25 results and 0 failures
[2024-05-30 16:42:08,198][flwr][INFO] - configure_evaluate: strategy sampled 25 clients (out of 25)
[2024-05-30 16:42:50,920][flwr][INFO] - aggregate_evaluate: received 25 results and 0 failures
[2024-05-30 16:42:50,921][flwr][INFO] - 
[2024-05-30 16:42:50,922][flwr][INFO] - [ROUND 9]
[2024-05-30 16:42:50,923][flwr][INFO] - configure_fit: strategy sampled 25 clients (out of 25)
[2024-05-30 16:58:14,354][flwr][INFO] - aggregate_fit: received 25 results and 0 failures
[2024-05-30 16:58:14,373][flwr][INFO] - configure_evaluate: strategy sampled 25 clients (out of 25)
[2024-05-30 16:58:56,999][flwr][INFO] - aggregate_evaluate: received 25 results and 0 failures
[2024-05-30 16:58:57,000][flwr][INFO] - 
[2024-05-30 16:58:57,000][flwr][INFO] - [ROUND 10]
[2024-05-30 16:58:57,001][flwr][INFO] - configure_fit: strategy sampled 25 clients (out of 25)
[2024-05-30 17:14:19,938][flwr][INFO] - aggregate_fit: received 25 results and 0 failures
[2024-05-30 17:14:19,958][flwr][INFO] - configure_evaluate: strategy sampled 25 clients (out of 25)
[2024-05-30 17:15:02,073][flwr][INFO] - aggregate_evaluate: received 25 results and 0 failures
[2024-05-30 17:15:02,074][flwr][INFO] - 
[2024-05-30 17:15:02,075][flwr][INFO] - [ROUND 11]
[2024-05-30 17:15:02,075][flwr][INFO] - configure_fit: strategy sampled 25 clients (out of 25)
[2024-05-30 17:30:47,931][flwr][INFO] - aggregate_fit: received 25 results and 0 failures
[2024-05-30 17:30:47,960][flwr][INFO] - configure_evaluate: strategy sampled 25 clients (out of 25)
[2024-05-30 17:31:33,137][flwr][INFO] - aggregate_evaluate: received 25 results and 0 failures
[2024-05-30 17:31:33,138][flwr][INFO] - 
[2024-05-30 17:31:33,139][flwr][INFO] - [ROUND 12]
[2024-05-30 17:31:33,140][flwr][INFO] - configure_fit: strategy sampled 25 clients (out of 25)
[2024-05-30 17:47:41,977][flwr][INFO] - aggregate_fit: received 25 results and 0 failures
[2024-05-30 17:47:41,998][flwr][INFO] - configure_evaluate: strategy sampled 25 clients (out of 25)
[2024-05-30 17:48:25,146][flwr][INFO] - aggregate_evaluate: received 25 results and 0 failures
[2024-05-30 17:48:25,147][flwr][INFO] - 
[2024-05-30 17:48:25,148][flwr][INFO] - [ROUND 13]
[2024-05-30 17:48:25,148][flwr][INFO] - configure_fit: strategy sampled 25 clients (out of 25)
[2024-05-30 18:04:17,671][flwr][INFO] - aggregate_fit: received 25 results and 0 failures
[2024-05-30 18:04:17,694][flwr][INFO] - configure_evaluate: strategy sampled 25 clients (out of 25)
[2024-05-30 18:05:02,160][flwr][INFO] - aggregate_evaluate: received 25 results and 0 failures
[2024-05-30 18:05:02,161][flwr][INFO] - 
[2024-05-30 18:05:02,162][flwr][INFO] - [ROUND 14]
[2024-05-30 18:05:02,163][flwr][INFO] - configure_fit: strategy sampled 25 clients (out of 25)
[2024-05-30 18:20:30,744][flwr][INFO] - aggregate_fit: received 25 results and 0 failures
[2024-05-30 18:20:30,767][flwr][INFO] - configure_evaluate: strategy sampled 25 clients (out of 25)
[2024-05-30 18:21:13,191][flwr][INFO] - aggregate_evaluate: received 25 results and 0 failures
[2024-05-30 18:21:13,192][flwr][INFO] - 
[2024-05-30 18:21:13,193][flwr][INFO] - [ROUND 15]
[2024-05-30 18:21:13,194][flwr][INFO] - configure_fit: strategy sampled 25 clients (out of 25)
[2024-05-30 18:36:26,016][flwr][INFO] - aggregate_fit: received 25 results and 0 failures
[2024-05-30 18:36:26,037][flwr][INFO] - configure_evaluate: strategy sampled 25 clients (out of 25)
[2024-05-30 18:37:08,061][flwr][INFO] - aggregate_evaluate: received 25 results and 0 failures
[2024-05-30 18:37:08,062][flwr][INFO] - 
[2024-05-30 18:37:08,063][flwr][INFO] - [ROUND 16]
[2024-05-30 18:37:08,064][flwr][INFO] - configure_fit: strategy sampled 25 clients (out of 25)
[2024-05-30 18:52:20,213][flwr][INFO] - aggregate_fit: received 25 results and 0 failures
[2024-05-30 18:52:20,232][flwr][INFO] - configure_evaluate: strategy sampled 25 clients (out of 25)
[2024-05-30 18:53:01,425][flwr][INFO] - aggregate_evaluate: received 25 results and 0 failures
[2024-05-30 18:53:01,425][flwr][INFO] - 
[2024-05-30 18:53:01,426][flwr][INFO] - [ROUND 17]
[2024-05-30 18:53:01,427][flwr][INFO] - configure_fit: strategy sampled 25 clients (out of 25)
[2024-05-30 19:08:52,003][flwr][INFO] - aggregate_fit: received 25 results and 0 failures
[2024-05-30 19:08:52,022][flwr][INFO] - configure_evaluate: strategy sampled 25 clients (out of 25)
[2024-05-30 19:09:37,735][flwr][INFO] - aggregate_evaluate: received 25 results and 0 failures
[2024-05-30 19:09:37,736][flwr][INFO] - 
[2024-05-30 19:09:37,737][flwr][INFO] - [ROUND 18]
[2024-05-30 19:09:37,737][flwr][INFO] - configure_fit: strategy sampled 25 clients (out of 25)
[2024-05-30 19:26:01,822][flwr][INFO] - aggregate_fit: received 25 results and 0 failures
[2024-05-30 19:26:01,841][flwr][INFO] - configure_evaluate: strategy sampled 25 clients (out of 25)
[2024-05-30 19:26:45,910][flwr][INFO] - aggregate_evaluate: received 25 results and 0 failures
[2024-05-30 19:26:45,911][flwr][INFO] - 
[2024-05-30 19:26:45,912][flwr][INFO] - [ROUND 19]
[2024-05-30 19:26:45,913][flwr][INFO] - configure_fit: strategy sampled 25 clients (out of 25)
[2024-05-30 19:42:41,797][flwr][INFO] - aggregate_fit: received 25 results and 0 failures
[2024-05-30 19:42:41,817][flwr][INFO] - configure_evaluate: strategy sampled 25 clients (out of 25)
[2024-05-30 19:43:24,817][flwr][INFO] - aggregate_evaluate: received 25 results and 0 failures
[2024-05-30 19:43:24,817][flwr][INFO] - 
[2024-05-30 19:43:24,818][flwr][INFO] - [ROUND 20]
[2024-05-30 19:43:24,819][flwr][INFO] - configure_fit: strategy sampled 25 clients (out of 25)
[2024-05-30 19:58:41,075][flwr][INFO] - aggregate_fit: received 25 results and 0 failures
[2024-05-30 19:58:41,094][flwr][INFO] - configure_evaluate: strategy sampled 25 clients (out of 25)
[2024-05-30 19:59:22,374][flwr][INFO] - aggregate_evaluate: received 25 results and 0 failures
[2024-05-30 19:59:22,374][flwr][INFO] - 
[2024-05-30 19:59:22,375][flwr][INFO] - [ROUND 21]
[2024-05-30 19:59:22,376][flwr][INFO] - configure_fit: strategy sampled 25 clients (out of 25)
[2024-05-30 20:14:30,642][flwr][INFO] - aggregate_fit: received 25 results and 0 failures
[2024-05-30 20:14:30,661][flwr][INFO] - configure_evaluate: strategy sampled 25 clients (out of 25)
[2024-05-30 20:15:12,078][flwr][INFO] - aggregate_evaluate: received 25 results and 0 failures
[2024-05-30 20:15:12,079][flwr][INFO] - 
[2024-05-30 20:15:12,079][flwr][INFO] - [ROUND 22]
[2024-05-30 20:15:12,080][flwr][INFO] - configure_fit: strategy sampled 25 clients (out of 25)
[2024-05-30 20:30:42,585][flwr][INFO] - aggregate_fit: received 25 results and 0 failures
[2024-05-30 20:30:42,604][flwr][INFO] - configure_evaluate: strategy sampled 25 clients (out of 25)
[2024-05-30 20:31:25,232][flwr][INFO] - aggregate_evaluate: received 25 results and 0 failures
[2024-05-30 20:31:25,233][flwr][INFO] - 
[2024-05-30 20:31:25,233][flwr][INFO] - [ROUND 23]
[2024-05-30 20:31:25,234][flwr][INFO] - configure_fit: strategy sampled 25 clients (out of 25)
[2024-05-30 20:47:42,260][flwr][INFO] - aggregate_fit: received 25 results and 0 failures
[2024-05-30 20:47:42,280][flwr][INFO] - configure_evaluate: strategy sampled 25 clients (out of 25)
[2024-05-30 20:48:26,309][flwr][INFO] - aggregate_evaluate: received 25 results and 0 failures
[2024-05-30 20:48:26,310][flwr][INFO] - 
[2024-05-30 20:48:26,311][flwr][INFO] - [ROUND 24]
[2024-05-30 20:48:26,311][flwr][INFO] - configure_fit: strategy sampled 25 clients (out of 25)
[2024-05-30 21:04:35,146][flwr][INFO] - aggregate_fit: received 25 results and 0 failures
[2024-05-30 21:04:35,169][flwr][INFO] - configure_evaluate: strategy sampled 25 clients (out of 25)
[2024-05-30 21:05:20,560][flwr][INFO] - aggregate_evaluate: received 25 results and 0 failures
[2024-05-30 21:05:20,561][flwr][INFO] - 
[2024-05-30 21:05:20,562][flwr][INFO] - [ROUND 25]
[2024-05-30 21:05:20,562][flwr][INFO] - configure_fit: strategy sampled 25 clients (out of 25)
[2024-05-30 21:21:02,393][flwr][INFO] - aggregate_fit: received 25 results and 0 failures
[2024-05-30 21:21:02,412][flwr][INFO] - configure_evaluate: strategy sampled 25 clients (out of 25)
[2024-05-30 21:21:46,131][flwr][INFO] - aggregate_evaluate: received 25 results and 0 failures
[2024-05-30 21:21:46,132][flwr][INFO] - 
[2024-05-30 21:21:46,133][flwr][INFO] - [ROUND 26]
[2024-05-30 21:21:46,133][flwr][INFO] - configure_fit: strategy sampled 25 clients (out of 25)
[2024-05-30 21:37:00,581][flwr][INFO] - aggregate_fit: received 25 results and 0 failures
[2024-05-30 21:37:00,604][flwr][INFO] - configure_evaluate: strategy sampled 25 clients (out of 25)
[2024-05-30 21:37:41,943][flwr][INFO] - aggregate_evaluate: received 25 results and 0 failures
[2024-05-30 21:37:41,944][flwr][INFO] - 
[2024-05-30 21:37:41,944][flwr][INFO] - [ROUND 27]
[2024-05-30 21:37:41,945][flwr][INFO] - configure_fit: strategy sampled 25 clients (out of 25)
[2024-05-30 21:52:48,225][flwr][INFO] - aggregate_fit: received 25 results and 0 failures
[2024-05-30 21:52:48,243][flwr][INFO] - configure_evaluate: strategy sampled 25 clients (out of 25)
[2024-05-30 21:53:29,716][flwr][INFO] - aggregate_evaluate: received 25 results and 0 failures
[2024-05-30 21:53:29,717][flwr][INFO] - 
[2024-05-30 21:53:29,717][flwr][INFO] - [ROUND 28]
[2024-05-30 21:53:29,718][flwr][INFO] - configure_fit: strategy sampled 25 clients (out of 25)
[2024-05-30 22:08:35,166][flwr][INFO] - aggregate_fit: received 25 results and 0 failures
[2024-05-30 22:08:35,185][flwr][INFO] - configure_evaluate: strategy sampled 25 clients (out of 25)
[2024-05-30 22:09:16,208][flwr][INFO] - aggregate_evaluate: received 25 results and 0 failures
[2024-05-30 22:09:16,209][flwr][INFO] - 
[2024-05-30 22:09:16,210][flwr][INFO] - [ROUND 29]
[2024-05-30 22:09:16,211][flwr][INFO] - configure_fit: strategy sampled 25 clients (out of 25)
[2024-05-30 22:24:42,137][flwr][INFO] - aggregate_fit: received 25 results and 0 failures
[2024-05-30 22:24:42,161][flwr][INFO] - configure_evaluate: strategy sampled 25 clients (out of 25)
[2024-05-30 22:25:23,648][flwr][INFO] - aggregate_evaluate: received 25 results and 0 failures
[2024-05-30 22:25:23,648][flwr][INFO] - 
[2024-05-30 22:25:23,649][flwr][INFO] - [ROUND 30]
[2024-05-30 22:25:23,650][flwr][INFO] - configure_fit: strategy sampled 25 clients (out of 25)
[2024-05-30 22:41:33,950][flwr][INFO] - aggregate_fit: received 25 results and 0 failures
[2024-05-30 22:41:33,971][flwr][INFO] - configure_evaluate: strategy sampled 25 clients (out of 25)
[2024-05-30 22:42:25,718][flwr][INFO] - aggregate_evaluate: received 25 results and 0 failures
[2024-05-30 22:42:25,719][flwr][INFO] - 
[2024-05-30 22:42:25,720][flwr][INFO] - [ROUND 31]
[2024-05-30 22:42:25,721][flwr][INFO] - configure_fit: strategy sampled 25 clients (out of 25)
[2024-05-30 23:00:37,823][flwr][INFO] - aggregate_fit: received 25 results and 0 failures
[2024-05-30 23:00:37,842][flwr][INFO] - configure_evaluate: strategy sampled 25 clients (out of 25)
[2024-05-30 23:01:21,914][flwr][INFO] - aggregate_evaluate: received 25 results and 0 failures
[2024-05-30 23:01:21,914][flwr][INFO] - 
[2024-05-30 23:01:21,915][flwr][INFO] - [ROUND 32]
[2024-05-30 23:01:21,916][flwr][INFO] - configure_fit: strategy sampled 25 clients (out of 25)
[2024-05-30 23:16:51,313][flwr][INFO] - aggregate_fit: received 25 results and 0 failures
[2024-05-30 23:16:51,333][flwr][INFO] - configure_evaluate: strategy sampled 25 clients (out of 25)
[2024-05-30 23:17:33,510][flwr][INFO] - aggregate_evaluate: received 25 results and 0 failures
[2024-05-30 23:17:33,511][flwr][INFO] - 
[2024-05-30 23:17:33,511][flwr][INFO] - [ROUND 33]
[2024-05-30 23:17:33,512][flwr][INFO] - configure_fit: strategy sampled 25 clients (out of 25)
[2024-05-30 23:33:09,591][flwr][INFO] - aggregate_fit: received 25 results and 0 failures
[2024-05-30 23:33:09,611][flwr][INFO] - configure_evaluate: strategy sampled 25 clients (out of 25)
[2024-05-30 23:33:52,514][flwr][INFO] - aggregate_evaluate: received 25 results and 0 failures
[2024-05-30 23:33:52,515][flwr][INFO] - 
[2024-05-30 23:33:52,515][flwr][INFO] - [ROUND 34]
[2024-05-30 23:33:52,516][flwr][INFO] - configure_fit: strategy sampled 25 clients (out of 25)
[2024-05-30 23:49:13,536][flwr][INFO] - aggregate_fit: received 25 results and 0 failures
[2024-05-30 23:49:13,555][flwr][INFO] - configure_evaluate: strategy sampled 25 clients (out of 25)
[2024-05-30 23:49:55,669][flwr][INFO] - aggregate_evaluate: received 25 results and 0 failures
[2024-05-30 23:49:55,670][flwr][INFO] - 
[2024-05-30 23:49:55,671][flwr][INFO] - [ROUND 35]
[2024-05-30 23:49:55,672][flwr][INFO] - configure_fit: strategy sampled 25 clients (out of 25)
[2024-05-31 00:05:08,467][flwr][INFO] - aggregate_fit: received 25 results and 0 failures
[2024-05-31 00:05:08,486][flwr][INFO] - configure_evaluate: strategy sampled 25 clients (out of 25)
[2024-05-31 00:05:49,504][flwr][INFO] - aggregate_evaluate: received 25 results and 0 failures
[2024-05-31 00:05:49,505][flwr][INFO] - 
[2024-05-31 00:05:49,506][flwr][INFO] - [ROUND 36]
[2024-05-31 00:05:49,507][flwr][INFO] - configure_fit: strategy sampled 25 clients (out of 25)
[2024-05-31 00:20:53,977][flwr][INFO] - aggregate_fit: received 25 results and 0 failures
[2024-05-31 00:20:54,001][flwr][INFO] - configure_evaluate: strategy sampled 25 clients (out of 25)
[2024-05-31 00:21:34,942][flwr][INFO] - aggregate_evaluate: received 25 results and 0 failures
[2024-05-31 00:21:34,943][flwr][INFO] - 
[2024-05-31 00:21:34,944][flwr][INFO] - [ROUND 37]
[2024-05-31 00:21:34,944][flwr][INFO] - configure_fit: strategy sampled 25 clients (out of 25)
[2024-05-31 00:36:41,956][flwr][INFO] - aggregate_fit: received 25 results and 0 failures
[2024-05-31 00:36:41,975][flwr][INFO] - configure_evaluate: strategy sampled 25 clients (out of 25)
[2024-05-31 00:37:22,999][flwr][INFO] - aggregate_evaluate: received 25 results and 0 failures
[2024-05-31 00:37:23,000][flwr][INFO] - 
[2024-05-31 00:37:23,000][flwr][INFO] - [ROUND 38]
[2024-05-31 00:37:23,001][flwr][INFO] - configure_fit: strategy sampled 25 clients (out of 25)
[2024-05-31 00:52:28,357][flwr][INFO] - aggregate_fit: received 25 results and 0 failures
[2024-05-31 00:52:28,376][flwr][INFO] - configure_evaluate: strategy sampled 25 clients (out of 25)
[2024-05-31 00:53:09,462][flwr][INFO] - aggregate_evaluate: received 25 results and 0 failures
[2024-05-31 00:53:09,463][flwr][INFO] - 
[2024-05-31 00:53:09,464][flwr][INFO] - [ROUND 39]
[2024-05-31 00:53:09,465][flwr][INFO] - configure_fit: strategy sampled 25 clients (out of 25)
[2024-05-31 01:08:15,592][flwr][INFO] - aggregate_fit: received 25 results and 0 failures
[2024-05-31 01:08:15,610][flwr][INFO] - configure_evaluate: strategy sampled 25 clients (out of 25)
[2024-05-31 01:08:56,529][flwr][INFO] - aggregate_evaluate: received 25 results and 0 failures
[2024-05-31 01:08:56,530][flwr][INFO] - 
[2024-05-31 01:08:56,531][flwr][INFO] - [ROUND 40]
[2024-05-31 01:08:56,532][flwr][INFO] - configure_fit: strategy sampled 25 clients (out of 25)
[2024-05-31 01:24:01,344][flwr][INFO] - aggregate_fit: received 25 results and 0 failures
[2024-05-31 01:24:01,363][flwr][INFO] - configure_evaluate: strategy sampled 25 clients (out of 25)
[2024-05-31 01:24:42,394][flwr][INFO] - aggregate_evaluate: received 25 results and 0 failures
[2024-05-31 01:24:42,395][flwr][INFO] - 
[2024-05-31 01:24:42,396][flwr][INFO] - [ROUND 41]
[2024-05-31 01:24:42,397][flwr][INFO] - configure_fit: strategy sampled 25 clients (out of 25)
[2024-05-31 01:39:50,808][flwr][INFO] - aggregate_fit: received 25 results and 0 failures
[2024-05-31 01:39:50,827][flwr][INFO] - configure_evaluate: strategy sampled 25 clients (out of 25)
[2024-05-31 01:40:32,255][flwr][INFO] - aggregate_evaluate: received 25 results and 0 failures
[2024-05-31 01:40:32,256][flwr][INFO] - 
[2024-05-31 01:40:32,256][flwr][INFO] - [ROUND 42]
[2024-05-31 01:40:32,257][flwr][INFO] - configure_fit: strategy sampled 25 clients (out of 25)
[2024-05-31 01:55:36,775][flwr][INFO] - aggregate_fit: received 25 results and 0 failures
[2024-05-31 01:55:36,793][flwr][INFO] - configure_evaluate: strategy sampled 25 clients (out of 25)
[2024-05-31 01:56:17,759][flwr][INFO] - aggregate_evaluate: received 25 results and 0 failures
[2024-05-31 01:56:17,760][flwr][INFO] - 
[2024-05-31 01:56:17,761][flwr][INFO] - [ROUND 43]
[2024-05-31 01:56:17,761][flwr][INFO] - configure_fit: strategy sampled 25 clients (out of 25)
[2024-05-31 02:11:24,184][flwr][INFO] - aggregate_fit: received 25 results and 0 failures
[2024-05-31 02:11:24,203][flwr][INFO] - configure_evaluate: strategy sampled 25 clients (out of 25)
[2024-05-31 02:12:05,120][flwr][INFO] - aggregate_evaluate: received 25 results and 0 failures
[2024-05-31 02:12:05,121][flwr][INFO] - 
[2024-05-31 02:12:05,121][flwr][INFO] - [ROUND 44]
[2024-05-31 02:12:05,122][flwr][INFO] - configure_fit: strategy sampled 25 clients (out of 25)
[2024-05-31 02:27:10,568][flwr][INFO] - aggregate_fit: received 25 results and 0 failures
[2024-05-31 02:27:10,586][flwr][INFO] - configure_evaluate: strategy sampled 25 clients (out of 25)
[2024-05-31 02:27:51,802][flwr][INFO] - aggregate_evaluate: received 25 results and 0 failures
[2024-05-31 02:27:51,803][flwr][INFO] - 
[2024-05-31 02:27:51,804][flwr][INFO] - [ROUND 45]
[2024-05-31 02:27:51,804][flwr][INFO] - configure_fit: strategy sampled 25 clients (out of 25)
[2024-05-31 02:43:00,438][flwr][INFO] - aggregate_fit: received 25 results and 0 failures
[2024-05-31 02:43:00,457][flwr][INFO] - configure_evaluate: strategy sampled 25 clients (out of 25)
[2024-05-31 02:43:41,504][flwr][INFO] - aggregate_evaluate: received 25 results and 0 failures
[2024-05-31 02:43:41,505][flwr][INFO] - 
[2024-05-31 02:43:41,506][flwr][INFO] - [ROUND 46]
[2024-05-31 02:43:41,506][flwr][INFO] - configure_fit: strategy sampled 25 clients (out of 25)
[2024-05-31 02:58:54,219][flwr][INFO] - aggregate_fit: received 25 results and 0 failures
[2024-05-31 02:58:54,241][flwr][INFO] - configure_evaluate: strategy sampled 25 clients (out of 25)
[2024-05-31 02:59:35,641][flwr][INFO] - aggregate_evaluate: received 25 results and 0 failures
[2024-05-31 02:59:35,642][flwr][INFO] - 
[2024-05-31 02:59:35,643][flwr][INFO] - [ROUND 47]
[2024-05-31 02:59:35,644][flwr][INFO] - configure_fit: strategy sampled 25 clients (out of 25)
[2024-05-31 03:14:45,165][flwr][INFO] - aggregate_fit: received 25 results and 0 failures
[2024-05-31 03:14:45,184][flwr][INFO] - configure_evaluate: strategy sampled 25 clients (out of 25)
[2024-05-31 03:15:26,237][flwr][INFO] - aggregate_evaluate: received 25 results and 0 failures
[2024-05-31 03:15:26,239][flwr][INFO] - 
[2024-05-31 03:15:26,239][flwr][INFO] - [ROUND 48]
[2024-05-31 03:15:26,240][flwr][INFO] - configure_fit: strategy sampled 25 clients (out of 25)
[2024-05-31 03:30:34,111][flwr][INFO] - aggregate_fit: received 25 results and 0 failures
[2024-05-31 03:30:34,131][flwr][INFO] - configure_evaluate: strategy sampled 25 clients (out of 25)
[2024-05-31 03:31:15,477][flwr][INFO] - aggregate_evaluate: received 25 results and 0 failures
[2024-05-31 03:31:15,478][flwr][INFO] - 
[2024-05-31 03:31:15,479][flwr][INFO] - [ROUND 49]
[2024-05-31 03:31:15,479][flwr][INFO] - configure_fit: strategy sampled 25 clients (out of 25)
[2024-05-31 03:46:22,956][flwr][INFO] - aggregate_fit: received 25 results and 0 failures
[2024-05-31 03:46:22,975][flwr][INFO] - configure_evaluate: strategy sampled 25 clients (out of 25)
[2024-05-31 03:47:03,935][flwr][INFO] - aggregate_evaluate: received 25 results and 0 failures
[2024-05-31 03:47:03,936][flwr][INFO] - 
[2024-05-31 03:47:03,936][flwr][INFO] - [ROUND 50]
[2024-05-31 03:47:03,937][flwr][INFO] - configure_fit: strategy sampled 25 clients (out of 25)
[2024-05-31 04:02:08,936][flwr][INFO] - aggregate_fit: received 25 results and 0 failures
[2024-05-31 04:02:08,960][flwr][INFO] - configure_evaluate: strategy sampled 25 clients (out of 25)
[2024-05-31 04:02:49,933][flwr][INFO] - aggregate_evaluate: received 25 results and 0 failures
[2024-05-31 04:02:49,934][flwr][INFO] - 
[2024-05-31 04:02:49,934][flwr][INFO] - [SUMMARY]
[2024-05-31 04:02:49,935][flwr][INFO] - Run finished 50 rounds in 48519.10s
[2024-05-31 04:02:49,936][flwr][INFO] - History (loss, distributed):
[2024-05-31 04:02:49,937][flwr][INFO] - 	('\tround 1: 31.73266295665046\n'
[2024-05-31 04:02:49,937][flwr][INFO] - 	 '\tround 2: 30.238445730310215\n'
[2024-05-31 04:02:49,938][flwr][INFO] - 	 '\tround 3: 23.37984385677513\n'
[2024-05-31 04:02:49,938][flwr][INFO] - 	 '\tround 4: 20.20755932110214\n'
[2024-05-31 04:02:49,938][flwr][INFO] - 	 '\tround 5: 16.846188040396644\n'
[2024-05-31 04:02:49,939][flwr][INFO] - 	 '\tround 6: 13.753022702646447\n'
[2024-05-31 04:02:49,939][flwr][INFO] - 	 '\tround 7: 11.306808218319805\n'
[2024-05-31 04:02:49,940][flwr][INFO] - 	 '\tround 8: 9.17925874256313\n'
[2024-05-31 04:02:49,940][flwr][INFO] - 	 '\tround 9: 8.181273217620333\n'
[2024-05-31 04:02:49,940][flwr][INFO] - 	 '\tround 10: 10.680094333117292\n'
[2024-05-31 04:02:49,941][flwr][INFO] - 	 '\tround 11: 17.65590560222176\n'
[2024-05-31 04:02:49,941][flwr][INFO] - 	 '\tround 12: 10.548872502633147\n'
[2024-05-31 04:02:49,942][flwr][INFO] - 	 '\tround 13: 11.745450374396407\n'
[2024-05-31 04:02:49,942][flwr][INFO] - 	 '\tround 14: 8.974430440053654\n'
[2024-05-31 04:02:49,942][flwr][INFO] - 	 '\tround 15: 10.252782795275078\n'
[2024-05-31 04:02:49,943][flwr][INFO] - 	 '\tround 16: 9.25606087764724\n'
[2024-05-31 04:02:49,943][flwr][INFO] - 	 '\tround 17: 7.894832439175558\n'
[2024-05-31 04:02:49,944][flwr][INFO] - 	 '\tround 18: 7.227894223726103\n'
[2024-05-31 04:02:49,944][flwr][INFO] - 	 '\tround 19: 5.7092426352124654\n'
[2024-05-31 04:02:49,944][flwr][INFO] - 	 '\tround 20: 5.754132901170961\n'
[2024-05-31 04:02:49,945][flwr][INFO] - 	 '\tround 21: 6.734385993587599\n'
[2024-05-31 04:02:49,945][flwr][INFO] - 	 '\tround 22: 5.710606282399521\n'
[2024-05-31 04:02:49,945][flwr][INFO] - 	 '\tround 23: 4.158480597974772\n'
[2024-05-31 04:02:49,946][flwr][INFO] - 	 '\tround 24: 4.122362896492768\n'
[2024-05-31 04:02:49,946][flwr][INFO] - 	 '\tround 25: 3.394351067262166\n'
[2024-05-31 04:02:49,946][flwr][INFO] - 	 '\tround 26: 3.1925093252065473\n'
[2024-05-31 04:02:49,947][flwr][INFO] - 	 '\tround 27: 2.9356838356792685\n'
[2024-05-31 04:02:49,947][flwr][INFO] - 	 '\tround 28: 2.705161260946595\n'
[2024-05-31 04:02:49,948][flwr][INFO] - 	 '\tround 29: 2.402626705368991\n'
[2024-05-31 04:02:49,948][flwr][INFO] - 	 '\tround 30: 2.326210052746126\n'
[2024-05-31 04:02:49,948][flwr][INFO] - 	 '\tround 31: 1.9670306514156675\n'
[2024-05-31 04:02:49,949][flwr][INFO] - 	 '\tround 32: 2.0778821122941373\n'
[2024-05-31 04:02:49,949][flwr][INFO] - 	 '\tround 33: 1.8196960956911366\n'
[2024-05-31 04:02:49,949][flwr][INFO] - 	 '\tround 34: 1.8117398357452346\n'
[2024-05-31 04:02:49,950][flwr][INFO] - 	 '\tround 35: 1.690297157780854\n'
[2024-05-31 04:02:49,950][flwr][INFO] - 	 '\tround 36: 1.673629242657851\n'
[2024-05-31 04:02:49,950][flwr][INFO] - 	 '\tround 37: 1.6633459788899447\n'
[2024-05-31 04:02:49,951][flwr][INFO] - 	 '\tround 38: 1.5573512999218\n'
[2024-05-31 04:02:49,951][flwr][INFO] - 	 '\tround 39: 1.5259112953144227\n'
[2024-05-31 04:02:49,951][flwr][INFO] - 	 '\tround 40: 1.698862063114896\n'
[2024-05-31 04:02:49,952][flwr][INFO] - 	 '\tround 41: 1.3781164869872777\n'
[2024-05-31 04:02:49,952][flwr][INFO] - 	 '\tround 42: 1.5162967000027987\n'
[2024-05-31 04:02:49,952][flwr][INFO] - 	 '\tround 43: 1.3303564388267972\n'
[2024-05-31 04:02:49,953][flwr][INFO] - 	 '\tround 44: 1.3540476369588914\n'
[2024-05-31 04:02:49,953][flwr][INFO] - 	 '\tround 45: 1.3330731256843356\n'
[2024-05-31 04:02:49,954][flwr][INFO] - 	 '\tround 46: 1.400411647055954\n'
[2024-05-31 04:02:49,954][flwr][INFO] - 	 '\tround 47: 1.232179242087544\n'
[2024-05-31 04:02:49,954][flwr][INFO] - 	 '\tround 48: 1.4618469899583075\n'
[2024-05-31 04:02:49,955][flwr][INFO] - 	 '\tround 49: 1.2091719609671778\n'
[2024-05-31 04:02:49,955][flwr][INFO] - 	 '\tround 50: 1.5393982362353575\n')
[2024-05-31 04:02:49,955][flwr][INFO] - 


test_Loss: 12.8315 