[2024-05-22 14:11:21,072][flwr][INFO] - Starting Flower simulation, config: num_rounds=50, no round_timeout
[2024-05-22 14:11:26,176][flwr][INFO] - Flower VCE: Ray initialized with resources: {'CPU': 8.0, 'node:127.0.0.1': 1.0, 'object_store_memory': 6078991564.0, 'memory': 12157983131.0, 'node:__internal_head__': 1.0}
[2024-05-22 14:11:26,177][flwr][INFO] - Optimize your simulation with Flower VCE: https://flower.ai/docs/framework/how-to-run-simulations.html
[2024-05-22 14:11:26,177][flwr][INFO] - Flower VCE: Resources for each Virtual Client: {'num_cpus': 2, 'num_gpus': 0.0}
[2024-05-22 14:11:26,186][flwr][INFO] - Flower VCE: Creating VirtualClientEngineActorPool with 4 actors
[2024-05-22 14:11:26,187][flwr][INFO] - [INIT]
[2024-05-22 14:11:26,187][flwr][INFO] - Requesting initial parameters from one random client
[2024-05-22 14:11:30,365][flwr][INFO] - Received initial parameters from one random client
[2024-05-22 14:11:30,366][flwr][INFO] - Evaluating initial global parameters
[2024-05-22 14:11:30,367][flwr][INFO] - 
[2024-05-22 14:11:30,368][flwr][INFO] - [ROUND 1]
[2024-05-22 14:11:30,369][flwr][INFO] - configure_fit: strategy sampled 13 clients (out of 13)
[2024-05-22 14:19:49,839][flwr][INFO] - aggregate_fit: received 13 results and 0 failures
[2024-05-22 14:19:49,851][flwr][WARNING] - No fit_metrics_aggregation_fn provided
[2024-05-22 14:19:49,852][flwr][INFO] - configure_evaluate: strategy sampled 13 clients (out of 13)
[2024-05-22 14:20:12,585][flwr][INFO] - aggregate_evaluate: received 13 results and 0 failures
[2024-05-22 14:20:12,585][flwr][WARNING] - No evaluate_metrics_aggregation_fn provided
[2024-05-22 14:20:12,586][flwr][INFO] - 
[2024-05-22 14:20:12,587][flwr][INFO] - [ROUND 2]
[2024-05-22 14:20:12,587][flwr][INFO] - configure_fit: strategy sampled 13 clients (out of 13)
[2024-05-22 14:28:31,385][flwr][INFO] - aggregate_fit: received 13 results and 0 failures
[2024-05-22 14:28:31,396][flwr][INFO] - configure_evaluate: strategy sampled 13 clients (out of 13)
[2024-05-22 14:28:54,228][flwr][INFO] - aggregate_evaluate: received 13 results and 0 failures
[2024-05-22 14:28:54,229][flwr][INFO] - 
[2024-05-22 14:28:54,230][flwr][INFO] - [ROUND 3]
[2024-05-22 14:28:54,230][flwr][INFO] - configure_fit: strategy sampled 13 clients (out of 13)
[2024-05-22 14:37:10,208][flwr][INFO] - aggregate_fit: received 13 results and 0 failures
[2024-05-22 14:37:10,219][flwr][INFO] - configure_evaluate: strategy sampled 13 clients (out of 13)
[2024-05-22 14:37:32,879][flwr][INFO] - aggregate_evaluate: received 13 results and 0 failures
[2024-05-22 14:37:32,881][flwr][INFO] - 
[2024-05-22 14:37:32,881][flwr][INFO] - [ROUND 4]
[2024-05-22 14:37:32,882][flwr][INFO] - configure_fit: strategy sampled 13 clients (out of 13)
[2024-05-22 14:45:45,600][flwr][INFO] - aggregate_fit: received 13 results and 0 failures
[2024-05-22 14:45:45,610][flwr][INFO] - configure_evaluate: strategy sampled 13 clients (out of 13)
[2024-05-22 14:46:08,193][flwr][INFO] - aggregate_evaluate: received 13 results and 0 failures
[2024-05-22 14:46:08,194][flwr][INFO] - 
[2024-05-22 14:46:08,195][flwr][INFO] - [ROUND 5]
[2024-05-22 14:46:08,195][flwr][INFO] - configure_fit: strategy sampled 13 clients (out of 13)
[2024-05-22 14:54:23,094][flwr][INFO] - aggregate_fit: received 13 results and 0 failures
[2024-05-22 14:54:23,105][flwr][INFO] - configure_evaluate: strategy sampled 13 clients (out of 13)
[2024-05-22 14:54:45,746][flwr][INFO] - aggregate_evaluate: received 13 results and 0 failures
[2024-05-22 14:54:45,747][flwr][INFO] - 
[2024-05-22 14:54:45,747][flwr][INFO] - [ROUND 6]
[2024-05-22 14:54:45,748][flwr][INFO] - configure_fit: strategy sampled 13 clients (out of 13)
[2024-05-22 15:02:58,873][flwr][INFO] - aggregate_fit: received 13 results and 0 failures
[2024-05-22 15:02:58,884][flwr][INFO] - configure_evaluate: strategy sampled 13 clients (out of 13)
[2024-05-22 15:03:21,378][flwr][INFO] - aggregate_evaluate: received 13 results and 0 failures
[2024-05-22 15:03:21,379][flwr][INFO] - 
[2024-05-22 15:03:21,379][flwr][INFO] - [ROUND 7]
[2024-05-22 15:03:21,380][flwr][INFO] - configure_fit: strategy sampled 13 clients (out of 13)
[2024-05-22 15:11:34,080][flwr][INFO] - aggregate_fit: received 13 results and 0 failures
[2024-05-22 15:11:34,091][flwr][INFO] - configure_evaluate: strategy sampled 13 clients (out of 13)
[2024-05-22 15:11:56,665][flwr][INFO] - aggregate_evaluate: received 13 results and 0 failures
[2024-05-22 15:11:56,667][flwr][INFO] - 
[2024-05-22 15:11:56,668][flwr][INFO] - [ROUND 8]
[2024-05-22 15:11:56,668][flwr][INFO] - configure_fit: strategy sampled 13 clients (out of 13)
[2024-05-22 15:20:08,990][flwr][INFO] - aggregate_fit: received 13 results and 0 failures
[2024-05-22 15:20:09,001][flwr][INFO] - configure_evaluate: strategy sampled 13 clients (out of 13)
[2024-05-22 15:20:31,553][flwr][INFO] - aggregate_evaluate: received 13 results and 0 failures
[2024-05-22 15:20:31,555][flwr][INFO] - 
[2024-05-22 15:20:31,556][flwr][INFO] - [ROUND 9]
[2024-05-22 15:20:31,557][flwr][INFO] - configure_fit: strategy sampled 13 clients (out of 13)
[2024-05-22 15:28:50,462][flwr][INFO] - aggregate_fit: received 13 results and 0 failures
[2024-05-22 15:28:50,472][flwr][INFO] - configure_evaluate: strategy sampled 13 clients (out of 13)
[2024-05-22 15:29:12,888][flwr][INFO] - aggregate_evaluate: received 13 results and 0 failures
[2024-05-22 15:29:12,889][flwr][INFO] - 
[2024-05-22 15:29:12,890][flwr][INFO] - [ROUND 10]
[2024-05-22 15:29:12,891][flwr][INFO] - configure_fit: strategy sampled 13 clients (out of 13)
[2024-05-22 15:37:25,381][flwr][INFO] - aggregate_fit: received 13 results and 0 failures
[2024-05-22 15:37:25,392][flwr][INFO] - configure_evaluate: strategy sampled 13 clients (out of 13)
[2024-05-22 15:37:48,223][flwr][INFO] - aggregate_evaluate: received 13 results and 0 failures
[2024-05-22 15:37:48,224][flwr][INFO] - 
[2024-05-22 15:37:48,225][flwr][INFO] - [ROUND 11]
[2024-05-22 15:37:48,226][flwr][INFO] - configure_fit: strategy sampled 13 clients (out of 13)
[2024-05-22 15:46:01,082][flwr][INFO] - aggregate_fit: received 13 results and 0 failures
[2024-05-22 15:46:01,093][flwr][INFO] - configure_evaluate: strategy sampled 13 clients (out of 13)
[2024-05-22 15:46:23,811][flwr][INFO] - aggregate_evaluate: received 13 results and 0 failures
[2024-05-22 15:46:23,812][flwr][INFO] - 
[2024-05-22 15:46:23,812][flwr][INFO] - [ROUND 12]
[2024-05-22 15:46:23,813][flwr][INFO] - configure_fit: strategy sampled 13 clients (out of 13)
[2024-05-22 15:54:36,920][flwr][INFO] - aggregate_fit: received 13 results and 0 failures
[2024-05-22 15:54:36,930][flwr][INFO] - configure_evaluate: strategy sampled 13 clients (out of 13)
[2024-05-22 15:54:59,678][flwr][INFO] - aggregate_evaluate: received 13 results and 0 failures
[2024-05-22 15:54:59,679][flwr][INFO] - 
[2024-05-22 15:54:59,679][flwr][INFO] - [ROUND 13]
[2024-05-22 15:54:59,679][flwr][INFO] - configure_fit: strategy sampled 13 clients (out of 13)
[2024-05-22 16:03:13,444][flwr][INFO] - aggregate_fit: received 13 results and 0 failures
[2024-05-22 16:03:13,455][flwr][INFO] - configure_evaluate: strategy sampled 13 clients (out of 13)
[2024-05-22 16:03:35,809][flwr][INFO] - aggregate_evaluate: received 13 results and 0 failures
[2024-05-22 16:03:35,809][flwr][INFO] - 
[2024-05-22 16:03:35,809][flwr][INFO] - [ROUND 14]
[2024-05-22 16:03:35,811][flwr][INFO] - configure_fit: strategy sampled 13 clients (out of 13)
[2024-05-22 16:11:49,996][flwr][INFO] - aggregate_fit: received 13 results and 0 failures
[2024-05-22 16:11:50,008][flwr][INFO] - configure_evaluate: strategy sampled 13 clients (out of 13)
[2024-05-22 16:12:12,745][flwr][INFO] - aggregate_evaluate: received 13 results and 0 failures
[2024-05-22 16:12:12,746][flwr][INFO] - 
[2024-05-22 16:12:12,746][flwr][INFO] - [ROUND 15]
[2024-05-22 16:12:12,747][flwr][INFO] - configure_fit: strategy sampled 13 clients (out of 13)
[2024-05-22 16:20:25,825][flwr][INFO] - aggregate_fit: received 13 results and 0 failures
[2024-05-22 16:20:25,838][flwr][INFO] - configure_evaluate: strategy sampled 13 clients (out of 13)
[2024-05-22 16:20:48,252][flwr][INFO] - aggregate_evaluate: received 13 results and 0 failures
[2024-05-22 16:20:48,253][flwr][INFO] - 
[2024-05-22 16:20:48,254][flwr][INFO] - [ROUND 16]
[2024-05-22 16:20:48,254][flwr][INFO] - configure_fit: strategy sampled 13 clients (out of 13)
[2024-05-22 16:29:08,766][flwr][INFO] - aggregate_fit: received 13 results and 0 failures
[2024-05-22 16:29:08,777][flwr][INFO] - configure_evaluate: strategy sampled 13 clients (out of 13)
[2024-05-22 16:29:31,558][flwr][INFO] - aggregate_evaluate: received 13 results and 0 failures
[2024-05-22 16:29:31,559][flwr][INFO] - 
[2024-05-22 16:29:31,559][flwr][INFO] - [ROUND 17]
[2024-05-22 16:29:31,559][flwr][INFO] - configure_fit: strategy sampled 13 clients (out of 13)
[2024-05-22 16:37:46,663][flwr][INFO] - aggregate_fit: received 13 results and 0 failures
[2024-05-22 16:37:46,674][flwr][INFO] - configure_evaluate: strategy sampled 13 clients (out of 13)
[2024-05-22 16:38:09,048][flwr][INFO] - aggregate_evaluate: received 13 results and 0 failures
[2024-05-22 16:38:09,049][flwr][INFO] - 
[2024-05-22 16:38:09,050][flwr][INFO] - [ROUND 18]
[2024-05-22 16:38:09,050][flwr][INFO] - configure_fit: strategy sampled 13 clients (out of 13)
[2024-05-22 16:46:21,638][flwr][INFO] - aggregate_fit: received 13 results and 0 failures
[2024-05-22 16:46:21,649][flwr][INFO] - configure_evaluate: strategy sampled 13 clients (out of 13)
[2024-05-22 16:46:44,155][flwr][INFO] - aggregate_evaluate: received 13 results and 0 failures
[2024-05-22 16:46:44,155][flwr][INFO] - 
[2024-05-22 16:46:44,156][flwr][INFO] - [ROUND 19]
[2024-05-22 16:46:44,157][flwr][INFO] - configure_fit: strategy sampled 13 clients (out of 13)
[2024-05-22 16:54:56,767][flwr][INFO] - aggregate_fit: received 13 results and 0 failures
[2024-05-22 16:54:56,780][flwr][INFO] - configure_evaluate: strategy sampled 13 clients (out of 13)
[2024-05-22 16:55:19,333][flwr][INFO] - aggregate_evaluate: received 13 results and 0 failures
[2024-05-22 16:55:19,335][flwr][INFO] - 
[2024-05-22 16:55:19,335][flwr][INFO] - [ROUND 20]
[2024-05-22 16:55:19,335][flwr][INFO] - configure_fit: strategy sampled 13 clients (out of 13)
[2024-05-22 17:03:32,881][flwr][INFO] - aggregate_fit: received 13 results and 0 failures
[2024-05-22 17:03:32,893][flwr][INFO] - configure_evaluate: strategy sampled 13 clients (out of 13)
[2024-05-22 17:03:55,692][flwr][INFO] - aggregate_evaluate: received 13 results and 0 failures
[2024-05-22 17:03:55,693][flwr][INFO] - 
[2024-05-22 17:03:55,693][flwr][INFO] - [ROUND 21]
[2024-05-22 17:03:55,694][flwr][INFO] - configure_fit: strategy sampled 13 clients (out of 13)
[2024-05-22 17:12:08,781][flwr][INFO] - aggregate_fit: received 13 results and 0 failures
[2024-05-22 17:12:08,791][flwr][INFO] - configure_evaluate: strategy sampled 13 clients (out of 13)
[2024-05-22 17:12:31,348][flwr][INFO] - aggregate_evaluate: received 13 results and 0 failures
[2024-05-22 17:12:31,349][flwr][INFO] - 
[2024-05-22 17:12:31,349][flwr][INFO] - [ROUND 22]
[2024-05-22 17:12:31,350][flwr][INFO] - configure_fit: strategy sampled 13 clients (out of 13)
[2024-05-22 17:20:44,528][flwr][INFO] - aggregate_fit: received 13 results and 0 failures
[2024-05-22 17:20:44,539][flwr][INFO] - configure_evaluate: strategy sampled 13 clients (out of 13)
[2024-05-22 17:21:07,219][flwr][INFO] - aggregate_evaluate: received 13 results and 0 failures
[2024-05-22 17:21:07,220][flwr][INFO] - 
[2024-05-22 17:21:07,220][flwr][INFO] - [ROUND 23]
[2024-05-22 17:21:07,221][flwr][INFO] - configure_fit: strategy sampled 13 clients (out of 13)
[2024-05-22 17:29:21,452][flwr][INFO] - aggregate_fit: received 13 results and 0 failures
[2024-05-22 17:29:21,463][flwr][INFO] - configure_evaluate: strategy sampled 13 clients (out of 13)
[2024-05-22 17:29:43,869][flwr][INFO] - aggregate_evaluate: received 13 results and 0 failures
[2024-05-22 17:29:43,870][flwr][INFO] - 
[2024-05-22 17:29:43,871][flwr][INFO] - [ROUND 24]
[2024-05-22 17:29:43,872][flwr][INFO] - configure_fit: strategy sampled 13 clients (out of 13)
[2024-05-22 17:37:57,051][flwr][INFO] - aggregate_fit: received 13 results and 0 failures
[2024-05-22 17:37:57,061][flwr][INFO] - configure_evaluate: strategy sampled 13 clients (out of 13)
[2024-05-22 17:38:19,770][flwr][INFO] - aggregate_evaluate: received 13 results and 0 failures
[2024-05-22 17:38:19,771][flwr][INFO] - 
[2024-05-22 17:38:19,772][flwr][INFO] - [ROUND 25]
[2024-05-22 17:38:19,772][flwr][INFO] - configure_fit: strategy sampled 13 clients (out of 13)
[2024-05-22 17:46:32,687][flwr][INFO] - aggregate_fit: received 13 results and 0 failures
[2024-05-22 17:46:32,697][flwr][INFO] - configure_evaluate: strategy sampled 13 clients (out of 13)
[2024-05-22 17:46:55,344][flwr][INFO] - aggregate_evaluate: received 13 results and 0 failures
[2024-05-22 17:46:55,345][flwr][INFO] - 
[2024-05-22 17:46:55,345][flwr][INFO] - [ROUND 26]
[2024-05-22 17:46:55,346][flwr][INFO] - configure_fit: strategy sampled 13 clients (out of 13)
[2024-05-22 17:55:08,342][flwr][INFO] - aggregate_fit: received 13 results and 0 failures
[2024-05-22 17:55:08,355][flwr][INFO] - configure_evaluate: strategy sampled 13 clients (out of 13)
[2024-05-22 17:55:30,944][flwr][INFO] - aggregate_evaluate: received 13 results and 0 failures
[2024-05-22 17:55:30,944][flwr][INFO] - 
[2024-05-22 17:55:30,945][flwr][INFO] - [ROUND 27]
[2024-05-22 17:55:30,945][flwr][INFO] - configure_fit: strategy sampled 13 clients (out of 13)
[2024-05-22 18:03:43,540][flwr][INFO] - aggregate_fit: received 13 results and 0 failures
[2024-05-22 18:03:43,551][flwr][INFO] - configure_evaluate: strategy sampled 13 clients (out of 13)
[2024-05-22 18:04:05,929][flwr][INFO] - aggregate_evaluate: received 13 results and 0 failures
[2024-05-22 18:04:05,930][flwr][INFO] - 
[2024-05-22 18:04:05,931][flwr][INFO] - [ROUND 28]
[2024-05-22 18:04:05,932][flwr][INFO] - configure_fit: strategy sampled 13 clients (out of 13)
[2024-05-22 18:12:17,702][flwr][INFO] - aggregate_fit: received 13 results and 0 failures
[2024-05-22 18:12:17,712][flwr][INFO] - configure_evaluate: strategy sampled 13 clients (out of 13)
[2024-05-22 18:12:40,235][flwr][INFO] - aggregate_evaluate: received 13 results and 0 failures
[2024-05-22 18:12:40,236][flwr][INFO] - 
[2024-05-22 18:12:40,237][flwr][INFO] - [ROUND 29]
[2024-05-22 18:12:40,238][flwr][INFO] - configure_fit: strategy sampled 13 clients (out of 13)
[2024-05-22 18:20:52,282][flwr][INFO] - aggregate_fit: received 13 results and 0 failures
[2024-05-22 18:20:52,293][flwr][INFO] - configure_evaluate: strategy sampled 13 clients (out of 13)
[2024-05-22 18:21:14,864][flwr][INFO] - aggregate_evaluate: received 13 results and 0 failures
[2024-05-22 18:21:14,865][flwr][INFO] - 
[2024-05-22 18:21:14,865][flwr][INFO] - [ROUND 30]
[2024-05-22 18:21:14,866][flwr][INFO] - configure_fit: strategy sampled 13 clients (out of 13)
[2024-05-22 18:29:28,736][flwr][INFO] - aggregate_fit: received 13 results and 0 failures
[2024-05-22 18:29:28,749][flwr][INFO] - configure_evaluate: strategy sampled 13 clients (out of 13)
[2024-05-22 18:29:52,169][flwr][INFO] - aggregate_evaluate: received 13 results and 0 failures
[2024-05-22 18:29:52,170][flwr][INFO] - 
[2024-05-22 18:29:52,170][flwr][INFO] - [ROUND 31]
[2024-05-22 18:29:52,171][flwr][INFO] - configure_fit: strategy sampled 13 clients (out of 13)
[2024-05-22 18:38:04,426][flwr][INFO] - aggregate_fit: received 13 results and 0 failures
[2024-05-22 18:38:04,436][flwr][INFO] - configure_evaluate: strategy sampled 13 clients (out of 13)
[2024-05-22 18:38:26,914][flwr][INFO] - aggregate_evaluate: received 13 results and 0 failures
[2024-05-22 18:38:26,915][flwr][INFO] - 
[2024-05-22 18:38:26,915][flwr][INFO] - [ROUND 32]
[2024-05-22 18:38:26,916][flwr][INFO] - configure_fit: strategy sampled 13 clients (out of 13)
[2024-05-22 18:46:38,688][flwr][INFO] - aggregate_fit: received 13 results and 0 failures
[2024-05-22 18:46:38,698][flwr][INFO] - configure_evaluate: strategy sampled 13 clients (out of 13)
[2024-05-22 18:47:01,274][flwr][INFO] - aggregate_evaluate: received 13 results and 0 failures
[2024-05-22 18:47:01,275][flwr][INFO] - 
[2024-05-22 18:47:01,276][flwr][INFO] - [ROUND 33]
[2024-05-22 18:47:01,276][flwr][INFO] - configure_fit: strategy sampled 13 clients (out of 13)
[2024-05-22 18:55:13,074][flwr][INFO] - aggregate_fit: received 13 results and 0 failures
[2024-05-22 18:55:13,087][flwr][INFO] - configure_evaluate: strategy sampled 13 clients (out of 13)
[2024-05-22 18:55:35,540][flwr][INFO] - aggregate_evaluate: received 13 results and 0 failures
[2024-05-22 18:55:35,541][flwr][INFO] - 
[2024-05-22 18:55:35,542][flwr][INFO] - [ROUND 34]
[2024-05-22 18:55:35,542][flwr][INFO] - configure_fit: strategy sampled 13 clients (out of 13)
[2024-05-22 19:03:48,834][flwr][INFO] - aggregate_fit: received 13 results and 0 failures
[2024-05-22 19:03:48,843][flwr][INFO] - configure_evaluate: strategy sampled 13 clients (out of 13)
[2024-05-22 19:04:11,555][flwr][INFO] - aggregate_evaluate: received 13 results and 0 failures
[2024-05-22 19:04:11,556][flwr][INFO] - 
[2024-05-22 19:04:11,556][flwr][INFO] - [ROUND 35]
[2024-05-22 19:04:11,556][flwr][INFO] - configure_fit: strategy sampled 13 clients (out of 13)
[2024-05-22 19:12:22,559][flwr][INFO] - aggregate_fit: received 13 results and 0 failures
[2024-05-22 19:12:22,569][flwr][INFO] - configure_evaluate: strategy sampled 13 clients (out of 13)
[2024-05-22 19:12:45,200][flwr][INFO] - aggregate_evaluate: received 13 results and 0 failures
[2024-05-22 19:12:45,201][flwr][INFO] - 
[2024-05-22 19:12:45,202][flwr][INFO] - [ROUND 36]
[2024-05-22 19:12:45,203][flwr][INFO] - configure_fit: strategy sampled 13 clients (out of 13)
[2024-05-22 19:20:57,884][flwr][INFO] - aggregate_fit: received 13 results and 0 failures
[2024-05-22 19:20:57,897][flwr][INFO] - configure_evaluate: strategy sampled 13 clients (out of 13)
[2024-05-22 19:21:20,510][flwr][INFO] - aggregate_evaluate: received 13 results and 0 failures
[2024-05-22 19:21:20,511][flwr][INFO] - 
[2024-05-22 19:21:20,512][flwr][INFO] - [ROUND 37]
[2024-05-22 19:21:20,512][flwr][INFO] - configure_fit: strategy sampled 13 clients (out of 13)
[2024-05-22 19:29:34,490][flwr][INFO] - aggregate_fit: received 13 results and 0 failures
[2024-05-22 19:29:34,502][flwr][INFO] - configure_evaluate: strategy sampled 13 clients (out of 13)
[2024-05-22 19:29:57,073][flwr][INFO] - aggregate_evaluate: received 13 results and 0 failures
[2024-05-22 19:29:57,074][flwr][INFO] - 
[2024-05-22 19:29:57,074][flwr][INFO] - [ROUND 38]
[2024-05-22 19:29:57,075][flwr][INFO] - configure_fit: strategy sampled 13 clients (out of 13)
[2024-05-22 19:38:08,683][flwr][INFO] - aggregate_fit: received 13 results and 0 failures
[2024-05-22 19:38:08,694][flwr][INFO] - configure_evaluate: strategy sampled 13 clients (out of 13)
[2024-05-22 19:38:31,119][flwr][INFO] - aggregate_evaluate: received 13 results and 0 failures
[2024-05-22 19:38:31,120][flwr][INFO] - 
[2024-05-22 19:38:31,121][flwr][INFO] - [ROUND 39]
[2024-05-22 19:38:31,122][flwr][INFO] - configure_fit: strategy sampled 13 clients (out of 13)
[2024-05-22 19:46:43,587][flwr][INFO] - aggregate_fit: received 13 results and 0 failures
[2024-05-22 19:46:43,597][flwr][INFO] - configure_evaluate: strategy sampled 13 clients (out of 13)
[2024-05-22 19:47:06,320][flwr][INFO] - aggregate_evaluate: received 13 results and 0 failures
[2024-05-22 19:47:06,321][flwr][INFO] - 
[2024-05-22 19:47:06,322][flwr][INFO] - [ROUND 40]
[2024-05-22 19:47:06,323][flwr][INFO] - configure_fit: strategy sampled 13 clients (out of 13)
[2024-05-22 19:55:18,724][flwr][INFO] - aggregate_fit: received 13 results and 0 failures
[2024-05-22 19:55:18,734][flwr][INFO] - configure_evaluate: strategy sampled 13 clients (out of 13)
[2024-05-22 19:55:41,579][flwr][INFO] - aggregate_evaluate: received 13 results and 0 failures
[2024-05-22 19:55:41,580][flwr][INFO] - 
[2024-05-22 19:55:41,580][flwr][INFO] - [ROUND 41]
[2024-05-22 19:55:41,581][flwr][INFO] - configure_fit: strategy sampled 13 clients (out of 13)
[2024-05-22 20:03:54,593][flwr][INFO] - aggregate_fit: received 13 results and 0 failures
[2024-05-22 20:03:54,604][flwr][INFO] - configure_evaluate: strategy sampled 13 clients (out of 13)
[2024-05-22 20:04:17,331][flwr][INFO] - aggregate_evaluate: received 13 results and 0 failures
[2024-05-22 20:04:17,332][flwr][INFO] - 
[2024-05-22 20:04:17,333][flwr][INFO] - [ROUND 42]
[2024-05-22 20:04:17,334][flwr][INFO] - configure_fit: strategy sampled 13 clients (out of 13)
[2024-05-22 20:12:29,042][flwr][INFO] - aggregate_fit: received 13 results and 0 failures
[2024-05-22 20:12:29,053][flwr][INFO] - configure_evaluate: strategy sampled 13 clients (out of 13)
[2024-05-22 20:12:51,585][flwr][INFO] - aggregate_evaluate: received 13 results and 0 failures
[2024-05-22 20:12:51,586][flwr][INFO] - 
[2024-05-22 20:12:51,587][flwr][INFO] - [ROUND 43]
[2024-05-22 20:12:51,588][flwr][INFO] - configure_fit: strategy sampled 13 clients (out of 13)
[2024-05-22 20:21:04,725][flwr][INFO] - aggregate_fit: received 13 results and 0 failures
[2024-05-22 20:21:04,736][flwr][INFO] - configure_evaluate: strategy sampled 13 clients (out of 13)
[2024-05-22 20:21:27,455][flwr][INFO] - aggregate_evaluate: received 13 results and 0 failures
[2024-05-22 20:21:27,457][flwr][INFO] - 
[2024-05-22 20:21:27,458][flwr][INFO] - [ROUND 44]
[2024-05-22 20:21:27,458][flwr][INFO] - configure_fit: strategy sampled 13 clients (out of 13)
[2024-05-22 20:29:40,575][flwr][INFO] - aggregate_fit: received 13 results and 0 failures
[2024-05-22 20:29:40,586][flwr][INFO] - configure_evaluate: strategy sampled 13 clients (out of 13)
[2024-05-22 20:30:03,029][flwr][INFO] - aggregate_evaluate: received 13 results and 0 failures
[2024-05-22 20:30:03,030][flwr][INFO] - 
[2024-05-22 20:30:03,031][flwr][INFO] - [ROUND 45]
[2024-05-22 20:30:03,031][flwr][INFO] - configure_fit: strategy sampled 13 clients (out of 13)
[2024-05-22 20:38:16,669][flwr][INFO] - aggregate_fit: received 13 results and 0 failures
[2024-05-22 20:38:16,683][flwr][INFO] - configure_evaluate: strategy sampled 13 clients (out of 13)
[2024-05-22 20:38:39,147][flwr][INFO] - aggregate_evaluate: received 13 results and 0 failures
[2024-05-22 20:38:39,148][flwr][INFO] - 
[2024-05-22 20:38:39,148][flwr][INFO] - [ROUND 46]
[2024-05-22 20:38:39,149][flwr][INFO] - configure_fit: strategy sampled 13 clients (out of 13)
[2024-05-22 20:46:51,663][flwr][INFO] - aggregate_fit: received 13 results and 0 failures
[2024-05-22 20:46:51,675][flwr][INFO] - configure_evaluate: strategy sampled 13 clients (out of 13)
[2024-05-22 20:47:14,247][flwr][INFO] - aggregate_evaluate: received 13 results and 0 failures
[2024-05-22 20:47:14,248][flwr][INFO] - 
[2024-05-22 20:47:14,249][flwr][INFO] - [ROUND 47]
[2024-05-22 20:47:14,249][flwr][INFO] - configure_fit: strategy sampled 13 clients (out of 13)
[2024-05-22 20:55:26,986][flwr][INFO] - aggregate_fit: received 13 results and 0 failures
[2024-05-22 20:55:26,997][flwr][INFO] - configure_evaluate: strategy sampled 13 clients (out of 13)
[2024-05-22 20:55:49,583][flwr][INFO] - aggregate_evaluate: received 13 results and 0 failures
[2024-05-22 20:55:49,584][flwr][INFO] - 
[2024-05-22 20:55:49,585][flwr][INFO] - [ROUND 48]
[2024-05-22 20:55:49,586][flwr][INFO] - configure_fit: strategy sampled 13 clients (out of 13)
[2024-05-22 21:04:02,304][flwr][INFO] - aggregate_fit: received 13 results and 0 failures
[2024-05-22 21:04:02,314][flwr][INFO] - configure_evaluate: strategy sampled 13 clients (out of 13)
[2024-05-22 21:04:24,951][flwr][INFO] - aggregate_evaluate: received 13 results and 0 failures
[2024-05-22 21:04:24,952][flwr][INFO] - 
[2024-05-22 21:04:24,952][flwr][INFO] - [ROUND 49]
[2024-05-22 21:04:24,953][flwr][INFO] - configure_fit: strategy sampled 13 clients (out of 13)
[2024-05-22 21:12:40,480][flwr][INFO] - aggregate_fit: received 13 results and 0 failures
[2024-05-22 21:12:40,492][flwr][INFO] - configure_evaluate: strategy sampled 13 clients (out of 13)
[2024-05-22 21:13:02,963][flwr][INFO] - aggregate_evaluate: received 13 results and 0 failures
[2024-05-22 21:13:02,965][flwr][INFO] - 
[2024-05-22 21:13:02,965][flwr][INFO] - [ROUND 50]
[2024-05-22 21:13:02,966][flwr][INFO] - configure_fit: strategy sampled 13 clients (out of 13)
[2024-05-22 21:21:16,828][flwr][INFO] - aggregate_fit: received 13 results and 0 failures
[2024-05-22 21:21:16,838][flwr][INFO] - configure_evaluate: strategy sampled 13 clients (out of 13)
[2024-05-22 21:21:39,407][flwr][INFO] - aggregate_evaluate: received 13 results and 0 failures
[2024-05-22 21:21:39,407][flwr][INFO] - 
[2024-05-22 21:21:39,409][flwr][INFO] - [SUMMARY]
[2024-05-22 21:21:39,409][flwr][INFO] - Run finished 50 rounds in 25809.04s
[2024-05-22 21:21:39,409][flwr][INFO] - History (loss, distributed):
[2024-05-22 21:21:39,410][flwr][INFO] - 	('\tround 1: 42.99070727386912\n'
[2024-05-22 21:21:39,410][flwr][INFO] - 	 '\tround 2: 48.71120378374303\n'
[2024-05-22 21:21:39,411][flwr][INFO] - 	 '\tround 3: 39.477018239834884\n'
[2024-05-22 21:21:39,411][flwr][INFO] - 	 '\tround 4: 40.199385505575684\n'
[2024-05-22 21:21:39,411][flwr][INFO] - 	 '\tround 5: 28.875962685296635\n'
[2024-05-22 21:21:39,412][flwr][INFO] - 	 '\tround 6: 24.410326815238047\n'
[2024-05-22 21:21:39,412][flwr][INFO] - 	 '\tround 7: 20.708068229589795\n'
[2024-05-22 21:21:39,412][flwr][INFO] - 	 '\tround 8: 20.21908536974868\n'
[2024-05-22 21:21:39,413][flwr][INFO] - 	 '\tround 9: 18.787670532588923\n'
[2024-05-22 21:21:39,413][flwr][INFO] - 	 '\tround 10: 16.154796741504335\n'
[2024-05-22 21:21:39,413][flwr][INFO] - 	 '\tround 11: 15.72907576933408\n'
[2024-05-22 21:21:39,414][flwr][INFO] - 	 '\tround 12: 14.525387673378678\n'
[2024-05-22 21:21:39,414][flwr][INFO] - 	 '\tround 13: 12.59283775216245\n'
[2024-05-22 21:21:39,415][flwr][INFO] - 	 '\tround 14: 20.995260057271047\n'
[2024-05-22 21:21:39,415][flwr][INFO] - 	 '\tround 15: 21.303931966811017\n'
[2024-05-22 21:21:39,415][flwr][INFO] - 	 '\tround 16: 19.00866803835374\n'
[2024-05-22 21:21:39,416][flwr][INFO] - 	 '\tround 17: 17.099106824150603\n'
[2024-05-22 21:21:39,416][flwr][INFO] - 	 '\tround 18: 17.802000092475595\n'
[2024-05-22 21:21:39,417][flwr][INFO] - 	 '\tround 19: 16.69775828771286\n'
[2024-05-22 21:21:39,417][flwr][INFO] - 	 '\tround 20: 16.27542430154393\n'
[2024-05-22 21:21:39,418][flwr][INFO] - 	 '\tround 21: 15.493397154599204\n'
[2024-05-22 21:21:39,418][flwr][INFO] - 	 '\tround 22: 14.843713013976176\n'
[2024-05-22 21:21:39,418][flwr][INFO] - 	 '\tround 23: 12.58358212597495\n'
[2024-05-22 21:21:39,419][flwr][INFO] - 	 '\tround 24: 12.799650571687103\n'
[2024-05-22 21:21:39,419][flwr][INFO] - 	 '\tround 25: 12.335103932632832\n'
[2024-05-22 21:21:39,420][flwr][INFO] - 	 '\tround 26: 12.03626288374273\n'
[2024-05-22 21:21:39,420][flwr][INFO] - 	 '\tround 27: 9.885413180412213\n'
[2024-05-22 21:21:39,420][flwr][INFO] - 	 '\tround 28: 8.921774769743376\n'
[2024-05-22 21:21:39,421][flwr][INFO] - 	 '\tround 29: 9.433336532564304\n'
[2024-05-22 21:21:39,421][flwr][INFO] - 	 '\tround 30: 9.41603008798652\n'
[2024-05-22 21:21:39,421][flwr][INFO] - 	 '\tround 31: 8.65135610170037\n'
[2024-05-22 21:21:39,422][flwr][INFO] - 	 '\tround 32: 7.952180206648786\n'
[2024-05-22 21:21:39,422][flwr][INFO] - 	 '\tround 33: 8.330758331331836\n'
[2024-05-22 21:21:39,422][flwr][INFO] - 	 '\tround 34: 7.574546074835798\n'
[2024-05-22 21:21:39,423][flwr][INFO] - 	 '\tround 35: 7.91379905482581\n'
[2024-05-22 21:21:39,423][flwr][INFO] - 	 '\tround 36: 7.748953046705498\n'
[2024-05-22 21:21:39,424][flwr][INFO] - 	 '\tround 37: 6.80507688663487\n'
[2024-05-22 21:21:39,424][flwr][INFO] - 	 '\tround 38: 6.28756132203881\n'
[2024-05-22 21:21:39,424][flwr][INFO] - 	 '\tround 39: 6.653267121067847\n'
[2024-05-22 21:21:39,425][flwr][INFO] - 	 '\tround 40: 6.2211624011111395\n'
[2024-05-22 21:21:39,425][flwr][INFO] - 	 '\tround 41: 6.287112425548663\n'
[2024-05-22 21:21:39,425][flwr][INFO] - 	 '\tround 42: 6.374474382773828\n'
[2024-05-22 21:21:39,426][flwr][INFO] - 	 '\tround 43: 6.417512536496588\n'
[2024-05-22 21:21:39,426][flwr][INFO] - 	 '\tround 44: 6.000073661078208\n'
[2024-05-22 21:21:39,426][flwr][INFO] - 	 '\tround 45: 5.827065156490596\n'
[2024-05-22 21:21:39,427][flwr][INFO] - 	 '\tround 46: 6.232080777232479\n'
[2024-05-22 21:21:39,427][flwr][INFO] - 	 '\tround 47: 5.321340637661121\n'
[2024-05-22 21:21:39,427][flwr][INFO] - 	 '\tround 48: 5.531404883908994\n'
[2024-05-22 21:21:39,428][flwr][INFO] - 	 '\tround 49: 5.8565821658391775\n'
[2024-05-22 21:21:39,428][flwr][INFO] - 	 '\tround 50: 6.1422419468476015\n')
[2024-05-22 21:21:39,429][flwr][INFO] - 
