[2024-05-18 01:14:47,189][flwr][INFO] - Starting Flower simulation, config: num_rounds=2, no round_timeout
[2024-05-18 01:14:52,072][flwr][INFO] - Flower VCE: Ray initialized with resources: {'memory': 15651690087.0, 'node:127.0.0.1': 1.0, 'object_store_memory': 7825845043.0, 'CPU': 8.0, 'node:__internal_head__': 1.0}
[2024-05-18 01:14:52,073][flwr][INFO] - Optimize your simulation with Flower VCE: https://flower.ai/docs/framework/how-to-run-simulations.html
[2024-05-18 01:14:52,073][flwr][INFO] - Flower VCE: Resources for each Virtual Client: {'num_cpus': 2, 'num_gpus': 0.0}
[2024-05-18 01:14:52,082][flwr][INFO] - Flower VCE: Creating VirtualClientEngineActorPool with 4 actors
[2024-05-18 01:14:52,083][flwr][INFO] - [INIT]
[2024-05-18 01:14:52,084][flwr][INFO] - Using initial global parameters provided by strategy
[2024-05-18 01:14:52,085][flwr][INFO] - Evaluating initial global parameters
[2024-05-18 01:14:52,085][flwr][INFO] - 
[2024-05-18 01:14:52,086][flwr][INFO] - [ROUND 1]
[2024-05-18 01:14:52,087][flwr][INFO] - configure_fit: strategy sampled 13 clients (out of 13)
[2024-05-18 01:15:22,731][flwr][INFO] - aggregate_fit: received 13 results and 0 failures
[2024-05-18 01:15:22,740][flwr][WARNING] - No fit_metrics_aggregation_fn provided
[2024-05-18 01:15:22,742][flwr][INFO] - configure_evaluate: strategy sampled 13 clients (out of 13)
[2024-05-18 01:15:47,801][flwr][INFO] - aggregate_evaluate: received 13 results and 0 failures
[2024-05-18 01:15:47,802][flwr][WARNING] - No evaluate_metrics_aggregation_fn provided
[2024-05-18 01:15:47,803][flwr][INFO] - 
[2024-05-18 01:15:47,803][flwr][INFO] - [ROUND 2]
[2024-05-18 01:15:47,804][flwr][INFO] - configure_fit: strategy sampled 13 clients (out of 13)
[2024-05-18 01:16:19,018][flwr][INFO] - aggregate_fit: received 13 results and 0 failures
[2024-05-18 01:16:19,042][flwr][INFO] - configure_evaluate: strategy sampled 13 clients (out of 13)
[2024-05-18 01:16:45,109][flwr][INFO] - aggregate_evaluate: received 13 results and 0 failures
[2024-05-18 01:16:45,110][flwr][INFO] - 
[2024-05-18 01:16:45,110][flwr][INFO] - [SUMMARY]
[2024-05-18 01:16:45,111][flwr][INFO] - Run finished 2 rounds in 113.02s
[2024-05-18 01:16:45,111][flwr][INFO] - History (loss, distributed):
[2024-05-18 01:16:45,112][flwr][INFO] - 	'\tround 1: 1097.7010909304352\n\tround 2: 57.080375274805\n'
[2024-05-18 01:16:45,112][flwr][INFO] - 
