[2024-06-16 17:05:18,581][flwr][INFO] - Starting Flower simulation, config: num_rounds=10, no round_timeout
[2024-06-16 17:05:23,493][flwr][INFO] - Flower VCE: Ray initialized with resources: {'CPU': 8.0, 'object_store_memory': 7038063820.0, 'memory': 14076127643.0, 'node:127.0.0.1': 1.0, 'node:__internal_head__': 1.0}
[2024-06-16 17:05:23,494][flwr][INFO] - Optimize your simulation with Flower VCE: https://flower.ai/docs/framework/how-to-run-simulations.html
[2024-06-16 17:05:23,495][flwr][INFO] - Flower VCE: Resources for each Virtual Client: {'num_cpus': 8, 'num_gpus': 0.0}
[2024-06-16 17:05:23,503][flwr][INFO] - Flower VCE: Creating VirtualClientEngineActorPool with 1 actors
[2024-06-16 17:05:23,504][flwr][INFO] - [INIT]
[2024-06-16 17:05:23,505][flwr][INFO] - Requesting initial parameters from one random client
[2024-06-16 17:05:27,504][flwr][INFO] - Received initial parameters from one random client
[2024-06-16 17:05:27,505][flwr][INFO] - Evaluating initial global parameters
[2024-06-16 17:05:27,513][flwr][INFO] - initial parameters (loss, other metrics): tensor(6232.7487, dtype=torch.float64), {'mae_loss, mse_loss': (78.94022422790528, 6232.7487180794415)}
[2024-06-16 17:05:27,515][flwr][INFO] - 
[2024-06-16 17:05:27,515][flwr][INFO] - [ROUND 1]
[2024-06-16 17:05:27,516][flwr][INFO] - configure_fit: strategy sampled 25 clients (out of 25)
[2024-06-16 17:05:33,734][flwr][INFO] - aggregate_fit: received 25 results and 0 failures
[2024-06-16 17:05:33,761][flwr][WARNING] - No fit_metrics_aggregation_fn provided
[2024-06-16 17:05:33,766][flwr][INFO] - fit progress: (1, tensor(23.9947, dtype=torch.float64), {'mae_loss, mse_loss': (4.344166412353514, 23.994687734238454)}, 6.2504376)
[2024-06-16 17:05:33,768][flwr][INFO] - configure_evaluate: strategy sampled 25 clients (out of 25)
[2024-06-16 17:05:34,310][flwr][INFO] - aggregate_evaluate: received 25 results and 0 failures
[2024-06-16 17:05:34,311][flwr][WARNING] - No evaluate_metrics_aggregation_fn provided
[2024-06-16 17:05:34,311][flwr][INFO] - 
[2024-06-16 17:05:34,312][flwr][INFO] - [ROUND 2]
[2024-06-16 17:05:34,313][flwr][INFO] - configure_fit: strategy sampled 25 clients (out of 25)
[2024-06-16 17:05:38,768][flwr][INFO] - aggregate_fit: received 25 results and 0 failures
[2024-06-16 17:05:38,806][flwr][INFO] - fit progress: (2, tensor(19.7987, dtype=torch.float64), {'mae_loss, mse_loss': (4.024130859374999, 19.79866376323951)}, 11.291396399999998)
[2024-06-16 17:05:38,809][flwr][INFO] - configure_evaluate: strategy sampled 25 clients (out of 25)
[2024-06-16 17:05:39,369][flwr][INFO] - aggregate_evaluate: received 25 results and 0 failures
[2024-06-16 17:05:39,370][flwr][INFO] - 
[2024-06-16 17:05:39,371][flwr][INFO] - [ROUND 3]
[2024-06-16 17:05:39,372][flwr][INFO] - configure_fit: strategy sampled 25 clients (out of 25)
[2024-06-16 17:05:43,758][flwr][INFO] - aggregate_fit: received 25 results and 0 failures
[2024-06-16 17:05:43,781][flwr][INFO] - fit progress: (3, tensor(12.5141, dtype=torch.float64), {'mae_loss, mse_loss': (3.1836286926269524, 12.514136818449826)}, 16.2657326)
[2024-06-16 17:05:43,783][flwr][INFO] - configure_evaluate: strategy sampled 25 clients (out of 25)
