[2024-05-11 21:19:27,358][flwr][INFO] - Starting Flower simulation, config: num_rounds=2, no round_timeout
[2024-05-11 21:19:32,614][flwr][INFO] - Flower VCE: Ray initialized with resources: {'node:__internal_head__': 1.0, 'object_store_memory': 5266705612.0, 'memory': 10533411227.0, 'node:127.0.0.1': 1.0, 'CPU': 8.0}
[2024-05-11 21:19:32,615][flwr][INFO] - Optimize your simulation with Flower VCE: https://flower.ai/docs/framework/how-to-run-simulations.html
[2024-05-11 21:19:32,615][flwr][INFO] - No `client_resources` specified. Using minimal resources for clients.
[2024-05-11 21:19:32,616][flwr][INFO] - Flower VCE: Resources for each Virtual Client: {'num_cpus': 1, 'num_gpus': 0.0}
[2024-05-11 21:19:32,626][flwr][INFO] - Flower VCE: Creating VirtualClientEngineActorPool with 8 actors
[2024-05-11 21:19:32,627][flwr][INFO] - [INIT]
[2024-05-11 21:19:32,628][flwr][INFO] - Requesting initial parameters from one random client
[2024-05-11 21:19:37,277][flwr][INFO] - Received initial parameters from one random client
[2024-05-11 21:19:37,279][flwr][INFO] - Evaluating initial global parameters
[2024-05-11 21:19:37,279][flwr][INFO] - 
[2024-05-11 21:19:37,280][flwr][INFO] - [ROUND 1]
[2024-05-11 21:19:37,281][flwr][INFO] - configure_fit: strategy sampled 1 clients (out of 2)
[2024-05-11 21:19:41,580][flwr][INFO] - aggregate_fit: received 1 results and 0 failures
[2024-05-11 21:19:41,581][flwr][WARNING] - No fit_metrics_aggregation_fn provided
[2024-05-11 21:19:41,582][flwr][INFO] - configure_evaluate: strategy sampled 2 clients (out of 2)
[2024-05-11 21:19:48,503][flwr][INFO] - aggregate_evaluate: received 2 results and 0 failures
[2024-05-11 21:19:48,504][flwr][WARNING] - No evaluate_metrics_aggregation_fn provided
[2024-05-11 21:19:48,505][flwr][INFO] - 
[2024-05-11 21:19:48,505][flwr][INFO] - [ROUND 2]
[2024-05-11 21:19:48,506][flwr][INFO] - configure_fit: strategy sampled 1 clients (out of 2)
[2024-05-11 21:19:52,306][flwr][INFO] - aggregate_fit: received 1 results and 0 failures
[2024-05-11 21:19:52,308][flwr][INFO] - configure_evaluate: strategy sampled 2 clients (out of 2)
[2024-05-11 21:19:56,198][flwr][INFO] - aggregate_evaluate: received 2 results and 0 failures
[2024-05-11 21:19:56,199][flwr][INFO] - 
[2024-05-11 21:19:56,199][flwr][INFO] - [SUMMARY]
[2024-05-11 21:19:56,200][flwr][INFO] - Run finished 2 rounds in 18.92s
[2024-05-11 21:19:56,201][flwr][INFO] - History (loss, distributed):
[2024-05-11 21:19:56,201][flwr][INFO] - 	'\tround 1: nan\n\tround 2: nan\n'
[2024-05-11 21:19:56,202][flwr][INFO] - 
