[2024-06-16 15:04:32,800][flwr][INFO] - Starting Flower simulation, config: num_rounds=50, no round_timeout
[2024-06-16 15:04:38,038][flwr][INFO] - Flower VCE: Ray initialized with resources: {'node:__internal_head__': 1.0, 'object_store_memory': 7026060902.0, 'memory': 14052121806.0, 'node:127.0.0.1': 1.0, 'CPU': 8.0}
[2024-06-16 15:04:38,039][flwr][INFO] - Optimize your simulation with Flower VCE: https://flower.ai/docs/framework/how-to-run-simulations.html
[2024-06-16 15:04:38,039][flwr][INFO] - Flower VCE: Resources for each Virtual Client: {'num_cpus': 1, 'num_gpus': 0.0}
[2024-06-16 15:04:38,050][flwr][INFO] - Flower VCE: Creating VirtualClientEngineActorPool with 8 actors
[2024-06-16 15:04:38,051][flwr][INFO] - [INIT]
[2024-06-16 15:04:38,052][flwr][INFO] - Requesting initial parameters from one random client
[2024-06-16 15:04:42,919][flwr][INFO] - Received initial parameters from one random client
[2024-06-16 15:04:42,920][flwr][INFO] - Evaluating initial global parameters
[2024-06-16 15:04:42,929][flwr][INFO] - initial parameters (loss, other metrics): tensor(3707.8612, dtype=torch.float64), {'mae_loss, mse_loss': (60.85808979034424, 3707.8612032112055)}
[2024-06-16 15:04:42,931][flwr][INFO] - 
[2024-06-16 15:04:42,932][flwr][INFO] - [ROUND 1]
[2024-06-16 15:04:42,933][flwr][INFO] - configure_fit: strategy sampled 25 clients (out of 25)
[2024-06-16 15:04:51,275][flwr][INFO] - aggregate_fit: received 25 results and 0 failures
[2024-06-16 15:04:51,294][flwr][WARNING] - No fit_metrics_aggregation_fn provided
[2024-06-16 15:04:51,298][flwr][INFO] - fit progress: (1, tensor(2.3874, dtype=torch.float64), {'mae_loss, mse_loss': (1.1399920654296878, 2.387363943223379)}, 8.3666601)
[2024-06-16 15:04:51,300][flwr][INFO] - configure_evaluate: strategy sampled 25 clients (out of 25)
[2024-06-16 15:04:51,563][flwr][INFO] - aggregate_evaluate: received 25 results and 0 failures
[2024-06-16 15:04:51,563][flwr][WARNING] - No evaluate_metrics_aggregation_fn provided
[2024-06-16 15:04:51,564][flwr][INFO] - 
[2024-06-16 15:04:51,565][flwr][INFO] - [ROUND 2]
[2024-06-16 15:04:51,565][flwr][INFO] - configure_fit: strategy sampled 25 clients (out of 25)
[2024-06-16 15:04:52,915][flwr][INFO] - aggregate_fit: received 25 results and 0 failures
[2024-06-16 15:04:52,938][flwr][INFO] - fit progress: (2, tensor(3.3490, dtype=torch.float64), {'mae_loss, mse_loss': (1.7137419128417961, 3.3489654138606255)}, 10.007161499999999)
[2024-06-16 15:04:52,940][flwr][INFO] - configure_evaluate: strategy sampled 25 clients (out of 25)
[2024-06-16 15:04:53,182][flwr][INFO] - aggregate_evaluate: received 25 results and 0 failures
[2024-06-16 15:04:53,183][flwr][INFO] - 
[2024-06-16 15:04:53,183][flwr][INFO] - [ROUND 3]
[2024-06-16 15:04:53,184][flwr][INFO] - configure_fit: strategy sampled 25 clients (out of 25)
[2024-06-16 15:04:54,517][flwr][INFO] - aggregate_fit: received 25 results and 0 failures
[2024-06-16 15:04:54,545][flwr][INFO] - fit progress: (3, tensor(2.5833, dtype=torch.float64), {'mae_loss, mse_loss': (1.5334890747070304, 2.5832977037338987)}, 11.6140285)
[2024-06-16 15:04:54,548][flwr][INFO] - configure_evaluate: strategy sampled 25 clients (out of 25)
[2024-06-16 15:04:54,794][flwr][INFO] - aggregate_evaluate: received 25 results and 0 failures
[2024-06-16 15:04:54,794][flwr][INFO] - 
[2024-06-16 15:04:54,795][flwr][INFO] - [ROUND 4]
[2024-06-16 15:04:54,796][flwr][INFO] - configure_fit: strategy sampled 25 clients (out of 25)
[2024-06-16 15:04:56,119][flwr][INFO] - aggregate_fit: received 25 results and 0 failures
[2024-06-16 15:04:56,142][flwr][INFO] - fit progress: (4, tensor(1.1229, dtype=torch.float64), {'mae_loss, mse_loss': (0.9836386108398429, 1.1228910707901223)}, 13.2105684)
[2024-06-16 15:04:56,144][flwr][INFO] - configure_evaluate: strategy sampled 25 clients (out of 25)
[2024-06-16 15:04:56,388][flwr][INFO] - aggregate_evaluate: received 25 results and 0 failures
[2024-06-16 15:04:56,389][flwr][INFO] - 
[2024-06-16 15:04:56,389][flwr][INFO] - [ROUND 5]
[2024-06-16 15:04:56,390][flwr][INFO] - configure_fit: strategy sampled 25 clients (out of 25)
[2024-06-16 15:04:57,741][flwr][INFO] - aggregate_fit: received 25 results and 0 failures
[2024-06-16 15:04:57,765][flwr][INFO] - fit progress: (5, tensor(0.8502, dtype=torch.float64), {'mae_loss, mse_loss': (0.8542593383789054, 0.8502078354845282)}, 14.8334729)
[2024-06-16 15:04:57,767][flwr][INFO] - configure_evaluate: strategy sampled 25 clients (out of 25)
[2024-06-16 15:04:58,012][flwr][INFO] - aggregate_evaluate: received 25 results and 0 failures
[2024-06-16 15:04:58,013][flwr][INFO] - 
[2024-06-16 15:04:58,013][flwr][INFO] - [ROUND 6]
[2024-06-16 15:04:58,014][flwr][INFO] - configure_fit: strategy sampled 25 clients (out of 25)
[2024-06-16 15:04:59,342][flwr][INFO] - aggregate_fit: received 25 results and 0 failures
[2024-06-16 15:04:59,366][flwr][INFO] - fit progress: (6, tensor(0.6024, dtype=torch.float64), {'mae_loss, mse_loss': (0.7124082946777335, 0.6023728300576324)}, 16.4347966)
[2024-06-16 15:04:59,368][flwr][INFO] - configure_evaluate: strategy sampled 25 clients (out of 25)
[2024-06-16 15:04:59,623][flwr][INFO] - aggregate_evaluate: received 25 results and 0 failures
[2024-06-16 15:04:59,624][flwr][INFO] - 
[2024-06-16 15:04:59,624][flwr][INFO] - [ROUND 7]
[2024-06-16 15:04:59,625][flwr][INFO] - configure_fit: strategy sampled 25 clients (out of 25)
[2024-06-16 15:05:00,968][flwr][INFO] - aggregate_fit: received 25 results and 0 failures
[2024-06-16 15:05:00,992][flwr][INFO] - fit progress: (7, tensor(0.4015, dtype=torch.float64), {'mae_loss, mse_loss': (0.5682852172851554, 0.4014790309625673)}, 18.060263000000003)
[2024-06-16 15:05:00,993][flwr][INFO] - configure_evaluate: strategy sampled 25 clients (out of 25)
[2024-06-16 15:05:01,248][flwr][INFO] - aggregate_evaluate: received 25 results and 0 failures
[2024-06-16 15:05:01,249][flwr][INFO] - 
[2024-06-16 15:05:01,250][flwr][INFO] - [ROUND 8]
[2024-06-16 15:05:01,250][flwr][INFO] - configure_fit: strategy sampled 25 clients (out of 25)
[2024-06-16 15:05:02,636][flwr][INFO] - aggregate_fit: received 25 results and 0 failures
[2024-06-16 15:05:02,664][flwr][INFO] - fit progress: (8, tensor(0.5508, dtype=torch.float64), {'mae_loss, mse_loss': (0.6950941467285148, 0.5507589285207206)}, 19.733064100000004)
[2024-06-16 15:05:02,666][flwr][INFO] - configure_evaluate: strategy sampled 25 clients (out of 25)
[2024-06-16 15:05:02,910][flwr][INFO] - aggregate_evaluate: received 25 results and 0 failures
[2024-06-16 15:05:02,911][flwr][INFO] - 
[2024-06-16 15:05:02,911][flwr][INFO] - [ROUND 9]
[2024-06-16 15:05:02,912][flwr][INFO] - configure_fit: strategy sampled 25 clients (out of 25)
[2024-06-16 15:05:04,244][flwr][INFO] - aggregate_fit: received 25 results and 0 failures
[2024-06-16 15:05:04,267][flwr][INFO] - fit progress: (9, tensor(0.1847, dtype=torch.float64), {'mae_loss, mse_loss': (0.3835758972167966, 0.18472017028403906)}, 21.335820199999997)
[2024-06-16 15:05:04,269][flwr][INFO] - configure_evaluate: strategy sampled 25 clients (out of 25)
[2024-06-16 15:05:04,528][flwr][INFO] - aggregate_evaluate: received 25 results and 0 failures
[2024-06-16 15:05:04,528][flwr][INFO] - 
[2024-06-16 15:05:04,529][flwr][INFO] - [ROUND 10]
[2024-06-16 15:05:04,530][flwr][INFO] - configure_fit: strategy sampled 25 clients (out of 25)
[2024-06-16 15:05:05,853][flwr][INFO] - aggregate_fit: received 25 results and 0 failures
[2024-06-16 15:05:05,876][flwr][INFO] - fit progress: (10, tensor(0.1647, dtype=torch.float64), {'mae_loss, mse_loss': (0.36477401733398407, 0.16466192301514063)}, 22.945304500000002)
[2024-06-16 15:05:05,878][flwr][INFO] - configure_evaluate: strategy sampled 25 clients (out of 25)
[2024-06-16 15:05:06,117][flwr][INFO] - aggregate_evaluate: received 25 results and 0 failures
[2024-06-16 15:05:06,118][flwr][INFO] - 
[2024-06-16 15:05:06,118][flwr][INFO] - [ROUND 11]
[2024-06-16 15:05:06,119][flwr][INFO] - configure_fit: strategy sampled 25 clients (out of 25)
[2024-06-16 15:05:07,463][flwr][INFO] - aggregate_fit: received 25 results and 0 failures
[2024-06-16 15:05:07,489][flwr][INFO] - fit progress: (11, tensor(0.1046, dtype=torch.float64), {'mae_loss, mse_loss': (0.26833435058593835, 0.10458803230174858)}, 24.5582806)
[2024-06-16 15:05:07,491][flwr][INFO] - configure_evaluate: strategy sampled 25 clients (out of 25)
[2024-06-16 15:05:07,735][flwr][INFO] - aggregate_evaluate: received 25 results and 0 failures
[2024-06-16 15:05:07,736][flwr][INFO] - 
[2024-06-16 15:05:07,736][flwr][INFO] - [ROUND 12]
[2024-06-16 15:05:07,737][flwr][INFO] - configure_fit: strategy sampled 25 clients (out of 25)
[2024-06-16 15:05:09,073][flwr][INFO] - aggregate_fit: received 25 results and 0 failures
[2024-06-16 15:05:09,097][flwr][INFO] - fit progress: (12, tensor(0.2941, dtype=torch.float64), {'mae_loss, mse_loss': (0.4968649291992179, 0.29410630962904477)}, 26.165718100000003)
[2024-06-16 15:05:09,098][flwr][INFO] - configure_evaluate: strategy sampled 25 clients (out of 25)
[2024-06-16 15:05:09,346][flwr][INFO] - aggregate_evaluate: received 25 results and 0 failures
[2024-06-16 15:05:09,347][flwr][INFO] - 
[2024-06-16 15:05:09,347][flwr][INFO] - [ROUND 13]
[2024-06-16 15:05:09,348][flwr][INFO] - configure_fit: strategy sampled 25 clients (out of 25)
[2024-06-16 15:05:10,699][flwr][INFO] - aggregate_fit: received 25 results and 0 failures
[2024-06-16 15:05:10,722][flwr][INFO] - fit progress: (13, tensor(0.3020, dtype=torch.float64), {'mae_loss, mse_loss': (0.5229193115234366, 0.3019742857383091)}, 27.790793500000003)
[2024-06-16 15:05:10,724][flwr][INFO] - configure_evaluate: strategy sampled 25 clients (out of 25)
[2024-06-16 15:05:10,983][flwr][INFO] - aggregate_evaluate: received 25 results and 0 failures
[2024-06-16 15:05:10,984][flwr][INFO] - 
[2024-06-16 15:05:10,985][flwr][INFO] - [ROUND 14]
[2024-06-16 15:05:10,985][flwr][INFO] - configure_fit: strategy sampled 25 clients (out of 25)
[2024-06-16 15:05:12,301][flwr][INFO] - aggregate_fit: received 25 results and 0 failures
[2024-06-16 15:05:12,323][flwr][INFO] - fit progress: (14, tensor(0.1995, dtype=torch.float64), {'mae_loss, mse_loss': (0.4171621704101554, 0.1994837413202033)}, 29.3927833)
[2024-06-16 15:05:12,325][flwr][INFO] - configure_evaluate: strategy sampled 25 clients (out of 25)
[2024-06-16 15:05:12,569][flwr][INFO] - aggregate_evaluate: received 25 results and 0 failures
[2024-06-16 15:05:12,570][flwr][INFO] - 
[2024-06-16 15:05:12,571][flwr][INFO] - [ROUND 15]
[2024-06-16 15:05:12,571][flwr][INFO] - configure_fit: strategy sampled 25 clients (out of 25)
[2024-06-16 15:05:13,886][flwr][INFO] - aggregate_fit: received 25 results and 0 failures
[2024-06-16 15:05:13,908][flwr][INFO] - fit progress: (15, tensor(0.1537, dtype=torch.float64), {'mae_loss, mse_loss': (0.36063522338867104, 0.15374721431324662)}, 30.9771995)
[2024-06-16 15:05:13,910][flwr][INFO] - configure_evaluate: strategy sampled 25 clients (out of 25)
[2024-06-16 15:05:14,158][flwr][INFO] - aggregate_evaluate: received 25 results and 0 failures
[2024-06-16 15:05:14,160][flwr][INFO] - 
[2024-06-16 15:05:14,161][flwr][INFO] - [ROUND 16]
[2024-06-16 15:05:14,161][flwr][INFO] - configure_fit: strategy sampled 25 clients (out of 25)
[2024-06-16 15:05:15,591][flwr][INFO] - aggregate_fit: received 25 results and 0 failures
[2024-06-16 15:05:15,614][flwr][INFO] - fit progress: (16, tensor(0.1052, dtype=torch.float64), {'mae_loss, mse_loss': (0.28741897583007725, 0.10519389760366123)}, 32.682659)
[2024-06-16 15:05:15,616][flwr][INFO] - configure_evaluate: strategy sampled 25 clients (out of 25)
[2024-06-16 15:05:15,857][flwr][INFO] - aggregate_evaluate: received 25 results and 0 failures
[2024-06-16 15:05:15,858][flwr][INFO] - 
[2024-06-16 15:05:15,858][flwr][INFO] - [ROUND 17]
[2024-06-16 15:05:15,859][flwr][INFO] - configure_fit: strategy sampled 25 clients (out of 25)
[2024-06-16 15:05:17,187][flwr][INFO] - aggregate_fit: received 25 results and 0 failures
[2024-06-16 15:05:17,209][flwr][INFO] - fit progress: (17, tensor(0.0970, dtype=torch.float64), {'mae_loss, mse_loss': (0.2741712951660148, 0.0970495054082707)}, 34.2780461)
[2024-06-16 15:05:17,211][flwr][INFO] - configure_evaluate: strategy sampled 25 clients (out of 25)
[2024-06-16 15:05:17,453][flwr][INFO] - aggregate_evaluate: received 25 results and 0 failures
[2024-06-16 15:05:17,454][flwr][INFO] - 
[2024-06-16 15:05:17,455][flwr][INFO] - [ROUND 18]
[2024-06-16 15:05:17,456][flwr][INFO] - configure_fit: strategy sampled 25 clients (out of 25)
[2024-06-16 15:05:18,804][flwr][INFO] - aggregate_fit: received 25 results and 0 failures
[2024-06-16 15:05:18,828][flwr][INFO] - fit progress: (18, tensor(0.0940, dtype=torch.float64), {'mae_loss, mse_loss': (0.2673666381835929, 0.09397226228238963)}, 35.897410699999995)
[2024-06-16 15:05:18,831][flwr][INFO] - configure_evaluate: strategy sampled 25 clients (out of 25)
[2024-06-16 15:05:19,076][flwr][INFO] - aggregate_evaluate: received 25 results and 0 failures
[2024-06-16 15:05:19,077][flwr][INFO] - 
[2024-06-16 15:05:19,077][flwr][INFO] - [ROUND 19]
[2024-06-16 15:05:19,078][flwr][INFO] - configure_fit: strategy sampled 25 clients (out of 25)
[2024-06-16 15:05:20,435][flwr][INFO] - aggregate_fit: received 25 results and 0 failures
[2024-06-16 15:05:20,462][flwr][INFO] - fit progress: (19, tensor(0.2602, dtype=torch.float64), {'mae_loss, mse_loss': (0.4896994018554679, 0.2601746766080605)}, 37.530594300000004)
[2024-06-16 15:05:20,463][flwr][INFO] - configure_evaluate: strategy sampled 25 clients (out of 25)
[2024-06-16 15:05:20,718][flwr][INFO] - aggregate_evaluate: received 25 results and 0 failures
[2024-06-16 15:05:20,718][flwr][INFO] - 
[2024-06-16 15:05:20,719][flwr][INFO] - [ROUND 20]
[2024-06-16 15:05:20,719][flwr][INFO] - configure_fit: strategy sampled 25 clients (out of 25)
[2024-06-16 15:05:22,047][flwr][INFO] - aggregate_fit: received 25 results and 0 failures
[2024-06-16 15:05:22,070][flwr][INFO] - fit progress: (20, tensor(0.0847, dtype=torch.float64), {'mae_loss, mse_loss': (0.25175918579101475, 0.08472331668867211)}, 39.1385753)
[2024-06-16 15:05:22,071][flwr][INFO] - configure_evaluate: strategy sampled 25 clients (out of 25)
[2024-06-16 15:05:22,311][flwr][INFO] - aggregate_evaluate: received 25 results and 0 failures
[2024-06-16 15:05:22,312][flwr][INFO] - 
[2024-06-16 15:05:22,312][flwr][INFO] - [ROUND 21]
[2024-06-16 15:05:22,313][flwr][INFO] - configure_fit: strategy sampled 25 clients (out of 25)
[2024-06-16 15:05:23,636][flwr][INFO] - aggregate_fit: received 25 results and 0 failures
[2024-06-16 15:05:23,658][flwr][INFO] - fit progress: (21, tensor(0.1106, dtype=torch.float64), {'mae_loss, mse_loss': (0.299496307373046, 0.11057579266524349)}, 40.727391999999995)
[2024-06-16 15:05:23,660][flwr][INFO] - configure_evaluate: strategy sampled 25 clients (out of 25)
[2024-06-16 15:05:23,904][flwr][INFO] - aggregate_evaluate: received 25 results and 0 failures
[2024-06-16 15:05:23,905][flwr][INFO] - 
[2024-06-16 15:05:23,905][flwr][INFO] - [ROUND 22]
[2024-06-16 15:05:23,906][flwr][INFO] - configure_fit: strategy sampled 25 clients (out of 25)
[2024-06-16 15:05:25,240][flwr][INFO] - aggregate_fit: received 25 results and 0 failures
[2024-06-16 15:05:25,264][flwr][INFO] - fit progress: (22, tensor(0.1297, dtype=torch.float64), {'mae_loss, mse_loss': (0.3294798278808585, 0.1297325952331296)}, 42.33310779999999)
[2024-06-16 15:05:25,266][flwr][INFO] - configure_evaluate: strategy sampled 25 clients (out of 25)
[2024-06-16 15:05:25,569][flwr][INFO] - aggregate_evaluate: received 25 results and 0 failures
[2024-06-16 15:05:25,570][flwr][INFO] - 
[2024-06-16 15:05:25,570][flwr][INFO] - [ROUND 23]
[2024-06-16 15:05:25,571][flwr][INFO] - configure_fit: strategy sampled 25 clients (out of 25)
[2024-06-16 15:05:26,947][flwr][INFO] - aggregate_fit: received 25 results and 0 failures
[2024-06-16 15:05:26,970][flwr][INFO] - fit progress: (23, tensor(0.1361, dtype=torch.float64), {'mae_loss, mse_loss': (0.3408018493652335, 0.13613439517246956)}, 44.038566700000004)
[2024-06-16 15:05:26,972][flwr][INFO] - configure_evaluate: strategy sampled 25 clients (out of 25)
[2024-06-16 15:05:27,212][flwr][INFO] - aggregate_evaluate: received 25 results and 0 failures
[2024-06-16 15:05:27,213][flwr][INFO] - 
[2024-06-16 15:05:27,214][flwr][INFO] - [ROUND 24]
[2024-06-16 15:05:27,214][flwr][INFO] - configure_fit: strategy sampled 25 clients (out of 25)
[2024-06-16 15:05:28,545][flwr][INFO] - aggregate_fit: received 25 results and 0 failures
[2024-06-16 15:05:28,568][flwr][INFO] - fit progress: (24, tensor(0.1240, dtype=torch.float64), {'mae_loss, mse_loss': (0.31909774780273353, 0.12396687252132624)}, 45.637266)
[2024-06-16 15:05:28,571][flwr][INFO] - configure_evaluate: strategy sampled 25 clients (out of 25)
[2024-06-16 15:05:28,810][flwr][INFO] - aggregate_evaluate: received 25 results and 0 failures
[2024-06-16 15:05:28,811][flwr][INFO] - 
[2024-06-16 15:05:28,811][flwr][INFO] - [ROUND 25]
[2024-06-16 15:05:28,812][flwr][INFO] - configure_fit: strategy sampled 25 clients (out of 25)
[2024-06-16 15:05:30,259][flwr][INFO] - aggregate_fit: received 25 results and 0 failures
[2024-06-16 15:05:30,285][flwr][INFO] - fit progress: (25, tensor(0.1804, dtype=torch.float64), {'mae_loss, mse_loss': (0.39953979492187414, 0.18036749356985016)}, 47.3538918)
[2024-06-16 15:05:30,287][flwr][INFO] - configure_evaluate: strategy sampled 25 clients (out of 25)
[2024-06-16 15:05:30,537][flwr][INFO] - aggregate_evaluate: received 25 results and 0 failures
[2024-06-16 15:05:30,538][flwr][INFO] - 
[2024-06-16 15:05:30,539][flwr][INFO] - [ROUND 26]
[2024-06-16 15:05:30,540][flwr][INFO] - configure_fit: strategy sampled 25 clients (out of 25)
[2024-06-16 15:05:31,876][flwr][INFO] - aggregate_fit: received 25 results and 0 failures
[2024-06-16 15:05:31,900][flwr][INFO] - fit progress: (26, tensor(0.1154, dtype=torch.float64), {'mae_loss, mse_loss': (0.3078413391113273, 0.1154177508855931)}, 48.9681449)
[2024-06-16 15:05:31,901][flwr][INFO] - configure_evaluate: strategy sampled 25 clients (out of 25)
[2024-06-16 15:05:32,142][flwr][INFO] - aggregate_evaluate: received 25 results and 0 failures
[2024-06-16 15:05:32,142][flwr][INFO] - 
[2024-06-16 15:05:32,143][flwr][INFO] - [ROUND 27]
[2024-06-16 15:05:32,143][flwr][INFO] - configure_fit: strategy sampled 25 clients (out of 25)
[2024-06-16 15:05:33,473][flwr][INFO] - aggregate_fit: received 25 results and 0 failures
[2024-06-16 15:05:33,496][flwr][INFO] - fit progress: (27, tensor(0.1198, dtype=torch.float64), {'mae_loss, mse_loss': (0.31630920410156166, 0.11978688610112231)}, 50.56456949999999)
[2024-06-16 15:05:33,498][flwr][INFO] - configure_evaluate: strategy sampled 25 clients (out of 25)
[2024-06-16 15:05:33,739][flwr][INFO] - aggregate_evaluate: received 25 results and 0 failures
[2024-06-16 15:05:33,740][flwr][INFO] - 
[2024-06-16 15:05:33,740][flwr][INFO] - [ROUND 28]
[2024-06-16 15:05:33,741][flwr][INFO] - configure_fit: strategy sampled 25 clients (out of 25)
[2024-06-16 15:05:35,067][flwr][INFO] - aggregate_fit: received 25 results and 0 failures
[2024-06-16 15:05:35,090][flwr][INFO] - fit progress: (28, tensor(0.1137, dtype=torch.float64), {'mae_loss, mse_loss': (0.3080755615234366, 0.1136685455122491)}, 52.1589317)
[2024-06-16 15:05:35,092][flwr][INFO] - configure_evaluate: strategy sampled 25 clients (out of 25)
[2024-06-16 15:05:35,343][flwr][INFO] - aggregate_evaluate: received 25 results and 0 failures
[2024-06-16 15:05:35,344][flwr][INFO] - 
[2024-06-16 15:05:35,345][flwr][INFO] - [ROUND 29]
[2024-06-16 15:05:35,345][flwr][INFO] - configure_fit: strategy sampled 25 clients (out of 25)
[2024-06-16 15:05:36,676][flwr][INFO] - aggregate_fit: received 25 results and 0 failures
[2024-06-16 15:05:36,699][flwr][INFO] - fit progress: (29, tensor(0.1424, dtype=torch.float64), {'mae_loss, mse_loss': (0.3520407104492179, 0.14237926745065418)}, 53.7680477)
[2024-06-16 15:05:36,701][flwr][INFO] - configure_evaluate: strategy sampled 25 clients (out of 25)
[2024-06-16 15:05:36,946][flwr][INFO] - aggregate_evaluate: received 25 results and 0 failures
[2024-06-16 15:05:36,947][flwr][INFO] - 
[2024-06-16 15:05:36,948][flwr][INFO] - [ROUND 30]
[2024-06-16 15:05:36,949][flwr][INFO] - configure_fit: strategy sampled 25 clients (out of 25)
[2024-06-16 15:05:38,279][flwr][INFO] - aggregate_fit: received 25 results and 0 failures
[2024-06-16 15:05:38,303][flwr][INFO] - fit progress: (30, tensor(0.1460, dtype=torch.float64), {'mae_loss, mse_loss': (0.35773147583007725, 0.14603829057107146)}, 55.37149599999999)
[2024-06-16 15:05:38,304][flwr][INFO] - configure_evaluate: strategy sampled 25 clients (out of 25)
[2024-06-16 15:05:38,554][flwr][INFO] - aggregate_evaluate: received 25 results and 0 failures
[2024-06-16 15:05:38,555][flwr][INFO] - 
[2024-06-16 15:05:38,556][flwr][INFO] - [ROUND 31]
[2024-06-16 15:05:38,556][flwr][INFO] - configure_fit: strategy sampled 25 clients (out of 25)
[2024-06-16 15:05:39,928][flwr][INFO] - aggregate_fit: received 25 results and 0 failures
[2024-06-16 15:05:39,952][flwr][INFO] - fit progress: (31, tensor(0.1258, dtype=torch.float64), {'mae_loss, mse_loss': (0.328597869873046, 0.1257843787319719)}, 57.0203999)
[2024-06-16 15:05:39,953][flwr][INFO] - configure_evaluate: strategy sampled 25 clients (out of 25)
[2024-06-16 15:05:40,206][flwr][INFO] - aggregate_evaluate: received 25 results and 0 failures
[2024-06-16 15:05:40,207][flwr][INFO] - 
[2024-06-16 15:05:40,207][flwr][INFO] - [ROUND 32]
[2024-06-16 15:05:40,208][flwr][INFO] - configure_fit: strategy sampled 25 clients (out of 25)
[2024-06-16 15:05:41,552][flwr][INFO] - aggregate_fit: received 25 results and 0 failures
[2024-06-16 15:05:41,574][flwr][INFO] - fit progress: (32, tensor(0.1572, dtype=torch.float64), {'mae_loss, mse_loss': (0.374447479248046, 0.15723058581154256)}, 58.64358059999999)
[2024-06-16 15:05:41,576][flwr][INFO] - configure_evaluate: strategy sampled 25 clients (out of 25)
[2024-06-16 15:05:41,828][flwr][INFO] - aggregate_evaluate: received 25 results and 0 failures
[2024-06-16 15:05:41,829][flwr][INFO] - 
[2024-06-16 15:05:41,829][flwr][INFO] - [ROUND 33]
[2024-06-16 15:05:41,830][flwr][INFO] - configure_fit: strategy sampled 25 clients (out of 25)
[2024-06-16 15:05:43,158][flwr][INFO] - aggregate_fit: received 25 results and 0 failures
[2024-06-16 15:05:43,179][flwr][INFO] - fit progress: (33, tensor(0.1180, dtype=torch.float64), {'mae_loss, mse_loss': (0.31765121459960854, 0.11803259440499762)}, 60.24868549999999)
[2024-06-16 15:05:43,182][flwr][INFO] - configure_evaluate: strategy sampled 25 clients (out of 25)
[2024-06-16 15:05:43,427][flwr][INFO] - aggregate_evaluate: received 25 results and 0 failures
[2024-06-16 15:05:43,428][flwr][INFO] - 
[2024-06-16 15:05:43,429][flwr][INFO] - [ROUND 34]
[2024-06-16 15:05:43,429][flwr][INFO] - configure_fit: strategy sampled 25 clients (out of 25)
[2024-06-16 15:05:44,775][flwr][INFO] - aggregate_fit: received 25 results and 0 failures
[2024-06-16 15:05:44,798][flwr][INFO] - fit progress: (34, tensor(0.1428, dtype=torch.float64), {'mae_loss, mse_loss': (0.3547789001464835, 0.1427519043037894)}, 61.867052099999995)
[2024-06-16 15:05:44,800][flwr][INFO] - configure_evaluate: strategy sampled 25 clients (out of 25)
[2024-06-16 15:05:45,049][flwr][INFO] - aggregate_evaluate: received 25 results and 0 failures
[2024-06-16 15:05:45,050][flwr][INFO] - 
[2024-06-16 15:05:45,051][flwr][INFO] - [ROUND 35]
[2024-06-16 15:05:45,051][flwr][INFO] - configure_fit: strategy sampled 25 clients (out of 25)
[2024-06-16 15:05:46,394][flwr][INFO] - aggregate_fit: received 25 results and 0 failures
[2024-06-16 15:05:46,418][flwr][INFO] - fit progress: (35, tensor(0.0913, dtype=torch.float64), {'mae_loss, mse_loss': (0.272707977294921, 0.09129386214923527)}, 63.487192699999994)
[2024-06-16 15:05:46,420][flwr][INFO] - configure_evaluate: strategy sampled 25 clients (out of 25)
[2024-06-16 15:05:46,660][flwr][INFO] - aggregate_evaluate: received 25 results and 0 failures
[2024-06-16 15:05:46,661][flwr][INFO] - 
[2024-06-16 15:05:46,661][flwr][INFO] - [ROUND 36]
[2024-06-16 15:05:46,662][flwr][INFO] - configure_fit: strategy sampled 25 clients (out of 25)
[2024-06-16 15:05:47,986][flwr][INFO] - aggregate_fit: received 25 results and 0 failures
[2024-06-16 15:05:48,008][flwr][INFO] - fit progress: (36, tensor(0.1647, dtype=torch.float64), {'mae_loss, mse_loss': (0.3857427978515616, 0.16465970144118108)}, 65.0773154)
[2024-06-16 15:05:48,010][flwr][INFO] - configure_evaluate: strategy sampled 25 clients (out of 25)
[2024-06-16 15:05:48,260][flwr][INFO] - aggregate_evaluate: received 25 results and 0 failures
[2024-06-16 15:05:48,261][flwr][INFO] - 
[2024-06-16 15:05:48,262][flwr][INFO] - [ROUND 37]
[2024-06-16 15:05:48,262][flwr][INFO] - configure_fit: strategy sampled 25 clients (out of 25)
[2024-06-16 15:05:49,618][flwr][INFO] - aggregate_fit: received 25 results and 0 failures
[2024-06-16 15:05:49,640][flwr][INFO] - fit progress: (37, tensor(0.1559, dtype=torch.float64), {'mae_loss, mse_loss': (0.374496307373046, 0.15586050877848107)}, 66.7090601)
[2024-06-16 15:05:49,642][flwr][INFO] - configure_evaluate: strategy sampled 25 clients (out of 25)
[2024-06-16 15:05:49,887][flwr][INFO] - aggregate_evaluate: received 25 results and 0 failures
[2024-06-16 15:05:49,888][flwr][INFO] - 
[2024-06-16 15:05:49,888][flwr][INFO] - [ROUND 38]
[2024-06-16 15:05:49,889][flwr][INFO] - configure_fit: strategy sampled 25 clients (out of 25)
[2024-06-16 15:05:51,246][flwr][INFO] - aggregate_fit: received 25 results and 0 failures
[2024-06-16 15:05:51,269][flwr][INFO] - fit progress: (38, tensor(0.0923, dtype=torch.float64), {'mae_loss, mse_loss': (0.2767202758789054, 0.09227413247432507)}, 68.33792679999999)
[2024-06-16 15:05:51,271][flwr][INFO] - configure_evaluate: strategy sampled 25 clients (out of 25)
[2024-06-16 15:05:51,522][flwr][INFO] - aggregate_evaluate: received 25 results and 0 failures
[2024-06-16 15:05:51,523][flwr][INFO] - 
[2024-06-16 15:05:51,524][flwr][INFO] - [ROUND 39]
[2024-06-16 15:05:51,524][flwr][INFO] - configure_fit: strategy sampled 25 clients (out of 25)
[2024-06-16 15:05:52,845][flwr][INFO] - aggregate_fit: received 25 results and 0 failures
[2024-06-16 15:05:52,870][flwr][INFO] - fit progress: (39, tensor(0.0711, dtype=torch.float64), {'mae_loss, mse_loss': (0.2373251342773429, 0.07113274890440471)}, 69.938913)
[2024-06-16 15:05:52,872][flwr][INFO] - configure_evaluate: strategy sampled 25 clients (out of 25)
[2024-06-16 15:05:53,120][flwr][INFO] - aggregate_evaluate: received 25 results and 0 failures
[2024-06-16 15:05:53,120][flwr][INFO] - 
[2024-06-16 15:05:53,121][flwr][INFO] - [ROUND 40]
[2024-06-16 15:05:53,121][flwr][INFO] - configure_fit: strategy sampled 25 clients (out of 25)
[2024-06-16 15:05:54,543][flwr][INFO] - aggregate_fit: received 25 results and 0 failures
[2024-06-16 15:05:54,572][flwr][INFO] - fit progress: (40, tensor(0.1641, dtype=torch.float64), {'mae_loss, mse_loss': (0.3865255737304679, 0.1641088695216451)}, 71.64017919999999)
[2024-06-16 15:05:54,573][flwr][INFO] - configure_evaluate: strategy sampled 25 clients (out of 25)
[2024-06-16 15:05:54,824][flwr][INFO] - aggregate_evaluate: received 25 results and 0 failures
[2024-06-16 15:05:54,825][flwr][INFO] - 
[2024-06-16 15:05:54,825][flwr][INFO] - [ROUND 41]
[2024-06-16 15:05:54,826][flwr][INFO] - configure_fit: strategy sampled 25 clients (out of 25)
[2024-06-16 15:05:56,200][flwr][INFO] - aggregate_fit: received 25 results and 0 failures
[2024-06-16 15:05:56,224][flwr][INFO] - fit progress: (41, tensor(0.0914, dtype=torch.float64), {'mae_loss, mse_loss': (0.27645095825195226, 0.09137241543305522)}, 73.29349599999999)
[2024-06-16 15:05:56,226][flwr][INFO] - configure_evaluate: strategy sampled 25 clients (out of 25)
[2024-06-16 15:05:56,478][flwr][INFO] - aggregate_evaluate: received 25 results and 0 failures
[2024-06-16 15:05:56,479][flwr][INFO] - 
[2024-06-16 15:05:56,480][flwr][INFO] - [ROUND 42]
[2024-06-16 15:05:56,480][flwr][INFO] - configure_fit: strategy sampled 25 clients (out of 25)
[2024-06-16 15:05:57,809][flwr][INFO] - aggregate_fit: received 25 results and 0 failures
[2024-06-16 15:05:57,833][flwr][INFO] - fit progress: (42, tensor(0.1275, dtype=torch.float64), {'mae_loss, mse_loss': (0.3368826293945304, 0.12753953913669042)}, 74.9021516)
[2024-06-16 15:05:57,834][flwr][INFO] - configure_evaluate: strategy sampled 25 clients (out of 25)
[2024-06-16 15:05:58,084][flwr][INFO] - aggregate_evaluate: received 25 results and 0 failures
[2024-06-16 15:05:58,085][flwr][INFO] - 
[2024-06-16 15:05:58,085][flwr][INFO] - [ROUND 43]
[2024-06-16 15:05:58,086][flwr][INFO] - configure_fit: strategy sampled 25 clients (out of 25)
[2024-06-16 15:05:59,423][flwr][INFO] - aggregate_fit: received 25 results and 0 failures
[2024-06-16 15:05:59,447][flwr][INFO] - fit progress: (43, tensor(0.1169, dtype=torch.float64), {'mae_loss, mse_loss': (0.3203855895996085, 0.11687324601958912)}, 76.51526319999999)
[2024-06-16 15:05:59,449][flwr][INFO] - configure_evaluate: strategy sampled 25 clients (out of 25)
[2024-06-16 15:05:59,703][flwr][INFO] - aggregate_evaluate: received 25 results and 0 failures
[2024-06-16 15:05:59,704][flwr][INFO] - 
[2024-06-16 15:05:59,705][flwr][INFO] - [ROUND 44]
[2024-06-16 15:05:59,706][flwr][INFO] - configure_fit: strategy sampled 25 clients (out of 25)
[2024-06-16 15:06:01,063][flwr][INFO] - aggregate_fit: received 25 results and 0 failures
[2024-06-16 15:06:01,085][flwr][INFO] - fit progress: (44, tensor(0.1098, dtype=torch.float64), {'mae_loss, mse_loss': (0.3106504821777335, 0.10983119998976995)}, 78.1541459)
[2024-06-16 15:06:01,087][flwr][INFO] - configure_evaluate: strategy sampled 25 clients (out of 25)
[2024-06-16 15:06:01,334][flwr][INFO] - aggregate_evaluate: received 25 results and 0 failures
[2024-06-16 15:06:01,335][flwr][INFO] - 
[2024-06-16 15:06:01,336][flwr][INFO] - [ROUND 45]
[2024-06-16 15:06:01,336][flwr][INFO] - configure_fit: strategy sampled 25 clients (out of 25)
[2024-06-16 15:06:02,656][flwr][INFO] - aggregate_fit: received 25 results and 0 failures
[2024-06-16 15:06:02,679][flwr][INFO] - fit progress: (45, tensor(0.1349, dtype=torch.float64), {'mae_loss, mse_loss': (0.3496908569335929, 0.1348735596737818)}, 79.7485281)
[2024-06-16 15:06:02,681][flwr][INFO] - configure_evaluate: strategy sampled 25 clients (out of 25)
[2024-06-16 15:06:02,941][flwr][INFO] - aggregate_evaluate: received 25 results and 0 failures
[2024-06-16 15:06:02,941][flwr][INFO] - 
[2024-06-16 15:06:02,942][flwr][INFO] - [ROUND 46]
[2024-06-16 15:06:02,943][flwr][INFO] - configure_fit: strategy sampled 25 clients (out of 25)
[2024-06-16 15:06:04,284][flwr][INFO] - aggregate_fit: received 25 results and 0 failures
[2024-06-16 15:06:04,307][flwr][INFO] - fit progress: (46, tensor(0.1445, dtype=torch.float64), {'mae_loss, mse_loss': (0.3638304138183585, 0.14449610956746556)}, 81.376104)
[2024-06-16 15:06:04,309][flwr][INFO] - configure_evaluate: strategy sampled 25 clients (out of 25)
[2024-06-16 15:06:04,553][flwr][INFO] - aggregate_evaluate: received 25 results and 0 failures
[2024-06-16 15:06:04,554][flwr][INFO] - 
[2024-06-16 15:06:04,555][flwr][INFO] - [ROUND 47]
[2024-06-16 15:06:04,555][flwr][INFO] - configure_fit: strategy sampled 25 clients (out of 25)
[2024-06-16 15:06:05,881][flwr][INFO] - aggregate_fit: received 25 results and 0 failures
[2024-06-16 15:06:05,903][flwr][INFO] - fit progress: (47, tensor(0.1045, dtype=torch.float64), {'mae_loss, mse_loss': (0.30380615234374914, 0.10445182763133146)}, 82.9721414)
[2024-06-16 15:06:05,905][flwr][INFO] - configure_evaluate: strategy sampled 25 clients (out of 25)
[2024-06-16 15:06:06,151][flwr][INFO] - aggregate_evaluate: received 25 results and 0 failures
[2024-06-16 15:06:06,152][flwr][INFO] - 
[2024-06-16 15:06:06,153][flwr][INFO] - [ROUND 48]
[2024-06-16 15:06:06,153][flwr][INFO] - configure_fit: strategy sampled 25 clients (out of 25)
[2024-06-16 15:06:07,474][flwr][INFO] - aggregate_fit: received 25 results and 0 failures
[2024-06-16 15:06:07,501][flwr][INFO] - fit progress: (48, tensor(0.1054, dtype=torch.float64), {'mae_loss, mse_loss': (0.3060934448242179, 0.10535430074413255)}, 84.5699735)
[2024-06-16 15:06:07,503][flwr][INFO] - configure_evaluate: strategy sampled 25 clients (out of 25)
[2024-06-16 15:06:07,752][flwr][INFO] - aggregate_evaluate: received 25 results and 0 failures
[2024-06-16 15:06:07,753][flwr][INFO] - 
[2024-06-16 15:06:07,753][flwr][INFO] - [ROUND 49]
[2024-06-16 15:06:07,754][flwr][INFO] - configure_fit: strategy sampled 25 clients (out of 25)
[2024-06-16 15:06:09,079][flwr][INFO] - aggregate_fit: received 25 results and 0 failures
[2024-06-16 15:06:09,103][flwr][INFO] - fit progress: (49, tensor(0.0920, dtype=torch.float64), {'mae_loss, mse_loss': (0.2825880432128898, 0.09198699875653207)}, 86.17167119999999)
[2024-06-16 15:06:09,104][flwr][INFO] - configure_evaluate: strategy sampled 25 clients (out of 25)
[2024-06-16 15:06:09,356][flwr][INFO] - aggregate_evaluate: received 25 results and 0 failures
[2024-06-16 15:06:09,357][flwr][INFO] - 
[2024-06-16 15:06:09,358][flwr][INFO] - [ROUND 50]
[2024-06-16 15:06:09,358][flwr][INFO] - configure_fit: strategy sampled 25 clients (out of 25)
[2024-06-16 15:06:10,718][flwr][INFO] - aggregate_fit: received 25 results and 0 failures
[2024-06-16 15:06:10,740][flwr][INFO] - fit progress: (50, tensor(0.0932, dtype=torch.float64), {'mae_loss, mse_loss': (0.28517517089843664, 0.0932330633942033)}, 87.80925119999999)
[2024-06-16 15:06:10,742][flwr][INFO] - configure_evaluate: strategy sampled 25 clients (out of 25)
[2024-06-16 15:06:10,994][flwr][INFO] - aggregate_evaluate: received 25 results and 0 failures
[2024-06-16 15:06:10,995][flwr][INFO] - 
[2024-06-16 15:06:10,996][flwr][INFO] - [SUMMARY]
[2024-06-16 15:06:10,996][flwr][INFO] - Run finished 50 rounds in 88.06s
[2024-06-16 15:06:10,998][flwr][INFO] - History (loss, distributed):
[2024-06-16 15:06:10,999][flwr][INFO] - 	('\tround 1: 67.18698034179596\n'
[2024-06-16 15:06:10,999][flwr][INFO] - 	 '\tround 2: 11.691221736583593\n'
[2024-06-16 15:06:11,000][flwr][INFO] - 	 '\tround 3: 4.562730180917449\n'
[2024-06-16 15:06:11,000][flwr][INFO] - 	 '\tround 4: 2.8839180115917444\n'
[2024-06-16 15:06:11,001][flwr][INFO] - 	 '\tround 5: 2.1175384723012285\n'
[2024-06-16 15:06:11,001][flwr][INFO] - 	 '\tround 6: 1.6415788894215257\n'
[2024-06-16 15:06:11,002][flwr][INFO] - 	 '\tround 7: 1.4202248467879535\n'
[2024-06-16 15:06:11,002][flwr][INFO] - 	 '\tround 8: 1.1618904451487646\n'
[2024-06-16 15:06:11,003][flwr][INFO] - 	 '\tround 9: 1.1599646752051616\n'
[2024-06-16 15:06:11,004][flwr][INFO] - 	 '\tround 10: 0.9730055034689508\n'
[2024-06-16 15:06:11,004][flwr][INFO] - 	 '\tround 11: 2.2516624802164773\n'
[2024-06-16 15:06:11,005][flwr][INFO] - 	 '\tround 12: 1.0467297173022365\n'
[2024-06-16 15:06:11,005][flwr][INFO] - 	 '\tround 13: 0.6007483619843144\n'
[2024-06-16 15:06:11,006][flwr][INFO] - 	 '\tround 14: 0.5117864380394728\n'
[2024-06-16 15:06:11,006][flwr][INFO] - 	 '\tround 15: 0.447685443225237\n'
[2024-06-16 15:06:11,006][flwr][INFO] - 	 '\tround 16: 0.4166010431834466\n'
[2024-06-16 15:06:11,007][flwr][INFO] - 	 '\tround 17: 0.3830091465536076\n'
[2024-06-16 15:06:11,007][flwr][INFO] - 	 '\tround 18: 0.35838037811262163\n'
[2024-06-16 15:06:11,008][flwr][INFO] - 	 '\tround 19: 0.27971154822764477\n'
[2024-06-16 15:06:11,008][flwr][INFO] - 	 '\tround 20: 0.31294152625220184\n'
[2024-06-16 15:06:11,008][flwr][INFO] - 	 '\tround 21: 0.282022243038259\n'
[2024-06-16 15:06:11,009][flwr][INFO] - 	 '\tround 22: 0.25796052740588754\n'
[2024-06-16 15:06:11,009][flwr][INFO] - 	 '\tround 23: 0.2510533310939622\n'
[2024-06-16 15:06:11,010][flwr][INFO] - 	 '\tround 24: 0.24496083075317696\n'
[2024-06-16 15:06:11,010][flwr][INFO] - 	 '\tround 25: 0.22125952299700544\n'
[2024-06-16 15:06:11,010][flwr][INFO] - 	 '\tround 26: 0.22915567596567918\n'
[2024-06-16 15:06:11,011][flwr][INFO] - 	 '\tround 27: 0.2262478522457508\n'
[2024-06-16 15:06:11,011][flwr][INFO] - 	 '\tround 28: 0.2195109432499716\n'
[2024-06-16 15:06:11,011][flwr][INFO] - 	 '\tround 29: 0.20620619850141775\n'
[2024-06-16 15:06:11,012][flwr][INFO] - 	 '\tround 30: 0.20079800067127754\n'
[2024-06-16 15:06:11,012][flwr][INFO] - 	 '\tround 31: 0.20002926545641828\n'
[2024-06-16 15:06:11,013][flwr][INFO] - 	 '\tround 32: 0.19273903818583496\n'
[2024-06-16 15:06:11,013][flwr][INFO] - 	 '\tround 33: 0.19556396859510528\n'
[2024-06-16 15:06:11,014][flwr][INFO] - 	 '\tround 34: 0.18725922042357226\n'
[2024-06-16 15:06:11,014][flwr][INFO] - 	 '\tround 35: 0.1967504554654516\n'
[2024-06-16 15:06:11,014][flwr][INFO] - 	 '\tround 36: 0.17614366160310116\n'
[2024-06-16 15:06:11,015][flwr][INFO] - 	 '\tround 37: 0.17327698319906631\n'
[2024-06-16 15:06:11,015][flwr][INFO] - 	 '\tround 38: 0.18525364336658826\n'
[2024-06-16 15:06:11,016][flwr][INFO] - 	 '\tround 39: 0.1987644734589049\n'
[2024-06-16 15:06:11,016][flwr][INFO] - 	 '\tround 40: 0.16678512197728312\n'
[2024-06-16 15:06:11,016][flwr][INFO] - 	 '\tround 41: 0.17562273134989426\n'
[2024-06-16 15:06:11,017][flwr][INFO] - 	 '\tround 42: 0.1691209475720607\n'
[2024-06-16 15:06:11,017][flwr][INFO] - 	 '\tround 43: 0.16636591507528162\n'
[2024-06-16 15:06:11,017][flwr][INFO] - 	 '\tround 44: 0.16691108797716395\n'
[2024-06-16 15:06:11,018][flwr][INFO] - 	 '\tround 45: 0.16178727229709572\n'
[2024-06-16 15:06:11,018][flwr][INFO] - 	 '\tround 46: 0.1603486897596134\n'
[2024-06-16 15:06:11,018][flwr][INFO] - 	 '\tround 47: 0.16309434809706727\n'
[2024-06-16 15:06:11,019][flwr][INFO] - 	 '\tround 48: 0.16336694733621215\n'
[2024-06-16 15:06:11,019][flwr][INFO] - 	 '\tround 49: 0.16448998249751706\n'
[2024-06-16 15:06:11,019][flwr][INFO] - 	 '\tround 50: 0.16480224888520753\n')History (loss, centralized):
[2024-06-16 15:06:11,020][flwr][INFO] - 	('\tround 0: 3707.8612032112046\n'
[2024-06-16 15:06:11,020][flwr][INFO] - 	 '\tround 1: 2.387363943223379\n'
[2024-06-16 15:06:11,021][flwr][INFO] - 	 '\tround 2: 3.3489654138606255\n'
[2024-06-16 15:06:11,021][flwr][INFO] - 	 '\tround 3: 2.5832977037338987\n'
[2024-06-16 15:06:11,021][flwr][INFO] - 	 '\tround 4: 1.1228910707901223\n'
[2024-06-16 15:06:11,022][flwr][INFO] - 	 '\tround 5: 0.8502078354845282\n'
[2024-06-16 15:06:11,022][flwr][INFO] - 	 '\tround 6: 0.6023728300576324\n'
[2024-06-16 15:06:11,022][flwr][INFO] - 	 '\tround 7: 0.4014790309625673\n'
[2024-06-16 15:06:11,022][flwr][INFO] - 	 '\tround 8: 0.5507589285207206\n'
[2024-06-16 15:06:11,022][flwr][INFO] - 	 '\tround 9: 0.1847201702840391\n'
[2024-06-16 15:06:11,022][flwr][INFO] - 	 '\tround 10: 0.16466192301514063\n'
[2024-06-16 15:06:11,023][flwr][INFO] - 	 '\tround 11: 0.10458803230174858\n'
[2024-06-16 15:06:11,023][flwr][INFO] - 	 '\tround 12: 0.29410630962904477\n'
[2024-06-16 15:06:11,023][flwr][INFO] - 	 '\tround 13: 0.3019742857383091\n'
[2024-06-16 15:06:11,024][flwr][INFO] - 	 '\tround 14: 0.1994837413202033\n'
[2024-06-16 15:06:11,024][flwr][INFO] - 	 '\tround 15: 0.15374721431324662\n'
[2024-06-16 15:06:11,025][flwr][INFO] - 	 '\tround 16: 0.10519389760366123\n'
[2024-06-16 15:06:11,025][flwr][INFO] - 	 '\tround 17: 0.0970495054082707\n'
[2024-06-16 15:06:11,025][flwr][INFO] - 	 '\tround 18: 0.09397226228238963\n'
[2024-06-16 15:06:11,026][flwr][INFO] - 	 '\tround 19: 0.2601746766080605\n'
[2024-06-16 15:06:11,026][flwr][INFO] - 	 '\tround 20: 0.08472331668867211\n'
[2024-06-16 15:06:11,026][flwr][INFO] - 	 '\tround 21: 0.11057579266524349\n'
[2024-06-16 15:06:11,027][flwr][INFO] - 	 '\tround 22: 0.1297325952331296\n'
[2024-06-16 15:06:11,027][flwr][INFO] - 	 '\tround 23: 0.13613439517246956\n'
[2024-06-16 15:06:11,028][flwr][INFO] - 	 '\tround 24: 0.12396687252132624\n'
[2024-06-16 15:06:11,028][flwr][INFO] - 	 '\tround 25: 0.18036749356985016\n'
[2024-06-16 15:06:11,029][flwr][INFO] - 	 '\tround 26: 0.1154177508855931\n'
[2024-06-16 15:06:11,029][flwr][INFO] - 	 '\tround 27: 0.11978688610112231\n'
[2024-06-16 15:06:11,030][flwr][INFO] - 	 '\tround 28: 0.1136685455122491\n'
[2024-06-16 15:06:11,030][flwr][INFO] - 	 '\tround 29: 0.14237926745065418\n'
[2024-06-16 15:06:11,030][flwr][INFO] - 	 '\tround 30: 0.14603829057107146\n'
[2024-06-16 15:06:11,031][flwr][INFO] - 	 '\tround 31: 0.1257843787319719\n'
[2024-06-16 15:06:11,031][flwr][INFO] - 	 '\tround 32: 0.15723058581154256\n'
[2024-06-16 15:06:11,031][flwr][INFO] - 	 '\tround 33: 0.11803259440499762\n'
[2024-06-16 15:06:11,032][flwr][INFO] - 	 '\tround 34: 0.14275190430378942\n'
[2024-06-16 15:06:11,032][flwr][INFO] - 	 '\tround 35: 0.09129386214923527\n'
[2024-06-16 15:06:11,032][flwr][INFO] - 	 '\tround 36: 0.16465970144118108\n'
[2024-06-16 15:06:11,033][flwr][INFO] - 	 '\tround 37: 0.15586050877848104\n'
[2024-06-16 15:06:11,033][flwr][INFO] - 	 '\tround 38: 0.09227413247432507\n'
[2024-06-16 15:06:11,034][flwr][INFO] - 	 '\tround 39: 0.07113274890440471\n'
[2024-06-16 15:06:11,034][flwr][INFO] - 	 '\tround 40: 0.1641088695216451\n'
[2024-06-16 15:06:11,034][flwr][INFO] - 	 '\tround 41: 0.0913724154330552\n'
[2024-06-16 15:06:11,035][flwr][INFO] - 	 '\tround 42: 0.12753953913669042\n'
[2024-06-16 15:06:11,035][flwr][INFO] - 	 '\tround 43: 0.11687324601958912\n'
[2024-06-16 15:06:11,035][flwr][INFO] - 	 '\tround 44: 0.10983119998976995\n'
[2024-06-16 15:06:11,036][flwr][INFO] - 	 '\tround 45: 0.13487355967378184\n'
[2024-06-16 15:06:11,036][flwr][INFO] - 	 '\tround 46: 0.14449610956746556\n'
[2024-06-16 15:06:11,036][flwr][INFO] - 	 '\tround 47: 0.10445182763133146\n'
[2024-06-16 15:06:11,037][flwr][INFO] - 	 '\tround 48: 0.10535430074413255\n'
[2024-06-16 15:06:11,037][flwr][INFO] - 	 '\tround 49: 0.09198699875653207\n'
[2024-06-16 15:06:11,037][flwr][INFO] - 	 '\tround 50: 0.0932330633942033\n')History (metrics, centralized):
[2024-06-16 15:06:11,038][flwr][INFO] - 	{'mae_loss, mse_loss': [(0, (60.85808979034424, 3707.8612032112055)),
[2024-06-16 15:06:11,038][flwr][INFO] - 	                        (1, (1.1399920654296878, 2.387363943223379)),
[2024-06-16 15:06:11,039][flwr][INFO] - 	                        (2, (1.7137419128417961, 3.3489654138606255)),
[2024-06-16 15:06:11,039][flwr][INFO] - 	                        (3, (1.5334890747070304, 2.5832977037338987)),
[2024-06-16 15:06:11,039][flwr][INFO] - 	                        (4, (0.9836386108398429, 1.1228910707901223)),
[2024-06-16 15:06:11,040][flwr][INFO] - 	                        (5, (0.8542593383789054, 0.8502078354845282)),
[2024-06-16 15:06:11,040][flwr][INFO] - 	                        (6, (0.7124082946777335, 0.6023728300576324)),
[2024-06-16 15:06:11,040][flwr][INFO] - 	                        (7, (0.5682852172851554, 0.4014790309625673)),
[2024-06-16 15:06:11,041][flwr][INFO] - 	                        (8, (0.6950941467285148, 0.5507589285207206)),
[2024-06-16 15:06:11,041][flwr][INFO] - 	                        (9, (0.3835758972167966, 0.18472017028403906)),
[2024-06-16 15:06:11,042][flwr][INFO] - 	                        (10, (0.36477401733398407, 0.16466192301514063)),
[2024-06-16 15:06:11,042][flwr][INFO] - 	                        (11, (0.26833435058593835, 0.10458803230174858)),
[2024-06-16 15:06:11,042][flwr][INFO] - 	                        (12, (0.4968649291992179, 0.29410630962904477)),
[2024-06-16 15:06:11,043][flwr][INFO] - 	                        (13, (0.5229193115234366, 0.3019742857383091)),
[2024-06-16 15:06:11,043][flwr][INFO] - 	                        (14, (0.4171621704101554, 0.1994837413202033)),
[2024-06-16 15:06:11,043][flwr][INFO] - 	                        (15, (0.36063522338867104, 0.15374721431324662)),
[2024-06-16 15:06:11,044][flwr][INFO] - 	                        (16, (0.28741897583007725, 0.10519389760366123)),
[2024-06-16 15:06:11,045][flwr][INFO] - 	                        (17, (0.2741712951660148, 0.0970495054082707)),
[2024-06-16 15:06:11,045][flwr][INFO] - 	                        (18, (0.2673666381835929, 0.09397226228238963)),
[2024-06-16 15:06:11,046][flwr][INFO] - 	                        (19, (0.4896994018554679, 0.2601746766080605)),
[2024-06-16 15:06:11,046][flwr][INFO] - 	                        (20, (0.25175918579101475, 0.08472331668867211)),
[2024-06-16 15:06:11,047][flwr][INFO] - 	                        (21, (0.299496307373046, 0.11057579266524349)),
[2024-06-16 15:06:11,047][flwr][INFO] - 	                        (22, (0.3294798278808585, 0.1297325952331296)),
[2024-06-16 15:06:11,049][flwr][INFO] - 	                        (23, (0.3408018493652335, 0.13613439517246956)),
[2024-06-16 15:06:11,049][flwr][INFO] - 	                        (24, (0.31909774780273353, 0.12396687252132624)),
[2024-06-16 15:06:11,050][flwr][INFO] - 	                        (25, (0.39953979492187414, 0.18036749356985016)),
[2024-06-16 15:06:11,050][flwr][INFO] - 	                        (26, (0.3078413391113273, 0.1154177508855931)),
[2024-06-16 15:06:11,050][flwr][INFO] - 	                        (27, (0.31630920410156166, 0.11978688610112231)),
[2024-06-16 15:06:11,051][flwr][INFO] - 	                        (28, (0.3080755615234366, 0.1136685455122491)),
[2024-06-16 15:06:11,051][flwr][INFO] - 	                        (29, (0.3520407104492179, 0.14237926745065418)),
[2024-06-16 15:06:11,051][flwr][INFO] - 	                        (30, (0.35773147583007725, 0.14603829057107146)),
[2024-06-16 15:06:11,052][flwr][INFO] - 	                        (31, (0.328597869873046, 0.1257843787319719)),
[2024-06-16 15:06:11,052][flwr][INFO] - 	                        (32, (0.374447479248046, 0.15723058581154256)),
[2024-06-16 15:06:11,052][flwr][INFO] - 	                        (33, (0.31765121459960854, 0.11803259440499762)),
[2024-06-16 15:06:11,053][flwr][INFO] - 	                        (34, (0.3547789001464835, 0.1427519043037894)),
[2024-06-16 15:06:11,053][flwr][INFO] - 	                        (35, (0.272707977294921, 0.09129386214923527)),
[2024-06-16 15:06:11,053][flwr][INFO] - 	                        (36, (0.3857427978515616, 0.16465970144118108)),
[2024-06-16 15:06:11,054][flwr][INFO] - 	                        (37, (0.374496307373046, 0.15586050877848107)),
[2024-06-16 15:06:11,054][flwr][INFO] - 	                        (38, (0.2767202758789054, 0.09227413247432507)),
[2024-06-16 15:06:11,055][flwr][INFO] - 	                        (39, (0.2373251342773429, 0.07113274890440471)),
[2024-06-16 15:06:11,055][flwr][INFO] - 	                        (40, (0.3865255737304679, 0.1641088695216451)),
[2024-06-16 15:06:11,056][flwr][INFO] - 	                        (41, (0.27645095825195226, 0.09137241543305522)),
[2024-06-16 15:06:11,056][flwr][INFO] - 	                        (42, (0.3368826293945304, 0.12753953913669042)),
[2024-06-16 15:06:11,057][flwr][INFO] - 	                        (43, (0.3203855895996085, 0.11687324601958912)),
[2024-06-16 15:06:11,057][flwr][INFO] - 	                        (44, (0.3106504821777335, 0.10983119998976995)),
[2024-06-16 15:06:11,057][flwr][INFO] - 	                        (45, (0.3496908569335929, 0.1348735596737818)),
[2024-06-16 15:06:11,058][flwr][INFO] - 	                        (46, (0.3638304138183585, 0.14449610956746556)),
[2024-06-16 15:06:11,058][flwr][INFO] - 	                        (47, (0.30380615234374914, 0.10445182763133146)),
[2024-06-16 15:06:11,059][flwr][INFO] - 	                        (48, (0.3060934448242179, 0.10535430074413255)),
[2024-06-16 15:06:11,059][flwr][INFO] - 	                        (49, (0.2825880432128898, 0.09198699875653207)),
[2024-06-16 15:06:11,060][flwr][INFO] - 	                        (50, (0.28517517089843664, 0.0932330633942033))]}
[2024-06-16 15:06:11,060][flwr][INFO] - 
