[2024-06-22 15:31:51,541][flwr][INFO] - Starting Flower simulation, config: num_rounds=50, no round_timeout
[2024-06-22 15:31:58,254][flwr][INFO] - Flower VCE: Ray initialized with resources: {'node:127.0.0.1': 1.0, 'object_store_memory': 5891325542.0, 'memory': 11782651086.0, 'CPU': 8.0, 'node:__internal_head__': 1.0}
[2024-06-22 15:31:58,255][flwr][INFO] - Optimize your simulation with Flower VCE: https://flower.ai/docs/framework/how-to-run-simulations.html
[2024-06-22 15:31:58,256][flwr][INFO] - Flower VCE: Resources for each Virtual Client: {'num_cpus': 8, 'num_gpus': 0.0}
[2024-06-22 15:31:58,278][flwr][INFO] - Flower VCE: Creating VirtualClientEngineActorPool with 1 actors
[2024-06-22 15:31:58,282][flwr][INFO] - [INIT]
[2024-06-22 15:31:58,283][flwr][INFO] - Requesting initial parameters from one random client
[2024-06-22 15:32:02,835][flwr][INFO] - Received initial parameters from one random client
[2024-06-22 15:32:02,835][flwr][INFO] - Evaluating initial global parameters
[2024-06-22 15:32:02,856][flwr][INFO] - initial parameters (loss, other metrics): tensor(5392.3801, dtype=torch.float64), {'mae_loss, mse_loss': (73.42805267333985, 5392.380098677305)}
[2024-06-22 15:32:02,860][flwr][INFO] - 
[2024-06-22 15:32:02,861][flwr][INFO] - [ROUND 1]
[2024-06-22 15:32:02,862][flwr][INFO] - configure_fit: strategy sampled 25 clients (out of 25)
[2024-06-22 15:33:42,316][flwr][INFO] - aggregate_fit: received 25 results and 0 failures
[2024-06-22 15:33:42,377][flwr][WARNING] - No fit_metrics_aggregation_fn provided
[2024-06-22 15:33:42,389][flwr][INFO] - fit progress: (1, tensor(0.4661, dtype=torch.float64), {'mae_loss, mse_loss': (0.40282760620117275, 0.46607672485208773)}, 99.5291024)
[2024-06-22 15:33:42,392][flwr][INFO] - configure_evaluate: strategy sampled 25 clients (out of 25)
[2024-06-22 15:33:43,194][flwr][INFO] - aggregate_evaluate: received 25 results and 0 failures
[2024-06-22 15:33:43,195][flwr][WARNING] - No evaluate_metrics_aggregation_fn provided
[2024-06-22 15:33:43,196][flwr][INFO] - 
[2024-06-22 15:33:43,197][flwr][INFO] - [ROUND 2]
[2024-06-22 15:33:43,198][flwr][INFO] - configure_fit: strategy sampled 25 clients (out of 25)
[2024-06-22 15:35:19,336][flwr][INFO] - aggregate_fit: received 25 results and 0 failures
[2024-06-22 15:35:19,404][flwr][INFO] - fit progress: (2, tensor(0.0679, dtype=torch.float64), {'mae_loss, mse_loss': (0.17530975341797017, 0.06791746693989335)}, 196.5436705)
[2024-06-22 15:35:19,407][flwr][INFO] - configure_evaluate: strategy sampled 25 clients (out of 25)
[2024-06-22 15:35:20,271][flwr][INFO] - aggregate_evaluate: received 25 results and 0 failures
[2024-06-22 15:35:20,274][flwr][INFO] - 
[2024-06-22 15:35:20,275][flwr][INFO] - [ROUND 3]
[2024-06-22 15:35:20,277][flwr][INFO] - configure_fit: strategy sampled 25 clients (out of 25)
[2024-06-22 15:36:54,706][flwr][INFO] - aggregate_fit: received 25 results and 0 failures
[2024-06-22 15:36:54,778][flwr][INFO] - fit progress: (3, tensor(0.0310, dtype=torch.float64), {'mae_loss, mse_loss': (0.13328262329101648, 0.031004756053793735)}, 291.9182029)
[2024-06-22 15:36:54,781][flwr][INFO] - configure_evaluate: strategy sampled 25 clients (out of 25)
[2024-06-22 15:36:55,560][flwr][INFO] - aggregate_evaluate: received 25 results and 0 failures
[2024-06-22 15:36:55,561][flwr][INFO] - 
[2024-06-22 15:36:55,562][flwr][INFO] - [ROUND 4]
[2024-06-22 15:36:55,564][flwr][INFO] - configure_fit: strategy sampled 25 clients (out of 25)
[2024-06-22 15:38:28,718][flwr][INFO] - aggregate_fit: received 25 results and 0 failures
[2024-06-22 15:38:28,819][flwr][INFO] - fit progress: (4, tensor(0.0291, dtype=torch.float64), {'mae_loss, mse_loss': (0.15478149414062586, 0.029123384544859115)}, 385.9585726)
[2024-06-22 15:38:28,821][flwr][INFO] - configure_evaluate: strategy sampled 25 clients (out of 25)
[2024-06-22 15:38:29,610][flwr][INFO] - aggregate_evaluate: received 25 results and 0 failures
[2024-06-22 15:38:29,612][flwr][INFO] - 
[2024-06-22 15:38:29,612][flwr][INFO] - [ROUND 5]
[2024-06-22 15:38:29,614][flwr][INFO] - configure_fit: strategy sampled 25 clients (out of 25)
[2024-06-22 15:40:03,055][flwr][INFO] - aggregate_fit: received 25 results and 0 failures
[2024-06-22 15:40:03,124][flwr][INFO] - fit progress: (5, tensor(0.0184, dtype=torch.float64), {'mae_loss, mse_loss': (0.1278688049316415, 0.018356390869361645)}, 480.2636394)
[2024-06-22 15:40:03,126][flwr][INFO] - configure_evaluate: strategy sampled 25 clients (out of 25)
[2024-06-22 15:40:03,958][flwr][INFO] - aggregate_evaluate: received 25 results and 0 failures
[2024-06-22 15:40:03,960][flwr][INFO] - 
[2024-06-22 15:40:03,960][flwr][INFO] - [ROUND 6]
[2024-06-22 15:40:03,962][flwr][INFO] - configure_fit: strategy sampled 25 clients (out of 25)
[2024-06-22 15:41:37,505][flwr][INFO] - aggregate_fit: received 25 results and 0 failures
[2024-06-22 15:41:37,577][flwr][INFO] - fit progress: (6, tensor(0.0083, dtype=torch.float64), {'mae_loss, mse_loss': (0.07938095092773523, 0.008327500471263408)}, 574.7174325)
[2024-06-22 15:41:37,579][flwr][INFO] - configure_evaluate: strategy sampled 25 clients (out of 25)
[2024-06-22 15:41:38,374][flwr][INFO] - aggregate_evaluate: received 25 results and 0 failures
[2024-06-22 15:41:38,375][flwr][INFO] - 
[2024-06-22 15:41:38,376][flwr][INFO] - [ROUND 7]
[2024-06-22 15:41:38,378][flwr][INFO] - configure_fit: strategy sampled 25 clients (out of 25)
[2024-06-22 15:43:11,894][flwr][INFO] - aggregate_fit: received 25 results and 0 failures
[2024-06-22 15:43:11,966][flwr][INFO] - fit progress: (7, tensor(0.0153, dtype=torch.float64), {'mae_loss, mse_loss': (0.11625152587890711, 0.015254230875056504)}, 669.106355)
[2024-06-22 15:43:11,968][flwr][INFO] - configure_evaluate: strategy sampled 25 clients (out of 25)
[2024-06-22 15:43:12,796][flwr][INFO] - aggregate_evaluate: received 25 results and 0 failures
[2024-06-22 15:43:12,797][flwr][INFO] - 
[2024-06-22 15:43:12,798][flwr][INFO] - [ROUND 8]
[2024-06-22 15:43:12,799][flwr][INFO] - configure_fit: strategy sampled 25 clients (out of 25)
[2024-06-22 15:44:46,613][flwr][INFO] - aggregate_fit: received 25 results and 0 failures
[2024-06-22 15:44:46,695][flwr][INFO] - fit progress: (8, tensor(0.0028, dtype=torch.float64), {'mae_loss, mse_loss': (0.038717956542969036, 0.002848617282928993)}, 763.8353432)
[2024-06-22 15:44:46,697][flwr][INFO] - configure_evaluate: strategy sampled 25 clients (out of 25)
[2024-06-22 15:44:47,481][flwr][INFO] - aggregate_evaluate: received 25 results and 0 failures
[2024-06-22 15:44:47,482][flwr][INFO] - 
[2024-06-22 15:44:47,483][flwr][INFO] - [ROUND 9]
[2024-06-22 15:44:47,485][flwr][INFO] - configure_fit: strategy sampled 25 clients (out of 25)
[2024-06-22 15:46:20,614][flwr][INFO] - aggregate_fit: received 25 results and 0 failures
[2024-06-22 15:46:20,680][flwr][INFO] - fit progress: (9, tensor(0.0028, dtype=torch.float64), {'mae_loss, mse_loss': (0.04163085937500029, 0.0028368242746219965)}, 857.8201621999999)
[2024-06-22 15:46:20,682][flwr][INFO] - configure_evaluate: strategy sampled 25 clients (out of 25)
[2024-06-22 15:46:21,461][flwr][INFO] - aggregate_evaluate: received 25 results and 0 failures
[2024-06-22 15:46:21,462][flwr][INFO] - 
[2024-06-22 15:46:21,462][flwr][INFO] - [ROUND 10]
[2024-06-22 15:46:21,464][flwr][INFO] - configure_fit: strategy sampled 25 clients (out of 25)
[2024-06-22 15:47:59,389][flwr][INFO] - aggregate_fit: received 25 results and 0 failures
[2024-06-22 15:47:59,460][flwr][INFO] - fit progress: (10, tensor(0.0028, dtype=torch.float64), {'mae_loss, mse_loss': (0.03941070556640654, 0.00282131791673613)}, 956.5998202999999)
[2024-06-22 15:47:59,462][flwr][INFO] - configure_evaluate: strategy sampled 25 clients (out of 25)
[2024-06-22 15:48:00,247][flwr][INFO] - aggregate_evaluate: received 25 results and 0 failures
[2024-06-22 15:48:00,248][flwr][INFO] - 
[2024-06-22 15:48:00,249][flwr][INFO] - [ROUND 11]
[2024-06-22 15:48:00,251][flwr][INFO] - configure_fit: strategy sampled 25 clients (out of 25)
[2024-06-22 15:49:33,850][flwr][INFO] - aggregate_fit: received 25 results and 0 failures
[2024-06-22 15:49:33,922][flwr][INFO] - fit progress: (11, tensor(0.0016, dtype=torch.float64), {'mae_loss, mse_loss': (0.03394729614257841, 0.0015624806206906514)}, 1051.0614704)
[2024-06-22 15:49:33,923][flwr][INFO] - configure_evaluate: strategy sampled 25 clients (out of 25)
[2024-06-22 15:49:34,729][flwr][INFO] - aggregate_evaluate: received 25 results and 0 failures
[2024-06-22 15:49:34,731][flwr][INFO] - 
[2024-06-22 15:49:34,732][flwr][INFO] - [ROUND 12]
[2024-06-22 15:49:34,733][flwr][INFO] - configure_fit: strategy sampled 25 clients (out of 25)
[2024-06-22 15:51:13,671][flwr][INFO] - aggregate_fit: received 25 results and 0 failures
[2024-06-22 15:51:13,747][flwr][INFO] - fit progress: (12, tensor(0.0016, dtype=torch.float64), {'mae_loss, mse_loss': (0.02955871582031335, 0.0015804716395214924)}, 1150.8878594)
[2024-06-22 15:51:13,750][flwr][INFO] - configure_evaluate: strategy sampled 25 clients (out of 25)
[2024-06-22 15:51:14,592][flwr][INFO] - aggregate_evaluate: received 25 results and 0 failures
[2024-06-22 15:51:14,593][flwr][INFO] - 
[2024-06-22 15:51:14,594][flwr][INFO] - [ROUND 13]
[2024-06-22 15:51:14,595][flwr][INFO] - configure_fit: strategy sampled 25 clients (out of 25)
[2024-06-22 15:52:54,156][flwr][INFO] - aggregate_fit: received 25 results and 0 failures
[2024-06-22 15:52:54,225][flwr][INFO] - fit progress: (13, tensor(0.0043, dtype=torch.float64), {'mae_loss, mse_loss': (0.0600534057617196, 0.0042681390487124575)}, 1251.3658960999999)
[2024-06-22 15:52:54,228][flwr][INFO] - configure_evaluate: strategy sampled 25 clients (out of 25)
[2024-06-22 15:52:55,003][flwr][INFO] - aggregate_evaluate: received 25 results and 0 failures
[2024-06-22 15:52:55,004][flwr][INFO] - 
[2024-06-22 15:52:55,005][flwr][INFO] - [ROUND 14]
[2024-06-22 15:52:55,007][flwr][INFO] - configure_fit: strategy sampled 25 clients (out of 25)
[2024-06-22 15:54:35,600][flwr][INFO] - aggregate_fit: received 25 results and 0 failures
[2024-06-22 15:54:35,672][flwr][INFO] - fit progress: (14, tensor(0.0029, dtype=torch.float64), {'mae_loss, mse_loss': (0.04959365844726591, 0.002909254372701961)}, 1352.8114112)
[2024-06-22 15:54:35,674][flwr][INFO] - configure_evaluate: strategy sampled 25 clients (out of 25)
[2024-06-22 15:54:36,469][flwr][INFO] - aggregate_evaluate: received 25 results and 0 failures
[2024-06-22 15:54:36,470][flwr][INFO] - 
[2024-06-22 15:54:36,471][flwr][INFO] - [ROUND 15]
[2024-06-22 15:54:36,473][flwr][INFO] - configure_fit: strategy sampled 25 clients (out of 25)
[2024-06-22 15:56:20,322][flwr][INFO] - aggregate_fit: received 25 results and 0 failures
[2024-06-22 15:56:20,399][flwr][INFO] - fit progress: (15, tensor(0.0012, dtype=torch.float64), {'mae_loss, mse_loss': (0.03129302978515654, 0.0011958850335795541)}, 1457.5388553999999)
[2024-06-22 15:56:20,401][flwr][INFO] - configure_evaluate: strategy sampled 25 clients (out of 25)
[2024-06-22 15:56:21,321][flwr][INFO] - aggregate_evaluate: received 25 results and 0 failures
[2024-06-22 15:56:21,322][flwr][INFO] - 
[2024-06-22 15:56:21,323][flwr][INFO] - [ROUND 16]
[2024-06-22 15:56:21,325][flwr][INFO] - configure_fit: strategy sampled 25 clients (out of 25)
[2024-06-22 15:58:02,863][flwr][INFO] - aggregate_fit: received 25 results and 0 failures
[2024-06-22 15:58:02,932][flwr][INFO] - fit progress: (16, tensor(0.0003, dtype=torch.float64), {'mae_loss, mse_loss': (0.01603347778320341, 0.0003476235402049783)}, 1560.0714679999999)
[2024-06-22 15:58:02,934][flwr][INFO] - configure_evaluate: strategy sampled 25 clients (out of 25)
[2024-06-22 15:58:03,755][flwr][INFO] - aggregate_evaluate: received 25 results and 0 failures
[2024-06-22 15:58:03,757][flwr][INFO] - 
[2024-06-22 15:58:03,758][flwr][INFO] - [ROUND 17]
[2024-06-22 15:58:03,760][flwr][INFO] - configure_fit: strategy sampled 25 clients (out of 25)
[2024-06-22 15:59:37,861][flwr][INFO] - aggregate_fit: received 25 results and 0 failures
[2024-06-22 15:59:37,932][flwr][INFO] - fit progress: (17, tensor(0.0061, dtype=torch.float64), {'mae_loss, mse_loss': (0.07724624633789148, 0.0061416975761532395)}, 1655.0718110999999)
[2024-06-22 15:59:37,934][flwr][INFO] - configure_evaluate: strategy sampled 25 clients (out of 25)
[2024-06-22 15:59:38,700][flwr][INFO] - aggregate_evaluate: received 25 results and 0 failures
[2024-06-22 15:59:38,701][flwr][INFO] - 
[2024-06-22 15:59:38,702][flwr][INFO] - [ROUND 18]
[2024-06-22 15:59:38,704][flwr][INFO] - configure_fit: strategy sampled 25 clients (out of 25)
[2024-06-22 16:01:11,762][flwr][INFO] - aggregate_fit: received 25 results and 0 failures
[2024-06-22 16:01:11,830][flwr][INFO] - fit progress: (18, tensor(0.0018, dtype=torch.float64), {'mae_loss, mse_loss': (0.040626678466797725, 0.0018393267054344453)}, 1748.9704302)
[2024-06-22 16:01:11,833][flwr][INFO] - configure_evaluate: strategy sampled 25 clients (out of 25)
[2024-06-22 16:01:12,637][flwr][INFO] - aggregate_evaluate: received 25 results and 0 failures
[2024-06-22 16:01:12,638][flwr][INFO] - 
[2024-06-22 16:01:12,639][flwr][INFO] - [ROUND 19]
[2024-06-22 16:01:12,641][flwr][INFO] - configure_fit: strategy sampled 25 clients (out of 25)
[2024-06-22 16:02:47,914][flwr][INFO] - aggregate_fit: received 25 results and 0 failures
[2024-06-22 16:02:47,981][flwr][INFO] - fit progress: (19, tensor(0.0017, dtype=torch.float64), {'mae_loss, mse_loss': (0.040113220214844605, 0.0017336383331567728)}, 1845.1219641999999)
[2024-06-22 16:02:47,984][flwr][INFO] - configure_evaluate: strategy sampled 25 clients (out of 25)
[2024-06-22 16:02:48,791][flwr][INFO] - aggregate_evaluate: received 25 results and 0 failures
[2024-06-22 16:02:48,792][flwr][INFO] - 
[2024-06-22 16:02:48,793][flwr][INFO] - [ROUND 20]
[2024-06-22 16:02:48,794][flwr][INFO] - configure_fit: strategy sampled 25 clients (out of 25)
[2024-06-22 16:04:27,636][flwr][INFO] - aggregate_fit: received 25 results and 0 failures
[2024-06-22 16:04:27,703][flwr][INFO] - fit progress: (20, tensor(0.0003, dtype=torch.float64), {'mae_loss, mse_loss': (0.01464233398437358, 0.0002938767345621898)}, 1944.8436701)
[2024-06-22 16:04:27,706][flwr][INFO] - configure_evaluate: strategy sampled 25 clients (out of 25)
[2024-06-22 16:04:28,497][flwr][INFO] - aggregate_evaluate: received 25 results and 0 failures
[2024-06-22 16:04:28,498][flwr][INFO] - 
[2024-06-22 16:04:28,499][flwr][INFO] - [ROUND 21]
[2024-06-22 16:04:28,501][flwr][INFO] - configure_fit: strategy sampled 25 clients (out of 25)
[2024-06-22 16:06:07,664][flwr][INFO] - aggregate_fit: received 25 results and 0 failures
[2024-06-22 16:06:07,731][flwr][INFO] - fit progress: (21, tensor(0.0030, dtype=torch.float64), {'mae_loss, mse_loss': (0.05238021850585852, 0.0030135533659485063)}, 2044.8705356)
[2024-06-22 16:06:07,732][flwr][INFO] - configure_evaluate: strategy sampled 25 clients (out of 25)
[2024-06-22 16:06:08,577][flwr][INFO] - aggregate_evaluate: received 25 results and 0 failures
[2024-06-22 16:06:08,579][flwr][INFO] - 
[2024-06-22 16:06:08,580][flwr][INFO] - [ROUND 22]
[2024-06-22 16:06:08,581][flwr][INFO] - configure_fit: strategy sampled 25 clients (out of 25)
[2024-06-22 16:07:46,855][flwr][INFO] - aggregate_fit: received 25 results and 0 failures
[2024-06-22 16:07:46,922][flwr][INFO] - fit progress: (22, tensor(0.0033, dtype=torch.float64), {'mae_loss, mse_loss': (0.05011154174804773, 0.0032653578118188426)}, 2144.0619401999998)
[2024-06-22 16:07:46,925][flwr][INFO] - configure_evaluate: strategy sampled 25 clients (out of 25)
[2024-06-22 16:07:47,735][flwr][INFO] - aggregate_evaluate: received 25 results and 0 failures
[2024-06-22 16:07:47,736][flwr][INFO] - 
[2024-06-22 16:07:47,737][flwr][INFO] - [ROUND 23]
[2024-06-22 16:07:47,739][flwr][INFO] - configure_fit: strategy sampled 25 clients (out of 25)
[2024-06-22 16:09:24,948][flwr][INFO] - aggregate_fit: received 25 results and 0 failures
[2024-06-22 16:09:25,015][flwr][INFO] - fit progress: (23, tensor(0.0007, dtype=torch.float64), {'mae_loss, mse_loss': (0.02002395629882727, 0.0006613024467369051)}, 2242.1548704)
[2024-06-22 16:09:25,017][flwr][INFO] - configure_evaluate: strategy sampled 25 clients (out of 25)
[2024-06-22 16:09:25,802][flwr][INFO] - aggregate_evaluate: received 25 results and 0 failures
[2024-06-22 16:09:25,803][flwr][INFO] - 
[2024-06-22 16:09:25,804][flwr][INFO] - [ROUND 24]
[2024-06-22 16:09:25,806][flwr][INFO] - configure_fit: strategy sampled 25 clients (out of 25)
[2024-06-22 16:11:02,820][flwr][INFO] - aggregate_fit: received 25 results and 0 failures
[2024-06-22 16:11:02,897][flwr][INFO] - fit progress: (24, tensor(0.0037, dtype=torch.float64), {'mae_loss, mse_loss': (0.05586532592773352, 0.0036602321747921697)}, 2340.0368287)
[2024-06-22 16:11:02,899][flwr][INFO] - configure_evaluate: strategy sampled 25 clients (out of 25)
[2024-06-22 16:11:03,701][flwr][INFO] - aggregate_evaluate: received 25 results and 0 failures
[2024-06-22 16:11:03,703][flwr][INFO] - 
[2024-06-22 16:11:03,704][flwr][INFO] - [ROUND 25]
[2024-06-22 16:11:03,705][flwr][INFO] - configure_fit: strategy sampled 25 clients (out of 25)
[2024-06-22 16:12:36,722][flwr][INFO] - aggregate_fit: received 25 results and 0 failures
[2024-06-22 16:12:36,812][flwr][INFO] - fit progress: (25, tensor(0.0151, dtype=torch.float64), {'mae_loss, mse_loss': (0.11867507934570228, 0.015066372115746813)}, 2433.9518309)
[2024-06-22 16:12:36,814][flwr][INFO] - configure_evaluate: strategy sampled 25 clients (out of 25)
[2024-06-22 16:12:37,570][flwr][INFO] - aggregate_evaluate: received 25 results and 0 failures
[2024-06-22 16:12:37,571][flwr][INFO] - 
[2024-06-22 16:12:37,572][flwr][INFO] - [ROUND 26]
[2024-06-22 16:12:37,574][flwr][INFO] - configure_fit: strategy sampled 25 clients (out of 25)
[2024-06-22 16:14:10,251][flwr][INFO] - aggregate_fit: received 25 results and 0 failures
[2024-06-22 16:14:10,323][flwr][INFO] - fit progress: (26, tensor(0.0016, dtype=torch.float64), {'mae_loss, mse_loss': (0.03359115600585909, 0.0016191136991837377)}, 2527.4628018)
[2024-06-22 16:14:10,325][flwr][INFO] - configure_evaluate: strategy sampled 25 clients (out of 25)
[2024-06-22 16:14:11,173][flwr][INFO] - aggregate_evaluate: received 25 results and 0 failures
[2024-06-22 16:14:11,175][flwr][INFO] - 
[2024-06-22 16:14:11,176][flwr][INFO] - [ROUND 27]
[2024-06-22 16:14:11,177][flwr][INFO] - configure_fit: strategy sampled 25 clients (out of 25)
[2024-06-22 16:15:44,194][flwr][INFO] - aggregate_fit: received 25 results and 0 failures
[2024-06-22 16:15:44,263][flwr][INFO] - fit progress: (27, tensor(0.0012, dtype=torch.float64), {'mae_loss, mse_loss': (0.02781631469726591, 0.0012226846584816918)}, 2621.4035326)
[2024-06-22 16:15:44,265][flwr][INFO] - configure_evaluate: strategy sampled 25 clients (out of 25)
[2024-06-22 16:15:45,085][flwr][INFO] - aggregate_evaluate: received 25 results and 0 failures
[2024-06-22 16:15:45,087][flwr][INFO] - 
[2024-06-22 16:15:45,088][flwr][INFO] - [ROUND 28]
[2024-06-22 16:15:45,091][flwr][INFO] - configure_fit: strategy sampled 25 clients (out of 25)
[2024-06-22 16:17:17,756][flwr][INFO] - aggregate_fit: received 25 results and 0 failures
[2024-06-22 16:17:17,825][flwr][INFO] - fit progress: (28, tensor(0.0009, dtype=torch.float64), {'mae_loss, mse_loss': (0.02699783325195284, 0.0008790478416485862)}, 2714.9654701)
[2024-06-22 16:17:17,827][flwr][INFO] - configure_evaluate: strategy sampled 25 clients (out of 25)
[2024-06-22 16:17:18,617][flwr][INFO] - aggregate_evaluate: received 25 results and 0 failures
[2024-06-22 16:17:18,619][flwr][INFO] - 
[2024-06-22 16:17:18,620][flwr][INFO] - [ROUND 29]
[2024-06-22 16:17:18,622][flwr][INFO] - configure_fit: strategy sampled 25 clients (out of 25)
[2024-06-22 16:18:55,897][flwr][INFO] - aggregate_fit: received 25 results and 0 failures
[2024-06-22 16:18:55,967][flwr][INFO] - fit progress: (29, tensor(5.7865e-05, dtype=torch.float64), {'mae_loss, mse_loss': (0.005595092773437216, 5.7865128386758936e-05)}, 2813.1064527)
[2024-06-22 16:18:55,968][flwr][INFO] - configure_evaluate: strategy sampled 25 clients (out of 25)
[2024-06-22 16:18:56,796][flwr][INFO] - aggregate_evaluate: received 25 results and 0 failures
[2024-06-22 16:18:56,797][flwr][INFO] - 
[2024-06-22 16:18:56,798][flwr][INFO] - [ROUND 30]
[2024-06-22 16:18:56,799][flwr][INFO] - configure_fit: strategy sampled 25 clients (out of 25)
[2024-06-22 16:20:35,764][flwr][INFO] - aggregate_fit: received 25 results and 0 failures
[2024-06-22 16:20:35,832][flwr][INFO] - fit progress: (30, tensor(0.0054, dtype=torch.float64), {'mae_loss, mse_loss': (0.06440460205078154, 0.005357403872534561)}, 2912.9721401)
[2024-06-22 16:20:35,834][flwr][INFO] - configure_evaluate: strategy sampled 25 clients (out of 25)
[2024-06-22 16:20:36,606][flwr][INFO] - aggregate_evaluate: received 25 results and 0 failures
[2024-06-22 16:20:36,607][flwr][INFO] - 
[2024-06-22 16:20:36,608][flwr][INFO] - [ROUND 31]
[2024-06-22 16:20:36,610][flwr][INFO] - configure_fit: strategy sampled 25 clients (out of 25)
[2024-06-22 16:22:14,658][flwr][INFO] - aggregate_fit: received 25 results and 0 failures
[2024-06-22 16:22:14,725][flwr][INFO] - fit progress: (31, tensor(0.0194, dtype=torch.float64), {'mae_loss, mse_loss': (0.13406661987304602, 0.019388629113440213)}, 3011.8655984)
[2024-06-22 16:22:14,727][flwr][INFO] - configure_evaluate: strategy sampled 25 clients (out of 25)
[2024-06-22 16:22:15,511][flwr][INFO] - aggregate_evaluate: received 25 results and 0 failures
[2024-06-22 16:22:15,512][flwr][INFO] - 
[2024-06-22 16:22:15,513][flwr][INFO] - [ROUND 32]
[2024-06-22 16:22:15,515][flwr][INFO] - configure_fit: strategy sampled 25 clients (out of 25)
[2024-06-22 16:23:54,556][flwr][INFO] - aggregate_fit: received 25 results and 0 failures
[2024-06-22 16:23:54,630][flwr][INFO] - fit progress: (32, tensor(0.0228, dtype=torch.float64), {'mae_loss, mse_loss': (0.14535049438476477, 0.022771064120228186)}, 3111.7699923)
[2024-06-22 16:23:54,632][flwr][INFO] - configure_evaluate: strategy sampled 25 clients (out of 25)
[2024-06-22 16:23:55,438][flwr][INFO] - aggregate_evaluate: received 25 results and 0 failures
[2024-06-22 16:23:55,439][flwr][INFO] - 
[2024-06-22 16:23:55,440][flwr][INFO] - [ROUND 33]
[2024-06-22 16:23:55,442][flwr][INFO] - configure_fit: strategy sampled 25 clients (out of 25)
[2024-06-22 16:25:32,907][flwr][INFO] - aggregate_fit: received 25 results and 0 failures
[2024-06-22 16:25:32,975][flwr][INFO] - fit progress: (33, tensor(0.0217, dtype=torch.float64), {'mae_loss, mse_loss': (0.14246810913085853, 0.02165326027816605)}, 3210.1150298)
[2024-06-22 16:25:32,977][flwr][INFO] - configure_evaluate: strategy sampled 25 clients (out of 25)
[2024-06-22 16:25:33,747][flwr][INFO] - aggregate_evaluate: received 25 results and 0 failures
[2024-06-22 16:25:33,748][flwr][INFO] - 
[2024-06-22 16:25:33,749][flwr][INFO] - [ROUND 34]
[2024-06-22 16:25:33,751][flwr][INFO] - configure_fit: strategy sampled 25 clients (out of 25)
[2024-06-22 16:27:09,979][flwr][INFO] - aggregate_fit: received 25 results and 0 failures
[2024-06-22 16:27:10,048][flwr][INFO] - fit progress: (34, tensor(0.0124, dtype=torch.float64), {'mae_loss, mse_loss': (0.10657257080078039, 0.01242290362343176)}, 3307.1883033999998)
[2024-06-22 16:27:10,050][flwr][INFO] - configure_evaluate: strategy sampled 25 clients (out of 25)
[2024-06-22 16:27:10,853][flwr][INFO] - aggregate_evaluate: received 25 results and 0 failures
[2024-06-22 16:27:10,854][flwr][INFO] - 
[2024-06-22 16:27:10,855][flwr][INFO] - [ROUND 35]
[2024-06-22 16:27:10,857][flwr][INFO] - configure_fit: strategy sampled 25 clients (out of 25)
[2024-06-22 16:28:43,786][flwr][INFO] - aggregate_fit: received 25 results and 0 failures
[2024-06-22 16:28:43,862][flwr][INFO] - fit progress: (35, tensor(0.0074, dtype=torch.float64), {'mae_loss, mse_loss': (0.08104232788085852, 0.007432549809221989)}, 3401.00282)
[2024-06-22 16:28:43,866][flwr][INFO] - configure_evaluate: strategy sampled 25 clients (out of 25)
[2024-06-22 16:28:44,745][flwr][INFO] - aggregate_evaluate: received 25 results and 0 failures
[2024-06-22 16:28:44,746][flwr][INFO] - 
[2024-06-22 16:28:44,747][flwr][INFO] - [ROUND 36]
[2024-06-22 16:28:44,749][flwr][INFO] - configure_fit: strategy sampled 25 clients (out of 25)
[2024-06-22 16:30:17,915][flwr][INFO] - aggregate_fit: received 25 results and 0 failures
[2024-06-22 16:30:17,981][flwr][INFO] - fit progress: (36, tensor(0.0035, dtype=torch.float64), {'mae_loss, mse_loss': (0.05214981079101477, 0.003506580695160591)}, 3495.1219872)
[2024-06-22 16:30:17,984][flwr][INFO] - configure_evaluate: strategy sampled 25 clients (out of 25)
[2024-06-22 16:30:18,760][flwr][INFO] - aggregate_evaluate: received 25 results and 0 failures
[2024-06-22 16:30:18,761][flwr][INFO] - 
[2024-06-22 16:30:18,762][flwr][INFO] - [ROUND 37]
[2024-06-22 16:30:18,764][flwr][INFO] - configure_fit: strategy sampled 25 clients (out of 25)
[2024-06-22 16:31:52,261][flwr][INFO] - aggregate_fit: received 25 results and 0 failures
[2024-06-22 16:31:52,331][flwr][INFO] - fit progress: (37, tensor(0.0027, dtype=torch.float64), {'mae_loss, mse_loss': (0.049941406250000854, 0.0027220534414519664)}, 3589.4708084999997)
[2024-06-22 16:31:52,333][flwr][INFO] - configure_evaluate: strategy sampled 25 clients (out of 25)
[2024-06-22 16:31:53,103][flwr][INFO] - aggregate_evaluate: received 25 results and 0 failures
[2024-06-22 16:31:53,104][flwr][INFO] - 
[2024-06-22 16:31:53,105][flwr][INFO] - [ROUND 38]
[2024-06-22 16:31:53,107][flwr][INFO] - configure_fit: strategy sampled 25 clients (out of 25)
