[2024-06-11 18:23:51,883][flwr][INFO] - Starting Flower simulation, config: num_rounds=50, no round_timeout
[2024-06-11 18:23:56,949][flwr][INFO] - Flower VCE: Ray initialized with resources: {'object_store_memory': 7429457510.0, 'node:127.0.0.1': 1.0, 'memory': 14858915022.0, 'CPU': 8.0, 'node:__internal_head__': 1.0}
[2024-06-11 18:23:56,949][flwr][INFO] - Optimize your simulation with Flower VCE: https://flower.ai/docs/framework/how-to-run-simulations.html
[2024-06-11 18:23:56,949][flwr][INFO] - Flower VCE: Resources for each Virtual Client: {'num_cpus': 8, 'num_gpus': 0.0}
[2024-06-11 18:23:56,949][flwr][INFO] - Flower VCE: Creating VirtualClientEngineActorPool with 1 actors
[2024-06-11 18:23:56,949][flwr][INFO] - [INIT]
[2024-06-11 18:23:56,965][flwr][INFO] - Requesting initial parameters from one random client
[2024-06-11 18:24:00,887][flwr][INFO] - Received initial parameters from one random client
[2024-06-11 18:24:00,887][flwr][INFO] - Evaluating initial global parameters
[2024-06-11 18:24:00,887][flwr][INFO] - initial parameters (loss, other metrics): tensor(4518.7074, dtype=torch.float64), {'mae_loss, mse_loss': (67.21891876220704, 4518.707374355082)}
[2024-06-11 18:24:00,901][flwr][INFO] - 
[2024-06-11 18:24:00,902][flwr][INFO] - [ROUND 1]
[2024-06-11 18:24:00,902][flwr][INFO] - configure_fit: strategy sampled 25 clients (out of 25)
[2024-06-11 18:24:11,705][flwr][INFO] - aggregate_fit: received 25 results and 0 failures
[2024-06-11 18:24:11,737][flwr][WARNING] - No fit_metrics_aggregation_fn provided
[2024-06-11 18:24:11,742][flwr][INFO] - fit progress: (1, tensor(0.7249, dtype=torch.float64), {'mae_loss, mse_loss': (0.7605101013183585, 0.7249207799023701)}, 10.8412829)
[2024-06-11 18:24:11,744][flwr][INFO] - configure_evaluate: strategy sampled 25 clients (out of 25)
[2024-06-11 18:24:12,211][flwr][INFO] - aggregate_evaluate: received 25 results and 0 failures
[2024-06-11 18:24:12,211][flwr][WARNING] - No evaluate_metrics_aggregation_fn provided
[2024-06-11 18:24:12,211][flwr][INFO] - 
[2024-06-11 18:24:12,211][flwr][INFO] - [ROUND 2]
[2024-06-11 18:24:12,211][flwr][INFO] - configure_fit: strategy sampled 25 clients (out of 25)
[2024-06-11 18:24:21,600][flwr][INFO] - aggregate_fit: received 25 results and 0 failures
[2024-06-11 18:24:21,624][flwr][INFO] - fit progress: (2, tensor(0.0450, dtype=torch.float64), {'mae_loss, mse_loss': (0.19731582641601478, 0.04495349298033372)}, 20.7235364)
[2024-06-11 18:24:21,626][flwr][INFO] - configure_evaluate: strategy sampled 25 clients (out of 25)
[2024-06-11 18:24:22,112][flwr][INFO] - aggregate_evaluate: received 25 results and 0 failures
[2024-06-11 18:24:22,112][flwr][INFO] - 
[2024-06-11 18:24:22,112][flwr][INFO] - [ROUND 3]
[2024-06-11 18:24:22,112][flwr][INFO] - configure_fit: strategy sampled 25 clients (out of 25)
[2024-06-11 18:24:31,465][flwr][INFO] - aggregate_fit: received 25 results and 0 failures
[2024-06-11 18:24:31,487][flwr][INFO] - fit progress: (3, tensor(0.1122, dtype=torch.float64), {'mae_loss, mse_loss': (0.30492263793945396, 0.11216225269285549)}, 30.5962696)
[2024-06-11 18:24:31,499][flwr][INFO] - configure_evaluate: strategy sampled 25 clients (out of 25)
[2024-06-11 18:24:31,991][flwr][INFO] - aggregate_evaluate: received 25 results and 0 failures
[2024-06-11 18:24:31,991][flwr][INFO] - 
[2024-06-11 18:24:31,991][flwr][INFO] - [ROUND 4]
[2024-06-11 18:24:31,991][flwr][INFO] - configure_fit: strategy sampled 25 clients (out of 25)
