[2024-06-11 23:28:34,047][flwr][INFO] - Starting Flower simulation, config: num_rounds=50, no round_timeout
[2024-06-11 23:28:39,293][flwr][INFO] - Flower VCE: Ray initialized with resources: {'memory': 13827106407.0, 'node:127.0.0.1': 1.0, 'object_store_memory': 6913553203.0, 'node:__internal_head__': 1.0, 'CPU': 8.0}
[2024-06-11 23:28:39,293][flwr][INFO] - Optimize your simulation with Flower VCE: https://flower.ai/docs/framework/how-to-run-simulations.html
[2024-06-11 23:28:39,293][flwr][INFO] - Flower VCE: Resources for each Virtual Client: {'num_cpus': 1, 'num_gpus': 0.0}
[2024-06-11 23:28:39,316][flwr][INFO] - Flower VCE: Creating VirtualClientEngineActorPool with 8 actors
[2024-06-11 23:28:39,317][flwr][INFO] - [INIT]
[2024-06-11 23:28:39,317][flwr][INFO] - Requesting initial parameters from one random client
[2024-06-11 23:28:44,158][flwr][INFO] - Received initial parameters from one random client
[2024-06-11 23:28:44,158][flwr][INFO] - Evaluating initial global parameters
[2024-06-11 23:28:44,175][flwr][INFO] - initial parameters (loss, other metrics): tensor(618.9945, dtype=torch.float64), {'mae_loss, mse_loss': (24.74348083496094, 618.9945021295624)}
[2024-06-11 23:28:44,184][flwr][INFO] - 
[2024-06-11 23:28:44,185][flwr][INFO] - [ROUND 1]
[2024-06-11 23:28:44,185][flwr][INFO] - configure_fit: strategy sampled 25 clients (out of 25)
[2024-06-11 23:28:53,158][flwr][INFO] - aggregate_fit: received 25 results and 0 failures
[2024-06-11 23:28:53,181][flwr][WARNING] - No fit_metrics_aggregation_fn provided
[2024-06-11 23:28:53,193][flwr][INFO] - fit progress: (1, tensor(1.1250, dtype=torch.float64), {'mae_loss, mse_loss': (0.9667674255371097, 1.125025488825399)}, 9.008767499999998)
[2024-06-11 23:28:53,194][flwr][INFO] - configure_evaluate: strategy sampled 25 clients (out of 25)
[2024-06-11 23:28:53,458][flwr][INFO] - aggregate_evaluate: received 25 results and 0 failures
[2024-06-11 23:28:53,458][flwr][WARNING] - No evaluate_metrics_aggregation_fn provided
[2024-06-11 23:28:53,458][flwr][INFO] - 
[2024-06-11 23:28:53,458][flwr][INFO] - [ROUND 2]
[2024-06-11 23:28:53,458][flwr][INFO] - configure_fit: strategy sampled 25 clients (out of 25)
[2024-06-11 23:28:55,341][flwr][INFO] - aggregate_fit: received 25 results and 0 failures
[2024-06-11 23:28:55,364][flwr][INFO] - fit progress: (2, tensor(2.0502, dtype=torch.float64), {'mae_loss, mse_loss': (1.3151797485351566, 2.0502041974451855)}, 11.1850494)
[2024-06-11 23:28:55,371][flwr][INFO] - configure_evaluate: strategy sampled 25 clients (out of 25)
[2024-06-11 23:28:55,666][flwr][INFO] - aggregate_evaluate: received 25 results and 0 failures
[2024-06-11 23:28:55,666][flwr][INFO] - 
[2024-06-11 23:28:55,666][flwr][INFO] - [ROUND 3]
[2024-06-11 23:28:55,675][flwr][INFO] - configure_fit: strategy sampled 25 clients (out of 25)
[2024-06-11 23:28:57,192][flwr][INFO] - aggregate_fit: received 25 results and 0 failures
[2024-06-11 23:28:57,230][flwr][INFO] - fit progress: (3, tensor(0.8951, dtype=torch.float64), {'mae_loss, mse_loss': (0.8735568237304691, 0.8950542255570184)}, 13.046222699999998)
[2024-06-11 23:28:57,232][flwr][INFO] - configure_evaluate: strategy sampled 25 clients (out of 25)
[2024-06-11 23:28:57,499][flwr][INFO] - aggregate_evaluate: received 25 results and 0 failures
[2024-06-11 23:28:57,500][flwr][INFO] - 
[2024-06-11 23:28:57,500][flwr][INFO] - [ROUND 4]
[2024-06-11 23:28:57,501][flwr][INFO] - configure_fit: strategy sampled 25 clients (out of 25)
