[2024-06-01 17:15:26,512][flwr][INFO] - Starting Flower simulation, config: num_rounds=3, no round_timeout
[2024-06-01 17:15:31,987][flwr][INFO] - Flower VCE: Ray initialized with resources: {'node:__internal_head__': 1.0, 'node:127.0.0.1': 1.0, 'memory': 6800744448.0, 'object_store_memory': 3400372224.0, 'CPU': 8.0}
[2024-06-01 17:15:31,988][flwr][INFO] - Optimize your simulation with Flower VCE: https://flower.ai/docs/framework/how-to-run-simulations.html
[2024-06-01 17:15:31,988][flwr][INFO] - Flower VCE: Resources for each Virtual Client: {'num_cpus': 2, 'num_gpus': 0.0}
[2024-06-01 17:15:31,996][flwr][INFO] - Flower VCE: Creating VirtualClientEngineActorPool with 4 actors
[2024-06-01 17:15:31,997][flwr][INFO] - [INIT]
[2024-06-01 17:15:31,998][flwr][INFO] - Requesting initial parameters from one random client
[2024-06-01 17:15:36,223][flwr][INFO] - Received initial parameters from one random client
[2024-06-01 17:15:36,224][flwr][INFO] - Evaluating initial global parameters
[2024-06-01 17:15:36,231][flwr][INFO] - initial parameters (loss, other metrics): tensor(412.5056, dtype=torch.float64), {'mae_loss': 20.22723785400391}
[2024-06-01 17:15:36,236][flwr][INFO] - 
[2024-06-01 17:15:36,237][flwr][INFO] - [ROUND 1]
[2024-06-01 17:15:36,238][flwr][INFO] - configure_fit: strategy sampled 5 clients (out of 25)
[2024-06-01 17:16:01,131][flwr][INFO] - aggregate_fit: received 5 results and 0 failures
[2024-06-01 17:16:01,137][flwr][WARNING] - No fit_metrics_aggregation_fn provided
[2024-06-01 17:16:01,141][flwr][INFO] - fit progress: (1, tensor(56.5024, dtype=torch.float64), {'mae_loss': 7.218585357666017}, 24.9054225)
[2024-06-01 17:16:01,143][flwr][INFO] - configure_evaluate: strategy sampled 5 clients (out of 25)
[2024-06-01 17:16:11,755][flwr][INFO] - aggregate_evaluate: received 5 results and 0 failures
[2024-06-01 17:16:11,756][flwr][WARNING] - No evaluate_metrics_aggregation_fn provided
[2024-06-01 17:16:11,757][flwr][INFO] - 
[2024-06-01 17:16:11,757][flwr][INFO] - [ROUND 2]
[2024-06-01 17:16:11,758][flwr][INFO] - configure_fit: strategy sampled 5 clients (out of 25)
[2024-06-01 17:16:34,355][flwr][INFO] - aggregate_fit: received 5 results and 0 failures
[2024-06-01 17:16:34,363][flwr][INFO] - fit progress: (2, tensor(8.3366, dtype=torch.float64), {'mae_loss': 1.982522125244141}, 58.127060199999995)
[2024-06-01 17:16:34,365][flwr][INFO] - configure_evaluate: strategy sampled 5 clients (out of 25)
[2024-06-01 17:16:44,805][flwr][INFO] - aggregate_evaluate: received 5 results and 0 failures
[2024-06-01 17:16:44,806][flwr][INFO] - 
[2024-06-01 17:16:44,807][flwr][INFO] - [ROUND 3]
[2024-06-01 17:16:44,807][flwr][INFO] - configure_fit: strategy sampled 5 clients (out of 25)
[2024-06-01 17:17:07,241][flwr][INFO] - aggregate_fit: received 5 results and 0 failures
[2024-06-01 17:17:07,249][flwr][INFO] - fit progress: (3, tensor(77.4887, dtype=torch.float64), {'mae_loss': 8.591176757812502}, 91.0133262)
[2024-06-01 17:17:07,251][flwr][INFO] - configure_evaluate: strategy sampled 5 clients (out of 25)
[2024-06-01 17:17:18,144][flwr][INFO] - aggregate_evaluate: received 5 results and 0 failures
[2024-06-01 17:17:18,145][flwr][INFO] - 
[2024-06-01 17:17:18,146][flwr][INFO] - [SUMMARY]
[2024-06-01 17:17:18,146][flwr][INFO] - Run finished 3 rounds in 101.91s
[2024-06-01 17:17:18,147][flwr][INFO] - History (loss, distributed):
[2024-06-01 17:17:18,147][flwr][INFO] - 	('\tround 1: 97.71838137671588\n'
[2024-06-01 17:17:18,148][flwr][INFO] - 	 '\tround 2: 33.64078236449508\n'
[2024-06-01 17:17:18,148][flwr][INFO] - 	 '\tround 3: 166.7629441919265\n')History (loss, centralized):
[2024-06-01 17:17:18,148][flwr][INFO] - 	('\tround 0: 412.50563237305795\n'
[2024-06-01 17:17:18,149][flwr][INFO] - 	 '\tround 1: 56.50237607643627\n'
[2024-06-01 17:17:18,149][flwr][INFO] - 	 '\tround 2: 8.33663174736349\n'
[2024-06-01 17:17:18,150][flwr][INFO] - 	 '\tround 3: 77.4887036208911\n')History (metrics, centralized):
[2024-06-01 17:17:18,150][flwr][INFO] - 	{'mae_loss': [(0, 20.22723785400391),
[2024-06-01 17:17:18,151][flwr][INFO] - 	              (1, 7.218585357666017),
[2024-06-01 17:17:18,151][flwr][INFO] - 	              (2, 1.982522125244141),
[2024-06-01 17:17:18,152][flwr][INFO] - 	              (3, 8.591176757812502)]}
[2024-06-01 17:17:18,152][flwr][INFO] - 
