[2024-05-31 12:33:50,538][flwr][INFO] - Starting Flower simulation, config: num_rounds=5, no round_timeout
[2024-05-31 12:33:55,936][flwr][INFO] - Flower VCE: Ray initialized with resources: {'memory': 6276373710.0, 'object_store_memory': 3138186854.0, 'node:127.0.0.1': 1.0, 'node:__internal_head__': 1.0, 'CPU': 8.0}
[2024-05-31 12:33:55,937][flwr][INFO] - Optimize your simulation with Flower VCE: https://flower.ai/docs/framework/how-to-run-simulations.html
[2024-05-31 12:33:55,937][flwr][INFO] - Flower VCE: Resources for each Virtual Client: {'num_cpus': 2, 'num_gpus': 0.0}
[2024-05-31 12:33:55,946][flwr][INFO] - Flower VCE: Creating VirtualClientEngineActorPool with 4 actors
[2024-05-31 12:33:55,947][flwr][INFO] - [INIT]
[2024-05-31 12:33:55,948][flwr][INFO] - Requesting initial parameters from one random client
[2024-05-31 12:34:00,161][flwr][INFO] - Received initial parameters from one random client
[2024-05-31 12:34:00,162][flwr][INFO] - Evaluating initial global parameters
[2024-05-31 12:34:00,163][flwr][INFO] - 
[2024-05-31 12:34:00,164][flwr][INFO] - [ROUND 1]
[2024-05-31 12:34:00,165][flwr][INFO] - configure_fit: strategy sampled 12 clients (out of 25)
[2024-05-31 12:41:23,195][flwr][INFO] - aggregate_fit: received 12 results and 0 failures
[2024-05-31 12:41:23,205][flwr][WARNING] - No fit_metrics_aggregation_fn provided
[2024-05-31 12:41:23,206][flwr][INFO] - configure_evaluate: strategy sampled 12 clients (out of 25)
[2024-05-31 12:41:42,542][flwr][INFO] - aggregate_evaluate: received 12 results and 0 failures
[2024-05-31 12:41:42,542][flwr][WARNING] - No evaluate_metrics_aggregation_fn provided
[2024-05-31 12:41:42,543][flwr][INFO] - 
[2024-05-31 12:41:42,543][flwr][INFO] - [ROUND 2]
[2024-05-31 12:41:42,543][flwr][INFO] - configure_fit: strategy sampled 12 clients (out of 25)
[2024-05-31 12:48:54,193][flwr][INFO] - aggregate_fit: received 12 results and 0 failures
[2024-05-31 12:48:54,203][flwr][INFO] - configure_evaluate: strategy sampled 12 clients (out of 25)
[2024-05-31 12:49:13,440][flwr][INFO] - aggregate_evaluate: received 12 results and 0 failures
[2024-05-31 12:49:13,441][flwr][INFO] - 
[2024-05-31 12:49:13,441][flwr][INFO] - [ROUND 3]
[2024-05-31 12:49:13,441][flwr][INFO] - configure_fit: strategy sampled 12 clients (out of 25)
[2024-05-31 12:56:26,667][flwr][INFO] - aggregate_fit: received 12 results and 0 failures
[2024-05-31 12:56:26,677][flwr][INFO] - configure_evaluate: strategy sampled 12 clients (out of 25)
[2024-05-31 12:56:45,795][flwr][INFO] - aggregate_evaluate: received 12 results and 0 failures
[2024-05-31 12:56:45,795][flwr][INFO] - 
[2024-05-31 12:56:45,796][flwr][INFO] - [ROUND 4]
[2024-05-31 12:56:45,796][flwr][INFO] - configure_fit: strategy sampled 12 clients (out of 25)
[2024-05-31 13:04:15,435][flwr][INFO] - aggregate_fit: received 12 results and 0 failures
[2024-05-31 13:04:15,445][flwr][INFO] - configure_evaluate: strategy sampled 12 clients (out of 25)
[2024-05-31 13:04:35,209][flwr][INFO] - aggregate_evaluate: received 12 results and 0 failures
[2024-05-31 13:04:35,210][flwr][INFO] - 
[2024-05-31 13:04:35,211][flwr][INFO] - [ROUND 5]
[2024-05-31 13:04:35,211][flwr][INFO] - configure_fit: strategy sampled 12 clients (out of 25)
[2024-05-31 13:11:50,090][flwr][INFO] - aggregate_fit: received 12 results and 0 failures
[2024-05-31 13:11:50,101][flwr][INFO] - configure_evaluate: strategy sampled 12 clients (out of 25)
[2024-05-31 13:12:09,489][flwr][INFO] - aggregate_evaluate: received 12 results and 0 failures
[2024-05-31 13:12:09,489][flwr][INFO] - 
[2024-05-31 13:12:09,490][flwr][INFO] - [SUMMARY]
[2024-05-31 13:12:09,491][flwr][INFO] - Run finished 5 rounds in 2289.33s
[2024-05-31 13:12:09,491][flwr][INFO] - History (loss, distributed):
[2024-05-31 13:12:09,492][flwr][INFO] - 	('\tround 1: 2.182804361979167\n'
[2024-05-31 13:12:09,492][flwr][INFO] - 	 '\tround 2: 2.4139770030975347\n'
[2024-05-31 13:12:09,493][flwr][INFO] - 	 '\tround 3: 3.1609169483184822\n'
[2024-05-31 13:12:09,493][flwr][INFO] - 	 '\tround 4: 2.4866797606150315\n'
[2024-05-31 13:12:09,494][flwr][INFO] - 	 '\tround 5: 2.237958780924479\n')
[2024-05-31 13:12:09,494][flwr][INFO] - 
