[2024-06-22 16:32:56,407][flwr][INFO] - Starting Flower simulation, config: num_rounds=50, no round_timeout
[2024-06-22 16:33:01,600][flwr][INFO] - Flower VCE: Ray initialized with resources: {'CPU': 8.0, 'node:127.0.0.1': 1.0, 'memory': 11747151054.0, 'object_store_memory': 5873575526.0, 'node:__internal_head__': 1.0}
[2024-06-22 16:33:01,601][flwr][INFO] - Optimize your simulation with Flower VCE: https://flower.ai/docs/framework/how-to-run-simulations.html
[2024-06-22 16:33:01,601][flwr][INFO] - Flower VCE: Resources for each Virtual Client: {'num_cpus': 8, 'num_gpus': 0.0}
[2024-06-22 16:33:01,610][flwr][INFO] - Flower VCE: Creating VirtualClientEngineActorPool with 1 actors
[2024-06-22 16:33:01,611][flwr][INFO] - [INIT]
[2024-06-22 16:33:01,611][flwr][INFO] - Requesting initial parameters from one random client
[2024-06-22 16:33:05,737][flwr][INFO] - Received initial parameters from one random client
[2024-06-22 16:33:05,738][flwr][INFO] - Evaluating initial global parameters
[2024-06-22 16:33:05,753][flwr][INFO] - initial parameters (loss, other metrics): tensor(482.1505, dtype=torch.float64), {'mae_loss, mse_loss': (21.91585517883301, 482.1505181025702)}
[2024-06-22 16:33:05,755][flwr][INFO] - 
[2024-06-22 16:33:05,756][flwr][INFO] - [ROUND 1]
[2024-06-22 16:33:05,757][flwr][INFO] - configure_fit: strategy sampled 25 clients (out of 25)
[2024-06-22 16:33:17,087][flwr][INFO] - aggregate_fit: received 25 results and 0 failures
[2024-06-22 16:33:17,109][flwr][WARNING] - No fit_metrics_aggregation_fn provided
[2024-06-22 16:33:17,115][flwr][INFO] - fit progress: (1, tensor(5.4755, dtype=torch.float64), {'mae_loss, mse_loss': (2.010514373779297, 5.4755439668827455)}, 11.358989300000001)
[2024-06-22 16:33:17,117][flwr][INFO] - configure_evaluate: strategy sampled 25 clients (out of 25)
[2024-06-22 16:33:17,673][flwr][INFO] - aggregate_evaluate: received 25 results and 0 failures
[2024-06-22 16:33:17,674][flwr][WARNING] - No evaluate_metrics_aggregation_fn provided
[2024-06-22 16:33:17,675][flwr][INFO] - 
[2024-06-22 16:33:17,675][flwr][INFO] - [ROUND 2]
[2024-06-22 16:33:17,676][flwr][INFO] - configure_fit: strategy sampled 25 clients (out of 25)
[2024-06-22 16:33:28,294][flwr][INFO] - aggregate_fit: received 25 results and 0 failures
[2024-06-22 16:33:28,346][flwr][INFO] - fit progress: (2, tensor(0.6561, dtype=torch.float64), {'mae_loss, mse_loss': (0.692801055908204, 0.6561111482445872)}, 22.5892933)
[2024-06-22 16:33:28,349][flwr][INFO] - configure_evaluate: strategy sampled 25 clients (out of 25)
[2024-06-22 16:33:28,922][flwr][INFO] - aggregate_evaluate: received 25 results and 0 failures
[2024-06-22 16:33:28,923][flwr][INFO] - 
[2024-06-22 16:33:28,924][flwr][INFO] - [ROUND 3]
[2024-06-22 16:33:28,924][flwr][INFO] - configure_fit: strategy sampled 25 clients (out of 25)
[2024-06-22 16:33:39,522][flwr][INFO] - aggregate_fit: received 25 results and 0 failures
[2024-06-22 16:33:39,547][flwr][INFO] - fit progress: (3, tensor(0.7315, dtype=torch.float64), {'mae_loss, mse_loss': (0.6437370300292983, 0.7315374787236824)}, 33.79106)
[2024-06-22 16:33:39,548][flwr][INFO] - configure_evaluate: strategy sampled 25 clients (out of 25)
[2024-06-22 16:33:40,161][flwr][INFO] - aggregate_evaluate: received 25 results and 0 failures
[2024-06-22 16:33:40,162][flwr][INFO] - 
[2024-06-22 16:33:40,163][flwr][INFO] - [ROUND 4]
[2024-06-22 16:33:40,164][flwr][INFO] - configure_fit: strategy sampled 25 clients (out of 25)
[2024-06-22 16:33:50,982][flwr][INFO] - aggregate_fit: received 25 results and 0 failures
[2024-06-22 16:33:51,011][flwr][INFO] - fit progress: (4, tensor(0.6183, dtype=torch.float64), {'mae_loss, mse_loss': (0.6043762207031265, 0.6182937838344393)}, 45.2545008)
[2024-06-22 16:33:51,012][flwr][INFO] - configure_evaluate: strategy sampled 25 clients (out of 25)
[2024-06-22 16:33:51,554][flwr][INFO] - aggregate_evaluate: received 25 results and 0 failures
[2024-06-22 16:33:51,555][flwr][INFO] - 
[2024-06-22 16:33:51,556][flwr][INFO] - [ROUND 5]
[2024-06-22 16:33:51,557][flwr][INFO] - configure_fit: strategy sampled 25 clients (out of 25)
[2024-06-22 16:34:02,046][flwr][INFO] - aggregate_fit: received 25 results and 0 failures
[2024-06-22 16:34:02,073][flwr][INFO] - fit progress: (5, tensor(0.5005, dtype=torch.float64), {'mae_loss, mse_loss': (0.531125640869142, 0.5004822302159178)}, 56.3176074)
[2024-06-22 16:34:02,075][flwr][INFO] - configure_evaluate: strategy sampled 25 clients (out of 25)
[2024-06-22 16:34:02,610][flwr][INFO] - aggregate_evaluate: received 25 results and 0 failures
[2024-06-22 16:34:02,610][flwr][INFO] - 
[2024-06-22 16:34:02,611][flwr][INFO] - [ROUND 6]
[2024-06-22 16:34:02,612][flwr][INFO] - configure_fit: strategy sampled 25 clients (out of 25)
[2024-06-22 16:34:13,008][flwr][INFO] - aggregate_fit: received 25 results and 0 failures
[2024-06-22 16:34:13,032][flwr][INFO] - fit progress: (6, tensor(0.4216, dtype=torch.float64), {'mae_loss, mse_loss': (0.48243408203125143, 0.4215643626833355)}, 67.2760055)
[2024-06-22 16:34:13,034][flwr][INFO] - configure_evaluate: strategy sampled 25 clients (out of 25)
[2024-06-22 16:34:13,582][flwr][INFO] - aggregate_evaluate: received 25 results and 0 failures
[2024-06-22 16:34:13,583][flwr][INFO] - 
[2024-06-22 16:34:13,583][flwr][INFO] - [ROUND 7]
[2024-06-22 16:34:13,584][flwr][INFO] - configure_fit: strategy sampled 25 clients (out of 25)
[2024-06-22 16:34:24,031][flwr][INFO] - aggregate_fit: received 25 results and 0 failures
[2024-06-22 16:34:24,056][flwr][INFO] - fit progress: (7, tensor(0.4894, dtype=torch.float64), {'mae_loss, mse_loss': (0.548795318603517, 0.48943738042295665)}, 78.3000746)
[2024-06-22 16:34:24,058][flwr][INFO] - configure_evaluate: strategy sampled 25 clients (out of 25)
[2024-06-22 16:34:24,602][flwr][INFO] - aggregate_evaluate: received 25 results and 0 failures
[2024-06-22 16:34:24,603][flwr][INFO] - 
[2024-06-22 16:34:24,603][flwr][INFO] - [ROUND 8]
[2024-06-22 16:34:24,604][flwr][INFO] - configure_fit: strategy sampled 25 clients (out of 25)
[2024-06-22 16:34:34,894][flwr][INFO] - aggregate_fit: received 25 results and 0 failures
[2024-06-22 16:34:34,919][flwr][INFO] - fit progress: (8, tensor(0.3741, dtype=torch.float64), {'mae_loss, mse_loss': (0.46862487792968893, 0.3740806203938574)}, 89.1632977)
[2024-06-22 16:34:34,922][flwr][INFO] - configure_evaluate: strategy sampled 25 clients (out of 25)
[2024-06-22 16:34:35,470][flwr][INFO] - aggregate_evaluate: received 25 results and 0 failures
[2024-06-22 16:34:35,471][flwr][INFO] - 
[2024-06-22 16:34:35,472][flwr][INFO] - [ROUND 9]
[2024-06-22 16:34:35,472][flwr][INFO] - configure_fit: strategy sampled 25 clients (out of 25)
[2024-06-22 16:34:46,084][flwr][INFO] - aggregate_fit: received 25 results and 0 failures
[2024-06-22 16:34:46,112][flwr][INFO] - fit progress: (9, tensor(0.3978, dtype=torch.float64), {'mae_loss, mse_loss': (0.4814170837402358, 0.3977807993259068)}, 100.3566287)
[2024-06-22 16:34:46,115][flwr][INFO] - configure_evaluate: strategy sampled 25 clients (out of 25)
[2024-06-22 16:34:46,651][flwr][INFO] - aggregate_evaluate: received 25 results and 0 failures
[2024-06-22 16:34:46,652][flwr][INFO] - 
[2024-06-22 16:34:46,653][flwr][INFO] - [ROUND 10]
[2024-06-22 16:34:46,654][flwr][INFO] - configure_fit: strategy sampled 25 clients (out of 25)
[2024-06-22 16:34:57,000][flwr][INFO] - aggregate_fit: received 25 results and 0 failures
[2024-06-22 16:34:57,026][flwr][INFO] - fit progress: (10, tensor(0.3608, dtype=torch.float64), {'mae_loss, mse_loss': (0.45547637939453267, 0.36084804723016173)}, 111.2697388)
[2024-06-22 16:34:57,027][flwr][INFO] - configure_evaluate: strategy sampled 25 clients (out of 25)
[2024-06-22 16:34:57,647][flwr][INFO] - aggregate_evaluate: received 25 results and 0 failures
[2024-06-22 16:34:57,648][flwr][INFO] - 
[2024-06-22 16:34:57,649][flwr][INFO] - [ROUND 11]
[2024-06-22 16:34:57,650][flwr][INFO] - configure_fit: strategy sampled 25 clients (out of 25)
[2024-06-22 16:35:08,289][flwr][INFO] - aggregate_fit: received 25 results and 0 failures
[2024-06-22 16:35:08,313][flwr][INFO] - fit progress: (11, tensor(0.3626, dtype=torch.float64), {'mae_loss, mse_loss': (0.43927993774414203, 0.3625941250674678)}, 122.55716849999999)
[2024-06-22 16:35:08,315][flwr][INFO] - configure_evaluate: strategy sampled 25 clients (out of 25)
[2024-06-22 16:35:08,867][flwr][INFO] - aggregate_evaluate: received 25 results and 0 failures
[2024-06-22 16:35:08,867][flwr][INFO] - 
[2024-06-22 16:35:08,868][flwr][INFO] - [ROUND 12]
[2024-06-22 16:35:08,869][flwr][INFO] - configure_fit: strategy sampled 25 clients (out of 25)
[2024-06-22 16:35:19,182][flwr][INFO] - aggregate_fit: received 25 results and 0 failures
[2024-06-22 16:35:19,206][flwr][INFO] - fit progress: (12, tensor(0.3272, dtype=torch.float64), {'mae_loss, mse_loss': (0.3841751098632827, 0.3272114838273282)}, 133.4508504)
[2024-06-22 16:35:19,209][flwr][INFO] - configure_evaluate: strategy sampled 25 clients (out of 25)
[2024-06-22 16:35:19,796][flwr][INFO] - aggregate_evaluate: received 25 results and 0 failures
[2024-06-22 16:35:19,797][flwr][INFO] - 
[2024-06-22 16:35:19,798][flwr][INFO] - [ROUND 13]
[2024-06-22 16:35:19,799][flwr][INFO] - configure_fit: strategy sampled 25 clients (out of 25)
[2024-06-22 16:35:29,968][flwr][INFO] - aggregate_fit: received 25 results and 0 failures
[2024-06-22 16:35:29,996][flwr][INFO] - fit progress: (13, tensor(0.3366, dtype=torch.float64), {'mae_loss, mse_loss': (0.3827278137207045, 0.3366191531162493)}, 144.2399757)
[2024-06-22 16:35:29,998][flwr][INFO] - configure_evaluate: strategy sampled 25 clients (out of 25)
[2024-06-22 16:35:30,579][flwr][INFO] - aggregate_evaluate: received 25 results and 0 failures
[2024-06-22 16:35:30,580][flwr][INFO] - 
[2024-06-22 16:35:30,581][flwr][INFO] - [ROUND 14]
[2024-06-22 16:35:30,582][flwr][INFO] - configure_fit: strategy sampled 25 clients (out of 25)
[2024-06-22 16:35:40,920][flwr][INFO] - aggregate_fit: received 25 results and 0 failures
[2024-06-22 16:35:40,945][flwr][INFO] - fit progress: (14, tensor(0.3062, dtype=torch.float64), {'mae_loss, mse_loss': (0.3646301269531264, 0.30619530184520566)}, 155.1889794)
[2024-06-22 16:35:40,947][flwr][INFO] - configure_evaluate: strategy sampled 25 clients (out of 25)
[2024-06-22 16:35:41,524][flwr][INFO] - aggregate_evaluate: received 25 results and 0 failures
[2024-06-22 16:35:41,525][flwr][INFO] - 
[2024-06-22 16:35:41,526][flwr][INFO] - [ROUND 15]
[2024-06-22 16:35:41,527][flwr][INFO] - configure_fit: strategy sampled 25 clients (out of 25)
[2024-06-22 16:35:51,971][flwr][INFO] - aggregate_fit: received 25 results and 0 failures
[2024-06-22 16:35:51,995][flwr][INFO] - fit progress: (15, tensor(0.3264, dtype=torch.float64), {'mae_loss, mse_loss': (0.40087142944336024, 0.3264249762069683)}, 166.2391567)
[2024-06-22 16:35:51,997][flwr][INFO] - configure_evaluate: strategy sampled 25 clients (out of 25)
[2024-06-22 16:35:52,533][flwr][INFO] - aggregate_evaluate: received 25 results and 0 failures
[2024-06-22 16:35:52,534][flwr][INFO] - 
[2024-06-22 16:35:52,534][flwr][INFO] - [ROUND 16]
[2024-06-22 16:35:52,534][flwr][INFO] - configure_fit: strategy sampled 25 clients (out of 25)
[2024-06-22 16:36:03,029][flwr][INFO] - aggregate_fit: received 25 results and 0 failures
[2024-06-22 16:36:03,054][flwr][INFO] - fit progress: (16, tensor(0.2766, dtype=torch.float64), {'mae_loss, mse_loss': (0.34626327514648525, 0.2766360562577626)}, 177.2984047)
[2024-06-22 16:36:03,056][flwr][INFO] - configure_evaluate: strategy sampled 25 clients (out of 25)
[2024-06-22 16:36:03,597][flwr][INFO] - aggregate_evaluate: received 25 results and 0 failures
[2024-06-22 16:36:03,598][flwr][INFO] - 
[2024-06-22 16:36:03,599][flwr][INFO] - [ROUND 17]
[2024-06-22 16:36:03,599][flwr][INFO] - configure_fit: strategy sampled 25 clients (out of 25)
[2024-06-22 16:36:13,928][flwr][INFO] - aggregate_fit: received 25 results and 0 failures
[2024-06-22 16:36:13,952][flwr][INFO] - fit progress: (17, tensor(0.2784, dtype=torch.float64), {'mae_loss, mse_loss': (0.3632386779785165, 0.2783792513659006)}, 188.1960573)
[2024-06-22 16:36:13,955][flwr][INFO] - configure_evaluate: strategy sampled 25 clients (out of 25)
[2024-06-22 16:36:14,493][flwr][INFO] - aggregate_evaluate: received 25 results and 0 failures
[2024-06-22 16:36:14,494][flwr][INFO] - 
[2024-06-22 16:36:14,494][flwr][INFO] - [ROUND 18]
[2024-06-22 16:36:14,495][flwr][INFO] - configure_fit: strategy sampled 25 clients (out of 25)
[2024-06-22 16:36:24,777][flwr][INFO] - aggregate_fit: received 25 results and 0 failures
[2024-06-22 16:36:24,801][flwr][INFO] - fit progress: (18, tensor(0.2554, dtype=torch.float64), {'mae_loss, mse_loss': (0.34308792114257897, 0.2553593392685303)}, 199.0456928)
[2024-06-22 16:36:24,803][flwr][INFO] - configure_evaluate: strategy sampled 25 clients (out of 25)
[2024-06-22 16:36:25,350][flwr][INFO] - aggregate_evaluate: received 25 results and 0 failures
[2024-06-22 16:36:25,351][flwr][INFO] - 
[2024-06-22 16:36:25,352][flwr][INFO] - [ROUND 19]
[2024-06-22 16:36:25,352][flwr][INFO] - configure_fit: strategy sampled 25 clients (out of 25)
[2024-06-22 16:36:36,254][flwr][INFO] - aggregate_fit: received 25 results and 0 failures
[2024-06-22 16:36:36,278][flwr][INFO] - fit progress: (19, tensor(0.2388, dtype=torch.float64), {'mae_loss, mse_loss': (0.331863555908204, 0.23878560918301944)}, 210.5225316)
[2024-06-22 16:36:36,280][flwr][INFO] - configure_evaluate: strategy sampled 25 clients (out of 25)
[2024-06-22 16:36:36,850][flwr][INFO] - aggregate_evaluate: received 25 results and 0 failures
[2024-06-22 16:36:36,851][flwr][INFO] - 
[2024-06-22 16:36:36,852][flwr][INFO] - [ROUND 20]
[2024-06-22 16:36:36,852][flwr][INFO] - configure_fit: strategy sampled 25 clients (out of 25)
[2024-06-22 16:36:48,241][flwr][INFO] - aggregate_fit: received 25 results and 0 failures
[2024-06-22 16:36:48,266][flwr][INFO] - fit progress: (20, tensor(0.2400, dtype=torch.float64), {'mae_loss, mse_loss': (0.34538818359375084, 0.2400366937576341)}, 222.5099732)
[2024-06-22 16:36:48,268][flwr][INFO] - configure_evaluate: strategy sampled 25 clients (out of 25)
[2024-06-22 16:36:48,830][flwr][INFO] - aggregate_evaluate: received 25 results and 0 failures
[2024-06-22 16:36:48,831][flwr][INFO] - 
[2024-06-22 16:36:48,831][flwr][INFO] - [ROUND 21]
[2024-06-22 16:36:48,832][flwr][INFO] - configure_fit: strategy sampled 25 clients (out of 25)
[2024-06-22 16:36:59,724][flwr][INFO] - aggregate_fit: received 25 results and 0 failures
[2024-06-22 16:36:59,756][flwr][INFO] - fit progress: (21, tensor(0.2203, dtype=torch.float64), {'mae_loss, mse_loss': (0.3298532104492196, 0.22025000908039644)}, 233.9998405)
[2024-06-22 16:36:59,758][flwr][INFO] - configure_evaluate: strategy sampled 25 clients (out of 25)
[2024-06-22 16:37:00,389][flwr][INFO] - aggregate_evaluate: received 25 results and 0 failures
[2024-06-22 16:37:00,390][flwr][INFO] - 
[2024-06-22 16:37:00,390][flwr][INFO] - [ROUND 22]
[2024-06-22 16:37:00,391][flwr][INFO] - configure_fit: strategy sampled 25 clients (out of 25)
[2024-06-22 16:37:10,761][flwr][INFO] - aggregate_fit: received 25 results and 0 failures
[2024-06-22 16:37:10,790][flwr][INFO] - fit progress: (22, tensor(0.1745, dtype=torch.float64), {'mae_loss, mse_loss': (0.262344512939454, 0.17449722164345557)}, 245.03356380000002)
[2024-06-22 16:37:10,792][flwr][INFO] - configure_evaluate: strategy sampled 25 clients (out of 25)
[2024-06-22 16:37:11,368][flwr][INFO] - aggregate_evaluate: received 25 results and 0 failures
[2024-06-22 16:37:11,368][flwr][INFO] - 
[2024-06-22 16:37:11,369][flwr][INFO] - [ROUND 23]
[2024-06-22 16:37:11,370][flwr][INFO] - configure_fit: strategy sampled 25 clients (out of 25)
[2024-06-22 16:37:21,779][flwr][INFO] - aggregate_fit: received 25 results and 0 failures
[2024-06-22 16:37:21,803][flwr][INFO] - fit progress: (23, tensor(0.1957, dtype=torch.float64), {'mae_loss, mse_loss': (0.31191040039062584, 0.1957214548133792)}, 256.0477877)
[2024-06-22 16:37:21,806][flwr][INFO] - configure_evaluate: strategy sampled 25 clients (out of 25)
[2024-06-22 16:37:22,349][flwr][INFO] - aggregate_evaluate: received 25 results and 0 failures
[2024-06-22 16:37:22,350][flwr][INFO] - 
[2024-06-22 16:37:22,350][flwr][INFO] - [ROUND 24]
[2024-06-22 16:37:22,351][flwr][INFO] - configure_fit: strategy sampled 25 clients (out of 25)
[2024-06-22 16:37:32,666][flwr][INFO] - aggregate_fit: received 25 results and 0 failures
[2024-06-22 16:37:32,692][flwr][INFO] - fit progress: (24, tensor(0.1684, dtype=torch.float64), {'mae_loss, mse_loss': (0.27602401733398524, 0.1684196259271132)}, 266.9357008)
[2024-06-22 16:37:32,694][flwr][INFO] - configure_evaluate: strategy sampled 25 clients (out of 25)
[2024-06-22 16:37:33,228][flwr][INFO] - aggregate_evaluate: received 25 results and 0 failures
[2024-06-22 16:37:33,229][flwr][INFO] - 
[2024-06-22 16:37:33,229][flwr][INFO] - [ROUND 25]
[2024-06-22 16:37:33,230][flwr][INFO] - configure_fit: strategy sampled 25 clients (out of 25)
[2024-06-22 16:37:43,040][flwr][INFO] - aggregate_fit: received 25 results and 0 failures
[2024-06-22 16:37:43,070][flwr][INFO] - fit progress: (25, tensor(0.1672, dtype=torch.float64), {'mae_loss, mse_loss': (0.2869104003906259, 0.16719387263152866)}, 277.3142409)
[2024-06-22 16:37:43,072][flwr][INFO] - configure_evaluate: strategy sampled 25 clients (out of 25)
[2024-06-22 16:37:43,604][flwr][INFO] - aggregate_evaluate: received 25 results and 0 failures
[2024-06-22 16:37:43,605][flwr][INFO] - 
[2024-06-22 16:37:43,606][flwr][INFO] - [ROUND 26]
[2024-06-22 16:37:43,606][flwr][INFO] - configure_fit: strategy sampled 25 clients (out of 25)
[2024-06-22 16:37:54,704][flwr][INFO] - aggregate_fit: received 25 results and 0 failures
[2024-06-22 16:37:54,730][flwr][INFO] - fit progress: (26, tensor(0.1566, dtype=torch.float64), {'mae_loss, mse_loss': (0.2780625915527352, 0.1565683036778366)}, 288.9748297)
[2024-06-22 16:37:54,732][flwr][INFO] - configure_evaluate: strategy sampled 25 clients (out of 25)
[2024-06-22 16:37:55,315][flwr][INFO] - aggregate_evaluate: received 25 results and 0 failures
[2024-06-22 16:37:55,316][flwr][INFO] - 
[2024-06-22 16:37:55,317][flwr][INFO] - [ROUND 27]
[2024-06-22 16:37:55,317][flwr][INFO] - configure_fit: strategy sampled 25 clients (out of 25)
[2024-06-22 16:38:05,919][flwr][INFO] - aggregate_fit: received 25 results and 0 failures
[2024-06-22 16:38:05,945][flwr][INFO] - fit progress: (27, tensor(0.1918, dtype=torch.float64), {'mae_loss, mse_loss': (0.344363555908204, 0.19180857567268078)}, 300.1894546)
[2024-06-22 16:38:05,947][flwr][INFO] - configure_evaluate: strategy sampled 25 clients (out of 25)
[2024-06-22 16:38:06,516][flwr][INFO] - aggregate_evaluate: received 25 results and 0 failures
[2024-06-22 16:38:06,517][flwr][INFO] - 
[2024-06-22 16:38:06,517][flwr][INFO] - [ROUND 28]
[2024-06-22 16:38:06,518][flwr][INFO] - configure_fit: strategy sampled 25 clients (out of 25)
[2024-06-22 16:38:17,239][flwr][INFO] - aggregate_fit: received 25 results and 0 failures
[2024-06-22 16:38:17,263][flwr][INFO] - fit progress: (28, tensor(0.1650, dtype=torch.float64), {'mae_loss, mse_loss': (0.30902648925781334, 0.16499964927998484)}, 311.5071862)
[2024-06-22 16:38:17,264][flwr][INFO] - configure_evaluate: strategy sampled 25 clients (out of 25)
[2024-06-22 16:38:17,893][flwr][INFO] - aggregate_evaluate: received 25 results and 0 failures
[2024-06-22 16:38:17,894][flwr][INFO] - 
[2024-06-22 16:38:17,894][flwr][INFO] - [ROUND 29]
[2024-06-22 16:38:17,894][flwr][INFO] - configure_fit: strategy sampled 25 clients (out of 25)
[2024-06-22 16:38:30,429][flwr][INFO] - aggregate_fit: received 25 results and 0 failures
[2024-06-22 16:38:30,451][flwr][INFO] - fit progress: (29, tensor(0.1690, dtype=torch.float64), {'mae_loss, mse_loss': (0.3215768432617196, 0.16895472589624225)}, 324.6956248)
[2024-06-22 16:38:30,453][flwr][INFO] - configure_evaluate: strategy sampled 25 clients (out of 25)
[2024-06-22 16:38:31,062][flwr][INFO] - aggregate_evaluate: received 25 results and 0 failures
[2024-06-22 16:38:31,063][flwr][INFO] - 
[2024-06-22 16:38:31,064][flwr][INFO] - [ROUND 30]
[2024-06-22 16:38:31,064][flwr][INFO] - configure_fit: strategy sampled 25 clients (out of 25)
[2024-06-22 16:38:42,381][flwr][INFO] - aggregate_fit: received 25 results and 0 failures
[2024-06-22 16:38:42,405][flwr][INFO] - fit progress: (30, tensor(0.1673, dtype=torch.float64), {'mae_loss, mse_loss': (0.324313507080079, 0.16729481601307747)}, 336.6494249)
[2024-06-22 16:38:42,408][flwr][INFO] - configure_evaluate: strategy sampled 25 clients (out of 25)
[2024-06-22 16:38:42,958][flwr][INFO] - aggregate_evaluate: received 25 results and 0 failures
[2024-06-22 16:38:42,959][flwr][INFO] - 
[2024-06-22 16:38:42,959][flwr][INFO] - [ROUND 31]
[2024-06-22 16:38:42,960][flwr][INFO] - configure_fit: strategy sampled 25 clients (out of 25)
[2024-06-22 16:38:53,478][flwr][INFO] - aggregate_fit: received 25 results and 0 failures
[2024-06-22 16:38:53,502][flwr][INFO] - fit progress: (31, tensor(0.1300, dtype=torch.float64), {'mae_loss, mse_loss': (0.2688577270507821, 0.1300268770868434)}, 347.7458938)
[2024-06-22 16:38:53,504][flwr][INFO] - configure_evaluate: strategy sampled 25 clients (out of 25)
[2024-06-22 16:38:54,034][flwr][INFO] - aggregate_evaluate: received 25 results and 0 failures
[2024-06-22 16:38:54,035][flwr][INFO] - 
[2024-06-22 16:38:54,036][flwr][INFO] - [ROUND 32]
[2024-06-22 16:38:54,037][flwr][INFO] - configure_fit: strategy sampled 25 clients (out of 25)
[2024-06-22 16:39:04,410][flwr][INFO] - aggregate_fit: received 25 results and 0 failures
[2024-06-22 16:39:04,433][flwr][INFO] - fit progress: (32, tensor(0.1014, dtype=torch.float64), {'mae_loss, mse_loss': (0.21813064575195398, 0.10138466405251619)}, 358.6771974)
[2024-06-22 16:39:04,435][flwr][INFO] - configure_evaluate: strategy sampled 25 clients (out of 25)
[2024-06-22 16:39:04,966][flwr][INFO] - aggregate_evaluate: received 25 results and 0 failures
[2024-06-22 16:39:04,967][flwr][INFO] - 
[2024-06-22 16:39:04,968][flwr][INFO] - [ROUND 33]
[2024-06-22 16:39:04,969][flwr][INFO] - configure_fit: strategy sampled 25 clients (out of 25)
[2024-06-22 16:39:15,429][flwr][INFO] - aggregate_fit: received 25 results and 0 failures
[2024-06-22 16:39:15,452][flwr][INFO] - fit progress: (33, tensor(0.0953, dtype=torch.float64), {'mae_loss, mse_loss': (0.2101052856445321, 0.09532755947997881)}, 369.6964771)
[2024-06-22 16:39:15,455][flwr][INFO] - configure_evaluate: strategy sampled 25 clients (out of 25)
[2024-06-22 16:39:16,074][flwr][INFO] - aggregate_evaluate: received 25 results and 0 failures
[2024-06-22 16:39:16,075][flwr][INFO] - 
[2024-06-22 16:39:16,075][flwr][INFO] - [ROUND 34]
[2024-06-22 16:39:16,076][flwr][INFO] - configure_fit: strategy sampled 25 clients (out of 25)
[2024-06-22 16:39:26,799][flwr][INFO] - aggregate_fit: received 25 results and 0 failures
[2024-06-22 16:39:26,827][flwr][INFO] - fit progress: (34, tensor(0.0941, dtype=torch.float64), {'mae_loss, mse_loss': (0.21270996093750086, 0.09409093886707062)}, 381.0710086)
[2024-06-22 16:39:26,828][flwr][INFO] - configure_evaluate: strategy sampled 25 clients (out of 25)
[2024-06-22 16:39:27,358][flwr][INFO] - aggregate_evaluate: received 25 results and 0 failures
[2024-06-22 16:39:27,359][flwr][INFO] - 
[2024-06-22 16:39:27,360][flwr][INFO] - [ROUND 35]
[2024-06-22 16:39:27,360][flwr][INFO] - configure_fit: strategy sampled 25 clients (out of 25)
[2024-06-22 16:39:38,103][flwr][INFO] - aggregate_fit: received 25 results and 0 failures
[2024-06-22 16:39:38,126][flwr][INFO] - fit progress: (35, tensor(0.0957, dtype=torch.float64), {'mae_loss, mse_loss': (0.2243356323242196, 0.09573988663125868)}, 392.3708566)
[2024-06-22 16:39:38,129][flwr][INFO] - configure_evaluate: strategy sampled 25 clients (out of 25)
[2024-06-22 16:39:38,695][flwr][INFO] - aggregate_evaluate: received 25 results and 0 failures
[2024-06-22 16:39:38,696][flwr][INFO] - 
[2024-06-22 16:39:38,697][flwr][INFO] - [ROUND 36]
[2024-06-22 16:39:38,697][flwr][INFO] - configure_fit: strategy sampled 25 clients (out of 25)
[2024-06-22 16:39:49,291][flwr][INFO] - aggregate_fit: received 25 results and 0 failures
[2024-06-22 16:39:49,315][flwr][INFO] - fit progress: (36, tensor(0.1080, dtype=torch.float64), {'mae_loss, mse_loss': (0.254959259033204, 0.10799056589056362)}, 403.5589501)
[2024-06-22 16:39:49,317][flwr][INFO] - configure_evaluate: strategy sampled 25 clients (out of 25)
[2024-06-22 16:39:49,885][flwr][INFO] - aggregate_evaluate: received 25 results and 0 failures
[2024-06-22 16:39:49,886][flwr][INFO] - 
[2024-06-22 16:39:49,887][flwr][INFO] - [ROUND 37]
[2024-06-22 16:39:49,888][flwr][INFO] - configure_fit: strategy sampled 25 clients (out of 25)
[2024-06-22 16:40:00,204][flwr][INFO] - aggregate_fit: received 25 results and 0 failures
[2024-06-22 16:40:00,228][flwr][INFO] - fit progress: (37, tensor(0.0744, dtype=torch.float64), {'mae_loss, mse_loss': (0.18344970703125085, 0.0744354437324226)}, 414.4720472)
[2024-06-22 16:40:00,230][flwr][INFO] - configure_evaluate: strategy sampled 25 clients (out of 25)
[2024-06-22 16:40:00,795][flwr][INFO] - aggregate_evaluate: received 25 results and 0 failures
[2024-06-22 16:40:00,796][flwr][INFO] - 
[2024-06-22 16:40:00,797][flwr][INFO] - [ROUND 38]
[2024-06-22 16:40:00,798][flwr][INFO] - configure_fit: strategy sampled 25 clients (out of 25)
[2024-06-22 16:40:12,127][flwr][INFO] - aggregate_fit: received 25 results and 0 failures
[2024-06-22 16:40:12,151][flwr][INFO] - fit progress: (38, tensor(0.0970, dtype=torch.float64), {'mae_loss, mse_loss': (0.24325195312500086, 0.09698693476477722)}, 426.3956119)
[2024-06-22 16:40:12,153][flwr][INFO] - configure_evaluate: strategy sampled 25 clients (out of 25)
[2024-06-22 16:40:12,712][flwr][INFO] - aggregate_evaluate: received 25 results and 0 failures
[2024-06-22 16:40:12,713][flwr][INFO] - 
[2024-06-22 16:40:12,713][flwr][INFO] - [ROUND 39]
[2024-06-22 16:40:12,714][flwr][INFO] - configure_fit: strategy sampled 25 clients (out of 25)
[2024-06-22 16:40:23,334][flwr][INFO] - aggregate_fit: received 25 results and 0 failures
[2024-06-22 16:40:23,359][flwr][INFO] - fit progress: (39, tensor(0.1059, dtype=torch.float64), {'mae_loss, mse_loss': (0.26445251464843833, 0.10590366027993237)}, 437.602968)
[2024-06-22 16:40:23,361][flwr][INFO] - configure_evaluate: strategy sampled 25 clients (out of 25)
[2024-06-22 16:40:23,968][flwr][INFO] - aggregate_evaluate: received 25 results and 0 failures
[2024-06-22 16:40:23,969][flwr][INFO] - 
[2024-06-22 16:40:23,970][flwr][INFO] - [ROUND 40]
[2024-06-22 16:40:23,971][flwr][INFO] - configure_fit: strategy sampled 25 clients (out of 25)
[2024-06-22 16:40:35,170][flwr][INFO] - aggregate_fit: received 25 results and 0 failures
[2024-06-22 16:40:35,196][flwr][INFO] - fit progress: (40, tensor(0.0928, dtype=torch.float64), {'mae_loss, mse_loss': (0.24348770141601647, 0.09281056150363375)}, 449.4395868)
[2024-06-22 16:40:35,197][flwr][INFO] - configure_evaluate: strategy sampled 25 clients (out of 25)
[2024-06-22 16:40:35,743][flwr][INFO] - aggregate_evaluate: received 25 results and 0 failures
[2024-06-22 16:40:35,744][flwr][INFO] - 
[2024-06-22 16:40:35,744][flwr][INFO] - [ROUND 41]
[2024-06-22 16:40:35,745][flwr][INFO] - configure_fit: strategy sampled 25 clients (out of 25)
[2024-06-22 16:40:47,029][flwr][INFO] - aggregate_fit: received 25 results and 0 failures
[2024-06-22 16:40:47,053][flwr][INFO] - fit progress: (41, tensor(0.0834, dtype=torch.float64), {'mae_loss, mse_loss': (0.2271554565429696, 0.08341938567208204)}, 461.2976533)
[2024-06-22 16:40:47,056][flwr][INFO] - configure_evaluate: strategy sampled 25 clients (out of 25)
[2024-06-22 16:40:47,649][flwr][INFO] - aggregate_evaluate: received 25 results and 0 failures
[2024-06-22 16:40:47,649][flwr][INFO] - 
[2024-06-22 16:40:47,650][flwr][INFO] - [ROUND 42]
[2024-06-22 16:40:47,650][flwr][INFO] - configure_fit: strategy sampled 25 clients (out of 25)
[2024-06-22 16:40:57,482][flwr][INFO] - aggregate_fit: received 25 results and 0 failures
[2024-06-22 16:40:57,506][flwr][INFO] - fit progress: (42, tensor(0.0721, dtype=torch.float64), {'mae_loss, mse_loss': (0.20549942016601647, 0.07207307285897042)}, 471.7500883)
[2024-06-22 16:40:57,508][flwr][INFO] - configure_evaluate: strategy sampled 25 clients (out of 25)
[2024-06-22 16:40:58,042][flwr][INFO] - aggregate_evaluate: received 25 results and 0 failures
[2024-06-22 16:40:58,043][flwr][INFO] - 
[2024-06-22 16:40:58,044][flwr][INFO] - [ROUND 43]
[2024-06-22 16:40:58,044][flwr][INFO] - configure_fit: strategy sampled 25 clients (out of 25)
[2024-06-22 16:41:07,987][flwr][INFO] - aggregate_fit: received 25 results and 0 failures
[2024-06-22 16:41:08,011][flwr][INFO] - fit progress: (43, tensor(0.0570, dtype=torch.float64), {'mae_loss, mse_loss': (0.1702645874023446, 0.05704850979358955)}, 482.2558994)
[2024-06-22 16:41:08,013][flwr][INFO] - configure_evaluate: strategy sampled 25 clients (out of 25)
[2024-06-22 16:41:08,568][flwr][INFO] - aggregate_evaluate: received 25 results and 0 failures
[2024-06-22 16:41:08,569][flwr][INFO] - 
[2024-06-22 16:41:08,570][flwr][INFO] - [ROUND 44]
[2024-06-22 16:41:08,571][flwr][INFO] - configure_fit: strategy sampled 25 clients (out of 25)
[2024-06-22 16:41:19,896][flwr][INFO] - aggregate_fit: received 25 results and 0 failures
[2024-06-22 16:41:19,921][flwr][INFO] - fit progress: (44, tensor(0.0770, dtype=torch.float64), {'mae_loss, mse_loss': (0.22440200805664148, 0.07695804873632808)}, 494.1644797)
[2024-06-22 16:41:19,923][flwr][INFO] - configure_evaluate: strategy sampled 25 clients (out of 25)
[2024-06-22 16:41:20,467][flwr][INFO] - aggregate_evaluate: received 25 results and 0 failures
[2024-06-22 16:41:20,468][flwr][INFO] - 
[2024-06-22 16:41:20,469][flwr][INFO] - [ROUND 45]
[2024-06-22 16:41:20,470][flwr][INFO] - configure_fit: strategy sampled 25 clients (out of 25)
[2024-06-22 16:41:30,821][flwr][INFO] - aggregate_fit: received 25 results and 0 failures
[2024-06-22 16:41:30,845][flwr][INFO] - fit progress: (45, tensor(0.0665, dtype=torch.float64), {'mae_loss, mse_loss': (0.20309616088867272, 0.06649421985761797)}, 505.0893928)
[2024-06-22 16:41:30,847][flwr][INFO] - configure_evaluate: strategy sampled 25 clients (out of 25)
[2024-06-22 16:41:31,393][flwr][INFO] - aggregate_evaluate: received 25 results and 0 failures
[2024-06-22 16:41:31,394][flwr][INFO] - 
[2024-06-22 16:41:31,396][flwr][INFO] - [ROUND 46]
[2024-06-22 16:41:31,396][flwr][INFO] - configure_fit: strategy sampled 25 clients (out of 25)
[2024-06-22 16:41:42,008][flwr][INFO] - aggregate_fit: received 25 results and 0 failures
[2024-06-22 16:41:42,034][flwr][INFO] - fit progress: (46, tensor(0.0746, dtype=torch.float64), {'mae_loss, mse_loss': (0.22534118652343835, 0.07455908613372667)}, 516.2786859)
[2024-06-22 16:41:42,037][flwr][INFO] - configure_evaluate: strategy sampled 25 clients (out of 25)
[2024-06-22 16:41:42,581][flwr][INFO] - aggregate_evaluate: received 25 results and 0 failures
[2024-06-22 16:41:42,582][flwr][INFO] - 
[2024-06-22 16:41:42,583][flwr][INFO] - [ROUND 47]
[2024-06-22 16:41:42,584][flwr][INFO] - configure_fit: strategy sampled 25 clients (out of 25)
[2024-06-22 16:41:53,037][flwr][INFO] - aggregate_fit: received 25 results and 0 failures
[2024-06-22 16:41:53,063][flwr][INFO] - fit progress: (47, tensor(0.0628, dtype=torch.float64), {'mae_loss, mse_loss': (0.20032592773437585, 0.06280758718587526)}, 527.3067504)
[2024-06-22 16:41:53,064][flwr][INFO] - configure_evaluate: strategy sampled 25 clients (out of 25)
[2024-06-22 16:41:53,683][flwr][INFO] - aggregate_evaluate: received 25 results and 0 failures
[2024-06-22 16:41:53,684][flwr][INFO] - 
[2024-06-22 16:41:53,684][flwr][INFO] - [ROUND 48]
[2024-06-22 16:41:53,685][flwr][INFO] - configure_fit: strategy sampled 25 clients (out of 25)
[2024-06-22 16:42:04,569][flwr][INFO] - aggregate_fit: received 25 results and 0 failures
[2024-06-22 16:42:04,595][flwr][INFO] - fit progress: (48, tensor(0.0647, dtype=torch.float64), {'mae_loss, mse_loss': (0.2085305786132821, 0.06474990178342045)}, 538.8391455000001)
[2024-06-22 16:42:04,597][flwr][INFO] - configure_evaluate: strategy sampled 25 clients (out of 25)
[2024-06-22 16:42:05,143][flwr][INFO] - aggregate_evaluate: received 25 results and 0 failures
[2024-06-22 16:42:05,144][flwr][INFO] - 
[2024-06-22 16:42:05,145][flwr][INFO] - [ROUND 49]
[2024-06-22 16:42:05,146][flwr][INFO] - configure_fit: strategy sampled 25 clients (out of 25)
[2024-06-22 16:42:15,474][flwr][INFO] - aggregate_fit: received 25 results and 0 failures
[2024-06-22 16:42:15,498][flwr][INFO] - fit progress: (49, tensor(0.0468, dtype=torch.float64), {'mae_loss, mse_loss': (0.16295486450195398, 0.046768869046704506)}, 549.7425598)
[2024-06-22 16:42:15,500][flwr][INFO] - configure_evaluate: strategy sampled 25 clients (out of 25)
[2024-06-22 16:42:16,058][flwr][INFO] - aggregate_evaluate: received 25 results and 0 failures
[2024-06-22 16:42:16,059][flwr][INFO] - 
[2024-06-22 16:42:16,059][flwr][INFO] - [ROUND 50]
[2024-06-22 16:42:16,060][flwr][INFO] - configure_fit: strategy sampled 25 clients (out of 25)
[2024-06-22 16:42:27,013][flwr][INFO] - aggregate_fit: received 25 results and 0 failures
[2024-06-22 16:42:27,043][flwr][INFO] - fit progress: (50, tensor(0.0469, dtype=torch.float64), {'mae_loss, mse_loss': (0.16777282714843836, 0.046906047733268355)}, 561.2867739999999)
[2024-06-22 16:42:27,044][flwr][INFO] - configure_evaluate: strategy sampled 25 clients (out of 25)
[2024-06-22 16:42:27,632][flwr][INFO] - aggregate_evaluate: received 25 results and 0 failures
[2024-06-22 16:42:27,633][flwr][INFO] - 
[2024-06-22 16:42:27,633][flwr][INFO] - [SUMMARY]
[2024-06-22 16:42:27,634][flwr][INFO] - Run finished 50 rounds in 561.88s
[2024-06-22 16:42:27,638][flwr][INFO] - History (loss, distributed):
[2024-06-22 16:42:27,639][flwr][INFO] - 	('\tround 1: 15.012123620236247\n'
[2024-06-22 16:42:27,640][flwr][INFO] - 	 '\tround 2: 3.151314955781851\n'
[2024-06-22 16:42:27,640][flwr][INFO] - 	 '\tround 3: 2.5539547032382197\n'
[2024-06-22 16:42:27,641][flwr][INFO] - 	 '\tround 4: 2.018494039107588\n'
[2024-06-22 16:42:27,642][flwr][INFO] - 	 '\tround 5: 1.5790062816463128\n'
[2024-06-22 16:42:27,642][flwr][INFO] - 	 '\tround 6: 1.3136153286089904\n'
[2024-06-22 16:42:27,643][flwr][INFO] - 	 '\tround 7: 1.1699567910277868\n'
[2024-06-22 16:42:27,644][flwr][INFO] - 	 '\tround 8: 0.9743649943079248\n'
[2024-06-22 16:42:27,644][flwr][INFO] - 	 '\tround 9: 0.8833008130034317\n'
[2024-06-22 16:42:27,644][flwr][INFO] - 	 '\tround 10: 0.7801003606836425\n'
[2024-06-22 16:42:27,645][flwr][INFO] - 	 '\tround 11: 0.6912521598188457\n'
[2024-06-22 16:42:27,645][flwr][INFO] - 	 '\tround 12: 0.616882332501163\n'
[2024-06-22 16:42:27,646][flwr][INFO] - 	 '\tround 13: 0.5933182091718257\n'
[2024-06-22 16:42:27,646][flwr][INFO] - 	 '\tround 14: 0.5499858149254276\n'
[2024-06-22 16:42:27,646][flwr][INFO] - 	 '\tround 15: 0.5444091977280582\n'
[2024-06-22 16:42:27,647][flwr][INFO] - 	 '\tround 16: 0.5059815142880574\n'
[2024-06-22 16:42:27,647][flwr][INFO] - 	 '\tround 17: 0.49101248342565285\n'
[2024-06-22 16:42:27,647][flwr][INFO] - 	 '\tround 18: 0.46817351303785265\n'
[2024-06-22 16:42:27,648][flwr][INFO] - 	 '\tround 19: 0.44684595403022487\n'
[2024-06-22 16:42:27,648][flwr][INFO] - 	 '\tround 20: 0.4374261979135801\n'
[2024-06-22 16:42:27,648][flwr][INFO] - 	 '\tround 21: 0.4165627089002685\n'
[2024-06-22 16:42:27,649][flwr][INFO] - 	 '\tround 22: 0.39425132252238504\n'
[2024-06-22 16:42:27,649][flwr][INFO] - 	 '\tround 23: 0.39330170941102205\n'
[2024-06-22 16:42:27,650][flwr][INFO] - 	 '\tround 24: 0.375169552178536\n'
[2024-06-22 16:42:27,650][flwr][INFO] - 	 '\tround 25: 0.36696788899259736\n'
[2024-06-22 16:42:27,650][flwr][INFO] - 	 '\tround 26: 0.3547445545415375\n'
[2024-06-22 16:42:27,651][flwr][INFO] - 	 '\tround 27: 0.36090472778167537\n'
[2024-06-22 16:42:27,651][flwr][INFO] - 	 '\tround 28: 0.345480961577995\n'
[2024-06-22 16:42:27,651][flwr][INFO] - 	 '\tround 29: 0.344065784137794\n'
[2024-06-22 16:42:27,652][flwr][INFO] - 	 '\tround 30: 0.3404921615905942\n'
[2024-06-22 16:42:27,652][flwr][INFO] - 	 '\tround 31: 0.3207751935459622\n'
[2024-06-22 16:42:27,652][flwr][INFO] - 	 '\tround 32: 0.31031553959471464\n'
[2024-06-22 16:42:27,653][flwr][INFO] - 	 '\tround 33: 0.304964843619796\n'
[2024-06-22 16:42:27,655][flwr][INFO] - 	 '\tround 34: 0.29885835016768114\n'
[2024-06-22 16:42:27,655][flwr][INFO] - 	 '\tround 35: 0.29351457041195805\n'
[2024-06-22 16:42:27,656][flwr][INFO] - 	 '\tround 36: 0.2953615891804867\n'
[2024-06-22 16:42:27,657][flwr][INFO] - 	 '\tround 37: 0.2828364172378969\n'
[2024-06-22 16:42:27,657][flwr][INFO] - 	 '\tround 38: 0.2853811095395074\n'
[2024-06-22 16:42:27,658][flwr][INFO] - 	 '\tround 39: 0.28715769722891255\n'
[2024-06-22 16:42:27,659][flwr][INFO] - 	 '\tround 40: 0.280598480187032\n'
[2024-06-22 16:42:27,659][flwr][INFO] - 	 '\tround 41: 0.2719591824861325\n'
[2024-06-22 16:42:27,660][flwr][INFO] - 	 '\tround 42: 0.2652341874295063\n'
[2024-06-22 16:42:27,660][flwr][INFO] - 	 '\tround 43: 0.2586318549424923\n'
[2024-06-22 16:42:27,661][flwr][INFO] - 	 '\tround 44: 0.26300953690832907\n'
[2024-06-22 16:42:27,662][flwr][INFO] - 	 '\tround 45: 0.2565880545309427\n'
[2024-06-22 16:42:27,662][flwr][INFO] - 	 '\tround 46: 0.2584232179759884\n'
[2024-06-22 16:42:27,663][flwr][INFO] - 	 '\tround 47: 0.2510954200845259\n'
[2024-06-22 16:42:27,663][flwr][INFO] - 	 '\tround 48: 0.2513547307415748\n'
[2024-06-22 16:42:27,664][flwr][INFO] - 	 '\tround 49: 0.24165637692640948\n'
[2024-06-22 16:42:27,664][flwr][INFO] - 	 '\tround 50: 0.2382325156990287\n')History (loss, centralized):
[2024-06-22 16:42:27,665][flwr][INFO] - 	('\tround 0: 482.1505181025702\n'
[2024-06-22 16:42:27,665][flwr][INFO] - 	 '\tround 1: 5.475543966882746\n'
[2024-06-22 16:42:27,666][flwr][INFO] - 	 '\tround 2: 0.6561111482445872\n'
[2024-06-22 16:42:27,666][flwr][INFO] - 	 '\tround 3: 0.7315374787236824\n'
[2024-06-22 16:42:27,666][flwr][INFO] - 	 '\tround 4: 0.6182937838344393\n'
[2024-06-22 16:42:27,667][flwr][INFO] - 	 '\tround 5: 0.5004822302159178\n'
[2024-06-22 16:42:27,667][flwr][INFO] - 	 '\tround 6: 0.4215643626833355\n'
[2024-06-22 16:42:27,667][flwr][INFO] - 	 '\tround 7: 0.48943738042295665\n'
[2024-06-22 16:42:27,668][flwr][INFO] - 	 '\tround 8: 0.3740806203938574\n'
[2024-06-22 16:42:27,668][flwr][INFO] - 	 '\tround 9: 0.3977807993259068\n'
[2024-06-22 16:42:27,669][flwr][INFO] - 	 '\tround 10: 0.36084804723016173\n'
[2024-06-22 16:42:27,669][flwr][INFO] - 	 '\tround 11: 0.3625941250674678\n'
[2024-06-22 16:42:27,669][flwr][INFO] - 	 '\tround 12: 0.3272114838273282\n'
[2024-06-22 16:42:27,670][flwr][INFO] - 	 '\tround 13: 0.3366191531162493\n'
[2024-06-22 16:42:27,670][flwr][INFO] - 	 '\tround 14: 0.30619530184520566\n'
[2024-06-22 16:42:27,671][flwr][INFO] - 	 '\tround 15: 0.3264249762069683\n'
[2024-06-22 16:42:27,672][flwr][INFO] - 	 '\tround 16: 0.2766360562577626\n'
[2024-06-22 16:42:27,672][flwr][INFO] - 	 '\tround 17: 0.2783792513659006\n'
[2024-06-22 16:42:27,673][flwr][INFO] - 	 '\tround 18: 0.2553593392685303\n'
[2024-06-22 16:42:27,673][flwr][INFO] - 	 '\tround 19: 0.23878560918301944\n'
[2024-06-22 16:42:27,674][flwr][INFO] - 	 '\tround 20: 0.2400366937576341\n'
[2024-06-22 16:42:27,674][flwr][INFO] - 	 '\tround 21: 0.2202500090803964\n'
[2024-06-22 16:42:27,674][flwr][INFO] - 	 '\tround 22: 0.17449722164345557\n'
[2024-06-22 16:42:27,675][flwr][INFO] - 	 '\tround 23: 0.1957214548133792\n'
[2024-06-22 16:42:27,675][flwr][INFO] - 	 '\tround 24: 0.1684196259271132\n'
[2024-06-22 16:42:27,676][flwr][INFO] - 	 '\tround 25: 0.16719387263152866\n'
[2024-06-22 16:42:27,676][flwr][INFO] - 	 '\tround 26: 0.1565683036778366\n'
[2024-06-22 16:42:27,676][flwr][INFO] - 	 '\tround 27: 0.19180857567268078\n'
[2024-06-22 16:42:27,677][flwr][INFO] - 	 '\tround 28: 0.16499964927998484\n'
[2024-06-22 16:42:27,677][flwr][INFO] - 	 '\tround 29: 0.16895472589624225\n'
[2024-06-22 16:42:27,678][flwr][INFO] - 	 '\tround 30: 0.16729481601307747\n'
[2024-06-22 16:42:27,678][flwr][INFO] - 	 '\tround 31: 0.1300268770868434\n'
[2024-06-22 16:42:27,678][flwr][INFO] - 	 '\tround 32: 0.10138466405251619\n'
[2024-06-22 16:42:27,679][flwr][INFO] - 	 '\tround 33: 0.09532755947997881\n'
[2024-06-22 16:42:27,679][flwr][INFO] - 	 '\tround 34: 0.09409093886707062\n'
[2024-06-22 16:42:27,679][flwr][INFO] - 	 '\tround 35: 0.09573988663125868\n'
[2024-06-22 16:42:27,680][flwr][INFO] - 	 '\tround 36: 0.10799056589056362\n'
[2024-06-22 16:42:27,680][flwr][INFO] - 	 '\tround 37: 0.0744354437324226\n'
[2024-06-22 16:42:27,680][flwr][INFO] - 	 '\tround 38: 0.09698693476477722\n'
[2024-06-22 16:42:27,681][flwr][INFO] - 	 '\tround 39: 0.1059036602799324\n'
[2024-06-22 16:42:27,681][flwr][INFO] - 	 '\tround 40: 0.09281056150363375\n'
[2024-06-22 16:42:27,682][flwr][INFO] - 	 '\tround 41: 0.08341938567208204\n'
[2024-06-22 16:42:27,682][flwr][INFO] - 	 '\tround 42: 0.07207307285897042\n'
[2024-06-22 16:42:27,683][flwr][INFO] - 	 '\tround 43: 0.05704850979358955\n'
[2024-06-22 16:42:27,683][flwr][INFO] - 	 '\tround 44: 0.07695804873632808\n'
[2024-06-22 16:42:27,684][flwr][INFO] - 	 '\tround 45: 0.06649421985761797\n'
[2024-06-22 16:42:27,684][flwr][INFO] - 	 '\tround 46: 0.07455908613372667\n'
[2024-06-22 16:42:27,684][flwr][INFO] - 	 '\tround 47: 0.06280758718587526\n'
[2024-06-22 16:42:27,685][flwr][INFO] - 	 '\tround 48: 0.06474990178342045\n'
[2024-06-22 16:42:27,685][flwr][INFO] - 	 '\tround 49: 0.046768869046704506\n'
[2024-06-22 16:42:27,686][flwr][INFO] - 	 '\tround 50: 0.046906047733268355\n')History (metrics, centralized):
[2024-06-22 16:42:27,686][flwr][INFO] - 	{'mae_loss, mse_loss': [(0, (21.91585517883301, 482.1505181025702)),
[2024-06-22 16:42:27,687][flwr][INFO] - 	                        (1, (2.010514373779297, 5.4755439668827455)),
[2024-06-22 16:42:27,687][flwr][INFO] - 	                        (2, (0.692801055908204, 0.6561111482445872)),
[2024-06-22 16:42:27,688][flwr][INFO] - 	                        (3, (0.6437370300292983, 0.7315374787236824)),
[2024-06-22 16:42:27,689][flwr][INFO] - 	                        (4, (0.6043762207031265, 0.6182937838344393)),
[2024-06-22 16:42:27,690][flwr][INFO] - 	                        (5, (0.531125640869142, 0.5004822302159178)),
[2024-06-22 16:42:27,690][flwr][INFO] - 	                        (6, (0.48243408203125143, 0.4215643626833355)),
[2024-06-22 16:42:27,691][flwr][INFO] - 	                        (7, (0.548795318603517, 0.48943738042295665)),
[2024-06-22 16:42:27,691][flwr][INFO] - 	                        (8, (0.46862487792968893, 0.3740806203938574)),
[2024-06-22 16:42:27,692][flwr][INFO] - 	                        (9, (0.4814170837402358, 0.3977807993259068)),
[2024-06-22 16:42:27,692][flwr][INFO] - 	                        (10, (0.45547637939453267, 0.36084804723016173)),
[2024-06-22 16:42:27,693][flwr][INFO] - 	                        (11, (0.43927993774414203, 0.3625941250674678)),
[2024-06-22 16:42:27,693][flwr][INFO] - 	                        (12, (0.3841751098632827, 0.3272114838273282)),
[2024-06-22 16:42:27,694][flwr][INFO] - 	                        (13, (0.3827278137207045, 0.3366191531162493)),
[2024-06-22 16:42:27,694][flwr][INFO] - 	                        (14, (0.3646301269531264, 0.30619530184520566)),
[2024-06-22 16:42:27,694][flwr][INFO] - 	                        (15, (0.40087142944336024, 0.3264249762069683)),
[2024-06-22 16:42:27,695][flwr][INFO] - 	                        (16, (0.34626327514648525, 0.2766360562577626)),
[2024-06-22 16:42:27,695][flwr][INFO] - 	                        (17, (0.3632386779785165, 0.2783792513659006)),
[2024-06-22 16:42:27,696][flwr][INFO] - 	                        (18, (0.34308792114257897, 0.2553593392685303)),
[2024-06-22 16:42:27,696][flwr][INFO] - 	                        (19, (0.331863555908204, 0.23878560918301944)),
[2024-06-22 16:42:27,696][flwr][INFO] - 	                        (20, (0.34538818359375084, 0.2400366937576341)),
[2024-06-22 16:42:27,697][flwr][INFO] - 	                        (21, (0.3298532104492196, 0.22025000908039644)),
[2024-06-22 16:42:27,697][flwr][INFO] - 	                        (22, (0.262344512939454, 0.17449722164345557)),
[2024-06-22 16:42:27,697][flwr][INFO] - 	                        (23, (0.31191040039062584, 0.1957214548133792)),
[2024-06-22 16:42:27,698][flwr][INFO] - 	                        (24, (0.27602401733398524, 0.1684196259271132)),
[2024-06-22 16:42:27,698][flwr][INFO] - 	                        (25, (0.2869104003906259, 0.16719387263152866)),
[2024-06-22 16:42:27,698][flwr][INFO] - 	                        (26, (0.2780625915527352, 0.1565683036778366)),
[2024-06-22 16:42:27,699][flwr][INFO] - 	                        (27, (0.344363555908204, 0.19180857567268078)),
[2024-06-22 16:42:27,699][flwr][INFO] - 	                        (28, (0.30902648925781334, 0.16499964927998484)),
[2024-06-22 16:42:27,700][flwr][INFO] - 	                        (29, (0.3215768432617196, 0.16895472589624225)),
[2024-06-22 16:42:27,700][flwr][INFO] - 	                        (30, (0.324313507080079, 0.16729481601307747)),
[2024-06-22 16:42:27,700][flwr][INFO] - 	                        (31, (0.2688577270507821, 0.1300268770868434)),
[2024-06-22 16:42:27,701][flwr][INFO] - 	                        (32, (0.21813064575195398, 0.10138466405251619)),
[2024-06-22 16:42:27,702][flwr][INFO] - 	                        (33, (0.2101052856445321, 0.09532755947997881)),
[2024-06-22 16:42:27,702][flwr][INFO] - 	                        (34, (0.21270996093750086, 0.09409093886707062)),
[2024-06-22 16:42:27,702][flwr][INFO] - 	                        (35, (0.2243356323242196, 0.09573988663125868)),
[2024-06-22 16:42:27,703][flwr][INFO] - 	                        (36, (0.254959259033204, 0.10799056589056362)),
[2024-06-22 16:42:27,704][flwr][INFO] - 	                        (37, (0.18344970703125085, 0.0744354437324226)),
[2024-06-22 16:42:27,704][flwr][INFO] - 	                        (38, (0.24325195312500086, 0.09698693476477722)),
[2024-06-22 16:42:27,705][flwr][INFO] - 	                        (39, (0.26445251464843833, 0.10590366027993237)),
[2024-06-22 16:42:27,706][flwr][INFO] - 	                        (40, (0.24348770141601647, 0.09281056150363375)),
[2024-06-22 16:42:27,706][flwr][INFO] - 	                        (41, (0.2271554565429696, 0.08341938567208204)),
[2024-06-22 16:42:27,707][flwr][INFO] - 	                        (42, (0.20549942016601647, 0.07207307285897042)),
[2024-06-22 16:42:27,707][flwr][INFO] - 	                        (43, (0.1702645874023446, 0.05704850979358955)),
[2024-06-22 16:42:27,708][flwr][INFO] - 	                        (44, (0.22440200805664148, 0.07695804873632808)),
[2024-06-22 16:42:27,708][flwr][INFO] - 	                        (45, (0.20309616088867272, 0.06649421985761797)),
[2024-06-22 16:42:27,709][flwr][INFO] - 	                        (46, (0.22534118652343835, 0.07455908613372667)),
[2024-06-22 16:42:27,709][flwr][INFO] - 	                        (47, (0.20032592773437585, 0.06280758718587526)),
[2024-06-22 16:42:27,710][flwr][INFO] - 	                        (48, (0.2085305786132821, 0.06474990178342045)),
[2024-06-22 16:42:27,710][flwr][INFO] - 	                        (49, (0.16295486450195398, 0.046768869046704506)),
[2024-06-22 16:42:27,711][flwr][INFO] - 	                        (50, (0.16777282714843836, 0.046906047733268355))]}
[2024-06-22 16:42:27,711][flwr][INFO] - 
