[2024-05-18 00:10:45,955][flwr][INFO] - Starting Flower simulation, config: num_rounds=2, no round_timeout
[2024-05-18 00:10:51,016][flwr][INFO] - Flower VCE: Ray initialized with resources: {'memory': 11778723840.0, 'node:127.0.0.1': 1.0, 'object_store_memory': 5889361920.0, 'node:__internal_head__': 1.0, 'CPU': 8.0}
[2024-05-18 00:10:51,017][flwr][INFO] - Optimize your simulation with Flower VCE: https://flower.ai/docs/framework/how-to-run-simulations.html
[2024-05-18 00:10:51,018][flwr][INFO] - No `client_resources` specified. Using minimal resources for clients.
[2024-05-18 00:10:51,019][flwr][INFO] - Flower VCE: Resources for each Virtual Client: {'num_cpus': 1, 'num_gpus': 0.0}
[2024-05-18 00:10:51,031][flwr][INFO] - Flower VCE: Creating VirtualClientEngineActorPool with 8 actors
[2024-05-18 00:10:51,033][flwr][INFO] - [INIT]
[2024-05-18 00:10:51,034][flwr][ERROR] - Missing key initialize_parameters
    full_key: strategy.initialize_parameters
    object_type=dict
[2024-05-18 00:10:51,037][flwr][ERROR] - Traceback (most recent call last):
  File "C:\Users\jyaka\anaconda3\envs\flower\lib\site-packages\flwr\simulation\app.py", line 308, in start_simulation
    hist = run_fl(
  File "C:\Users\jyaka\anaconda3\envs\flower\lib\site-packages\flwr\server\server.py", line 483, in run_fl
    hist, elapsed_time = server.fit(
  File "C:\Users\jyaka\anaconda3\envs\flower\lib\site-packages\flwr\server\server.py", line 93, in fit
    self.parameters = self._get_initial_parameters(server_round=0, timeout=timeout)
  File "C:\Users\jyaka\anaconda3\envs\flower\lib\site-packages\flwr\server\server.py", line 271, in _get_initial_parameters
    parameters: Optional[Parameters] = self.strategy.initialize_parameters(
  File "C:\Users\jyaka\anaconda3\envs\flower\lib\site-packages\omegaconf\dictconfig.py", line 355, in __getattr__
    self._format_and_raise(
  File "C:\Users\jyaka\anaconda3\envs\flower\lib\site-packages\omegaconf\base.py", line 231, in _format_and_raise
    format_and_raise(
  File "C:\Users\jyaka\anaconda3\envs\flower\lib\site-packages\omegaconf\_utils.py", line 899, in format_and_raise
    _raise(ex, cause)
  File "C:\Users\jyaka\anaconda3\envs\flower\lib\site-packages\omegaconf\_utils.py", line 797, in _raise
    raise ex.with_traceback(sys.exc_info()[2])  # set env var OC_CAUSE=1 for full trace
  File "C:\Users\jyaka\anaconda3\envs\flower\lib\site-packages\omegaconf\dictconfig.py", line 351, in __getattr__
    return self._get_impl(
  File "C:\Users\jyaka\anaconda3\envs\flower\lib\site-packages\omegaconf\dictconfig.py", line 442, in _get_impl
    node = self._get_child(
  File "C:\Users\jyaka\anaconda3\envs\flower\lib\site-packages\omegaconf\basecontainer.py", line 73, in _get_child
    child = self._get_node(
  File "C:\Users\jyaka\anaconda3\envs\flower\lib\site-packages\omegaconf\dictconfig.py", line 480, in _get_node
    raise ConfigKeyError(f"Missing key {key!s}")
omegaconf.errors.ConfigAttributeError: Missing key initialize_parameters
    full_key: strategy.initialize_parameters
    object_type=dict

[2024-05-18 00:10:51,045][flwr][ERROR] - Your simulation crashed :(. This could be because of several reasons. The most common are: 
	 > Sometimes, issues in the simulation code itself can cause crashes. It's always a good idea to double-check your code for any potential bugs or inconsistencies that might be contributing to the problem. For example: 
		 - You might be using a class attribute in your clients that hasn't been defined.
		 - There could be an incorrect method call to a 3rd party library (e.g., PyTorch).
		 - The return types of methods in your clients/strategies might be incorrect.
	 > Your system couldn't fit a single VirtualClient: try lowering `client_resources`.
	 > All the actors in your pool crashed. This could be because: 
		 - You clients hit an out-of-memory (OOM) error and actors couldn't recover from it. Try launching your simulation with more generous `client_resources` setting (i.e. it seems {'num_cpus': 1, 'num_gpus': 0.0} is not enough for your run). Use fewer concurrent actors. 
		 - You were running a multi-node simulation and all worker nodes disconnected. The head node might still be alive but cannot accommodate any actor with resources: {'num_cpus': 1, 'num_gpus': 0.0}.
Take a look at the Flower simulation examples for guidance <https://flower.ai/docs/framework/how-to-run-simulations.html>.
