[2024-06-02 11:20:27,022][flwr][INFO] - Starting Flower simulation, config: num_rounds=50, no round_timeout
[2024-06-02 11:20:32,739][flwr][INFO] - Flower VCE: Ray initialized with resources: {'CPU': 8.0, 'node:__internal_head__': 1.0, 'memory': 6652612608.0, 'object_store_memory': 3326306304.0, 'node:127.0.0.1': 1.0}
[2024-06-02 11:20:32,740][flwr][INFO] - Optimize your simulation with Flower VCE: https://flower.ai/docs/framework/how-to-run-simulations.html
[2024-06-02 11:20:32,741][flwr][INFO] - Flower VCE: Resources for each Virtual Client: {'num_cpus': 2, 'num_gpus': 0.0}
[2024-06-02 11:20:32,750][flwr][INFO] - Flower VCE: Creating VirtualClientEngineActorPool with 4 actors
[2024-06-02 11:20:32,751][flwr][INFO] - [INIT]
[2024-06-02 11:20:32,753][flwr][INFO] - Requesting initial parameters from one random client
[2024-06-02 11:20:37,257][flwr][INFO] - Received initial parameters from one random client
[2024-06-02 11:20:37,258][flwr][INFO] - Evaluating initial global parameters
[2024-06-02 11:20:37,266][flwr][INFO] - initial parameters (loss, other metrics): tensor(4823.2581, dtype=torch.float64), {'mae_loss, mse_loss': (69.43144508361817, 4823.258051881311)}
[2024-06-02 11:20:37,268][flwr][INFO] - 
[2024-06-02 11:20:37,268][flwr][INFO] - [ROUND 1]
[2024-06-02 11:20:37,269][flwr][INFO] - configure_fit: strategy sampled 25 clients (out of 25)
[2024-06-02 11:21:34,820][flwr][INFO] - aggregate_fit: received 25 results and 0 failures
[2024-06-02 11:21:34,840][flwr][WARNING] - No fit_metrics_aggregation_fn provided
[2024-06-02 11:21:34,844][flwr][INFO] - fit progress: (1, tensor(225.7502, dtype=torch.float64), {'mae_loss, mse_loss': (14.854611816406248, 225.7502256606214)}, 57.5767692)
[2024-06-02 11:21:34,847][flwr][INFO] - configure_evaluate: strategy sampled 25 clients (out of 25)
[2024-06-02 11:22:18,979][flwr][INFO] - aggregate_evaluate: received 25 results and 0 failures
[2024-06-02 11:22:18,980][flwr][WARNING] - No evaluate_metrics_aggregation_fn provided
[2024-06-02 11:22:18,981][flwr][INFO] - 
[2024-06-02 11:22:18,981][flwr][INFO] - [ROUND 2]
[2024-06-02 11:22:18,982][flwr][INFO] - configure_fit: strategy sampled 25 clients (out of 25)
[2024-06-02 11:23:15,356][flwr][INFO] - aggregate_fit: received 25 results and 0 failures
[2024-06-02 11:23:15,379][flwr][INFO] - fit progress: (2, tensor(4.5916, dtype=torch.float64), {'mae_loss, mse_loss': (1.8446604919433596, 4.591635576446191)}, 158.1117337)
[2024-06-02 11:23:15,381][flwr][INFO] - configure_evaluate: strategy sampled 25 clients (out of 25)
[2024-06-02 11:24:01,116][flwr][INFO] - aggregate_evaluate: received 25 results and 0 failures
[2024-06-02 11:24:01,117][flwr][INFO] - 
[2024-06-02 11:24:01,118][flwr][INFO] - [ROUND 3]
[2024-06-02 11:24:01,119][flwr][INFO] - configure_fit: strategy sampled 25 clients (out of 25)
[2024-06-02 11:24:55,506][flwr][INFO] - aggregate_fit: received 25 results and 0 failures
[2024-06-02 11:24:55,532][flwr][INFO] - fit progress: (3, tensor(269.1661, dtype=torch.float64), {'mae_loss, mse_loss': (16.251249542236327, 269.16610038762127)}, 258.2646224)
[2024-06-02 11:24:55,535][flwr][INFO] - configure_evaluate: strategy sampled 25 clients (out of 25)
[2024-06-02 11:25:40,895][flwr][INFO] - aggregate_evaluate: received 25 results and 0 failures
[2024-06-02 11:25:40,896][flwr][INFO] - 
[2024-06-02 11:25:40,897][flwr][INFO] - [ROUND 4]
[2024-06-02 11:25:40,898][flwr][INFO] - configure_fit: strategy sampled 25 clients (out of 25)
[2024-06-02 11:26:31,710][flwr][INFO] - aggregate_fit: received 25 results and 0 failures
[2024-06-02 11:26:31,735][flwr][INFO] - fit progress: (4, tensor(4.6286, dtype=torch.float64), {'mae_loss, mse_loss': (1.9855891418457035, 4.628635045425385)}, 354.467822)
[2024-06-02 11:26:31,737][flwr][INFO] - configure_evaluate: strategy sampled 25 clients (out of 25)
[2024-06-02 11:27:17,083][flwr][INFO] - aggregate_evaluate: received 25 results and 0 failures
[2024-06-02 11:27:17,084][flwr][INFO] - 
[2024-06-02 11:27:17,084][flwr][INFO] - [ROUND 5]
[2024-06-02 11:27:17,085][flwr][INFO] - configure_fit: strategy sampled 25 clients (out of 25)
[2024-06-02 11:28:07,673][flwr][INFO] - aggregate_fit: received 25 results and 0 failures
[2024-06-02 11:28:07,698][flwr][INFO] - fit progress: (5, tensor(212.5089, dtype=torch.float64), {'mae_loss, mse_loss': (14.40887512207031, 212.50893765994087)}, 450.4307022)
[2024-06-02 11:28:07,700][flwr][INFO] - configure_evaluate: strategy sampled 25 clients (out of 25)
[2024-06-02 11:28:52,822][flwr][INFO] - aggregate_evaluate: received 25 results and 0 failures
[2024-06-02 11:28:52,823][flwr][INFO] - 
[2024-06-02 11:28:52,823][flwr][INFO] - [ROUND 6]
[2024-06-02 11:28:52,824][flwr][INFO] - configure_fit: strategy sampled 25 clients (out of 25)
[2024-06-02 11:29:43,283][flwr][INFO] - aggregate_fit: received 25 results and 0 failures
[2024-06-02 11:29:43,313][flwr][INFO] - fit progress: (6, tensor(4.6162, dtype=torch.float64), {'mae_loss, mse_loss': (1.9185038757324222, 4.6162305656276885)}, 546.0457323999999)
[2024-06-02 11:29:43,315][flwr][INFO] - configure_evaluate: strategy sampled 25 clients (out of 25)
[2024-06-02 11:30:29,060][flwr][INFO] - aggregate_evaluate: received 25 results and 0 failures
[2024-06-02 11:30:29,061][flwr][INFO] - 
[2024-06-02 11:30:29,061][flwr][INFO] - [ROUND 7]
[2024-06-02 11:30:29,062][flwr][INFO] - configure_fit: strategy sampled 25 clients (out of 25)
[2024-06-02 11:31:21,057][flwr][INFO] - aggregate_fit: received 25 results and 0 failures
[2024-06-02 11:31:21,087][flwr][INFO] - fit progress: (7, tensor(201.7283, dtype=torch.float64), {'mae_loss, mse_loss': (14.033167877197263, 201.72826771720923)}, 643.8190778)
[2024-06-02 11:31:21,089][flwr][INFO] - configure_evaluate: strategy sampled 25 clients (out of 25)
[2024-06-02 11:32:06,897][flwr][INFO] - aggregate_evaluate: received 25 results and 0 failures
[2024-06-02 11:32:06,898][flwr][INFO] - 
[2024-06-02 11:32:06,899][flwr][INFO] - [ROUND 8]
[2024-06-02 11:32:06,899][flwr][INFO] - configure_fit: strategy sampled 25 clients (out of 25)
[2024-06-02 11:32:57,129][flwr][INFO] - aggregate_fit: received 25 results and 0 failures
[2024-06-02 11:32:57,158][flwr][INFO] - fit progress: (8, tensor(4.7439, dtype=torch.float64), {'mae_loss, mse_loss': (2.0589305114746095, 4.743905956673322)}, 739.8907747)
[2024-06-02 11:32:57,160][flwr][INFO] - configure_evaluate: strategy sampled 25 clients (out of 25)
[2024-06-02 11:33:42,423][flwr][INFO] - aggregate_evaluate: received 25 results and 0 failures
[2024-06-02 11:33:42,424][flwr][INFO] - 
[2024-06-02 11:33:42,424][flwr][INFO] - [ROUND 9]
[2024-06-02 11:33:42,425][flwr][INFO] - configure_fit: strategy sampled 25 clients (out of 25)
[2024-06-02 11:34:32,852][flwr][INFO] - aggregate_fit: received 25 results and 0 failures
[2024-06-02 11:34:32,881][flwr][INFO] - fit progress: (9, tensor(257.7914, dtype=torch.float64), {'mae_loss, mse_loss': (15.915348663330075, 257.7913772940022)}, 835.613443)
[2024-06-02 11:34:32,883][flwr][INFO] - configure_evaluate: strategy sampled 25 clients (out of 25)
[2024-06-02 11:35:18,472][flwr][INFO] - aggregate_evaluate: received 25 results and 0 failures
[2024-06-02 11:35:18,473][flwr][INFO] - 
[2024-06-02 11:35:18,474][flwr][INFO] - [ROUND 10]
[2024-06-02 11:35:18,474][flwr][INFO] - configure_fit: strategy sampled 25 clients (out of 25)
[2024-06-02 11:36:09,499][flwr][INFO] - aggregate_fit: received 25 results and 0 failures
[2024-06-02 11:36:09,523][flwr][INFO] - fit progress: (10, tensor(6.1314, dtype=torch.float64), {'mae_loss, mse_loss': (2.173459167480469, 6.131437271429229)}, 932.2558168999999)
[2024-06-02 11:36:09,525][flwr][INFO] - configure_evaluate: strategy sampled 25 clients (out of 25)
[2024-06-02 11:36:54,835][flwr][INFO] - aggregate_evaluate: received 25 results and 0 failures
[2024-06-02 11:36:54,836][flwr][INFO] - 
[2024-06-02 11:36:54,837][flwr][INFO] - [ROUND 11]
[2024-06-02 11:36:54,837][flwr][INFO] - configure_fit: strategy sampled 25 clients (out of 25)
[2024-06-02 11:37:45,529][flwr][INFO] - aggregate_fit: received 25 results and 0 failures
[2024-06-02 11:37:45,553][flwr][INFO] - fit progress: (11, tensor(216.6583, dtype=torch.float64), {'mae_loss, mse_loss': (14.558178558349606, 216.65832819541134)}, 1028.2860529)
[2024-06-02 11:37:45,555][flwr][INFO] - configure_evaluate: strategy sampled 25 clients (out of 25)
[2024-06-02 11:38:31,171][flwr][INFO] - aggregate_evaluate: received 25 results and 0 failures
[2024-06-02 11:38:31,172][flwr][INFO] - 
[2024-06-02 11:38:31,173][flwr][INFO] - [ROUND 12]
[2024-06-02 11:38:31,174][flwr][INFO] - configure_fit: strategy sampled 25 clients (out of 25)
[2024-06-02 11:39:21,578][flwr][INFO] - aggregate_fit: received 25 results and 0 failures
[2024-06-02 11:39:21,603][flwr][INFO] - fit progress: (12, tensor(5.0564, dtype=torch.float64), {'mae_loss, mse_loss': (2.0831713867187505, 5.056401214940477)}, 1124.3363088)
[2024-06-02 11:39:21,606][flwr][INFO] - configure_evaluate: strategy sampled 25 clients (out of 25)
[2024-06-02 11:40:06,618][flwr][INFO] - aggregate_evaluate: received 25 results and 0 failures
[2024-06-02 11:40:06,619][flwr][INFO] - 
[2024-06-02 11:40:06,620][flwr][INFO] - [ROUND 13]
[2024-06-02 11:40:06,621][flwr][INFO] - configure_fit: strategy sampled 25 clients (out of 25)
[2024-06-02 11:40:57,304][flwr][INFO] - aggregate_fit: received 25 results and 0 failures
[2024-06-02 11:40:57,333][flwr][INFO] - fit progress: (13, tensor(200.4341, dtype=torch.float64), {'mae_loss, mse_loss': (13.994736328124997, 200.4341014535315)}, 1220.0656332)
[2024-06-02 11:40:57,335][flwr][INFO] - configure_evaluate: strategy sampled 25 clients (out of 25)
[2024-06-02 11:41:43,728][flwr][INFO] - aggregate_evaluate: received 25 results and 0 failures
[2024-06-02 11:41:43,729][flwr][INFO] - 
[2024-06-02 11:41:43,730][flwr][INFO] - [ROUND 14]
[2024-06-02 11:41:43,731][flwr][INFO] - configure_fit: strategy sampled 25 clients (out of 25)
[2024-06-02 11:42:35,494][flwr][INFO] - aggregate_fit: received 25 results and 0 failures
[2024-06-02 11:42:35,521][flwr][INFO] - fit progress: (14, tensor(4.2388, dtype=torch.float64), {'mae_loss, mse_loss': (1.9754946899414065, 4.238808709598149)}, 1318.2531339)
[2024-06-02 11:42:35,523][flwr][INFO] - configure_evaluate: strategy sampled 25 clients (out of 25)
[2024-06-02 11:43:22,156][flwr][INFO] - aggregate_evaluate: received 25 results and 0 failures
[2024-06-02 11:43:22,157][flwr][INFO] - 
[2024-06-02 11:43:22,158][flwr][INFO] - [ROUND 15]
[2024-06-02 11:43:22,158][flwr][INFO] - configure_fit: strategy sampled 25 clients (out of 25)
[2024-06-02 11:44:13,321][flwr][INFO] - aggregate_fit: received 25 results and 0 failures
[2024-06-02 11:44:13,344][flwr][INFO] - fit progress: (15, tensor(200.5896, dtype=torch.float64), {'mae_loss, mse_loss': (13.991256561279295, 200.58961166206313)}, 1416.0770916000001)
[2024-06-02 11:44:13,347][flwr][INFO] - configure_evaluate: strategy sampled 25 clients (out of 25)
[2024-06-02 11:44:59,285][flwr][INFO] - aggregate_evaluate: received 25 results and 0 failures
[2024-06-02 11:44:59,286][flwr][INFO] - 
[2024-06-02 11:44:59,286][flwr][INFO] - [ROUND 16]
[2024-06-02 11:44:59,287][flwr][INFO] - configure_fit: strategy sampled 25 clients (out of 25)
[2024-06-02 11:45:51,240][flwr][INFO] - aggregate_fit: received 25 results and 0 failures
[2024-06-02 11:45:51,268][flwr][INFO] - fit progress: (16, tensor(4.6987, dtype=torch.float64), {'mae_loss, mse_loss': (2.0113505554199222, 4.698748288309787)}, 1514.0004954)
[2024-06-02 11:45:51,270][flwr][INFO] - configure_evaluate: strategy sampled 25 clients (out of 25)
[2024-06-02 11:46:37,033][flwr][INFO] - aggregate_evaluate: received 25 results and 0 failures
[2024-06-02 11:46:37,034][flwr][INFO] - 
[2024-06-02 11:46:37,034][flwr][INFO] - [ROUND 17]
[2024-06-02 11:46:37,035][flwr][INFO] - configure_fit: strategy sampled 25 clients (out of 25)
[2024-06-02 11:47:27,896][flwr][INFO] - aggregate_fit: received 25 results and 0 failures
[2024-06-02 11:47:27,930][flwr][INFO] - fit progress: (17, tensor(218.2940, dtype=torch.float64), {'mae_loss, mse_loss': (14.621195831298825, 218.2940399553991)}, 1610.6625066000001)
[2024-06-02 11:47:27,932][flwr][INFO] - configure_evaluate: strategy sampled 25 clients (out of 25)
[2024-06-02 11:48:14,441][flwr][INFO] - aggregate_evaluate: received 25 results and 0 failures
[2024-06-02 11:48:14,442][flwr][INFO] - 
[2024-06-02 11:48:14,443][flwr][INFO] - [ROUND 18]
[2024-06-02 11:48:14,443][flwr][INFO] - configure_fit: strategy sampled 25 clients (out of 25)
[2024-06-02 11:49:06,025][flwr][INFO] - aggregate_fit: received 25 results and 0 failures
[2024-06-02 11:49:06,054][flwr][INFO] - fit progress: (18, tensor(5.1525, dtype=torch.float64), {'mae_loss, mse_loss': (2.0617991638183595, 5.152485760791812)}, 1708.7866214)
[2024-06-02 11:49:06,057][flwr][INFO] - configure_evaluate: strategy sampled 25 clients (out of 25)
[2024-06-02 11:49:52,369][flwr][INFO] - aggregate_evaluate: received 25 results and 0 failures
[2024-06-02 11:49:52,370][flwr][INFO] - 
[2024-06-02 11:49:52,370][flwr][INFO] - [ROUND 19]
[2024-06-02 11:49:52,371][flwr][INFO] - configure_fit: strategy sampled 25 clients (out of 25)
[2024-06-02 11:50:40,664][flwr][INFO] - aggregate_fit: received 25 results and 0 failures
[2024-06-02 11:50:40,687][flwr][INFO] - fit progress: (19, tensor(209.2373, dtype=torch.float64), {'mae_loss, mse_loss': (14.310835876464841, 209.23726063315266)}, 1803.4193381)
[2024-06-02 11:50:40,689][flwr][INFO] - configure_evaluate: strategy sampled 25 clients (out of 25)
[2024-06-02 11:51:21,836][flwr][INFO] - aggregate_evaluate: received 25 results and 0 failures
[2024-06-02 11:51:21,836][flwr][INFO] - 
[2024-06-02 11:51:21,837][flwr][INFO] - [ROUND 20]
[2024-06-02 11:51:21,838][flwr][INFO] - configure_fit: strategy sampled 25 clients (out of 25)
[2024-06-02 11:52:07,423][flwr][INFO] - aggregate_fit: received 25 results and 0 failures
[2024-06-02 11:52:07,446][flwr][INFO] - fit progress: (20, tensor(5.0783, dtype=torch.float64), {'mae_loss, mse_loss': (2.0466731262207034, 5.078306541359405)}, 1890.179386)
[2024-06-02 11:52:07,448][flwr][INFO] - configure_evaluate: strategy sampled 25 clients (out of 25)
[2024-06-02 11:52:48,724][flwr][INFO] - aggregate_evaluate: received 25 results and 0 failures
[2024-06-02 11:52:48,724][flwr][INFO] - 
[2024-06-02 11:52:48,725][flwr][INFO] - [ROUND 21]
[2024-06-02 11:52:48,726][flwr][INFO] - configure_fit: strategy sampled 25 clients (out of 25)
[2024-06-02 11:53:34,222][flwr][INFO] - aggregate_fit: received 25 results and 0 failures
[2024-06-02 11:53:34,245][flwr][INFO] - fit progress: (21, tensor(210.4747, dtype=torch.float64), {'mae_loss, mse_loss': (14.355943908691405, 210.47469881138622)}, 1976.9773637)
[2024-06-02 11:53:34,247][flwr][INFO] - configure_evaluate: strategy sampled 25 clients (out of 25)
[2024-06-02 11:54:15,604][flwr][INFO] - aggregate_evaluate: received 25 results and 0 failures
[2024-06-02 11:54:15,605][flwr][INFO] - 
[2024-06-02 11:54:15,605][flwr][INFO] - [ROUND 22]
[2024-06-02 11:54:15,606][flwr][INFO] - configure_fit: strategy sampled 25 clients (out of 25)
[2024-06-02 11:55:01,002][flwr][INFO] - aggregate_fit: received 25 results and 0 failures
[2024-06-02 11:55:01,026][flwr][INFO] - fit progress: (22, tensor(4.1794, dtype=torch.float64), {'mae_loss, mse_loss': (1.9383166503906253, 4.179373964024477)}, 2063.7592651)
[2024-06-02 11:55:01,028][flwr][INFO] - configure_evaluate: strategy sampled 25 clients (out of 25)
[2024-06-02 11:55:42,438][flwr][INFO] - aggregate_evaluate: received 25 results and 0 failures
[2024-06-02 11:55:42,439][flwr][INFO] - 
[2024-06-02 11:55:42,440][flwr][INFO] - [ROUND 23]
[2024-06-02 11:55:42,440][flwr][INFO] - configure_fit: strategy sampled 25 clients (out of 25)
[2024-06-02 11:56:28,060][flwr][INFO] - aggregate_fit: received 25 results and 0 failures
[2024-06-02 11:56:28,083][flwr][INFO] - fit progress: (23, tensor(183.7750, dtype=torch.float64), {'mae_loss, mse_loss': (13.37499069213867, 183.7749748204524)}, 2150.8149098999997)
[2024-06-02 11:56:28,084][flwr][INFO] - configure_evaluate: strategy sampled 25 clients (out of 25)
[2024-06-02 11:57:09,047][flwr][INFO] - aggregate_evaluate: received 25 results and 0 failures
[2024-06-02 11:57:09,048][flwr][INFO] - 
[2024-06-02 11:57:09,048][flwr][INFO] - [ROUND 24]
[2024-06-02 11:57:09,049][flwr][INFO] - configure_fit: strategy sampled 25 clients (out of 25)
[2024-06-02 11:57:54,362][flwr][INFO] - aggregate_fit: received 25 results and 0 failures
[2024-06-02 11:57:54,385][flwr][INFO] - fit progress: (24, tensor(4.9966, dtype=torch.float64), {'mae_loss, mse_loss': (2.0099063110351567, 4.99659574503871)}, 2237.1182062999997)
[2024-06-02 11:57:54,387][flwr][INFO] - configure_evaluate: strategy sampled 25 clients (out of 25)
[2024-06-02 11:58:35,163][flwr][INFO] - aggregate_evaluate: received 25 results and 0 failures
[2024-06-02 11:58:35,163][flwr][INFO] - 
[2024-06-02 11:58:35,164][flwr][INFO] - [ROUND 25]
[2024-06-02 11:58:35,165][flwr][INFO] - configure_fit: strategy sampled 25 clients (out of 25)
[2024-06-02 11:59:20,558][flwr][INFO] - aggregate_fit: received 25 results and 0 failures
[2024-06-02 11:59:20,580][flwr][INFO] - fit progress: (25, tensor(192.4988, dtype=torch.float64), {'mae_loss, mse_loss': (13.717085876464841, 192.49878492424472)}, 2323.3128883)
[2024-06-02 11:59:20,582][flwr][INFO] - configure_evaluate: strategy sampled 25 clients (out of 25)
[2024-06-02 12:00:01,742][flwr][INFO] - aggregate_evaluate: received 25 results and 0 failures
[2024-06-02 12:00:01,742][flwr][INFO] - 
[2024-06-02 12:00:01,743][flwr][INFO] - [ROUND 26]
[2024-06-02 12:00:01,744][flwr][INFO] - configure_fit: strategy sampled 25 clients (out of 25)
[2024-06-02 12:00:47,303][flwr][INFO] - aggregate_fit: received 25 results and 0 failures
[2024-06-02 12:00:47,330][flwr][INFO] - fit progress: (26, tensor(4.0574, dtype=torch.float64), {'mae_loss, mse_loss': (1.9019358825683597, 4.057375279736359)}, 2410.0629335999997)
[2024-06-02 12:00:47,332][flwr][INFO] - configure_evaluate: strategy sampled 25 clients (out of 25)
[2024-06-02 12:01:28,377][flwr][INFO] - aggregate_evaluate: received 25 results and 0 failures
[2024-06-02 12:01:28,378][flwr][INFO] - 
[2024-06-02 12:01:28,379][flwr][INFO] - [ROUND 27]
[2024-06-02 12:01:28,380][flwr][INFO] - configure_fit: strategy sampled 25 clients (out of 25)
[2024-06-02 12:02:14,259][flwr][INFO] - aggregate_fit: received 25 results and 0 failures
[2024-06-02 12:02:14,281][flwr][INFO] - fit progress: (27, tensor(177.2648, dtype=torch.float64), {'mae_loss, mse_loss': (13.136205139160154, 177.26483955717157)}, 2497.0141905)
[2024-06-02 12:02:14,283][flwr][INFO] - configure_evaluate: strategy sampled 25 clients (out of 25)
[2024-06-02 12:02:55,446][flwr][INFO] - aggregate_evaluate: received 25 results and 0 failures
[2024-06-02 12:02:55,447][flwr][INFO] - 
[2024-06-02 12:02:55,447][flwr][INFO] - [ROUND 28]
[2024-06-02 12:02:55,448][flwr][INFO] - configure_fit: strategy sampled 25 clients (out of 25)
[2024-06-02 12:03:41,088][flwr][INFO] - aggregate_fit: received 25 results and 0 failures
[2024-06-02 12:03:41,111][flwr][INFO] - fit progress: (28, tensor(6.1026, dtype=torch.float64), {'mae_loss, mse_loss': (2.0771113586425782, 6.10262375240366)}, 2583.8433531)
[2024-06-02 12:03:41,112][flwr][INFO] - configure_evaluate: strategy sampled 25 clients (out of 25)
[2024-06-02 12:04:22,161][flwr][INFO] - aggregate_evaluate: received 25 results and 0 failures
[2024-06-02 12:04:22,162][flwr][INFO] - 
[2024-06-02 12:04:22,163][flwr][INFO] - [ROUND 29]
[2024-06-02 12:04:22,163][flwr][INFO] - configure_fit: strategy sampled 25 clients (out of 25)
[2024-06-02 12:05:07,643][flwr][INFO] - aggregate_fit: received 25 results and 0 failures
[2024-06-02 12:05:07,673][flwr][INFO] - fit progress: (29, tensor(180.1096, dtype=torch.float64), {'mae_loss, mse_loss': (13.251304473876951, 180.10958303649477)}, 2670.405276)
[2024-06-02 12:05:07,675][flwr][INFO] - configure_evaluate: strategy sampled 25 clients (out of 25)
[2024-06-02 12:05:48,542][flwr][INFO] - aggregate_evaluate: received 25 results and 0 failures
[2024-06-02 12:05:48,543][flwr][INFO] - 
[2024-06-02 12:05:48,543][flwr][INFO] - [ROUND 30]
[2024-06-02 12:05:48,544][flwr][INFO] - configure_fit: strategy sampled 25 clients (out of 25)
[2024-06-02 12:06:34,218][flwr][INFO] - aggregate_fit: received 25 results and 0 failures
[2024-06-02 12:06:34,245][flwr][INFO] - fit progress: (30, tensor(3.9301, dtype=torch.float64), {'mae_loss, mse_loss': (1.856211395263672, 3.9301026119167246)}, 2756.9780652)
[2024-06-02 12:06:34,247][flwr][INFO] - configure_evaluate: strategy sampled 25 clients (out of 25)
[2024-06-02 12:07:15,720][flwr][INFO] - aggregate_evaluate: received 25 results and 0 failures
[2024-06-02 12:07:15,721][flwr][INFO] - 
[2024-06-02 12:07:15,722][flwr][INFO] - [ROUND 31]
[2024-06-02 12:07:15,723][flwr][INFO] - configure_fit: strategy sampled 25 clients (out of 25)
[2024-06-02 12:08:01,189][flwr][INFO] - aggregate_fit: received 25 results and 0 failures
[2024-06-02 12:08:01,212][flwr][INFO] - fit progress: (31, tensor(159.0020, dtype=torch.float64), {'mae_loss, mse_loss': (12.414205780029295, 159.00204029871298)}, 2843.9444270999998)
[2024-06-02 12:08:01,214][flwr][INFO] - configure_evaluate: strategy sampled 25 clients (out of 25)
[2024-06-02 12:08:42,651][flwr][INFO] - aggregate_evaluate: received 25 results and 0 failures
[2024-06-02 12:08:42,652][flwr][INFO] - 
[2024-06-02 12:08:42,652][flwr][INFO] - [ROUND 32]
[2024-06-02 12:08:42,653][flwr][INFO] - configure_fit: strategy sampled 25 clients (out of 25)
[2024-06-02 12:09:28,288][flwr][INFO] - aggregate_fit: received 25 results and 0 failures
[2024-06-02 12:09:28,310][flwr][INFO] - fit progress: (32, tensor(4.7562, dtype=torch.float64), {'mae_loss, mse_loss': (1.948720855712891, 4.756239738873326)}, 2931.043108)
[2024-06-02 12:09:28,312][flwr][INFO] - configure_evaluate: strategy sampled 25 clients (out of 25)
[2024-06-02 12:10:09,426][flwr][INFO] - aggregate_evaluate: received 25 results and 0 failures
[2024-06-02 12:10:09,426][flwr][INFO] - 
[2024-06-02 12:10:09,427][flwr][INFO] - [ROUND 33]
[2024-06-02 12:10:09,428][flwr][INFO] - configure_fit: strategy sampled 25 clients (out of 25)
[2024-06-02 12:10:55,747][flwr][INFO] - aggregate_fit: received 25 results and 0 failures
[2024-06-02 12:10:55,769][flwr][INFO] - fit progress: (33, tensor(145.3016, dtype=torch.float64), {'mae_loss, mse_loss': (11.883499755859374, 145.30161584359104)}, 3018.5016775)
[2024-06-02 12:10:55,771][flwr][INFO] - configure_evaluate: strategy sampled 25 clients (out of 25)
[2024-06-02 12:11:36,923][flwr][INFO] - aggregate_evaluate: received 25 results and 0 failures
[2024-06-02 12:11:36,924][flwr][INFO] - 
[2024-06-02 12:11:36,924][flwr][INFO] - [ROUND 34]
[2024-06-02 12:11:36,925][flwr][INFO] - configure_fit: strategy sampled 25 clients (out of 25)
[2024-06-02 12:12:22,198][flwr][INFO] - aggregate_fit: received 25 results and 0 failures
[2024-06-02 12:12:22,222][flwr][INFO] - fit progress: (34, tensor(3.8709, dtype=torch.float64), {'mae_loss, mse_loss': (1.7819255065917972, 3.8708976618355395)}, 3104.9543642999997)
[2024-06-02 12:12:22,224][flwr][INFO] - configure_evaluate: strategy sampled 25 clients (out of 25)
[2024-06-02 12:13:03,286][flwr][INFO] - aggregate_evaluate: received 25 results and 0 failures
[2024-06-02 12:13:03,287][flwr][INFO] - 
[2024-06-02 12:13:03,288][flwr][INFO] - [ROUND 35]
[2024-06-02 12:13:03,289][flwr][INFO] - configure_fit: strategy sampled 25 clients (out of 25)
[2024-06-02 12:13:48,460][flwr][INFO] - aggregate_fit: received 25 results and 0 failures
[2024-06-02 12:13:48,481][flwr][INFO] - fit progress: (35, tensor(119.9080, dtype=torch.float64), {'mae_loss, mse_loss': (10.750606384277344, 119.90797132220095)}, 3191.2141644)
[2024-06-02 12:13:48,483][flwr][INFO] - configure_evaluate: strategy sampled 25 clients (out of 25)
[2024-06-02 12:14:29,546][flwr][INFO] - aggregate_evaluate: received 25 results and 0 failures
[2024-06-02 12:14:29,546][flwr][INFO] - 
[2024-06-02 12:14:29,546][flwr][INFO] - [ROUND 36]
[2024-06-02 12:14:29,547][flwr][INFO] - configure_fit: strategy sampled 25 clients (out of 25)
[2024-06-02 12:15:15,224][flwr][INFO] - aggregate_fit: received 25 results and 0 failures
[2024-06-02 12:15:15,246][flwr][INFO] - fit progress: (36, tensor(4.2159, dtype=torch.float64), {'mae_loss, mse_loss': (1.7687060546875002, 4.215929327144755)}, 3277.9791646)
[2024-06-02 12:15:15,248][flwr][INFO] - configure_evaluate: strategy sampled 25 clients (out of 25)
[2024-06-02 12:15:56,669][flwr][INFO] - aggregate_evaluate: received 25 results and 0 failures
[2024-06-02 12:15:56,670][flwr][INFO] - 
[2024-06-02 12:15:56,671][flwr][INFO] - [ROUND 37]
[2024-06-02 12:15:56,671][flwr][INFO] - configure_fit: strategy sampled 25 clients (out of 25)
[2024-06-02 12:16:42,204][flwr][INFO] - aggregate_fit: received 25 results and 0 failures
[2024-06-02 12:16:42,226][flwr][INFO] - fit progress: (37, tensor(139.7431, dtype=torch.float64), {'mae_loss, mse_loss': (11.652562561035156, 139.74307378665986)}, 3364.9592032)
[2024-06-02 12:16:42,228][flwr][INFO] - configure_evaluate: strategy sampled 25 clients (out of 25)
[2024-06-02 12:17:23,622][flwr][INFO] - aggregate_evaluate: received 25 results and 0 failures
[2024-06-02 12:17:23,624][flwr][INFO] - 
[2024-06-02 12:17:23,624][flwr][INFO] - [ROUND 38]
[2024-06-02 12:17:23,625][flwr][INFO] - configure_fit: strategy sampled 25 clients (out of 25)
[2024-06-02 12:18:09,219][flwr][INFO] - aggregate_fit: received 25 results and 0 failures
[2024-06-02 12:18:09,241][flwr][INFO] - fit progress: (38, tensor(4.1145, dtype=torch.float64), {'mae_loss, mse_loss': (1.8292109680175783, 4.114549831023093)}, 3451.9733828999997)
[2024-06-02 12:18:09,243][flwr][INFO] - configure_evaluate: strategy sampled 25 clients (out of 25)
[2024-06-02 12:18:50,049][flwr][INFO] - aggregate_evaluate: received 25 results and 0 failures
[2024-06-02 12:18:50,050][flwr][INFO] - 
[2024-06-02 12:18:50,050][flwr][INFO] - [ROUND 39]
[2024-06-02 12:18:50,051][flwr][INFO] - configure_fit: strategy sampled 25 clients (out of 25)
[2024-06-02 12:19:35,413][flwr][INFO] - aggregate_fit: received 25 results and 0 failures
[2024-06-02 12:19:35,436][flwr][INFO] - fit progress: (39, tensor(114.3471, dtype=torch.float64), {'mae_loss, mse_loss': (10.511311950683593, 114.34707042784987)}, 3538.1681009)
[2024-06-02 12:19:35,438][flwr][INFO] - configure_evaluate: strategy sampled 25 clients (out of 25)
[2024-06-02 12:20:16,270][flwr][INFO] - aggregate_evaluate: received 25 results and 0 failures
[2024-06-02 12:20:16,271][flwr][INFO] - 
[2024-06-02 12:20:16,272][flwr][INFO] - [ROUND 40]
[2024-06-02 12:20:16,273][flwr][INFO] - configure_fit: strategy sampled 25 clients (out of 25)
[2024-06-02 12:21:02,142][flwr][INFO] - aggregate_fit: received 25 results and 0 failures
[2024-06-02 12:21:02,163][flwr][INFO] - fit progress: (40, tensor(4.4483, dtype=torch.float64), {'mae_loss, mse_loss': (1.8462199401855472, 4.448273725930255)}, 3624.896664)
[2024-06-02 12:21:02,165][flwr][INFO] - configure_evaluate: strategy sampled 25 clients (out of 25)
[2024-06-02 12:21:43,351][flwr][INFO] - aggregate_evaluate: received 25 results and 0 failures
[2024-06-02 12:21:43,351][flwr][INFO] - 
[2024-06-02 12:21:43,352][flwr][INFO] - [ROUND 41]
[2024-06-02 12:21:43,353][flwr][INFO] - configure_fit: strategy sampled 25 clients (out of 25)
[2024-06-02 12:22:29,035][flwr][INFO] - aggregate_fit: received 25 results and 0 failures
[2024-06-02 12:22:29,062][flwr][INFO] - fit progress: (41, tensor(139.1197, dtype=torch.float64), {'mae_loss, mse_loss': (11.631409301757811, 139.1196791366008)}, 3711.7950874999997)
[2024-06-02 12:22:29,064][flwr][INFO] - configure_evaluate: strategy sampled 25 clients (out of 25)
[2024-06-02 12:23:10,754][flwr][INFO] - aggregate_evaluate: received 25 results and 0 failures
[2024-06-02 12:23:10,755][flwr][INFO] - 
[2024-06-02 12:23:10,756][flwr][INFO] - [ROUND 42]
[2024-06-02 12:23:10,756][flwr][INFO] - configure_fit: strategy sampled 25 clients (out of 25)
[2024-06-02 12:23:56,756][flwr][INFO] - aggregate_fit: received 25 results and 0 failures
[2024-06-02 12:23:56,779][flwr][INFO] - fit progress: (42, tensor(4.3249, dtype=torch.float64), {'mae_loss, mse_loss': (1.8608576965332033, 4.324903904897281)}, 3799.5111128999997)
[2024-06-02 12:23:56,781][flwr][INFO] - configure_evaluate: strategy sampled 25 clients (out of 25)
[2024-06-02 12:24:37,567][flwr][INFO] - aggregate_evaluate: received 25 results and 0 failures
[2024-06-02 12:24:37,568][flwr][INFO] - 
[2024-06-02 12:24:37,569][flwr][INFO] - [ROUND 43]
[2024-06-02 12:24:37,570][flwr][INFO] - configure_fit: strategy sampled 25 clients (out of 25)
[2024-06-02 12:25:22,934][flwr][INFO] - aggregate_fit: received 25 results and 0 failures
[2024-06-02 12:25:22,956][flwr][INFO] - fit progress: (43, tensor(124.1257, dtype=torch.float64), {'mae_loss, mse_loss': (10.952675476074218, 124.12572878102746)}, 3885.6887030999997)
[2024-06-02 12:25:22,958][flwr][INFO] - configure_evaluate: strategy sampled 25 clients (out of 25)
[2024-06-02 12:26:04,161][flwr][INFO] - aggregate_evaluate: received 25 results and 0 failures
[2024-06-02 12:26:04,161][flwr][INFO] - 
[2024-06-02 12:26:04,162][flwr][INFO] - [ROUND 44]
[2024-06-02 12:26:04,163][flwr][INFO] - configure_fit: strategy sampled 25 clients (out of 25)
[2024-06-02 12:26:50,330][flwr][INFO] - aggregate_fit: received 25 results and 0 failures
[2024-06-02 12:26:50,352][flwr][INFO] - fit progress: (44, tensor(5.9521, dtype=torch.float64), {'mae_loss, mse_loss': (1.9678668212890629, 5.952129803483612)}, 3973.085354)
[2024-06-02 12:26:50,354][flwr][INFO] - configure_evaluate: strategy sampled 25 clients (out of 25)
[2024-06-02 12:27:31,588][flwr][INFO] - aggregate_evaluate: received 25 results and 0 failures
[2024-06-02 12:27:31,589][flwr][INFO] - 
[2024-06-02 12:27:31,590][flwr][INFO] - [ROUND 45]
[2024-06-02 12:27:31,590][flwr][INFO] - configure_fit: strategy sampled 25 clients (out of 25)
[2024-06-02 12:28:17,000][flwr][INFO] - aggregate_fit: received 25 results and 0 failures
[2024-06-02 12:28:17,023][flwr][INFO] - fit progress: (45, tensor(137.3326, dtype=torch.float64), {'mae_loss, mse_loss': (11.557334747314453, 137.3325558049829)}, 4059.755862)
[2024-06-02 12:28:17,025][flwr][INFO] - configure_evaluate: strategy sampled 25 clients (out of 25)
[2024-06-02 12:28:58,124][flwr][INFO] - aggregate_evaluate: received 25 results and 0 failures
[2024-06-02 12:28:58,125][flwr][INFO] - 
[2024-06-02 12:28:58,126][flwr][INFO] - [ROUND 46]
[2024-06-02 12:28:58,127][flwr][INFO] - configure_fit: strategy sampled 25 clients (out of 25)
[2024-06-02 12:29:43,698][flwr][INFO] - aggregate_fit: received 25 results and 0 failures
[2024-06-02 12:29:43,721][flwr][INFO] - fit progress: (46, tensor(4.5586, dtype=torch.float64), {'mae_loss, mse_loss': (1.8641505432128909, 4.5585902822545075)}, 4146.4532344)
[2024-06-02 12:29:43,722][flwr][INFO] - configure_evaluate: strategy sampled 25 clients (out of 25)
[2024-06-02 12:30:24,724][flwr][INFO] - aggregate_evaluate: received 25 results and 0 failures
[2024-06-02 12:30:24,725][flwr][INFO] - 
[2024-06-02 12:30:24,725][flwr][INFO] - [ROUND 47]
[2024-06-02 12:30:24,726][flwr][INFO] - configure_fit: strategy sampled 25 clients (out of 25)
[2024-06-02 12:31:10,284][flwr][INFO] - aggregate_fit: received 25 results and 0 failures
[2024-06-02 12:31:10,311][flwr][INFO] - fit progress: (47, tensor(121.8763, dtype=torch.float64), {'mae_loss, mse_loss': (10.849438323974608, 121.87625968755023)}, 4233.0436265)
[2024-06-02 12:31:10,313][flwr][INFO] - configure_evaluate: strategy sampled 25 clients (out of 25)
[2024-06-02 12:31:51,092][flwr][INFO] - aggregate_evaluate: received 25 results and 0 failures
[2024-06-02 12:31:51,093][flwr][INFO] - 
[2024-06-02 12:31:51,093][flwr][INFO] - [ROUND 48]
[2024-06-02 12:31:51,094][flwr][INFO] - configure_fit: strategy sampled 25 clients (out of 25)
[2024-06-02 12:32:36,836][flwr][INFO] - aggregate_fit: received 25 results and 0 failures
[2024-06-02 12:32:36,860][flwr][INFO] - fit progress: (48, tensor(6.1702, dtype=torch.float64), {'mae_loss, mse_loss': (1.9509265136718752, 6.17022945395648)}, 4319.592283200001)
[2024-06-02 12:32:36,862][flwr][INFO] - configure_evaluate: strategy sampled 25 clients (out of 25)
[2024-06-02 12:33:18,304][flwr][INFO] - aggregate_evaluate: received 25 results and 0 failures
[2024-06-02 12:33:18,305][flwr][INFO] - 
[2024-06-02 12:33:18,306][flwr][INFO] - [ROUND 49]
[2024-06-02 12:33:18,307][flwr][INFO] - configure_fit: strategy sampled 25 clients (out of 25)
[2024-06-02 12:34:03,942][flwr][INFO] - aggregate_fit: received 25 results and 0 failures
[2024-06-02 12:34:03,965][flwr][INFO] - fit progress: (49, tensor(121.7321, dtype=torch.float64), {'mae_loss, mse_loss': (10.868658294677733, 121.73212793174699)}, 4406.6979657)
[2024-06-02 12:34:03,967][flwr][INFO] - configure_evaluate: strategy sampled 25 clients (out of 25)
[2024-06-02 12:34:45,098][flwr][INFO] - aggregate_evaluate: received 25 results and 0 failures
[2024-06-02 12:34:45,099][flwr][INFO] - 
[2024-06-02 12:34:45,099][flwr][INFO] - [ROUND 50]
[2024-06-02 12:34:45,100][flwr][INFO] - configure_fit: strategy sampled 25 clients (out of 25)
[2024-06-02 12:35:31,274][flwr][INFO] - aggregate_fit: received 25 results and 0 failures
[2024-06-02 12:35:31,297][flwr][INFO] - fit progress: (50, tensor(4.4057, dtype=torch.float64), {'mae_loss, mse_loss': (1.8199771118164065, 4.405690083867874)}, 4494.029729)
[2024-06-02 12:35:31,299][flwr][INFO] - configure_evaluate: strategy sampled 25 clients (out of 25)
[2024-06-02 12:36:12,426][flwr][INFO] - aggregate_evaluate: received 25 results and 0 failures
[2024-06-02 12:36:12,427][flwr][INFO] - 
[2024-06-02 12:36:12,428][flwr][INFO] - [SUMMARY]
[2024-06-02 12:36:12,428][flwr][INFO] - Run finished 50 rounds in 4535.16s
[2024-06-02 12:36:12,429][flwr][INFO] - History (loss, distributed):
[2024-06-02 12:36:12,430][flwr][INFO] - 	('\tround 1: 236.51061891579909\n'
[2024-06-02 12:36:12,430][flwr][INFO] - 	 '\tround 2: 317.70594532352004\n'
[2024-06-02 12:36:12,431][flwr][INFO] - 	 '\tround 3: 248.3315088921627\n'
[2024-06-02 12:36:12,431][flwr][INFO] - 	 '\tround 4: 336.36915983957624\n'
[2024-06-02 12:36:12,433][flwr][INFO] - 	 '\tround 5: 219.77713779835497\n'
[2024-06-02 12:36:12,433][flwr][INFO] - 	 '\tround 6: 312.40118404758704\n'
[2024-06-02 12:36:12,433][flwr][INFO] - 	 '\tround 7: 205.42144077641728\n'
[2024-06-02 12:36:12,433][flwr][INFO] - 	 '\tround 8: 311.94660332719866\n'
[2024-06-02 12:36:12,435][flwr][INFO] - 	 '\tround 9: 223.65598706904515\n'
[2024-06-02 12:36:12,435][flwr][INFO] - 	 '\tround 10: 348.3222562647047\n'
[2024-06-02 12:36:12,435][flwr][INFO] - 	 '\tround 11: 204.5390098838556\n'
[2024-06-02 12:36:12,435][flwr][INFO] - 	 '\tround 12: 313.5303450780852\n'
[2024-06-02 12:36:12,435][flwr][INFO] - 	 '\tround 13: 197.03806533920928\n'
[2024-06-02 12:36:12,436][flwr][INFO] - 	 '\tround 14: 306.5294742442255\n'
[2024-06-02 12:36:12,436][flwr][INFO] - 	 '\tround 15: 187.49627616697944\n'
[2024-06-02 12:36:12,437][flwr][INFO] - 	 '\tround 16: 278.02510305586856\n'
[2024-06-02 12:36:12,437][flwr][INFO] - 	 '\tround 17: 196.52129646777104\n'
[2024-06-02 12:36:12,437][flwr][INFO] - 	 '\tround 18: 305.4844015872903\n'
[2024-06-02 12:36:12,438][flwr][INFO] - 	 '\tround 19: 185.88299465913985\n'
[2024-06-02 12:36:12,438][flwr][INFO] - 	 '\tround 20: 280.906950959358\n'
[2024-06-02 12:36:12,439][flwr][INFO] - 	 '\tround 21: 186.95112066289755\n'
[2024-06-02 12:36:12,439][flwr][INFO] - 	 '\tround 22: 277.4301982638086\n'
[2024-06-02 12:36:12,439][flwr][INFO] - 	 '\tround 23: 168.93072215466077\n'
[2024-06-02 12:36:12,440][flwr][INFO] - 	 '\tround 24: 254.44363709609715\n'
[2024-06-02 12:36:12,440][flwr][INFO] - 	 '\tround 25: 173.98514062330707\n'
[2024-06-02 12:36:12,440][flwr][INFO] - 	 '\tround 26: 262.49323380220847\n'
[2024-06-02 12:36:12,441][flwr][INFO] - 	 '\tround 27: 159.98206496833143\n'
[2024-06-02 12:36:12,441][flwr][INFO] - 	 '\tround 28: 249.27265032269196\n'
[2024-06-02 12:36:12,441][flwr][INFO] - 	 '\tround 29: 163.96541520369362\n'
[2024-06-02 12:36:12,442][flwr][INFO] - 	 '\tround 30: 244.20074621665322\n'
[2024-06-02 12:36:12,442][flwr][INFO] - 	 '\tround 31: 148.5957058939379\n'
[2024-06-02 12:36:12,442][flwr][INFO] - 	 '\tround 32: 219.61841789727558\n'
[2024-06-02 12:36:12,443][flwr][INFO] - 	 '\tround 33: 145.03369690743034\n'
[2024-06-02 12:36:12,443][flwr][INFO] - 	 '\tround 34: 216.56140673669051\n'
[2024-06-02 12:36:12,443][flwr][INFO] - 	 '\tround 35: 126.80431029752577\n'
[2024-06-02 12:36:12,444][flwr][INFO] - 	 '\tround 36: 186.18531365912\n'
[2024-06-02 12:36:12,445][flwr][INFO] - 	 '\tround 37: 133.8603235926989\n'
[2024-06-02 12:36:12,445][flwr][INFO] - 	 '\tround 38: 205.1760189023549\n'
[2024-06-02 12:36:12,445][flwr][INFO] - 	 '\tround 39: 119.94923100787042\n'
[2024-06-02 12:36:12,446][flwr][INFO] - 	 '\tround 40: 182.55173008923828\n'
[2024-06-02 12:36:12,446][flwr][INFO] - 	 '\tround 41: 127.73638057351272\n'
[2024-06-02 12:36:12,447][flwr][INFO] - 	 '\tround 42: 198.69736851842367\n'
[2024-06-02 12:36:12,447][flwr][INFO] - 	 '\tround 43: 114.93678418186731\n'
[2024-06-02 12:36:12,447][flwr][INFO] - 	 '\tround 44: 182.05911382131137\n'
[2024-06-02 12:36:12,448][flwr][INFO] - 	 '\tround 45: 122.63895011153456\n'
[2024-06-02 12:36:12,448][flwr][INFO] - 	 '\tround 46: 192.50609927438472\n'
[2024-06-02 12:36:12,449][flwr][INFO] - 	 '\tround 47: 110.04025956770556\n'
[2024-06-02 12:36:12,449][flwr][INFO] - 	 '\tround 48: 171.8360087756311\n'
[2024-06-02 12:36:12,449][flwr][INFO] - 	 '\tround 49: 113.3958448038552\n'
[2024-06-02 12:36:12,450][flwr][INFO] - 	 '\tround 50: 182.3473976678189\n')History (loss, centralized):
[2024-06-02 12:36:12,450][flwr][INFO] - 	('\tround 0: 4823.258051881312\n'
[2024-06-02 12:36:12,451][flwr][INFO] - 	 '\tround 1: 225.7502256606214\n'
[2024-06-02 12:36:12,451][flwr][INFO] - 	 '\tround 2: 4.591635576446192\n'
[2024-06-02 12:36:12,451][flwr][INFO] - 	 '\tround 3: 269.16610038762127\n'
[2024-06-02 12:36:12,452][flwr][INFO] - 	 '\tround 4: 4.628635045425385\n'
[2024-06-02 12:36:12,452][flwr][INFO] - 	 '\tround 5: 212.50893765994087\n'
[2024-06-02 12:36:12,453][flwr][INFO] - 	 '\tround 6: 4.6162305656276885\n'
[2024-06-02 12:36:12,453][flwr][INFO] - 	 '\tround 7: 201.7282677172093\n'
[2024-06-02 12:36:12,454][flwr][INFO] - 	 '\tround 8: 4.743905956673322\n'
[2024-06-02 12:36:12,454][flwr][INFO] - 	 '\tround 9: 257.7913772940022\n'
[2024-06-02 12:36:12,454][flwr][INFO] - 	 '\tround 10: 6.131437271429229\n'
[2024-06-02 12:36:12,455][flwr][INFO] - 	 '\tround 11: 216.65832819541134\n'
[2024-06-02 12:36:12,455][flwr][INFO] - 	 '\tround 12: 5.056401214940477\n'
[2024-06-02 12:36:12,455][flwr][INFO] - 	 '\tround 13: 200.4341014535315\n'
[2024-06-02 12:36:12,456][flwr][INFO] - 	 '\tround 14: 4.238808709598149\n'
[2024-06-02 12:36:12,456][flwr][INFO] - 	 '\tround 15: 200.58961166206313\n'
[2024-06-02 12:36:12,457][flwr][INFO] - 	 '\tround 16: 4.698748288309787\n'
[2024-06-02 12:36:12,457][flwr][INFO] - 	 '\tround 17: 218.2940399553991\n'
[2024-06-02 12:36:12,457][flwr][INFO] - 	 '\tround 18: 5.152485760791812\n'
[2024-06-02 12:36:12,458][flwr][INFO] - 	 '\tround 19: 209.23726063315266\n'
[2024-06-02 12:36:12,458][flwr][INFO] - 	 '\tround 20: 5.078306541359405\n'
[2024-06-02 12:36:12,458][flwr][INFO] - 	 '\tround 21: 210.47469881138622\n'
[2024-06-02 12:36:12,459][flwr][INFO] - 	 '\tround 22: 4.179373964024477\n'
[2024-06-02 12:36:12,459][flwr][INFO] - 	 '\tround 23: 183.7749748204524\n'
[2024-06-02 12:36:12,459][flwr][INFO] - 	 '\tround 24: 4.99659574503871\n'
[2024-06-02 12:36:12,460][flwr][INFO] - 	 '\tround 25: 192.49878492424472\n'
[2024-06-02 12:36:12,460][flwr][INFO] - 	 '\tround 26: 4.057375279736359\n'
[2024-06-02 12:36:12,461][flwr][INFO] - 	 '\tround 27: 177.26483955717157\n'
[2024-06-02 12:36:12,461][flwr][INFO] - 	 '\tround 28: 6.10262375240366\n'
[2024-06-02 12:36:12,461][flwr][INFO] - 	 '\tround 29: 180.10958303649477\n'
[2024-06-02 12:36:12,462][flwr][INFO] - 	 '\tround 30: 3.9301026119167246\n'
[2024-06-02 12:36:12,462][flwr][INFO] - 	 '\tround 31: 159.00204029871298\n'
[2024-06-02 12:36:12,462][flwr][INFO] - 	 '\tround 32: 4.756239738873326\n'
[2024-06-02 12:36:12,463][flwr][INFO] - 	 '\tround 33: 145.30161584359104\n'
[2024-06-02 12:36:12,463][flwr][INFO] - 	 '\tround 34: 3.8708976618355395\n'
[2024-06-02 12:36:12,463][flwr][INFO] - 	 '\tround 35: 119.90797132220095\n'
[2024-06-02 12:36:12,464][flwr][INFO] - 	 '\tround 36: 4.215929327144755\n'
[2024-06-02 12:36:12,464][flwr][INFO] - 	 '\tround 37: 139.74307378665986\n'
[2024-06-02 12:36:12,465][flwr][INFO] - 	 '\tround 38: 4.114549831023093\n'
[2024-06-02 12:36:12,465][flwr][INFO] - 	 '\tround 39: 114.34707042784984\n'
[2024-06-02 12:36:12,466][flwr][INFO] - 	 '\tround 40: 4.448273725930255\n'
[2024-06-02 12:36:12,466][flwr][INFO] - 	 '\tround 41: 139.1196791366008\n'
[2024-06-02 12:36:12,467][flwr][INFO] - 	 '\tround 42: 4.324903904897281\n'
[2024-06-02 12:36:12,467][flwr][INFO] - 	 '\tround 43: 124.12572878102746\n'
[2024-06-02 12:36:12,468][flwr][INFO] - 	 '\tround 44: 5.952129803483612\n'
[2024-06-02 12:36:12,468][flwr][INFO] - 	 '\tround 45: 137.33255580498286\n'
[2024-06-02 12:36:12,468][flwr][INFO] - 	 '\tround 46: 4.5585902822545075\n'
[2024-06-02 12:36:12,469][flwr][INFO] - 	 '\tround 47: 121.87625968755023\n'
[2024-06-02 12:36:12,469][flwr][INFO] - 	 '\tround 48: 6.17022945395648\n'
[2024-06-02 12:36:12,470][flwr][INFO] - 	 '\tround 49: 121.73212793174699\n'
[2024-06-02 12:36:12,470][flwr][INFO] - 	 '\tround 50: 4.405690083867874\n')History (metrics, centralized):
[2024-06-02 12:36:12,470][flwr][INFO] - 	{'mae_loss, mse_loss': [(0, (69.43144508361817, 4823.258051881311)),
[2024-06-02 12:36:12,471][flwr][INFO] - 	                        (1, (14.854611816406248, 225.7502256606214)),
[2024-06-02 12:36:12,471][flwr][INFO] - 	                        (2, (1.8446604919433596, 4.591635576446191)),
[2024-06-02 12:36:12,472][flwr][INFO] - 	                        (3, (16.251249542236327, 269.16610038762127)),
[2024-06-02 12:36:12,472][flwr][INFO] - 	                        (4, (1.9855891418457035, 4.628635045425385)),
[2024-06-02 12:36:12,472][flwr][INFO] - 	                        (5, (14.40887512207031, 212.50893765994087)),
[2024-06-02 12:36:12,473][flwr][INFO] - 	                        (6, (1.9185038757324222, 4.6162305656276885)),
[2024-06-02 12:36:12,473][flwr][INFO] - 	                        (7, (14.033167877197263, 201.72826771720923)),
[2024-06-02 12:36:12,473][flwr][INFO] - 	                        (8, (2.0589305114746095, 4.743905956673322)),
[2024-06-02 12:36:12,474][flwr][INFO] - 	                        (9, (15.915348663330075, 257.7913772940022)),
[2024-06-02 12:36:12,474][flwr][INFO] - 	                        (10, (2.173459167480469, 6.131437271429229)),
[2024-06-02 12:36:12,474][flwr][INFO] - 	                        (11, (14.558178558349606, 216.65832819541134)),
[2024-06-02 12:36:12,475][flwr][INFO] - 	                        (12, (2.0831713867187505, 5.056401214940477)),
[2024-06-02 12:36:12,475][flwr][INFO] - 	                        (13, (13.994736328124997, 200.4341014535315)),
[2024-06-02 12:36:12,476][flwr][INFO] - 	                        (14, (1.9754946899414065, 4.238808709598149)),
[2024-06-02 12:36:12,476][flwr][INFO] - 	                        (15, (13.991256561279295, 200.58961166206313)),
[2024-06-02 12:36:12,476][flwr][INFO] - 	                        (16, (2.0113505554199222, 4.698748288309787)),
[2024-06-02 12:36:12,477][flwr][INFO] - 	                        (17, (14.621195831298825, 218.2940399553991)),
[2024-06-02 12:36:12,477][flwr][INFO] - 	                        (18, (2.0617991638183595, 5.152485760791812)),
[2024-06-02 12:36:12,477][flwr][INFO] - 	                        (19, (14.310835876464841, 209.23726063315266)),
[2024-06-02 12:36:12,478][flwr][INFO] - 	                        (20, (2.0466731262207034, 5.078306541359405)),
[2024-06-02 12:36:12,478][flwr][INFO] - 	                        (21, (14.355943908691405, 210.47469881138622)),
[2024-06-02 12:36:12,478][flwr][INFO] - 	                        (22, (1.9383166503906253, 4.179373964024477)),
[2024-06-02 12:36:12,479][flwr][INFO] - 	                        (23, (13.37499069213867, 183.7749748204524)),
[2024-06-02 12:36:12,479][flwr][INFO] - 	                        (24, (2.0099063110351567, 4.99659574503871)),
[2024-06-02 12:36:12,480][flwr][INFO] - 	                        (25, (13.717085876464841, 192.49878492424472)),
[2024-06-02 12:36:12,480][flwr][INFO] - 	                        (26, (1.9019358825683597, 4.057375279736359)),
[2024-06-02 12:36:12,480][flwr][INFO] - 	                        (27, (13.136205139160154, 177.26483955717157)),
[2024-06-02 12:36:12,481][flwr][INFO] - 	                        (28, (2.0771113586425782, 6.10262375240366)),
[2024-06-02 12:36:12,481][flwr][INFO] - 	                        (29, (13.251304473876951, 180.10958303649477)),
[2024-06-02 12:36:12,481][flwr][INFO] - 	                        (30, (1.856211395263672, 3.9301026119167246)),
[2024-06-02 12:36:12,482][flwr][INFO] - 	                        (31, (12.414205780029295, 159.00204029871298)),
[2024-06-02 12:36:12,482][flwr][INFO] - 	                        (32, (1.948720855712891, 4.756239738873326)),
[2024-06-02 12:36:12,482][flwr][INFO] - 	                        (33, (11.883499755859374, 145.30161584359104)),
[2024-06-02 12:36:12,483][flwr][INFO] - 	                        (34, (1.7819255065917972, 3.8708976618355395)),
[2024-06-02 12:36:12,483][flwr][INFO] - 	                        (35, (10.750606384277344, 119.90797132220095)),
[2024-06-02 12:36:12,483][flwr][INFO] - 	                        (36, (1.7687060546875002, 4.215929327144755)),
[2024-06-02 12:36:12,484][flwr][INFO] - 	                        (37, (11.652562561035156, 139.74307378665986)),
[2024-06-02 12:36:12,484][flwr][INFO] - 	                        (38, (1.8292109680175783, 4.114549831023093)),
[2024-06-02 12:36:12,485][flwr][INFO] - 	                        (39, (10.511311950683593, 114.34707042784987)),
[2024-06-02 12:36:12,485][flwr][INFO] - 	                        (40, (1.8462199401855472, 4.448273725930255)),
[2024-06-02 12:36:12,485][flwr][INFO] - 	                        (41, (11.631409301757811, 139.1196791366008)),
[2024-06-02 12:36:12,486][flwr][INFO] - 	                        (42, (1.8608576965332033, 4.324903904897281)),
[2024-06-02 12:36:12,486][flwr][INFO] - 	                        (43, (10.952675476074218, 124.12572878102746)),
[2024-06-02 12:36:12,486][flwr][INFO] - 	                        (44, (1.9678668212890629, 5.952129803483612)),
[2024-06-02 12:36:12,487][flwr][INFO] - 	                        (45, (11.557334747314453, 137.3325558049829)),
[2024-06-02 12:36:12,487][flwr][INFO] - 	                        (46, (1.8641505432128909, 4.5585902822545075)),
[2024-06-02 12:36:12,488][flwr][INFO] - 	                        (47, (10.849438323974608, 121.87625968755023)),
[2024-06-02 12:36:12,488][flwr][INFO] - 	                        (48, (1.9509265136718752, 6.17022945395648)),
[2024-06-02 12:36:12,489][flwr][INFO] - 	                        (49, (10.868658294677733, 121.73212793174699)),
[2024-06-02 12:36:12,489][flwr][INFO] - 	                        (50, (1.8199771118164065, 4.405690083867874))]}
[2024-06-02 12:36:12,489][flwr][INFO] - 
