[2024-05-18 00:47:39,863][flwr][INFO] - Starting Flower simulation, config: num_rounds=2, no round_timeout
[2024-05-18 00:47:44,723][flwr][INFO] - Flower VCE: Ray initialized with resources: {'node:127.0.0.1': 1.0, 'object_store_memory': 7877883494.0, 'memory': 15755766990.0, 'CPU': 8.0, 'node:__internal_head__': 1.0}
[2024-05-18 00:47:44,724][flwr][INFO] - Optimize your simulation with Flower VCE: https://flower.ai/docs/framework/how-to-run-simulations.html
[2024-05-18 00:47:44,725][flwr][INFO] - Flower VCE: Resources for each Virtual Client: {'num_cpus': 2, 'num_gpus': 0.0}
[2024-05-18 00:47:44,735][flwr][INFO] - Flower VCE: Creating VirtualClientEngineActorPool with 4 actors
[2024-05-18 00:47:44,736][flwr][INFO] - [INIT]
[2024-05-18 00:47:44,737][flwr][INFO] - Requesting initial parameters from one random client
[2024-05-18 00:47:48,821][flwr][INFO] - Received initial parameters from one random client
[2024-05-18 00:47:48,821][flwr][INFO] - Evaluating initial global parameters
[2024-05-18 00:47:48,822][flwr][INFO] - 
[2024-05-18 00:47:48,823][flwr][INFO] - [ROUND 1]
[2024-05-18 00:47:48,824][flwr][INFO] - configure_fit: strategy sampled 13 clients (out of 13)
[2024-05-18 00:48:16,489][flwr][INFO] - aggregate_fit: received 13 results and 0 failures
[2024-05-18 00:48:16,499][flwr][WARNING] - No fit_metrics_aggregation_fn provided
[2024-05-18 00:48:16,500][flwr][INFO] - configure_evaluate: strategy sampled 13 clients (out of 13)
[2024-05-18 00:48:39,769][flwr][INFO] - aggregate_evaluate: received 13 results and 0 failures
[2024-05-18 00:48:39,769][flwr][WARNING] - No evaluate_metrics_aggregation_fn provided
[2024-05-18 00:48:39,770][flwr][INFO] - 
[2024-05-18 00:48:39,771][flwr][INFO] - [ROUND 2]
[2024-05-18 00:48:39,771][flwr][INFO] - configure_fit: strategy sampled 13 clients (out of 13)
[2024-05-18 00:49:05,439][flwr][INFO] - aggregate_fit: received 13 results and 0 failures
[2024-05-18 00:49:05,450][flwr][INFO] - configure_evaluate: strategy sampled 13 clients (out of 13)
[2024-05-18 00:49:28,595][flwr][INFO] - aggregate_evaluate: received 13 results and 0 failures
[2024-05-18 00:49:28,596][flwr][INFO] - 
[2024-05-18 00:49:28,596][flwr][INFO] - [SUMMARY]
[2024-05-18 00:49:28,596][flwr][INFO] - Run finished 2 rounds in 99.77s
[2024-05-18 00:49:28,597][flwr][INFO] - History (loss, distributed):
[2024-05-18 00:49:28,597][flwr][INFO] - 	'\tround 1: 1303.0317542419111\n\tround 2: 1084.620547723514\n'
[2024-05-18 00:49:28,598][flwr][INFO] - 
