[2024-06-10 17:58:37,181][flwr][INFO] - Starting Flower simulation, config: num_rounds=20, no round_timeout
[2024-06-10 17:58:44,622][flwr][INFO] - Flower VCE: Ray initialized with resources: {'memory': 7629805979.0, 'node:127.0.0.1': 1.0, 'object_store_memory': 3814902988.0, 'CPU': 8.0, 'node:__internal_head__': 1.0}
[2024-06-10 17:58:44,623][flwr][INFO] - Optimize your simulation with Flower VCE: https://flower.ai/docs/framework/how-to-run-simulations.html
[2024-06-10 17:58:44,623][flwr][INFO] - Flower VCE: Resources for each Virtual Client: {'num_cpus': 2, 'num_gpus': 0.0}
[2024-06-10 17:58:44,648][flwr][INFO] - Flower VCE: Creating VirtualClientEngineActorPool with 4 actors
[2024-06-10 17:58:44,653][flwr][INFO] - [INIT]
[2024-06-10 17:58:44,658][flwr][INFO] - Requesting initial parameters from one random client
[2024-06-10 17:58:49,528][flwr][INFO] - Received initial parameters from one random client
[2024-06-10 17:58:49,529][flwr][INFO] - Evaluating initial global parameters
[2024-06-10 17:58:49,544][flwr][INFO] - initial parameters (loss, other metrics): tensor(14031.7253, dtype=torch.float64), {'mae_loss, mse_loss': (118.43831726074218, 14031.725323179062)}
[2024-06-10 17:58:49,548][flwr][INFO] - 
[2024-06-10 17:58:49,549][flwr][INFO] - [ROUND 1]
[2024-06-10 17:58:49,550][flwr][INFO] - configure_fit: strategy sampled 25 clients (out of 25)
[2024-06-10 17:58:55,249][flwr][INFO] - aggregate_fit: received 25 results and 0 failures
[2024-06-10 17:58:55,309][flwr][WARNING] - No fit_metrics_aggregation_fn provided
[2024-06-10 17:58:55,319][flwr][INFO] - fit progress: (1, tensor(185.7769, dtype=torch.float64), {'mae_loss, mse_loss': (13.591998901367186, 185.7769359229747)}, 5.769916200000001)
[2024-06-10 17:58:55,321][flwr][INFO] - configure_evaluate: strategy sampled 25 clients (out of 25)
[2024-06-10 17:58:55,856][flwr][INFO] - aggregate_evaluate: received 25 results and 0 failures
[2024-06-10 17:58:55,857][flwr][WARNING] - No evaluate_metrics_aggregation_fn provided
[2024-06-10 17:58:55,858][flwr][INFO] - 
[2024-06-10 17:58:55,859][flwr][INFO] - [ROUND 2]
[2024-06-10 17:58:55,861][flwr][INFO] - configure_fit: strategy sampled 25 clients (out of 25)
[2024-06-10 17:58:56,489][flwr][INFO] - aggregate_fit: received 25 results and 0 failures
[2024-06-10 17:58:56,554][flwr][INFO] - fit progress: (2, tensor(2.0866, dtype=torch.float64), {'mae_loss, mse_loss': (1.180050201416016, 2.0866265199767655)}, 7.005479400000002)
[2024-06-10 17:58:56,556][flwr][INFO] - configure_evaluate: strategy sampled 25 clients (out of 25)
[2024-06-10 17:58:57,117][flwr][INFO] - aggregate_evaluate: received 25 results and 0 failures
[2024-06-10 17:58:57,119][flwr][INFO] - 
[2024-06-10 17:58:57,120][flwr][INFO] - [ROUND 3]
[2024-06-10 17:58:57,121][flwr][INFO] - configure_fit: strategy sampled 25 clients (out of 25)
[2024-06-10 17:58:57,805][flwr][INFO] - aggregate_fit: received 25 results and 0 failures
[2024-06-10 17:58:57,887][flwr][INFO] - fit progress: (3, tensor(4.0937, dtype=torch.float64), {'mae_loss, mse_loss': (1.8394186401367179, 4.093732017215573)}, 8.3387074)
[2024-06-10 17:58:57,889][flwr][INFO] - configure_evaluate: strategy sampled 25 clients (out of 25)
[2024-06-10 17:58:58,561][flwr][INFO] - aggregate_evaluate: received 25 results and 0 failures
[2024-06-10 17:58:58,562][flwr][INFO] - 
[2024-06-10 17:58:58,563][flwr][INFO] - [ROUND 4]
[2024-06-10 17:58:58,563][flwr][INFO] - configure_fit: strategy sampled 25 clients (out of 25)
[2024-06-10 17:58:59,202][flwr][INFO] - aggregate_fit: received 25 results and 0 failures
[2024-06-10 17:58:59,270][flwr][INFO] - fit progress: (4, tensor(1.7197, dtype=torch.float64), {'mae_loss, mse_loss': (1.133555145263672, 1.719665988880792)}, 9.721765900000001)
[2024-06-10 17:58:59,272][flwr][INFO] - configure_evaluate: strategy sampled 25 clients (out of 25)
[2024-06-10 17:58:59,817][flwr][INFO] - aggregate_evaluate: received 25 results and 0 failures
[2024-06-10 17:58:59,819][flwr][INFO] - 
[2024-06-10 17:58:59,820][flwr][INFO] - [ROUND 5]
[2024-06-10 17:58:59,821][flwr][INFO] - configure_fit: strategy sampled 25 clients (out of 25)
[2024-06-10 17:59:00,465][flwr][INFO] - aggregate_fit: received 25 results and 0 failures
[2024-06-10 17:59:00,533][flwr][INFO] - fit progress: (5, tensor(3.1585, dtype=torch.float64), {'mae_loss, mse_loss': (1.5834570312499991, 3.1584564978720144)}, 10.984701999999999)
[2024-06-10 17:59:00,535][flwr][INFO] - configure_evaluate: strategy sampled 25 clients (out of 25)
[2024-06-10 17:59:01,094][flwr][INFO] - aggregate_evaluate: received 25 results and 0 failures
[2024-06-10 17:59:01,095][flwr][INFO] - 
[2024-06-10 17:59:01,096][flwr][INFO] - [ROUND 6]
[2024-06-10 17:59:01,097][flwr][INFO] - configure_fit: strategy sampled 25 clients (out of 25)
[2024-06-10 17:59:01,761][flwr][INFO] - aggregate_fit: received 25 results and 0 failures
[2024-06-10 17:59:01,827][flwr][INFO] - fit progress: (6, tensor(2.4824, dtype=torch.float64), {'mae_loss, mse_loss': (1.3711050415039054, 2.482355607397388)}, 12.2790429)
[2024-06-10 17:59:01,830][flwr][INFO] - configure_evaluate: strategy sampled 25 clients (out of 25)
[2024-06-10 17:59:02,371][flwr][INFO] - aggregate_evaluate: received 25 results and 0 failures
[2024-06-10 17:59:02,372][flwr][INFO] - 
[2024-06-10 17:59:02,373][flwr][INFO] - [ROUND 7]
[2024-06-10 17:59:02,374][flwr][INFO] - configure_fit: strategy sampled 25 clients (out of 25)
[2024-06-10 17:59:02,987][flwr][INFO] - aggregate_fit: received 25 results and 0 failures
[2024-06-10 17:59:03,055][flwr][INFO] - fit progress: (7, tensor(1.1359, dtype=torch.float64), {'mae_loss, mse_loss': (0.9387728881835941, 1.1359479362177665)}, 13.5070148)
[2024-06-10 17:59:03,058][flwr][INFO] - configure_evaluate: strategy sampled 25 clients (out of 25)
[2024-06-10 17:59:03,638][flwr][INFO] - aggregate_evaluate: received 25 results and 0 failures
[2024-06-10 17:59:03,639][flwr][INFO] - 
[2024-06-10 17:59:03,640][flwr][INFO] - [ROUND 8]
[2024-06-10 17:59:03,641][flwr][INFO] - configure_fit: strategy sampled 25 clients (out of 25)
[2024-06-10 17:59:04,344][flwr][INFO] - aggregate_fit: received 25 results and 0 failures
[2024-06-10 17:59:04,408][flwr][INFO] - fit progress: (8, tensor(1.5048, dtype=torch.float64), {'mae_loss, mse_loss': (1.0747981262207034, 1.5047530070812207)}, 14.859158399999998)
[2024-06-10 17:59:04,410][flwr][INFO] - configure_evaluate: strategy sampled 25 clients (out of 25)
