[2024-06-11 19:51:18,850][flwr][INFO] - Starting Flower simulation, config: num_rounds=2, no round_timeout
[2024-06-11 19:51:24,017][flwr][INFO] - Flower VCE: Ray initialized with resources: {'node:127.0.0.1': 1.0, 'memory': 14401334478.0, 'object_store_memory': 7200667238.0, 'node:__internal_head__': 1.0, 'CPU': 8.0}
[2024-06-11 19:51:24,017][flwr][INFO] - Optimize your simulation with Flower VCE: https://flower.ai/docs/framework/how-to-run-simulations.html
[2024-06-11 19:51:24,017][flwr][INFO] - Flower VCE: Resources for each Virtual Client: {'num_cpus': 8, 'num_gpus': 0.0}
[2024-06-11 19:51:24,017][flwr][INFO] - Flower VCE: Creating VirtualClientEngineActorPool with 1 actors
[2024-06-11 19:51:24,033][flwr][INFO] - [INIT]
[2024-06-11 19:51:24,034][flwr][INFO] - Requesting initial parameters from one random client
[2024-06-11 19:51:27,967][flwr][INFO] - Received initial parameters from one random client
[2024-06-11 19:51:27,983][flwr][INFO] - Evaluating initial global parameters
[2024-06-11 19:51:27,984][flwr][INFO] - initial parameters (loss, other metrics): tensor(148.5610, dtype=torch.float64), {'mae_loss, mse_loss': (12.038562927246094, 148.56097833045155)}
[2024-06-11 19:51:27,993][flwr][INFO] - 
[2024-06-11 19:51:27,993][flwr][INFO] - [ROUND 1]
[2024-06-11 19:51:27,994][flwr][INFO] - configure_fit: strategy sampled 1 clients (out of 25)
[2024-06-11 19:51:29,483][flwr][INFO] - aggregate_fit: received 1 results and 0 failures
[2024-06-11 19:51:29,483][flwr][WARNING] - No fit_metrics_aggregation_fn provided
[2024-06-11 19:51:29,500][flwr][INFO] - fit progress: (1, tensor(19.2622, dtype=torch.float64), {'mae_loss, mse_loss': (3.8889318847656242, 19.26220250570308)}, 1.5087390999999997)
[2024-06-11 19:51:29,503][flwr][INFO] - configure_evaluate: strategy sampled 25 clients (out of 25)
[2024-06-11 19:51:29,967][flwr][INFO] - aggregate_evaluate: received 25 results and 0 failures
[2024-06-11 19:51:29,967][flwr][WARNING] - No evaluate_metrics_aggregation_fn provided
[2024-06-11 19:51:29,967][flwr][INFO] - 
[2024-06-11 19:51:29,967][flwr][INFO] - [ROUND 2]
[2024-06-11 19:51:29,967][flwr][INFO] - configure_fit: strategy sampled 1 clients (out of 25)
[2024-06-11 19:51:30,076][flwr][INFO] - aggregate_fit: received 1 results and 0 failures
[2024-06-11 19:51:30,081][flwr][INFO] - fit progress: (2, tensor(24.2629, dtype=torch.float64), {'mae_loss, mse_loss': (4.477342834472656, 24.262936215492424)}, 2.088606799999999)
[2024-06-11 19:51:30,083][flwr][INFO] - configure_evaluate: strategy sampled 25 clients (out of 25)
[2024-06-11 19:51:30,634][flwr][INFO] - aggregate_evaluate: received 25 results and 0 failures
[2024-06-11 19:51:30,634][flwr][INFO] - 
[2024-06-11 19:51:30,634][flwr][INFO] - [SUMMARY]
[2024-06-11 19:51:30,634][flwr][INFO] - Run finished 2 rounds in 2.64s
[2024-06-11 19:51:30,634][flwr][INFO] - History (loss, distributed):
[2024-06-11 19:51:30,634][flwr][INFO] - 	'\tround 1: 41.40983038253942\n\tround 2: 32.87487956883663\n'History (loss, centralized):
[2024-06-11 19:51:30,634][flwr][INFO] - 	('\tround 0: 148.56097833045155\n'
[2024-06-11 19:51:30,634][flwr][INFO] - 	 '\tround 1: 19.26220250570308\n'
[2024-06-11 19:51:30,634][flwr][INFO] - 	 '\tround 2: 24.262936215492424\n')History (metrics, centralized):
[2024-06-11 19:51:30,640][flwr][INFO] - 	{'mae_loss, mse_loss': [(0, (12.038562927246094, 148.56097833045155)),
[2024-06-11 19:51:30,640][flwr][INFO] - 	                        (1, (3.8889318847656242, 19.26220250570308)),
[2024-06-11 19:51:30,641][flwr][INFO] - 	                        (2, (4.477342834472656, 24.262936215492424))]}
[2024-06-11 19:51:30,641][flwr][INFO] - 
