[2024-06-07 17:58:53,798][flwr][INFO] - Starting Flower simulation, config: num_rounds=50, no round_timeout
[2024-06-07 17:58:59,200][flwr][INFO] - Flower VCE: Ray initialized with resources: {'CPU': 8.0, 'node:__internal_head__': 1.0, 'memory': 7041456539.0, 'object_store_memory': 3520728268.0, 'node:127.0.0.1': 1.0}
[2024-06-07 17:58:59,201][flwr][INFO] - Optimize your simulation with Flower VCE: https://flower.ai/docs/framework/how-to-run-simulations.html
[2024-06-07 17:58:59,202][flwr][INFO] - Flower VCE: Resources for each Virtual Client: {'num_cpus': 1, 'num_gpus': 0.0}
[2024-06-07 17:58:59,213][flwr][INFO] - Flower VCE: Creating VirtualClientEngineActorPool with 8 actors
[2024-06-07 17:58:59,214][flwr][INFO] - [INIT]
[2024-06-07 17:58:59,215][flwr][INFO] - Requesting initial parameters from one random client
[2024-06-07 17:59:04,182][flwr][INFO] - Received initial parameters from one random client
[2024-06-07 17:59:04,183][flwr][INFO] - Evaluating initial global parameters
[2024-06-07 17:59:04,192][flwr][INFO] - initial parameters (loss, other metrics): tensor(3126.0091, dtype=torch.float64), {'mae_loss, mse_loss': (55.90655818939209, 3126.0091183614154)}
[2024-06-07 17:59:04,194][flwr][INFO] - 
[2024-06-07 17:59:04,195][flwr][INFO] - [ROUND 1]
[2024-06-07 17:59:04,196][flwr][INFO] - configure_fit: strategy sampled 12 clients (out of 25)
[2024-06-07 17:59:11,695][flwr][INFO] - aggregate_fit: received 12 results and 0 failures
[2024-06-07 17:59:11,705][flwr][WARNING] - No fit_metrics_aggregation_fn provided
[2024-06-07 17:59:11,710][flwr][INFO] - fit progress: (1, tensor(6.5605, dtype=torch.float64), {'mae_loss, mse_loss': (2.4770697021484365, 6.560494537926042)}, 7.5155162)
[2024-06-07 17:59:11,712][flwr][INFO] - configure_evaluate: strategy sampled 12 clients (out of 25)
[2024-06-07 17:59:11,846][flwr][INFO] - aggregate_evaluate: received 12 results and 0 failures
[2024-06-07 17:59:11,847][flwr][WARNING] - No evaluate_metrics_aggregation_fn provided
[2024-06-07 17:59:11,848][flwr][INFO] - 
[2024-06-07 17:59:11,849][flwr][INFO] - [ROUND 2]
[2024-06-07 17:59:11,850][flwr][INFO] - configure_fit: strategy sampled 12 clients (out of 25)
[2024-06-07 17:59:12,133][flwr][INFO] - aggregate_fit: received 12 results and 0 failures
[2024-06-07 17:59:12,146][flwr][INFO] - fit progress: (2, tensor(0.6621, dtype=torch.float64), {'mae_loss, mse_loss': (0.6700617980957034, 0.6620603404337297)}, 7.951802499999999)
[2024-06-07 17:59:12,147][flwr][INFO] - configure_evaluate: strategy sampled 12 clients (out of 25)
[2024-06-07 17:59:12,277][flwr][INFO] - aggregate_evaluate: received 12 results and 0 failures
[2024-06-07 17:59:12,277][flwr][INFO] - 
[2024-06-07 17:59:12,278][flwr][INFO] - [ROUND 3]
[2024-06-07 17:59:12,279][flwr][INFO] - configure_fit: strategy sampled 12 clients (out of 25)
[2024-06-07 17:59:12,563][flwr][INFO] - aggregate_fit: received 12 results and 0 failures
[2024-06-07 17:59:12,576][flwr][INFO] - fit progress: (3, tensor(0.5465, dtype=torch.float64), {'mae_loss, mse_loss': (0.6365779113769534, 0.5465011366227401)}, 8.3816108)
[2024-06-07 17:59:12,578][flwr][INFO] - configure_evaluate: strategy sampled 12 clients (out of 25)
[2024-06-07 17:59:12,702][flwr][INFO] - aggregate_evaluate: received 12 results and 0 failures
[2024-06-07 17:59:12,703][flwr][INFO] - 
[2024-06-07 17:59:12,704][flwr][INFO] - [ROUND 4]
[2024-06-07 17:59:12,704][flwr][INFO] - configure_fit: strategy sampled 12 clients (out of 25)
[2024-06-07 17:59:12,993][flwr][INFO] - aggregate_fit: received 12 results and 0 failures
[2024-06-07 17:59:13,008][flwr][INFO] - fit progress: (4, tensor(2.0132, dtype=torch.float64), {'mae_loss, mse_loss': (1.3508497619628899, 2.013168844222438)}, 8.8133968)
[2024-06-07 17:59:13,009][flwr][INFO] - configure_evaluate: strategy sampled 12 clients (out of 25)
[2024-06-07 17:59:13,135][flwr][INFO] - aggregate_evaluate: received 12 results and 0 failures
[2024-06-07 17:59:13,136][flwr][INFO] - 
[2024-06-07 17:59:13,136][flwr][INFO] - [ROUND 5]
[2024-06-07 17:59:13,137][flwr][INFO] - configure_fit: strategy sampled 12 clients (out of 25)
[2024-06-07 17:59:13,420][flwr][INFO] - aggregate_fit: received 12 results and 0 failures
[2024-06-07 17:59:13,433][flwr][INFO] - fit progress: (5, tensor(0.3196, dtype=torch.float64), {'mae_loss, mse_loss': (0.4847003173828128, 0.31964227477414475)}, 9.238722)
[2024-06-07 17:59:13,435][flwr][INFO] - configure_evaluate: strategy sampled 12 clients (out of 25)
[2024-06-07 17:59:13,555][flwr][INFO] - aggregate_evaluate: received 12 results and 0 failures
[2024-06-07 17:59:13,555][flwr][INFO] - 
[2024-06-07 17:59:13,556][flwr][INFO] - [ROUND 6]
[2024-06-07 17:59:13,556][flwr][INFO] - configure_fit: strategy sampled 12 clients (out of 25)
[2024-06-07 17:59:13,837][flwr][INFO] - aggregate_fit: received 12 results and 0 failures
[2024-06-07 17:59:13,852][flwr][INFO] - fit progress: (6, tensor(1.2097, dtype=torch.float64), {'mae_loss, mse_loss': (1.0582289123535147, 1.2097275116251534)}, 9.6578661)
[2024-06-07 17:59:13,853][flwr][INFO] - configure_evaluate: strategy sampled 12 clients (out of 25)
[2024-06-07 17:59:13,996][flwr][INFO] - aggregate_evaluate: received 12 results and 0 failures
[2024-06-07 17:59:13,997][flwr][INFO] - 
[2024-06-07 17:59:13,997][flwr][INFO] - [ROUND 7]
[2024-06-07 17:59:13,998][flwr][INFO] - configure_fit: strategy sampled 12 clients (out of 25)
[2024-06-07 17:59:14,301][flwr][INFO] - aggregate_fit: received 12 results and 0 failures
[2024-06-07 17:59:14,314][flwr][INFO] - fit progress: (7, tensor(1.0496, dtype=torch.float64), {'mae_loss, mse_loss': (0.9804304504394523, 1.0496013968394822)}, 10.120187300000001)
[2024-06-07 17:59:14,316][flwr][INFO] - configure_evaluate: strategy sampled 12 clients (out of 25)
[2024-06-07 17:59:14,448][flwr][INFO] - aggregate_evaluate: received 12 results and 0 failures
[2024-06-07 17:59:14,449][flwr][INFO] - 
[2024-06-07 17:59:14,449][flwr][INFO] - [ROUND 8]
[2024-06-07 17:59:14,450][flwr][INFO] - configure_fit: strategy sampled 12 clients (out of 25)
[2024-06-07 17:59:14,733][flwr][INFO] - aggregate_fit: received 12 results and 0 failures
[2024-06-07 17:59:14,748][flwr][INFO] - fit progress: (8, tensor(0.8013, dtype=torch.float64), {'mae_loss, mse_loss': (0.8597204589843741, 0.801344633680767)}, 10.5538181)
[2024-06-07 17:59:14,750][flwr][INFO] - configure_evaluate: strategy sampled 12 clients (out of 25)
[2024-06-07 17:59:14,875][flwr][INFO] - aggregate_evaluate: received 12 results and 0 failures
[2024-06-07 17:59:14,875][flwr][INFO] - 
[2024-06-07 17:59:14,876][flwr][INFO] - [ROUND 9]
[2024-06-07 17:59:14,876][flwr][INFO] - configure_fit: strategy sampled 12 clients (out of 25)
[2024-06-07 17:59:15,160][flwr][INFO] - aggregate_fit: received 12 results and 0 failures
[2024-06-07 17:59:15,173][flwr][INFO] - fit progress: (9, tensor(0.0989, dtype=torch.float64), {'mae_loss, mse_loss': (0.28218719482421906, 0.09891559497429976)}, 10.979016900000001)
[2024-06-07 17:59:15,175][flwr][INFO] - configure_evaluate: strategy sampled 12 clients (out of 25)
[2024-06-07 17:59:15,313][flwr][INFO] - aggregate_evaluate: received 12 results and 0 failures
[2024-06-07 17:59:15,314][flwr][INFO] - 
[2024-06-07 17:59:15,314][flwr][INFO] - [ROUND 10]
[2024-06-07 17:59:15,315][flwr][INFO] - configure_fit: strategy sampled 12 clients (out of 25)
[2024-06-07 17:59:15,609][flwr][INFO] - aggregate_fit: received 12 results and 0 failures
[2024-06-07 17:59:15,650][flwr][INFO] - fit progress: (10, tensor(0.5570, dtype=torch.float64), {'mae_loss, mse_loss': (0.7115019226074211, 0.5570026320152675)}, 11.455051300000001)
[2024-06-07 17:59:15,652][flwr][INFO] - configure_evaluate: strategy sampled 12 clients (out of 25)
[2024-06-07 17:59:15,811][flwr][INFO] - aggregate_evaluate: received 12 results and 0 failures
[2024-06-07 17:59:15,811][flwr][INFO] - 
[2024-06-07 17:59:15,812][flwr][INFO] - [ROUND 11]
[2024-06-07 17:59:15,812][flwr][INFO] - configure_fit: strategy sampled 12 clients (out of 25)
[2024-06-07 17:59:16,093][flwr][INFO] - aggregate_fit: received 12 results and 0 failures
[2024-06-07 17:59:16,106][flwr][INFO] - fit progress: (11, tensor(0.3870, dtype=torch.float64), {'mae_loss, mse_loss': (0.5498098754882804, 0.3870041576526122)}, 11.911964700000002)
[2024-06-07 17:59:16,107][flwr][INFO] - configure_evaluate: strategy sampled 12 clients (out of 25)
[2024-06-07 17:59:16,231][flwr][INFO] - aggregate_evaluate: received 12 results and 0 failures
[2024-06-07 17:59:16,231][flwr][INFO] - 
[2024-06-07 17:59:16,232][flwr][INFO] - [ROUND 12]
[2024-06-07 17:59:16,232][flwr][INFO] - configure_fit: strategy sampled 12 clients (out of 25)
[2024-06-07 17:59:16,514][flwr][INFO] - aggregate_fit: received 12 results and 0 failures
[2024-06-07 17:59:16,530][flwr][INFO] - fit progress: (12, tensor(0.9511, dtype=torch.float64), {'mae_loss, mse_loss': (0.9302313232421866, 0.9510843654940825)}, 12.3358269)
[2024-06-07 17:59:16,531][flwr][INFO] - configure_evaluate: strategy sampled 12 clients (out of 25)
[2024-06-07 17:59:16,721][flwr][INFO] - aggregate_evaluate: received 12 results and 0 failures
[2024-06-07 17:59:16,722][flwr][INFO] - 
[2024-06-07 17:59:16,723][flwr][INFO] - [ROUND 13]
[2024-06-07 17:59:16,723][flwr][INFO] - configure_fit: strategy sampled 12 clients (out of 25)
[2024-06-07 17:59:17,009][flwr][INFO] - aggregate_fit: received 12 results and 0 failures
[2024-06-07 17:59:17,024][flwr][INFO] - fit progress: (13, tensor(1.0288, dtype=torch.float64), {'mae_loss, mse_loss': (0.9814619445800773, 1.028839740672031)}, 12.8302194)
[2024-06-07 17:59:17,027][flwr][INFO] - configure_evaluate: strategy sampled 12 clients (out of 25)
[2024-06-07 17:59:17,150][flwr][INFO] - aggregate_evaluate: received 12 results and 0 failures
[2024-06-07 17:59:17,151][flwr][INFO] - 
[2024-06-07 17:59:17,152][flwr][INFO] - [ROUND 14]
[2024-06-07 17:59:17,152][flwr][INFO] - configure_fit: strategy sampled 12 clients (out of 25)
[2024-06-07 17:59:17,432][flwr][INFO] - aggregate_fit: received 12 results and 0 failures
[2024-06-07 17:59:17,447][flwr][INFO] - fit progress: (14, tensor(0.2806, dtype=torch.float64), {'mae_loss, mse_loss': (0.4601222229003909, 0.2806291588329474)}, 13.2521421)
[2024-06-07 17:59:17,448][flwr][INFO] - configure_evaluate: strategy sampled 12 clients (out of 25)
[2024-06-07 17:59:17,583][flwr][INFO] - aggregate_evaluate: received 12 results and 0 failures
[2024-06-07 17:59:17,584][flwr][INFO] - 
[2024-06-07 17:59:17,585][flwr][INFO] - [ROUND 15]
[2024-06-07 17:59:17,586][flwr][INFO] - configure_fit: strategy sampled 12 clients (out of 25)
[2024-06-07 17:59:17,867][flwr][INFO] - aggregate_fit: received 12 results and 0 failures
[2024-06-07 17:59:17,881][flwr][INFO] - fit progress: (15, tensor(0.7710, dtype=torch.float64), {'mae_loss, mse_loss': (0.8303953552246085, 0.7709665273436104)}, 13.687702900000001)
[2024-06-07 17:59:17,884][flwr][INFO] - configure_evaluate: strategy sampled 12 clients (out of 25)
[2024-06-07 17:59:18,021][flwr][INFO] - aggregate_evaluate: received 12 results and 0 failures
[2024-06-07 17:59:18,022][flwr][INFO] - 
[2024-06-07 17:59:18,023][flwr][INFO] - [ROUND 16]
[2024-06-07 17:59:18,024][flwr][INFO] - configure_fit: strategy sampled 12 clients (out of 25)
[2024-06-07 17:59:18,301][flwr][INFO] - aggregate_fit: received 12 results and 0 failures
[2024-06-07 17:59:18,316][flwr][INFO] - fit progress: (16, tensor(2.0407, dtype=torch.float64), {'mae_loss, mse_loss': (1.397182312011718, 2.04069244831777)}, 14.1223454)
[2024-06-07 17:59:18,318][flwr][INFO] - configure_evaluate: strategy sampled 12 clients (out of 25)
[2024-06-07 17:59:18,449][flwr][INFO] - aggregate_evaluate: received 12 results and 0 failures
[2024-06-07 17:59:18,450][flwr][INFO] - 
[2024-06-07 17:59:18,451][flwr][INFO] - [ROUND 17]
[2024-06-07 17:59:18,451][flwr][INFO] - configure_fit: strategy sampled 12 clients (out of 25)
[2024-06-07 17:59:18,735][flwr][INFO] - aggregate_fit: received 12 results and 0 failures
[2024-06-07 17:59:18,749][flwr][INFO] - fit progress: (17, tensor(1.2745, dtype=torch.float64), {'mae_loss, mse_loss': (1.0944204711914054, 1.2745358105024776)}, 14.555503300000002)
[2024-06-07 17:59:18,751][flwr][INFO] - configure_evaluate: strategy sampled 12 clients (out of 25)
[2024-06-07 17:59:18,880][flwr][INFO] - aggregate_evaluate: received 12 results and 0 failures
[2024-06-07 17:59:18,880][flwr][INFO] - 
[2024-06-07 17:59:18,881][flwr][INFO] - [ROUND 18]
[2024-06-07 17:59:18,881][flwr][INFO] - configure_fit: strategy sampled 12 clients (out of 25)
[2024-06-07 17:59:19,154][flwr][INFO] - aggregate_fit: received 12 results and 0 failures
[2024-06-07 17:59:19,166][flwr][INFO] - fit progress: (18, tensor(0.5968, dtype=torch.float64), {'mae_loss, mse_loss': (0.7246450805664054, 0.5968262773400632)}, 14.9723197)
[2024-06-07 17:59:19,168][flwr][INFO] - configure_evaluate: strategy sampled 12 clients (out of 25)
[2024-06-07 17:59:19,305][flwr][INFO] - aggregate_evaluate: received 12 results and 0 failures
[2024-06-07 17:59:19,305][flwr][INFO] - 
[2024-06-07 17:59:19,306][flwr][INFO] - [ROUND 19]
[2024-06-07 17:59:19,306][flwr][INFO] - configure_fit: strategy sampled 12 clients (out of 25)
[2024-06-07 17:59:19,585][flwr][INFO] - aggregate_fit: received 12 results and 0 failures
[2024-06-07 17:59:19,598][flwr][INFO] - fit progress: (19, tensor(1.0040, dtype=torch.float64), {'mae_loss, mse_loss': (0.9651312255859367, 1.0040169954739966)}, 15.4041809)
[2024-06-07 17:59:19,600][flwr][INFO] - configure_evaluate: strategy sampled 12 clients (out of 25)
[2024-06-07 17:59:19,726][flwr][INFO] - aggregate_evaluate: received 12 results and 0 failures
[2024-06-07 17:59:19,727][flwr][INFO] - 
[2024-06-07 17:59:19,727][flwr][INFO] - [ROUND 20]
[2024-06-07 17:59:19,728][flwr][INFO] - configure_fit: strategy sampled 12 clients (out of 25)
[2024-06-07 17:59:20,014][flwr][INFO] - aggregate_fit: received 12 results and 0 failures
[2024-06-07 17:59:20,028][flwr][INFO] - fit progress: (20, tensor(1.5659, dtype=torch.float64), {'mae_loss, mse_loss': (1.2267958068847649, 1.565904349899267)}, 15.833527100000001)
[2024-06-07 17:59:20,030][flwr][INFO] - configure_evaluate: strategy sampled 12 clients (out of 25)
[2024-06-07 17:59:20,166][flwr][INFO] - aggregate_evaluate: received 12 results and 0 failures
[2024-06-07 17:59:20,167][flwr][INFO] - 
[2024-06-07 17:59:20,168][flwr][INFO] - [ROUND 21]
[2024-06-07 17:59:20,168][flwr][INFO] - configure_fit: strategy sampled 12 clients (out of 25)
[2024-06-07 17:59:20,448][flwr][INFO] - aggregate_fit: received 12 results and 0 failures
[2024-06-07 17:59:20,461][flwr][INFO] - fit progress: (21, tensor(0.7579, dtype=torch.float64), {'mae_loss, mse_loss': (0.8349745178222647, 0.7578554718013611)}, 16.2669676)
[2024-06-07 17:59:20,463][flwr][INFO] - configure_evaluate: strategy sampled 12 clients (out of 25)
[2024-06-07 17:59:20,584][flwr][INFO] - aggregate_evaluate: received 12 results and 0 failures
[2024-06-07 17:59:20,585][flwr][INFO] - 
[2024-06-07 17:59:20,585][flwr][INFO] - [ROUND 22]
[2024-06-07 17:59:20,586][flwr][INFO] - configure_fit: strategy sampled 12 clients (out of 25)
[2024-06-07 17:59:20,893][flwr][INFO] - aggregate_fit: received 12 results and 0 failures
[2024-06-07 17:59:20,908][flwr][INFO] - fit progress: (22, tensor(0.3973, dtype=torch.float64), {'mae_loss, mse_loss': (0.5773298645019522, 0.397261051222798)}, 16.713544300000002)
[2024-06-07 17:59:20,910][flwr][INFO] - configure_evaluate: strategy sampled 12 clients (out of 25)
[2024-06-07 17:59:21,042][flwr][INFO] - aggregate_evaluate: received 12 results and 0 failures
[2024-06-07 17:59:21,043][flwr][INFO] - 
[2024-06-07 17:59:21,043][flwr][INFO] - [ROUND 23]
[2024-06-07 17:59:21,044][flwr][INFO] - configure_fit: strategy sampled 12 clients (out of 25)
[2024-06-07 17:59:21,322][flwr][INFO] - aggregate_fit: received 12 results and 0 failures
[2024-06-07 17:59:21,335][flwr][INFO] - fit progress: (23, tensor(0.6029, dtype=torch.float64), {'mae_loss, mse_loss': (0.739462127685546, 0.6028504482439013)}, 17.1409182)
[2024-06-07 17:59:21,337][flwr][INFO] - configure_evaluate: strategy sampled 12 clients (out of 25)
[2024-06-07 17:59:21,490][flwr][INFO] - aggregate_evaluate: received 12 results and 0 failures
[2024-06-07 17:59:21,491][flwr][INFO] - 
[2024-06-07 17:59:21,491][flwr][INFO] - [ROUND 24]
[2024-06-07 17:59:21,492][flwr][INFO] - configure_fit: strategy sampled 12 clients (out of 25)
[2024-06-07 17:59:21,786][flwr][INFO] - aggregate_fit: received 12 results and 0 failures
[2024-06-07 17:59:21,799][flwr][INFO] - fit progress: (24, tensor(0.7182, dtype=torch.float64), {'mae_loss, mse_loss': (0.8155989074707023, 0.7182333585506996)}, 17.605762400000003)
[2024-06-07 17:59:21,801][flwr][INFO] - configure_evaluate: strategy sampled 12 clients (out of 25)
[2024-06-07 17:59:21,932][flwr][INFO] - aggregate_evaluate: received 12 results and 0 failures
[2024-06-07 17:59:21,933][flwr][INFO] - 
[2024-06-07 17:59:21,933][flwr][INFO] - [ROUND 25]
[2024-06-07 17:59:21,934][flwr][INFO] - configure_fit: strategy sampled 12 clients (out of 25)
[2024-06-07 17:59:22,224][flwr][INFO] - aggregate_fit: received 12 results and 0 failures
[2024-06-07 17:59:22,238][flwr][INFO] - fit progress: (25, tensor(0.6786, dtype=torch.float64), {'mae_loss, mse_loss': (0.7913092041015617, 0.678592161452164)}, 18.044252399999998)
[2024-06-07 17:59:22,240][flwr][INFO] - configure_evaluate: strategy sampled 12 clients (out of 25)
[2024-06-07 17:59:22,375][flwr][INFO] - aggregate_evaluate: received 12 results and 0 failures
[2024-06-07 17:59:22,376][flwr][INFO] - 
[2024-06-07 17:59:22,376][flwr][INFO] - [ROUND 26]
[2024-06-07 17:59:22,377][flwr][INFO] - configure_fit: strategy sampled 12 clients (out of 25)
[2024-06-07 17:59:22,660][flwr][INFO] - aggregate_fit: received 12 results and 0 failures
[2024-06-07 17:59:22,674][flwr][INFO] - fit progress: (26, tensor(0.6465, dtype=torch.float64), {'mae_loss, mse_loss': (0.7725325012207023, 0.6465115809642004)}, 18.4795916)
[2024-06-07 17:59:22,675][flwr][INFO] - configure_evaluate: strategy sampled 12 clients (out of 25)
[2024-06-07 17:59:22,807][flwr][INFO] - aggregate_evaluate: received 12 results and 0 failures
[2024-06-07 17:59:22,808][flwr][INFO] - 
[2024-06-07 17:59:22,808][flwr][INFO] - [ROUND 27]
[2024-06-07 17:59:22,809][flwr][INFO] - configure_fit: strategy sampled 12 clients (out of 25)
[2024-06-07 17:59:23,093][flwr][INFO] - aggregate_fit: received 12 results and 0 failures
[2024-06-07 17:59:23,108][flwr][INFO] - fit progress: (27, tensor(0.5105, dtype=torch.float64), {'mae_loss, mse_loss': (0.6791883850097648, 0.5104543041953578)}, 18.9136668)
[2024-06-07 17:59:23,110][flwr][INFO] - configure_evaluate: strategy sampled 12 clients (out of 25)
[2024-06-07 17:59:23,237][flwr][INFO] - aggregate_evaluate: received 12 results and 0 failures
[2024-06-07 17:59:23,238][flwr][INFO] - 
[2024-06-07 17:59:23,238][flwr][INFO] - [ROUND 28]
[2024-06-07 17:59:23,239][flwr][INFO] - configure_fit: strategy sampled 12 clients (out of 25)
[2024-06-07 17:59:23,520][flwr][INFO] - aggregate_fit: received 12 results and 0 failures
[2024-06-07 17:59:23,534][flwr][INFO] - fit progress: (28, tensor(0.2016, dtype=torch.float64), {'mae_loss, mse_loss': (0.39031204223632726, 0.20157483577879595)}, 19.3395413)
[2024-06-07 17:59:23,535][flwr][INFO] - configure_evaluate: strategy sampled 12 clients (out of 25)
[2024-06-07 17:59:23,666][flwr][INFO] - aggregate_evaluate: received 12 results and 0 failures
[2024-06-07 17:59:23,667][flwr][INFO] - 
[2024-06-07 17:59:23,668][flwr][INFO] - [ROUND 29]
[2024-06-07 17:59:23,668][flwr][INFO] - configure_fit: strategy sampled 12 clients (out of 25)
[2024-06-07 17:59:23,952][flwr][INFO] - aggregate_fit: received 12 results and 0 failures
[2024-06-07 17:59:23,967][flwr][INFO] - fit progress: (29, tensor(0.3148, dtype=torch.float64), {'mae_loss, mse_loss': (0.5155752563476554, 0.314814789163414)}, 19.7722015)
[2024-06-07 17:59:23,968][flwr][INFO] - configure_evaluate: strategy sampled 12 clients (out of 25)
[2024-06-07 17:59:24,105][flwr][INFO] - aggregate_evaluate: received 12 results and 0 failures
[2024-06-07 17:59:24,106][flwr][INFO] - 
[2024-06-07 17:59:24,106][flwr][INFO] - [ROUND 30]
[2024-06-07 17:59:24,107][flwr][INFO] - configure_fit: strategy sampled 12 clients (out of 25)
[2024-06-07 17:59:24,400][flwr][INFO] - aggregate_fit: received 12 results and 0 failures
[2024-06-07 17:59:24,416][flwr][INFO] - fit progress: (30, tensor(1.0495, dtype=torch.float64), {'mae_loss, mse_loss': (0.9983816528320304, 1.049520657590822)}, 20.222379600000004)
[2024-06-07 17:59:24,418][flwr][INFO] - configure_evaluate: strategy sampled 12 clients (out of 25)
[2024-06-07 17:59:24,556][flwr][INFO] - aggregate_evaluate: received 12 results and 0 failures
[2024-06-07 17:59:24,557][flwr][INFO] - 
[2024-06-07 17:59:24,557][flwr][INFO] - [ROUND 31]
[2024-06-07 17:59:24,558][flwr][INFO] - configure_fit: strategy sampled 12 clients (out of 25)
[2024-06-07 17:59:24,843][flwr][INFO] - aggregate_fit: received 12 results and 0 failures
[2024-06-07 17:59:24,855][flwr][INFO] - fit progress: (31, tensor(0.7630, dtype=torch.float64), {'mae_loss, mse_loss': (0.8415266418457023, 0.7630025583660454)}, 20.6612779)
[2024-06-07 17:59:24,857][flwr][INFO] - configure_evaluate: strategy sampled 12 clients (out of 25)
[2024-06-07 17:59:24,991][flwr][INFO] - aggregate_evaluate: received 12 results and 0 failures
[2024-06-07 17:59:24,992][flwr][INFO] - 
[2024-06-07 17:59:24,993][flwr][INFO] - [ROUND 32]
[2024-06-07 17:59:24,993][flwr][INFO] - configure_fit: strategy sampled 12 clients (out of 25)
[2024-06-07 17:59:25,283][flwr][INFO] - aggregate_fit: received 12 results and 0 failures
[2024-06-07 17:59:25,299][flwr][INFO] - fit progress: (32, tensor(1.0850, dtype=torch.float64), {'mae_loss, mse_loss': (1.012735595703124, 1.085005105799994)}, 21.1046799)
[2024-06-07 17:59:25,301][flwr][INFO] - configure_evaluate: strategy sampled 12 clients (out of 25)
[2024-06-07 17:59:25,429][flwr][INFO] - aggregate_evaluate: received 12 results and 0 failures
[2024-06-07 17:59:25,430][flwr][INFO] - 
[2024-06-07 17:59:25,431][flwr][INFO] - [ROUND 33]
[2024-06-07 17:59:25,431][flwr][INFO] - configure_fit: strategy sampled 12 clients (out of 25)
[2024-06-07 17:59:25,712][flwr][INFO] - aggregate_fit: received 12 results and 0 failures
[2024-06-07 17:59:25,725][flwr][INFO] - fit progress: (33, tensor(1.0358, dtype=torch.float64), {'mae_loss, mse_loss': (0.9897703552246085, 1.0357712813807871)}, 21.530661000000002)
[2024-06-07 17:59:25,727][flwr][INFO] - configure_evaluate: strategy sampled 12 clients (out of 25)
[2024-06-07 17:59:25,860][flwr][INFO] - aggregate_evaluate: received 12 results and 0 failures
[2024-06-07 17:59:25,861][flwr][INFO] - 
[2024-06-07 17:59:25,861][flwr][INFO] - [ROUND 34]
[2024-06-07 17:59:25,862][flwr][INFO] - configure_fit: strategy sampled 12 clients (out of 25)
[2024-06-07 17:59:26,154][flwr][INFO] - aggregate_fit: received 12 results and 0 failures
[2024-06-07 17:59:26,166][flwr][INFO] - fit progress: (34, tensor(0.5887, dtype=torch.float64), {'mae_loss, mse_loss': (0.7276312255859366, 0.5886686236909584)}, 21.971617100000003)
[2024-06-07 17:59:26,168][flwr][INFO] - configure_evaluate: strategy sampled 12 clients (out of 25)
[2024-06-07 17:59:26,300][flwr][INFO] - aggregate_evaluate: received 12 results and 0 failures
[2024-06-07 17:59:26,301][flwr][INFO] - 
[2024-06-07 17:59:26,301][flwr][INFO] - [ROUND 35]
[2024-06-07 17:59:26,302][flwr][INFO] - configure_fit: strategy sampled 12 clients (out of 25)
[2024-06-07 17:59:26,585][flwr][INFO] - aggregate_fit: received 12 results and 0 failures
[2024-06-07 17:59:26,598][flwr][INFO] - fit progress: (35, tensor(0.4908, dtype=torch.float64), {'mae_loss, mse_loss': (0.6632742309570304, 0.4907675305844744)}, 22.404298400000002)
[2024-06-07 17:59:26,600][flwr][INFO] - configure_evaluate: strategy sampled 12 clients (out of 25)
[2024-06-07 17:59:26,731][flwr][INFO] - aggregate_evaluate: received 12 results and 0 failures
[2024-06-07 17:59:26,731][flwr][INFO] - 
[2024-06-07 17:59:26,732][flwr][INFO] - [ROUND 36]
[2024-06-07 17:59:26,733][flwr][INFO] - configure_fit: strategy sampled 12 clients (out of 25)
[2024-06-07 17:59:27,024][flwr][INFO] - aggregate_fit: received 12 results and 0 failures
[2024-06-07 17:59:27,037][flwr][INFO] - fit progress: (36, tensor(0.8944, dtype=torch.float64), {'mae_loss, mse_loss': (0.9222174072265616, 0.8943905878320791)}, 22.842501499999997)
[2024-06-07 17:59:27,038][flwr][INFO] - configure_evaluate: strategy sampled 12 clients (out of 25)
[2024-06-07 17:59:27,178][flwr][INFO] - aggregate_evaluate: received 12 results and 0 failures
[2024-06-07 17:59:27,178][flwr][INFO] - 
[2024-06-07 17:59:27,179][flwr][INFO] - [ROUND 37]
[2024-06-07 17:59:27,180][flwr][INFO] - configure_fit: strategy sampled 12 clients (out of 25)
[2024-06-07 17:59:27,466][flwr][INFO] - aggregate_fit: received 12 results and 0 failures
[2024-06-07 17:59:27,480][flwr][INFO] - fit progress: (37, tensor(0.5508, dtype=torch.float64), {'mae_loss, mse_loss': (0.7122328186035147, 0.5508495389266165)}, 23.285677200000002)
[2024-06-07 17:59:27,482][flwr][INFO] - configure_evaluate: strategy sampled 12 clients (out of 25)
[2024-06-07 17:59:27,619][flwr][INFO] - aggregate_evaluate: received 12 results and 0 failures
[2024-06-07 17:59:27,620][flwr][INFO] - 
[2024-06-07 17:59:27,620][flwr][INFO] - [ROUND 38]
[2024-06-07 17:59:27,621][flwr][INFO] - configure_fit: strategy sampled 12 clients (out of 25)
[2024-06-07 17:59:27,902][flwr][INFO] - aggregate_fit: received 12 results and 0 failures
[2024-06-07 17:59:27,915][flwr][INFO] - fit progress: (38, tensor(0.1888, dtype=torch.float64), {'mae_loss, mse_loss': (0.3828085327148429, 0.18879148077662083)}, 23.720699500000002)
[2024-06-07 17:59:27,917][flwr][INFO] - configure_evaluate: strategy sampled 12 clients (out of 25)
[2024-06-07 17:59:28,055][flwr][INFO] - aggregate_evaluate: received 12 results and 0 failures
[2024-06-07 17:59:28,056][flwr][INFO] - 
[2024-06-07 17:59:28,056][flwr][INFO] - [ROUND 39]
[2024-06-07 17:59:28,057][flwr][INFO] - configure_fit: strategy sampled 12 clients (out of 25)
[2024-06-07 17:59:28,336][flwr][INFO] - aggregate_fit: received 12 results and 0 failures
[2024-06-07 17:59:28,349][flwr][INFO] - fit progress: (39, tensor(1.3674, dtype=torch.float64), {'mae_loss, mse_loss': (1.1516455078124992, 1.36735289581213)}, 24.154166699999998)
[2024-06-07 17:59:28,350][flwr][INFO] - configure_evaluate: strategy sampled 12 clients (out of 25)
[2024-06-07 17:59:28,484][flwr][INFO] - aggregate_evaluate: received 12 results and 0 failures
[2024-06-07 17:59:28,485][flwr][INFO] - 
[2024-06-07 17:59:28,485][flwr][INFO] - [ROUND 40]
[2024-06-07 17:59:28,486][flwr][INFO] - configure_fit: strategy sampled 12 clients (out of 25)
[2024-06-07 17:59:28,768][flwr][INFO] - aggregate_fit: received 12 results and 0 failures
[2024-06-07 17:59:28,783][flwr][INFO] - fit progress: (40, tensor(0.5545, dtype=torch.float64), {'mae_loss, mse_loss': (0.7140333557128897, 0.5544871898883713)}, 24.589010299999998)
[2024-06-07 17:59:28,784][flwr][INFO] - configure_evaluate: strategy sampled 12 clients (out of 25)
[2024-06-07 17:59:28,918][flwr][INFO] - aggregate_evaluate: received 12 results and 0 failures
[2024-06-07 17:59:28,919][flwr][INFO] - 
[2024-06-07 17:59:28,919][flwr][INFO] - [ROUND 41]
[2024-06-07 17:59:28,920][flwr][INFO] - configure_fit: strategy sampled 12 clients (out of 25)
[2024-06-07 17:59:29,198][flwr][INFO] - aggregate_fit: received 12 results and 0 failures
[2024-06-07 17:59:29,213][flwr][INFO] - fit progress: (41, tensor(0.7711, dtype=torch.float64), {'mae_loss, mse_loss': (0.8537359619140616, 0.7711255974797522)}, 25.019399200000002)
[2024-06-07 17:59:29,215][flwr][INFO] - configure_evaluate: strategy sampled 12 clients (out of 25)
[2024-06-07 17:59:29,347][flwr][INFO] - aggregate_evaluate: received 12 results and 0 failures
[2024-06-07 17:59:29,347][flwr][INFO] - 
[2024-06-07 17:59:29,348][flwr][INFO] - [ROUND 42]
[2024-06-07 17:59:29,348][flwr][INFO] - configure_fit: strategy sampled 12 clients (out of 25)
[2024-06-07 17:59:29,631][flwr][INFO] - aggregate_fit: received 12 results and 0 failures
[2024-06-07 17:59:29,645][flwr][INFO] - fit progress: (42, tensor(0.4366, dtype=torch.float64), {'mae_loss, mse_loss': (0.6313932800292961, 0.43656328168499686)}, 25.4507646)
[2024-06-07 17:59:29,647][flwr][INFO] - configure_evaluate: strategy sampled 12 clients (out of 25)
[2024-06-07 17:59:29,836][flwr][INFO] - aggregate_evaluate: received 12 results and 0 failures
[2024-06-07 17:59:29,837][flwr][INFO] - 
[2024-06-07 17:59:29,837][flwr][INFO] - [ROUND 43]
[2024-06-07 17:59:29,838][flwr][INFO] - configure_fit: strategy sampled 12 clients (out of 25)
[2024-06-07 17:59:30,134][flwr][INFO] - aggregate_fit: received 12 results and 0 failures
[2024-06-07 17:59:30,147][flwr][INFO] - fit progress: (43, tensor(0.6414, dtype=torch.float64), {'mae_loss, mse_loss': (0.7789610290527336, 0.6413558597773072)}, 25.9529936)
[2024-06-07 17:59:30,149][flwr][INFO] - configure_evaluate: strategy sampled 12 clients (out of 25)
[2024-06-07 17:59:30,275][flwr][INFO] - aggregate_evaluate: received 12 results and 0 failures
[2024-06-07 17:59:30,275][flwr][INFO] - 
[2024-06-07 17:59:30,275][flwr][INFO] - [ROUND 44]
[2024-06-07 17:59:30,276][flwr][INFO] - configure_fit: strategy sampled 12 clients (out of 25)
[2024-06-07 17:59:30,562][flwr][INFO] - aggregate_fit: received 12 results and 0 failures
[2024-06-07 17:59:30,575][flwr][INFO] - fit progress: (44, tensor(0.2406, dtype=torch.float64), {'mae_loss, mse_loss': (0.4541525268554679, 0.24057354103168435)}, 26.3803835)
[2024-06-07 17:59:30,576][flwr][INFO] - configure_evaluate: strategy sampled 12 clients (out of 25)
[2024-06-07 17:59:30,704][flwr][INFO] - aggregate_evaluate: received 12 results and 0 failures
[2024-06-07 17:59:30,704][flwr][INFO] - 
[2024-06-07 17:59:30,705][flwr][INFO] - [ROUND 45]
[2024-06-07 17:59:30,706][flwr][INFO] - configure_fit: strategy sampled 12 clients (out of 25)
[2024-06-07 17:59:31,008][flwr][INFO] - aggregate_fit: received 12 results and 0 failures
[2024-06-07 17:59:31,024][flwr][INFO] - fit progress: (45, tensor(0.0728, dtype=torch.float64), {'mae_loss, mse_loss': (0.2174813842773446, 0.07276524123596037)}, 26.829808300000003)
[2024-06-07 17:59:31,025][flwr][INFO] - configure_evaluate: strategy sampled 12 clients (out of 25)
[2024-06-07 17:59:31,196][flwr][INFO] - aggregate_evaluate: received 12 results and 0 failures
[2024-06-07 17:59:31,196][flwr][INFO] - 
[2024-06-07 17:59:31,197][flwr][INFO] - [ROUND 46]
[2024-06-07 17:59:31,197][flwr][INFO] - configure_fit: strategy sampled 12 clients (out of 25)
[2024-06-07 17:59:31,489][flwr][INFO] - aggregate_fit: received 12 results and 0 failures
[2024-06-07 17:59:31,503][flwr][INFO] - fit progress: (46, tensor(0.3848, dtype=torch.float64), {'mae_loss, mse_loss': (0.588857879638671, 0.38482354715967027)}, 27.308818199999997)
[2024-06-07 17:59:31,504][flwr][INFO] - configure_evaluate: strategy sampled 12 clients (out of 25)
[2024-06-07 17:59:31,639][flwr][INFO] - aggregate_evaluate: received 12 results and 0 failures
[2024-06-07 17:59:31,640][flwr][INFO] - 
[2024-06-07 17:59:31,640][flwr][INFO] - [ROUND 47]
[2024-06-07 17:59:31,641][flwr][INFO] - configure_fit: strategy sampled 12 clients (out of 25)
[2024-06-07 17:59:31,945][flwr][INFO] - aggregate_fit: received 12 results and 0 failures
[2024-06-07 17:59:31,959][flwr][INFO] - fit progress: (47, tensor(0.3305, dtype=torch.float64), {'mae_loss, mse_loss': (0.5407934570312491, 0.33052574111008964)}, 27.7644322)
[2024-06-07 17:59:31,960][flwr][INFO] - configure_evaluate: strategy sampled 12 clients (out of 25)
[2024-06-07 17:59:32,129][flwr][INFO] - aggregate_evaluate: received 12 results and 0 failures
[2024-06-07 17:59:32,129][flwr][INFO] - 
[2024-06-07 17:59:32,130][flwr][INFO] - [ROUND 48]
[2024-06-07 17:59:32,130][flwr][INFO] - configure_fit: strategy sampled 12 clients (out of 25)
[2024-06-07 17:59:32,484][flwr][INFO] - aggregate_fit: received 12 results and 0 failures
[2024-06-07 17:59:32,496][flwr][INFO] - fit progress: (48, tensor(0.1561, dtype=torch.float64), {'mae_loss, mse_loss': (0.34256958007812416, 0.15608838752936557)}, 28.301761900000002)
[2024-06-07 17:59:32,497][flwr][INFO] - configure_evaluate: strategy sampled 12 clients (out of 25)
[2024-06-07 17:59:32,692][flwr][INFO] - aggregate_evaluate: received 12 results and 0 failures
[2024-06-07 17:59:32,693][flwr][INFO] - 
[2024-06-07 17:59:32,693][flwr][INFO] - [ROUND 49]
[2024-06-07 17:59:32,694][flwr][INFO] - configure_fit: strategy sampled 12 clients (out of 25)
[2024-06-07 17:59:32,977][flwr][INFO] - aggregate_fit: received 12 results and 0 failures
[2024-06-07 17:59:32,990][flwr][INFO] - fit progress: (49, tensor(0.2177, dtype=torch.float64), {'mae_loss, mse_loss': (0.4187940979003898, 0.21773092570749553)}, 28.795790099999998)
[2024-06-07 17:59:32,992][flwr][INFO] - configure_evaluate: strategy sampled 12 clients (out of 25)
[2024-06-07 17:59:33,139][flwr][INFO] - aggregate_evaluate: received 12 results and 0 failures
[2024-06-07 17:59:33,139][flwr][INFO] - 
[2024-06-07 17:59:33,140][flwr][INFO] - [ROUND 50]
[2024-06-07 17:59:33,140][flwr][INFO] - configure_fit: strategy sampled 12 clients (out of 25)
[2024-06-07 17:59:33,437][flwr][INFO] - aggregate_fit: received 12 results and 0 failures
[2024-06-07 17:59:33,451][flwr][INFO] - fit progress: (50, tensor(0.9300, dtype=torch.float64), {'mae_loss, mse_loss': (0.9428938293457023, 0.9300405704117136)}, 29.2569362)
[2024-06-07 17:59:33,453][flwr][INFO] - configure_evaluate: strategy sampled 12 clients (out of 25)
[2024-06-07 17:59:33,583][flwr][INFO] - aggregate_evaluate: received 12 results and 0 failures
[2024-06-07 17:59:33,584][flwr][INFO] - 
[2024-06-07 17:59:33,585][flwr][INFO] - [SUMMARY]
[2024-06-07 17:59:33,585][flwr][INFO] - Run finished 50 rounds in 29.39s
[2024-06-07 17:59:33,587][flwr][INFO] - History (loss, distributed):
[2024-06-07 17:59:33,588][flwr][INFO] - 	('\tround 1: 13.584187638426213\n'
[2024-06-07 17:59:33,588][flwr][INFO] - 	 '\tround 2: 12.632365336943826\n'
[2024-06-07 17:59:33,589][flwr][INFO] - 	 '\tround 3: 7.780654418099349\n'
[2024-06-07 17:59:33,589][flwr][INFO] - 	 '\tround 4: 4.721915933555908\n'
[2024-06-07 17:59:33,590][flwr][INFO] - 	 '\tround 5: 5.453319227418135\n'
[2024-06-07 17:59:33,590][flwr][INFO] - 	 '\tround 6: 3.667384780512814\n'
[2024-06-07 17:59:33,590][flwr][INFO] - 	 '\tround 7: 2.7180964919286636\n'
[2024-06-07 17:59:33,591][flwr][INFO] - 	 '\tround 8: 2.0559939400506484\n'
[2024-06-07 17:59:33,591][flwr][INFO] - 	 '\tround 9: 3.786726430426993\n'
[2024-06-07 17:59:33,591][flwr][INFO] - 	 '\tround 10: 3.414406037830964\n'
[2024-06-07 17:59:33,592][flwr][INFO] - 	 '\tround 11: 2.7381487602756063\n'
[2024-06-07 17:59:33,592][flwr][INFO] - 	 '\tround 12: 3.0955793213347564\n'
[2024-06-07 17:59:33,593][flwr][INFO] - 	 '\tround 13: 2.7069716369802905\n'
[2024-06-07 17:59:33,593][flwr][INFO] - 	 '\tround 14: 3.675381505270515\n'
[2024-06-07 17:59:33,594][flwr][INFO] - 	 '\tround 15: 2.568221981962287\n'
[2024-06-07 17:59:33,594][flwr][INFO] - 	 '\tround 16: 3.285466112398979\n'
[2024-06-07 17:59:33,595][flwr][INFO] - 	 '\tround 17: 2.925466408200856\n'
[2024-06-07 17:59:33,595][flwr][INFO] - 	 '\tround 18: 4.25052098356717\n'
[2024-06-07 17:59:33,596][flwr][INFO] - 	 '\tround 19: 1.6587549812673394\n'
[2024-06-07 17:59:33,596][flwr][INFO] - 	 '\tround 20: 3.1594763307056097\n'
[2024-06-07 17:59:33,597][flwr][INFO] - 	 '\tround 21: 2.4204663175193097\n'
[2024-06-07 17:59:33,597][flwr][INFO] - 	 '\tround 22: 1.9138203649402594\n'
[2024-06-07 17:59:33,597][flwr][INFO] - 	 '\tround 23: 1.9496685543405832\n'
[2024-06-07 17:59:33,598][flwr][INFO] - 	 '\tround 24: 1.9026025290218735\n'
[2024-06-07 17:59:33,598][flwr][INFO] - 	 '\tround 25: 2.129304456911923\n'
[2024-06-07 17:59:33,599][flwr][INFO] - 	 '\tround 26: 2.0121296663367683\n'
[2024-06-07 17:59:33,599][flwr][INFO] - 	 '\tround 27: 1.6860226919811963\n'
[2024-06-07 17:59:33,599][flwr][INFO] - 	 '\tround 28: 2.4525659837770406\n'
[2024-06-07 17:59:33,600][flwr][INFO] - 	 '\tround 29: 2.5776567933167205\n'
[2024-06-07 17:59:33,600][flwr][INFO] - 	 '\tround 30: 2.476168117592413\n'
[2024-06-07 17:59:33,600][flwr][INFO] - 	 '\tround 31: 2.028063695526242\n'
[2024-06-07 17:59:33,601][flwr][INFO] - 	 '\tround 32: 2.231768046484578\n'
[2024-06-07 17:59:33,601][flwr][INFO] - 	 '\tround 33: 1.6009429931855637\n'
[2024-06-07 17:59:33,601][flwr][INFO] - 	 '\tround 34: 1.5709835767210354\n'
[2024-06-07 17:59:33,602][flwr][INFO] - 	 '\tround 35: 1.954635881016804\n'
[2024-06-07 17:59:33,602][flwr][INFO] - 	 '\tround 36: 1.8998428809601478\n'
[2024-06-07 17:59:33,602][flwr][INFO] - 	 '\tround 37: 2.161918841619498\n'
[2024-06-07 17:59:33,603][flwr][INFO] - 	 '\tround 38: 1.6051159591008384\n'
[2024-06-07 17:59:33,603][flwr][INFO] - 	 '\tround 39: 1.6380690305998291\n'
[2024-06-07 17:59:33,603][flwr][INFO] - 	 '\tround 40: 1.57537246670718\n'
[2024-06-07 17:59:33,604][flwr][INFO] - 	 '\tround 41: 1.3662246131366569\n'
[2024-06-07 17:59:33,604][flwr][INFO] - 	 '\tround 42: 1.6757326512631172\n'
[2024-06-07 17:59:33,604][flwr][INFO] - 	 '\tround 43: 1.4467896517523948\n'
[2024-06-07 17:59:33,605][flwr][INFO] - 	 '\tround 44: 1.3822710688293993\n'
[2024-06-07 17:59:33,605][flwr][INFO] - 	 '\tround 45: 1.3246583676483745\n'
[2024-06-07 17:59:33,606][flwr][INFO] - 	 '\tround 46: 1.7002004422955617\n'
[2024-06-07 17:59:33,606][flwr][INFO] - 	 '\tround 47: 1.8441076453034986\n'
[2024-06-07 17:59:33,606][flwr][INFO] - 	 '\tround 48: 1.6829311740089354\n'
[2024-06-07 17:59:33,607][flwr][INFO] - 	 '\tround 49: 1.5935358857539095\n'
[2024-06-07 17:59:33,607][flwr][INFO] - 	 '\tround 50: 1.2597019101113869\n')History (loss, centralized):
[2024-06-07 17:59:33,607][flwr][INFO] - 	('\tround 0: 3126.009118361416\n'
[2024-06-07 17:59:33,608][flwr][INFO] - 	 '\tround 1: 6.560494537926042\n'
[2024-06-07 17:59:33,608][flwr][INFO] - 	 '\tround 2: 0.6620603404337297\n'
[2024-06-07 17:59:33,608][flwr][INFO] - 	 '\tround 3: 0.5465011366227401\n'
[2024-06-07 17:59:33,609][flwr][INFO] - 	 '\tround 4: 2.0131688442224385\n'
[2024-06-07 17:59:33,609][flwr][INFO] - 	 '\tround 5: 0.31964227477414475\n'
[2024-06-07 17:59:33,610][flwr][INFO] - 	 '\tround 6: 1.2097275116251534\n'
[2024-06-07 17:59:33,611][flwr][INFO] - 	 '\tround 7: 1.0496013968394822\n'
[2024-06-07 17:59:33,611][flwr][INFO] - 	 '\tround 8: 0.801344633680767\n'
[2024-06-07 17:59:33,611][flwr][INFO] - 	 '\tround 9: 0.09891559497429976\n'
[2024-06-07 17:59:33,612][flwr][INFO] - 	 '\tround 10: 0.5570026320152675\n'
[2024-06-07 17:59:33,612][flwr][INFO] - 	 '\tround 11: 0.3870041576526122\n'
[2024-06-07 17:59:33,612][flwr][INFO] - 	 '\tround 12: 0.9510843654940825\n'
[2024-06-07 17:59:33,613][flwr][INFO] - 	 '\tround 13: 1.028839740672031\n'
[2024-06-07 17:59:33,613][flwr][INFO] - 	 '\tround 14: 0.28062915883294737\n'
[2024-06-07 17:59:33,614][flwr][INFO] - 	 '\tround 15: 0.7709665273436104\n'
[2024-06-07 17:59:33,614][flwr][INFO] - 	 '\tround 16: 2.04069244831777\n'
[2024-06-07 17:59:33,615][flwr][INFO] - 	 '\tround 17: 1.2745358105024776\n'
[2024-06-07 17:59:33,615][flwr][INFO] - 	 '\tround 18: 0.5968262773400632\n'
[2024-06-07 17:59:33,615][flwr][INFO] - 	 '\tround 19: 1.0040169954739966\n'
[2024-06-07 17:59:33,616][flwr][INFO] - 	 '\tround 20: 1.5659043498992673\n'
[2024-06-07 17:59:33,616][flwr][INFO] - 	 '\tround 21: 0.7578554718013611\n'
[2024-06-07 17:59:33,616][flwr][INFO] - 	 '\tround 22: 0.39726105122279803\n'
[2024-06-07 17:59:33,617][flwr][INFO] - 	 '\tround 23: 0.6028504482439013\n'
[2024-06-07 17:59:33,617][flwr][INFO] - 	 '\tround 24: 0.7182333585506996\n'
[2024-06-07 17:59:33,617][flwr][INFO] - 	 '\tround 25: 0.678592161452164\n'
[2024-06-07 17:59:33,618][flwr][INFO] - 	 '\tround 26: 0.6465115809642004\n'
[2024-06-07 17:59:33,618][flwr][INFO] - 	 '\tround 27: 0.5104543041953578\n'
[2024-06-07 17:59:33,618][flwr][INFO] - 	 '\tround 28: 0.20157483577879595\n'
[2024-06-07 17:59:33,619][flwr][INFO] - 	 '\tround 29: 0.31481478916341404\n'
[2024-06-07 17:59:33,619][flwr][INFO] - 	 '\tround 30: 1.049520657590822\n'
[2024-06-07 17:59:33,619][flwr][INFO] - 	 '\tround 31: 0.7630025583660454\n'
[2024-06-07 17:59:33,620][flwr][INFO] - 	 '\tround 32: 1.085005105799994\n'
[2024-06-07 17:59:33,620][flwr][INFO] - 	 '\tround 33: 1.0357712813807871\n'
[2024-06-07 17:59:33,621][flwr][INFO] - 	 '\tround 34: 0.5886686236909584\n'
[2024-06-07 17:59:33,621][flwr][INFO] - 	 '\tround 35: 0.4907675305844744\n'
[2024-06-07 17:59:33,621][flwr][INFO] - 	 '\tround 36: 0.8943905878320791\n'
[2024-06-07 17:59:33,622][flwr][INFO] - 	 '\tround 37: 0.5508495389266165\n'
[2024-06-07 17:59:33,622][flwr][INFO] - 	 '\tround 38: 0.18879148077662083\n'
[2024-06-07 17:59:33,623][flwr][INFO] - 	 '\tround 39: 1.36735289581213\n'
[2024-06-07 17:59:33,623][flwr][INFO] - 	 '\tround 40: 0.5544871898883713\n'
[2024-06-07 17:59:33,623][flwr][INFO] - 	 '\tround 41: 0.7711255974797522\n'
[2024-06-07 17:59:33,624][flwr][INFO] - 	 '\tround 42: 0.43656328168499686\n'
[2024-06-07 17:59:33,624][flwr][INFO] - 	 '\tround 43: 0.6413558597773072\n'
[2024-06-07 17:59:33,624][flwr][INFO] - 	 '\tround 44: 0.24057354103168435\n'
[2024-06-07 17:59:33,625][flwr][INFO] - 	 '\tround 45: 0.07276524123596037\n'
[2024-06-07 17:59:33,625][flwr][INFO] - 	 '\tround 46: 0.38482354715967027\n'
[2024-06-07 17:59:33,626][flwr][INFO] - 	 '\tround 47: 0.33052574111008964\n'
[2024-06-07 17:59:33,627][flwr][INFO] - 	 '\tround 48: 0.15608838752936557\n'
[2024-06-07 17:59:33,627][flwr][INFO] - 	 '\tround 49: 0.21773092570749553\n'
[2024-06-07 17:59:33,628][flwr][INFO] - 	 '\tround 50: 0.9300405704117136\n')History (metrics, centralized):
[2024-06-07 17:59:33,628][flwr][INFO] - 	{'mae_loss, mse_loss': [(0, (55.90655818939209, 3126.0091183614154)),
[2024-06-07 17:59:33,629][flwr][INFO] - 	                        (1, (2.4770697021484365, 6.560494537926042)),
[2024-06-07 17:59:33,629][flwr][INFO] - 	                        (2, (0.6700617980957034, 0.6620603404337297)),
[2024-06-07 17:59:33,630][flwr][INFO] - 	                        (3, (0.6365779113769534, 0.5465011366227401)),
[2024-06-07 17:59:33,630][flwr][INFO] - 	                        (4, (1.3508497619628899, 2.013168844222438)),
[2024-06-07 17:59:33,631][flwr][INFO] - 	                        (5, (0.4847003173828128, 0.31964227477414475)),
[2024-06-07 17:59:33,631][flwr][INFO] - 	                        (6, (1.0582289123535147, 1.2097275116251534)),
[2024-06-07 17:59:33,632][flwr][INFO] - 	                        (7, (0.9804304504394523, 1.0496013968394822)),
[2024-06-07 17:59:33,632][flwr][INFO] - 	                        (8, (0.8597204589843741, 0.801344633680767)),
[2024-06-07 17:59:33,632][flwr][INFO] - 	                        (9, (0.28218719482421906, 0.09891559497429976)),
[2024-06-07 17:59:33,633][flwr][INFO] - 	                        (10, (0.7115019226074211, 0.5570026320152675)),
[2024-06-07 17:59:33,633][flwr][INFO] - 	                        (11, (0.5498098754882804, 0.3870041576526122)),
[2024-06-07 17:59:33,634][flwr][INFO] - 	                        (12, (0.9302313232421866, 0.9510843654940825)),
[2024-06-07 17:59:33,634][flwr][INFO] - 	                        (13, (0.9814619445800773, 1.028839740672031)),
[2024-06-07 17:59:33,634][flwr][INFO] - 	                        (14, (0.4601222229003909, 0.2806291588329474)),
[2024-06-07 17:59:33,635][flwr][INFO] - 	                        (15, (0.8303953552246085, 0.7709665273436104)),
[2024-06-07 17:59:33,635][flwr][INFO] - 	                        (16, (1.397182312011718, 2.04069244831777)),
[2024-06-07 17:59:33,635][flwr][INFO] - 	                        (17, (1.0944204711914054, 1.2745358105024776)),
[2024-06-07 17:59:33,636][flwr][INFO] - 	                        (18, (0.7246450805664054, 0.5968262773400632)),
[2024-06-07 17:59:33,636][flwr][INFO] - 	                        (19, (0.9651312255859367, 1.0040169954739966)),
[2024-06-07 17:59:33,637][flwr][INFO] - 	                        (20, (1.2267958068847649, 1.565904349899267)),
[2024-06-07 17:59:33,637][flwr][INFO] - 	                        (21, (0.8349745178222647, 0.7578554718013611)),
[2024-06-07 17:59:33,638][flwr][INFO] - 	                        (22, (0.5773298645019522, 0.397261051222798)),
[2024-06-07 17:59:33,638][flwr][INFO] - 	                        (23, (0.739462127685546, 0.6028504482439013)),
[2024-06-07 17:59:33,639][flwr][INFO] - 	                        (24, (0.8155989074707023, 0.7182333585506996)),
[2024-06-07 17:59:33,639][flwr][INFO] - 	                        (25, (0.7913092041015617, 0.678592161452164)),
[2024-06-07 17:59:33,639][flwr][INFO] - 	                        (26, (0.7725325012207023, 0.6465115809642004)),
[2024-06-07 17:59:33,640][flwr][INFO] - 	                        (27, (0.6791883850097648, 0.5104543041953578)),
[2024-06-07 17:59:33,640][flwr][INFO] - 	                        (28, (0.39031204223632726, 0.20157483577879595)),
[2024-06-07 17:59:33,641][flwr][INFO] - 	                        (29, (0.5155752563476554, 0.314814789163414)),
[2024-06-07 17:59:33,641][flwr][INFO] - 	                        (30, (0.9983816528320304, 1.049520657590822)),
[2024-06-07 17:59:33,641][flwr][INFO] - 	                        (31, (0.8415266418457023, 0.7630025583660454)),
[2024-06-07 17:59:33,642][flwr][INFO] - 	                        (32, (1.012735595703124, 1.085005105799994)),
[2024-06-07 17:59:33,642][flwr][INFO] - 	                        (33, (0.9897703552246085, 1.0357712813807871)),
[2024-06-07 17:59:33,643][flwr][INFO] - 	                        (34, (0.7276312255859366, 0.5886686236909584)),
[2024-06-07 17:59:33,644][flwr][INFO] - 	                        (35, (0.6632742309570304, 0.4907675305844744)),
[2024-06-07 17:59:33,644][flwr][INFO] - 	                        (36, (0.9222174072265616, 0.8943905878320791)),
[2024-06-07 17:59:33,645][flwr][INFO] - 	                        (37, (0.7122328186035147, 0.5508495389266165)),
[2024-06-07 17:59:33,645][flwr][INFO] - 	                        (38, (0.3828085327148429, 0.18879148077662083)),
[2024-06-07 17:59:33,646][flwr][INFO] - 	                        (39, (1.1516455078124992, 1.36735289581213)),
[2024-06-07 17:59:33,646][flwr][INFO] - 	                        (40, (0.7140333557128897, 0.5544871898883713)),
[2024-06-07 17:59:33,647][flwr][INFO] - 	                        (41, (0.8537359619140616, 0.7711255974797522)),
[2024-06-07 17:59:33,648][flwr][INFO] - 	                        (42, (0.6313932800292961, 0.43656328168499686)),
[2024-06-07 17:59:33,648][flwr][INFO] - 	                        (43, (0.7789610290527336, 0.6413558597773072)),
[2024-06-07 17:59:33,649][flwr][INFO] - 	                        (44, (0.4541525268554679, 0.24057354103168435)),
[2024-06-07 17:59:33,649][flwr][INFO] - 	                        (45, (0.2174813842773446, 0.07276524123596037)),
[2024-06-07 17:59:33,650][flwr][INFO] - 	                        (46, (0.588857879638671, 0.38482354715967027)),
[2024-06-07 17:59:33,650][flwr][INFO] - 	                        (47, (0.5407934570312491, 0.33052574111008964)),
[2024-06-07 17:59:33,651][flwr][INFO] - 	                        (48, (0.34256958007812416, 0.15608838752936557)),
[2024-06-07 17:59:33,651][flwr][INFO] - 	                        (49, (0.4187940979003898, 0.21773092570749553)),
[2024-06-07 17:59:33,652][flwr][INFO] - 	                        (50, (0.9428938293457023, 0.9300405704117136))]}
[2024-06-07 17:59:33,652][flwr][INFO] - 
