[2024-06-16 14:46:05,189][flwr][INFO] - Starting Flower simulation, config: num_rounds=50, no round_timeout
[2024-06-16 14:46:10,281][flwr][INFO] - Flower VCE: Ray initialized with resources: {'memory': 14924368283.0, 'node:127.0.0.1': 1.0, 'object_store_memory': 7462184140.0, 'node:__internal_head__': 1.0, 'CPU': 8.0}
[2024-06-16 14:46:10,281][flwr][INFO] - Optimize your simulation with Flower VCE: https://flower.ai/docs/framework/how-to-run-simulations.html
[2024-06-16 14:46:10,282][flwr][INFO] - Flower VCE: Resources for each Virtual Client: {'num_cpus': 1, 'num_gpus': 0.0}
[2024-06-16 14:46:10,293][flwr][INFO] - Flower VCE: Creating VirtualClientEngineActorPool with 8 actors
[2024-06-16 14:46:10,294][flwr][INFO] - [INIT]
[2024-06-16 14:46:10,295][flwr][INFO] - Requesting initial parameters from one random client
[2024-06-16 14:46:15,294][flwr][INFO] - Received initial parameters from one random client
[2024-06-16 14:46:15,294][flwr][INFO] - Evaluating initial global parameters
[2024-06-16 14:46:15,311][flwr][INFO] - initial parameters (loss, other metrics): tensor(2166.9673, dtype=torch.float64), {'mae_loss, mse_loss': (46.54025360107422, 2166.967331456419)}
[2024-06-16 14:46:15,320][flwr][INFO] - 
[2024-06-16 14:46:15,321][flwr][INFO] - [ROUND 1]
[2024-06-16 14:46:15,321][flwr][INFO] - configure_fit: strategy sampled 25 clients (out of 25)
[2024-06-16 14:46:24,126][flwr][INFO] - aggregate_fit: received 25 results and 0 failures
[2024-06-16 14:46:24,146][flwr][WARNING] - No fit_metrics_aggregation_fn provided
[2024-06-16 14:46:24,150][flwr][INFO] - fit progress: (1, tensor(2.3598, dtype=torch.float64), {'mae_loss, mse_loss': (1.4586161804199222, 2.3598078761684005)}, 8.830963800000001)
[2024-06-16 14:46:24,152][flwr][INFO] - configure_evaluate: strategy sampled 25 clients (out of 25)
[2024-06-16 14:46:24,399][flwr][INFO] - aggregate_evaluate: received 25 results and 0 failures
[2024-06-16 14:46:24,400][flwr][WARNING] - No evaluate_metrics_aggregation_fn provided
[2024-06-16 14:46:24,400][flwr][INFO] - 
[2024-06-16 14:46:24,401][flwr][INFO] - [ROUND 2]
[2024-06-16 14:46:24,402][flwr][INFO] - configure_fit: strategy sampled 25 clients (out of 25)
[2024-06-16 14:46:25,850][flwr][INFO] - aggregate_fit: received 25 results and 0 failures
[2024-06-16 14:46:25,873][flwr][INFO] - fit progress: (2, tensor(0.8363, dtype=torch.float64), {'mae_loss, mse_loss': (0.5827433776855472, 0.8363057382175485)}, 10.552957600000001)
[2024-06-16 14:46:25,874][flwr][INFO] - configure_evaluate: strategy sampled 25 clients (out of 25)
[2024-06-16 14:46:26,161][flwr][INFO] - aggregate_evaluate: received 25 results and 0 failures
[2024-06-16 14:46:26,161][flwr][INFO] - 
[2024-06-16 14:46:26,162][flwr][INFO] - [ROUND 3]
[2024-06-16 14:46:26,162][flwr][INFO] - configure_fit: strategy sampled 25 clients (out of 25)
[2024-06-16 14:46:27,672][flwr][INFO] - aggregate_fit: received 25 results and 0 failures
[2024-06-16 14:46:27,700][flwr][INFO] - fit progress: (3, tensor(1.1858, dtype=torch.float64), {'mae_loss, mse_loss': (0.793393096923829, 1.185825666078951)}, 12.380788399999998)
[2024-06-16 14:46:27,703][flwr][INFO] - configure_evaluate: strategy sampled 25 clients (out of 25)
[2024-06-16 14:46:28,006][flwr][INFO] - aggregate_evaluate: received 25 results and 0 failures
[2024-06-16 14:46:28,007][flwr][INFO] - 
[2024-06-16 14:46:28,007][flwr][INFO] - [ROUND 4]
[2024-06-16 14:46:28,008][flwr][INFO] - configure_fit: strategy sampled 25 clients (out of 25)
[2024-06-16 14:46:29,610][flwr][INFO] - aggregate_fit: received 25 results and 0 failures
[2024-06-16 14:46:29,637][flwr][INFO] - fit progress: (4, tensor(0.4193, dtype=torch.float64), {'mae_loss, mse_loss': (0.45733047485351647, 0.4192851850370657)}, 14.317162999999999)
[2024-06-16 14:46:29,639][flwr][INFO] - configure_evaluate: strategy sampled 25 clients (out of 25)
[2024-06-16 14:46:29,908][flwr][INFO] - aggregate_evaluate: received 25 results and 0 failures
[2024-06-16 14:46:29,908][flwr][INFO] - 
[2024-06-16 14:46:29,909][flwr][INFO] - [ROUND 5]
[2024-06-16 14:46:29,909][flwr][INFO] - configure_fit: strategy sampled 25 clients (out of 25)
[2024-06-16 14:46:31,328][flwr][INFO] - aggregate_fit: received 25 results and 0 failures
[2024-06-16 14:46:31,352][flwr][INFO] - fit progress: (5, tensor(0.3170, dtype=torch.float64), {'mae_loss, mse_loss': (0.5075984191894534, 0.3169620419611464)}, 16.0321236)
[2024-06-16 14:46:31,354][flwr][INFO] - configure_evaluate: strategy sampled 25 clients (out of 25)
[2024-06-16 14:46:31,607][flwr][INFO] - aggregate_evaluate: received 25 results and 0 failures
[2024-06-16 14:46:31,608][flwr][INFO] - 
[2024-06-16 14:46:31,609][flwr][INFO] - [ROUND 6]
[2024-06-16 14:46:31,609][flwr][INFO] - configure_fit: strategy sampled 25 clients (out of 25)
[2024-06-16 14:46:33,413][flwr][INFO] - aggregate_fit: received 25 results and 0 failures
[2024-06-16 14:46:33,452][flwr][INFO] - fit progress: (6, tensor(0.2098, dtype=torch.float64), {'mae_loss, mse_loss': (0.3593409729003909, 0.20984164726606197)}, 18.1312997)
[2024-06-16 14:46:33,453][flwr][INFO] - configure_evaluate: strategy sampled 25 clients (out of 25)
[2024-06-16 14:46:33,745][flwr][INFO] - aggregate_evaluate: received 25 results and 0 failures
[2024-06-16 14:46:33,746][flwr][INFO] - 
[2024-06-16 14:46:33,746][flwr][INFO] - [ROUND 7]
[2024-06-16 14:46:33,747][flwr][INFO] - configure_fit: strategy sampled 25 clients (out of 25)
[2024-06-16 14:46:35,332][flwr][INFO] - aggregate_fit: received 25 results and 0 failures
[2024-06-16 14:46:35,357][flwr][INFO] - fit progress: (7, tensor(0.2048, dtype=torch.float64), {'mae_loss, mse_loss': (0.41135284423828156, 0.2047850047852851)}, 20.036612499999997)
[2024-06-16 14:46:35,358][flwr][INFO] - configure_evaluate: strategy sampled 25 clients (out of 25)
[2024-06-16 14:46:35,640][flwr][INFO] - aggregate_evaluate: received 25 results and 0 failures
[2024-06-16 14:46:35,641][flwr][INFO] - 
[2024-06-16 14:46:35,642][flwr][INFO] - [ROUND 8]
[2024-06-16 14:46:35,642][flwr][INFO] - configure_fit: strategy sampled 25 clients (out of 25)
[2024-06-16 14:46:37,364][flwr][INFO] - aggregate_fit: received 25 results and 0 failures
[2024-06-16 14:46:37,388][flwr][INFO] - fit progress: (8, tensor(0.1782, dtype=torch.float64), {'mae_loss, mse_loss': (0.36686813354492215, 0.17823532169370523)}, 22.068189499999995)
[2024-06-16 14:46:37,390][flwr][INFO] - configure_evaluate: strategy sampled 25 clients (out of 25)
[2024-06-16 14:46:37,640][flwr][INFO] - aggregate_evaluate: received 25 results and 0 failures
[2024-06-16 14:46:37,641][flwr][INFO] - 
[2024-06-16 14:46:37,641][flwr][INFO] - [ROUND 9]
[2024-06-16 14:46:37,642][flwr][INFO] - configure_fit: strategy sampled 25 clients (out of 25)
[2024-06-16 14:46:39,017][flwr][INFO] - aggregate_fit: received 25 results and 0 failures
[2024-06-16 14:46:39,040][flwr][INFO] - fit progress: (9, tensor(0.1497, dtype=torch.float64), {'mae_loss, mse_loss': (0.32010818481445397, 0.14971899067435962)}, 23.720379199999996)
[2024-06-16 14:46:39,042][flwr][INFO] - configure_evaluate: strategy sampled 25 clients (out of 25)
[2024-06-16 14:46:39,303][flwr][INFO] - aggregate_evaluate: received 25 results and 0 failures
[2024-06-16 14:46:39,304][flwr][INFO] - 
[2024-06-16 14:46:39,304][flwr][INFO] - [ROUND 10]
[2024-06-16 14:46:39,305][flwr][INFO] - configure_fit: strategy sampled 25 clients (out of 25)
[2024-06-16 14:46:40,709][flwr][INFO] - aggregate_fit: received 25 results and 0 failures
[2024-06-16 14:46:40,734][flwr][INFO] - fit progress: (10, tensor(0.1270, dtype=torch.float64), {'mae_loss, mse_loss': (0.29022460937500083, 0.12701542459172285)}, 25.414915)
[2024-06-16 14:46:40,737][flwr][INFO] - configure_evaluate: strategy sampled 25 clients (out of 25)
[2024-06-16 14:46:41,003][flwr][INFO] - aggregate_evaluate: received 25 results and 0 failures
[2024-06-16 14:46:41,003][flwr][INFO] - 
[2024-06-16 14:46:41,004][flwr][INFO] - [ROUND 11]
[2024-06-16 14:46:41,005][flwr][INFO] - configure_fit: strategy sampled 25 clients (out of 25)
[2024-06-16 14:46:42,668][flwr][INFO] - aggregate_fit: received 25 results and 0 failures
[2024-06-16 14:46:42,692][flwr][INFO] - fit progress: (11, tensor(0.1108, dtype=torch.float64), {'mae_loss, mse_loss': (0.2820123291015634, 0.1108204084748877)}, 27.3722293)
[2024-06-16 14:46:42,694][flwr][INFO] - configure_evaluate: strategy sampled 25 clients (out of 25)
[2024-06-16 14:46:42,976][flwr][INFO] - aggregate_evaluate: received 25 results and 0 failures
[2024-06-16 14:46:42,977][flwr][INFO] - 
[2024-06-16 14:46:42,977][flwr][INFO] - [ROUND 12]
[2024-06-16 14:46:42,979][flwr][INFO] - configure_fit: strategy sampled 25 clients (out of 25)
[2024-06-16 14:46:44,516][flwr][INFO] - aggregate_fit: received 25 results and 0 failures
[2024-06-16 14:46:44,539][flwr][INFO] - fit progress: (12, tensor(0.0971, dtype=torch.float64), {'mae_loss, mse_loss': (0.28242736816406333, 0.09705017926497457)}, 29.2182229)
[2024-06-16 14:46:44,540][flwr][INFO] - configure_evaluate: strategy sampled 25 clients (out of 25)
[2024-06-16 14:46:44,799][flwr][INFO] - aggregate_evaluate: received 25 results and 0 failures
[2024-06-16 14:46:44,799][flwr][INFO] - 
[2024-06-16 14:46:44,800][flwr][INFO] - [ROUND 13]
[2024-06-16 14:46:44,800][flwr][INFO] - configure_fit: strategy sampled 25 clients (out of 25)
[2024-06-16 14:46:46,250][flwr][INFO] - aggregate_fit: received 25 results and 0 failures
[2024-06-16 14:46:46,273][flwr][INFO] - fit progress: (13, tensor(0.0991, dtype=torch.float64), {'mae_loss, mse_loss': (0.24221435546875086, 0.09907091270759794)}, 30.953065599999995)
[2024-06-16 14:46:46,275][flwr][INFO] - configure_evaluate: strategy sampled 25 clients (out of 25)
[2024-06-16 14:46:46,541][flwr][INFO] - aggregate_evaluate: received 25 results and 0 failures
[2024-06-16 14:46:46,542][flwr][INFO] - 
[2024-06-16 14:46:46,543][flwr][INFO] - [ROUND 14]
[2024-06-16 14:46:46,543][flwr][INFO] - configure_fit: strategy sampled 25 clients (out of 25)
[2024-06-16 14:46:48,057][flwr][INFO] - aggregate_fit: received 25 results and 0 failures
[2024-06-16 14:46:48,082][flwr][INFO] - fit progress: (14, tensor(0.0892, dtype=torch.float64), {'mae_loss, mse_loss': (0.23708816528320398, 0.0891952321158032)}, 32.762173999999995)
[2024-06-16 14:46:48,084][flwr][INFO] - configure_evaluate: strategy sampled 25 clients (out of 25)
[2024-06-16 14:46:48,345][flwr][INFO] - aggregate_evaluate: received 25 results and 0 failures
[2024-06-16 14:46:48,346][flwr][INFO] - 
[2024-06-16 14:46:48,347][flwr][INFO] - [ROUND 15]
[2024-06-16 14:46:48,348][flwr][INFO] - configure_fit: strategy sampled 25 clients (out of 25)
[2024-06-16 14:46:49,794][flwr][INFO] - aggregate_fit: received 25 results and 0 failures
[2024-06-16 14:46:49,822][flwr][INFO] - fit progress: (15, tensor(0.0840, dtype=torch.float64), {'mae_loss, mse_loss': (0.2350167846679696, 0.08404638486658304)}, 34.5022957)
[2024-06-16 14:46:49,824][flwr][INFO] - configure_evaluate: strategy sampled 25 clients (out of 25)
[2024-06-16 14:46:50,088][flwr][INFO] - aggregate_evaluate: received 25 results and 0 failures
[2024-06-16 14:46:50,089][flwr][INFO] - 
[2024-06-16 14:46:50,090][flwr][INFO] - [ROUND 16]
[2024-06-16 14:46:50,090][flwr][INFO] - configure_fit: strategy sampled 25 clients (out of 25)
[2024-06-16 14:46:51,608][flwr][INFO] - aggregate_fit: received 25 results and 0 failures
[2024-06-16 14:46:51,635][flwr][INFO] - fit progress: (16, tensor(0.1618, dtype=torch.float64), {'mae_loss, mse_loss': (0.31690673828125143, 0.16183890216611443)}, 36.3146756)
[2024-06-16 14:46:51,637][flwr][INFO] - configure_evaluate: strategy sampled 25 clients (out of 25)
[2024-06-16 14:46:51,902][flwr][INFO] - aggregate_evaluate: received 25 results and 0 failures
[2024-06-16 14:46:51,903][flwr][INFO] - 
[2024-06-16 14:46:51,904][flwr][INFO] - [ROUND 17]
[2024-06-16 14:46:51,904][flwr][INFO] - configure_fit: strategy sampled 25 clients (out of 25)
[2024-06-16 14:46:53,337][flwr][INFO] - aggregate_fit: received 25 results and 0 failures
[2024-06-16 14:46:53,361][flwr][INFO] - fit progress: (17, tensor(0.5409, dtype=torch.float64), {'mae_loss, mse_loss': (0.45959808349609405, 0.5408963260750769)}, 38.041746499999995)
[2024-06-16 14:46:53,364][flwr][INFO] - configure_evaluate: strategy sampled 25 clients (out of 25)
[2024-06-16 14:46:53,621][flwr][INFO] - aggregate_evaluate: received 25 results and 0 failures
[2024-06-16 14:46:53,622][flwr][INFO] - 
[2024-06-16 14:46:53,623][flwr][INFO] - [ROUND 18]
[2024-06-16 14:46:53,623][flwr][INFO] - configure_fit: strategy sampled 25 clients (out of 25)
[2024-06-16 14:46:55,127][flwr][INFO] - aggregate_fit: received 25 results and 0 failures
[2024-06-16 14:46:55,150][flwr][INFO] - fit progress: (18, tensor(0.2075, dtype=torch.float64), {'mae_loss, mse_loss': (0.3617816162109378, 0.20752804681635545)}, 39.8308853)
[2024-06-16 14:46:55,152][flwr][INFO] - configure_evaluate: strategy sampled 25 clients (out of 25)
[2024-06-16 14:46:55,407][flwr][INFO] - aggregate_evaluate: received 25 results and 0 failures
[2024-06-16 14:46:55,408][flwr][INFO] - 
[2024-06-16 14:46:55,408][flwr][INFO] - [ROUND 19]
[2024-06-16 14:46:55,409][flwr][INFO] - configure_fit: strategy sampled 25 clients (out of 25)
[2024-06-16 14:46:56,769][flwr][INFO] - aggregate_fit: received 25 results and 0 failures
[2024-06-16 14:46:56,793][flwr][INFO] - fit progress: (19, tensor(0.1594, dtype=torch.float64), {'mae_loss, mse_loss': (0.31025329589843836, 0.15941529702022775)}, 41.4729454)
[2024-06-16 14:46:56,796][flwr][INFO] - configure_evaluate: strategy sampled 25 clients (out of 25)
[2024-06-16 14:46:57,067][flwr][INFO] - aggregate_evaluate: received 25 results and 0 failures
[2024-06-16 14:46:57,068][flwr][INFO] - 
[2024-06-16 14:46:57,069][flwr][INFO] - [ROUND 20]
[2024-06-16 14:46:57,070][flwr][INFO] - configure_fit: strategy sampled 25 clients (out of 25)
[2024-06-16 14:46:58,507][flwr][INFO] - aggregate_fit: received 25 results and 0 failures
[2024-06-16 14:46:58,530][flwr][INFO] - fit progress: (20, tensor(0.1129, dtype=torch.float64), {'mae_loss, mse_loss': (0.2755578613281259, 0.11294839354558003)}, 43.2100692)
[2024-06-16 14:46:58,532][flwr][INFO] - configure_evaluate: strategy sampled 25 clients (out of 25)
[2024-06-16 14:46:58,804][flwr][INFO] - aggregate_evaluate: received 25 results and 0 failures
[2024-06-16 14:46:58,804][flwr][INFO] - 
[2024-06-16 14:46:58,805][flwr][INFO] - [ROUND 21]
[2024-06-16 14:46:58,806][flwr][INFO] - configure_fit: strategy sampled 25 clients (out of 25)
[2024-06-16 14:47:00,226][flwr][INFO] - aggregate_fit: received 25 results and 0 failures
[2024-06-16 14:47:00,251][flwr][INFO] - fit progress: (21, tensor(0.0851, dtype=torch.float64), {'mae_loss, mse_loss': (0.24523788452148523, 0.08512878716143382)}, 44.9310976)
[2024-06-16 14:47:00,252][flwr][INFO] - configure_evaluate: strategy sampled 25 clients (out of 25)
[2024-06-16 14:47:00,561][flwr][INFO] - aggregate_evaluate: received 25 results and 0 failures
[2024-06-16 14:47:00,562][flwr][INFO] - 
[2024-06-16 14:47:00,563][flwr][INFO] - [ROUND 22]
[2024-06-16 14:47:00,563][flwr][INFO] - configure_fit: strategy sampled 25 clients (out of 25)
[2024-06-16 14:47:01,989][flwr][INFO] - aggregate_fit: received 25 results and 0 failures
[2024-06-16 14:47:02,012][flwr][INFO] - fit progress: (22, tensor(0.0745, dtype=torch.float64), {'mae_loss, mse_loss': (0.23630081176757897, 0.07445232048665697)}, 46.691578299999996)
[2024-06-16 14:47:02,014][flwr][INFO] - configure_evaluate: strategy sampled 25 clients (out of 25)
[2024-06-16 14:47:02,267][flwr][INFO] - aggregate_evaluate: received 25 results and 0 failures
[2024-06-16 14:47:02,267][flwr][INFO] - 
[2024-06-16 14:47:02,268][flwr][INFO] - [ROUND 23]
[2024-06-16 14:47:02,268][flwr][INFO] - configure_fit: strategy sampled 25 clients (out of 25)
[2024-06-16 14:47:03,802][flwr][INFO] - aggregate_fit: received 25 results and 0 failures
[2024-06-16 14:47:03,830][flwr][INFO] - fit progress: (23, tensor(0.0702, dtype=torch.float64), {'mae_loss, mse_loss': (0.23247619628906335, 0.07022080209199388)}, 48.510461)
[2024-06-16 14:47:03,832][flwr][INFO] - configure_evaluate: strategy sampled 25 clients (out of 25)
[2024-06-16 14:47:04,108][flwr][INFO] - aggregate_evaluate: received 25 results and 0 failures
[2024-06-16 14:47:04,109][flwr][INFO] - 
[2024-06-16 14:47:04,109][flwr][INFO] - [ROUND 24]
[2024-06-16 14:47:04,110][flwr][INFO] - configure_fit: strategy sampled 25 clients (out of 25)
[2024-06-16 14:47:05,698][flwr][INFO] - aggregate_fit: received 25 results and 0 failures
[2024-06-16 14:47:05,721][flwr][INFO] - fit progress: (24, tensor(0.0647, dtype=torch.float64), {'mae_loss, mse_loss': (0.20869918823242273, 0.0647137747091481)}, 50.40121069999999)
[2024-06-16 14:47:05,723][flwr][INFO] - configure_evaluate: strategy sampled 25 clients (out of 25)
[2024-06-16 14:47:05,973][flwr][INFO] - aggregate_evaluate: received 25 results and 0 failures
[2024-06-16 14:47:05,974][flwr][INFO] - 
[2024-06-16 14:47:05,975][flwr][INFO] - [ROUND 25]
[2024-06-16 14:47:05,975][flwr][INFO] - configure_fit: strategy sampled 25 clients (out of 25)
[2024-06-16 14:47:07,290][flwr][INFO] - aggregate_fit: received 25 results and 0 failures
[2024-06-16 14:47:07,317][flwr][INFO] - fit progress: (25, tensor(0.0588, dtype=torch.float64), {'mae_loss, mse_loss': (0.21325927734375086, 0.058770533393603254)}, 51.9967321)
[2024-06-16 14:47:07,318][flwr][INFO] - configure_evaluate: strategy sampled 25 clients (out of 25)
[2024-06-16 14:47:07,560][flwr][INFO] - aggregate_evaluate: received 25 results and 0 failures
[2024-06-16 14:47:07,561][flwr][INFO] - 
[2024-06-16 14:47:07,562][flwr][INFO] - [ROUND 26]
[2024-06-16 14:47:07,562][flwr][INFO] - configure_fit: strategy sampled 25 clients (out of 25)
[2024-06-16 14:47:08,875][flwr][INFO] - aggregate_fit: received 25 results and 0 failures
[2024-06-16 14:47:08,899][flwr][INFO] - fit progress: (26, tensor(0.0536, dtype=torch.float64), {'mae_loss, mse_loss': (0.18885055541992274, 0.05359090657706903)}, 53.578913299999996)
[2024-06-16 14:47:08,900][flwr][INFO] - configure_evaluate: strategy sampled 25 clients (out of 25)
[2024-06-16 14:47:09,153][flwr][INFO] - aggregate_evaluate: received 25 results and 0 failures
[2024-06-16 14:47:09,153][flwr][INFO] - 
[2024-06-16 14:47:09,154][flwr][INFO] - [ROUND 27]
[2024-06-16 14:47:09,154][flwr][INFO] - configure_fit: strategy sampled 25 clients (out of 25)
[2024-06-16 14:47:10,647][flwr][INFO] - aggregate_fit: received 25 results and 0 failures
[2024-06-16 14:47:10,669][flwr][INFO] - fit progress: (27, tensor(0.0516, dtype=torch.float64), {'mae_loss, mse_loss': (0.19910522460937585, 0.051566178221023086)}, 55.3492382)
[2024-06-16 14:47:10,671][flwr][INFO] - configure_evaluate: strategy sampled 25 clients (out of 25)
[2024-06-16 14:47:10,924][flwr][INFO] - aggregate_evaluate: received 25 results and 0 failures
[2024-06-16 14:47:10,924][flwr][INFO] - 
[2024-06-16 14:47:10,925][flwr][INFO] - [ROUND 28]
[2024-06-16 14:47:10,926][flwr][INFO] - configure_fit: strategy sampled 25 clients (out of 25)
[2024-06-16 14:47:12,338][flwr][INFO] - aggregate_fit: received 25 results and 0 failures
[2024-06-16 14:47:12,363][flwr][INFO] - fit progress: (28, tensor(0.0412, dtype=torch.float64), {'mae_loss, mse_loss': (0.17451110839843836, 0.041171272914857185)}, 57.0432342)
[2024-06-16 14:47:12,365][flwr][INFO] - configure_evaluate: strategy sampled 25 clients (out of 25)
[2024-06-16 14:47:12,617][flwr][INFO] - aggregate_evaluate: received 25 results and 0 failures
[2024-06-16 14:47:12,619][flwr][INFO] - 
[2024-06-16 14:47:12,619][flwr][INFO] - [ROUND 29]
[2024-06-16 14:47:12,620][flwr][INFO] - configure_fit: strategy sampled 25 clients (out of 25)
[2024-06-16 14:47:14,078][flwr][INFO] - aggregate_fit: received 25 results and 0 failures
[2024-06-16 14:47:14,102][flwr][INFO] - fit progress: (29, tensor(0.0513, dtype=torch.float64), {'mae_loss, mse_loss': (0.19572784423828155, 0.051313834072556644)}, 58.78179299999999)
[2024-06-16 14:47:14,104][flwr][INFO] - configure_evaluate: strategy sampled 25 clients (out of 25)
[2024-06-16 14:47:14,372][flwr][INFO] - aggregate_evaluate: received 25 results and 0 failures
[2024-06-16 14:47:14,373][flwr][INFO] - 
[2024-06-16 14:47:14,373][flwr][INFO] - [ROUND 30]
[2024-06-16 14:47:14,373][flwr][INFO] - configure_fit: strategy sampled 25 clients (out of 25)
[2024-06-16 14:47:15,903][flwr][INFO] - aggregate_fit: received 25 results and 0 failures
[2024-06-16 14:47:15,925][flwr][INFO] - fit progress: (30, tensor(0.0361, dtype=torch.float64), {'mae_loss, mse_loss': (0.165847930908204, 0.03607791003340435)}, 60.6049735)
[2024-06-16 14:47:15,927][flwr][INFO] - configure_evaluate: strategy sampled 25 clients (out of 25)
[2024-06-16 14:47:16,194][flwr][INFO] - aggregate_evaluate: received 25 results and 0 failures
[2024-06-16 14:47:16,195][flwr][INFO] - 
[2024-06-16 14:47:16,196][flwr][INFO] - [ROUND 31]
[2024-06-16 14:47:16,196][flwr][INFO] - configure_fit: strategy sampled 25 clients (out of 25)
[2024-06-16 14:47:17,735][flwr][INFO] - aggregate_fit: received 25 results and 0 failures
[2024-06-16 14:47:17,757][flwr][INFO] - fit progress: (31, tensor(0.0372, dtype=torch.float64), {'mae_loss, mse_loss': (0.1540048217773446, 0.03718185829208288)}, 62.436667799999995)
[2024-06-16 14:47:17,758][flwr][INFO] - configure_evaluate: strategy sampled 25 clients (out of 25)
[2024-06-16 14:47:18,025][flwr][INFO] - aggregate_evaluate: received 25 results and 0 failures
[2024-06-16 14:47:18,026][flwr][INFO] - 
[2024-06-16 14:47:18,027][flwr][INFO] - [ROUND 32]
[2024-06-16 14:47:18,027][flwr][INFO] - configure_fit: strategy sampled 25 clients (out of 25)
[2024-06-16 14:47:19,647][flwr][INFO] - aggregate_fit: received 25 results and 0 failures
[2024-06-16 14:47:19,673][flwr][INFO] - fit progress: (32, tensor(0.0319, dtype=torch.float64), {'mae_loss, mse_loss': (0.15294357299804773, 0.031870581390453026)}, 64.3530215)
[2024-06-16 14:47:19,675][flwr][INFO] - configure_evaluate: strategy sampled 25 clients (out of 25)
[2024-06-16 14:47:19,926][flwr][INFO] - aggregate_evaluate: received 25 results and 0 failures
[2024-06-16 14:47:19,927][flwr][INFO] - 
[2024-06-16 14:47:19,928][flwr][INFO] - [ROUND 33]
[2024-06-16 14:47:19,928][flwr][INFO] - configure_fit: strategy sampled 25 clients (out of 25)
[2024-06-16 14:47:21,421][flwr][INFO] - aggregate_fit: received 25 results and 0 failures
[2024-06-16 14:47:21,446][flwr][INFO] - fit progress: (33, tensor(0.0442, dtype=torch.float64), {'mae_loss, mse_loss': (0.18289672851562527, 0.04415537471044833)}, 66.1263304)
[2024-06-16 14:47:21,449][flwr][INFO] - configure_evaluate: strategy sampled 25 clients (out of 25)
[2024-06-16 14:47:21,714][flwr][INFO] - aggregate_evaluate: received 25 results and 0 failures
[2024-06-16 14:47:21,714][flwr][INFO] - 
[2024-06-16 14:47:21,715][flwr][INFO] - [ROUND 34]
[2024-06-16 14:47:21,715][flwr][INFO] - configure_fit: strategy sampled 25 clients (out of 25)
[2024-06-16 14:47:23,177][flwr][INFO] - aggregate_fit: received 25 results and 0 failures
[2024-06-16 14:47:23,201][flwr][INFO] - fit progress: (34, tensor(0.0364, dtype=torch.float64), {'mae_loss, mse_loss': (0.16511474609375085, 0.03639381728693871)}, 67.8808547)
[2024-06-16 14:47:23,202][flwr][INFO] - configure_evaluate: strategy sampled 25 clients (out of 25)
[2024-06-16 14:47:23,469][flwr][INFO] - aggregate_evaluate: received 25 results and 0 failures
[2024-06-16 14:47:23,470][flwr][INFO] - 
[2024-06-16 14:47:23,470][flwr][INFO] - [ROUND 35]
[2024-06-16 14:47:23,471][flwr][INFO] - configure_fit: strategy sampled 25 clients (out of 25)
[2024-06-16 14:47:24,853][flwr][INFO] - aggregate_fit: received 25 results and 0 failures
[2024-06-16 14:47:24,876][flwr][INFO] - fit progress: (35, tensor(0.0299, dtype=torch.float64), {'mae_loss, mse_loss': (0.1531442260742196, 0.029898505913792516)}, 69.5560262)
[2024-06-16 14:47:24,878][flwr][INFO] - configure_evaluate: strategy sampled 25 clients (out of 25)
[2024-06-16 14:47:25,133][flwr][INFO] - aggregate_evaluate: received 25 results and 0 failures
[2024-06-16 14:47:25,134][flwr][INFO] - 
[2024-06-16 14:47:25,135][flwr][INFO] - [ROUND 36]
[2024-06-16 14:47:25,136][flwr][INFO] - configure_fit: strategy sampled 25 clients (out of 25)
[2024-06-16 14:47:26,554][flwr][INFO] - aggregate_fit: received 25 results and 0 failures
[2024-06-16 14:47:26,576][flwr][INFO] - fit progress: (36, tensor(0.0262, dtype=torch.float64), {'mae_loss, mse_loss': (0.14050231933593835, 0.026232523111161248)}, 71.25634289999999)
[2024-06-16 14:47:26,579][flwr][INFO] - configure_evaluate: strategy sampled 25 clients (out of 25)
[2024-06-16 14:47:26,832][flwr][INFO] - aggregate_evaluate: received 25 results and 0 failures
[2024-06-16 14:47:26,833][flwr][INFO] - 
[2024-06-16 14:47:26,833][flwr][INFO] - [ROUND 37]
[2024-06-16 14:47:26,834][flwr][INFO] - configure_fit: strategy sampled 25 clients (out of 25)
[2024-06-16 14:47:28,138][flwr][INFO] - aggregate_fit: received 25 results and 0 failures
[2024-06-16 14:47:28,161][flwr][INFO] - fit progress: (37, tensor(0.0365, dtype=torch.float64), {'mae_loss, mse_loss': (0.16617233276367216, 0.03649267002975124)}, 72.8403288)
[2024-06-16 14:47:28,163][flwr][INFO] - configure_evaluate: strategy sampled 25 clients (out of 25)
[2024-06-16 14:47:28,427][flwr][INFO] - aggregate_evaluate: received 25 results and 0 failures
[2024-06-16 14:47:28,428][flwr][INFO] - 
[2024-06-16 14:47:28,428][flwr][INFO] - [ROUND 38]
[2024-06-16 14:47:28,429][flwr][INFO] - configure_fit: strategy sampled 25 clients (out of 25)
[2024-06-16 14:47:29,782][flwr][INFO] - aggregate_fit: received 25 results and 0 failures
[2024-06-16 14:47:29,805][flwr][INFO] - fit progress: (38, tensor(0.0294, dtype=torch.float64), {'mae_loss, mse_loss': (0.14870010375976647, 0.029380442224559628)}, 74.4852573)
[2024-06-16 14:47:29,807][flwr][INFO] - configure_evaluate: strategy sampled 25 clients (out of 25)
[2024-06-16 14:47:30,054][flwr][INFO] - aggregate_evaluate: received 25 results and 0 failures
[2024-06-16 14:47:30,054][flwr][INFO] - 
[2024-06-16 14:47:30,055][flwr][INFO] - [ROUND 39]
[2024-06-16 14:47:30,056][flwr][INFO] - configure_fit: strategy sampled 25 clients (out of 25)
[2024-06-16 14:47:31,374][flwr][INFO] - aggregate_fit: received 25 results and 0 failures
[2024-06-16 14:47:31,398][flwr][INFO] - fit progress: (39, tensor(0.0222, dtype=torch.float64), {'mae_loss, mse_loss': (0.13256774902343835, 0.022162864315091037)}, 76.07800399999999)
[2024-06-16 14:47:31,400][flwr][INFO] - configure_evaluate: strategy sampled 25 clients (out of 25)
[2024-06-16 14:47:31,692][flwr][INFO] - aggregate_evaluate: received 25 results and 0 failures
[2024-06-16 14:47:31,692][flwr][INFO] - 
[2024-06-16 14:47:31,693][flwr][INFO] - [ROUND 40]
[2024-06-16 14:47:31,693][flwr][INFO] - configure_fit: strategy sampled 25 clients (out of 25)
[2024-06-16 14:47:33,137][flwr][INFO] - aggregate_fit: received 25 results and 0 failures
[2024-06-16 14:47:33,160][flwr][INFO] - fit progress: (40, tensor(0.0208, dtype=torch.float64), {'mae_loss, mse_loss': (0.12741714477539148, 0.020751293811831033)}, 77.839762)
[2024-06-16 14:47:33,162][flwr][INFO] - configure_evaluate: strategy sampled 25 clients (out of 25)
[2024-06-16 14:47:33,409][flwr][INFO] - aggregate_evaluate: received 25 results and 0 failures
[2024-06-16 14:47:33,410][flwr][INFO] - 
[2024-06-16 14:47:33,410][flwr][INFO] - [ROUND 41]
[2024-06-16 14:47:33,411][flwr][INFO] - configure_fit: strategy sampled 25 clients (out of 25)
[2024-06-16 14:47:34,731][flwr][INFO] - aggregate_fit: received 25 results and 0 failures
[2024-06-16 14:47:34,754][flwr][INFO] - fit progress: (41, tensor(0.0199, dtype=torch.float64), {'mae_loss, mse_loss': (0.11904006958007898, 0.01991667465807442)}, 79.4341386)
[2024-06-16 14:47:34,756][flwr][INFO] - configure_evaluate: strategy sampled 25 clients (out of 25)
[2024-06-16 14:47:35,011][flwr][INFO] - aggregate_evaluate: received 25 results and 0 failures
[2024-06-16 14:47:35,012][flwr][INFO] - 
[2024-06-16 14:47:35,013][flwr][INFO] - [ROUND 42]
[2024-06-16 14:47:35,013][flwr][INFO] - configure_fit: strategy sampled 25 clients (out of 25)
[2024-06-16 14:47:36,324][flwr][INFO] - aggregate_fit: received 25 results and 0 failures
[2024-06-16 14:47:36,348][flwr][INFO] - fit progress: (42, tensor(0.0189, dtype=torch.float64), {'mae_loss, mse_loss': (0.11162277221679773, 0.018892639805912426)}, 81.0283285)
[2024-06-16 14:47:36,349][flwr][INFO] - configure_evaluate: strategy sampled 25 clients (out of 25)
[2024-06-16 14:47:36,596][flwr][INFO] - aggregate_evaluate: received 25 results and 0 failures
[2024-06-16 14:47:36,597][flwr][INFO] - 
[2024-06-16 14:47:36,597][flwr][INFO] - [ROUND 43]
[2024-06-16 14:47:36,598][flwr][INFO] - configure_fit: strategy sampled 25 clients (out of 25)
[2024-06-16 14:47:37,915][flwr][INFO] - aggregate_fit: received 25 results and 0 failures
[2024-06-16 14:47:37,939][flwr][INFO] - fit progress: (43, tensor(0.0213, dtype=torch.float64), {'mae_loss, mse_loss': (0.12723632812500085, 0.021349327610573017)}, 82.6193066)
[2024-06-16 14:47:37,940][flwr][INFO] - configure_evaluate: strategy sampled 25 clients (out of 25)
[2024-06-16 14:47:38,192][flwr][INFO] - aggregate_evaluate: received 25 results and 0 failures
[2024-06-16 14:47:38,193][flwr][INFO] - 
[2024-06-16 14:47:38,193][flwr][INFO] - [ROUND 44]
[2024-06-16 14:47:38,194][flwr][INFO] - configure_fit: strategy sampled 25 clients (out of 25)
[2024-06-16 14:47:39,516][flwr][INFO] - aggregate_fit: received 25 results and 0 failures
[2024-06-16 14:47:39,539][flwr][INFO] - fit progress: (44, tensor(0.0168, dtype=torch.float64), {'mae_loss, mse_loss': (0.11404891967773523, 0.016776344167650982)}, 84.2194949)
[2024-06-16 14:47:39,541][flwr][INFO] - configure_evaluate: strategy sampled 25 clients (out of 25)
[2024-06-16 14:47:39,796][flwr][INFO] - aggregate_evaluate: received 25 results and 0 failures
[2024-06-16 14:47:39,796][flwr][INFO] - 
[2024-06-16 14:47:39,796][flwr][INFO] - [ROUND 45]
[2024-06-16 14:47:39,798][flwr][INFO] - configure_fit: strategy sampled 25 clients (out of 25)
[2024-06-16 14:47:41,115][flwr][INFO] - aggregate_fit: received 25 results and 0 failures
[2024-06-16 14:47:41,138][flwr][INFO] - fit progress: (45, tensor(0.0166, dtype=torch.float64), {'mae_loss, mse_loss': (0.11398941040039148, 0.016609776653698942)}, 85.81768509999999)
[2024-06-16 14:47:41,140][flwr][INFO] - configure_evaluate: strategy sampled 25 clients (out of 25)
[2024-06-16 14:47:41,386][flwr][INFO] - aggregate_evaluate: received 25 results and 0 failures
[2024-06-16 14:47:41,386][flwr][INFO] - 
[2024-06-16 14:47:41,387][flwr][INFO] - [ROUND 46]
[2024-06-16 14:47:41,387][flwr][INFO] - configure_fit: strategy sampled 25 clients (out of 25)
[2024-06-16 14:47:42,718][flwr][INFO] - aggregate_fit: received 25 results and 0 failures
[2024-06-16 14:47:42,746][flwr][INFO] - fit progress: (46, tensor(0.0205, dtype=torch.float64), {'mae_loss, mse_loss': (0.12450271606445398, 0.02052147003274897)}, 87.4266743)
[2024-06-16 14:47:42,749][flwr][INFO] - configure_evaluate: strategy sampled 25 clients (out of 25)
[2024-06-16 14:47:42,999][flwr][INFO] - aggregate_evaluate: received 25 results and 0 failures
[2024-06-16 14:47:43,001][flwr][INFO] - 
[2024-06-16 14:47:43,001][flwr][INFO] - [ROUND 47]
[2024-06-16 14:47:43,002][flwr][INFO] - configure_fit: strategy sampled 25 clients (out of 25)
[2024-06-16 14:47:44,370][flwr][INFO] - aggregate_fit: received 25 results and 0 failures
[2024-06-16 14:47:44,392][flwr][INFO] - fit progress: (47, tensor(0.0168, dtype=torch.float64), {'mae_loss, mse_loss': (0.11555191040039148, 0.016787888557068302)}, 89.07280659999999)
[2024-06-16 14:47:44,395][flwr][INFO] - configure_evaluate: strategy sampled 25 clients (out of 25)
[2024-06-16 14:47:44,646][flwr][INFO] - aggregate_evaluate: received 25 results and 0 failures
[2024-06-16 14:47:44,647][flwr][INFO] - 
[2024-06-16 14:47:44,647][flwr][INFO] - [ROUND 48]
[2024-06-16 14:47:44,648][flwr][INFO] - configure_fit: strategy sampled 25 clients (out of 25)
[2024-06-16 14:47:46,104][flwr][INFO] - aggregate_fit: received 25 results and 0 failures
[2024-06-16 14:47:46,146][flwr][INFO] - fit progress: (48, tensor(0.0173, dtype=torch.float64), {'mae_loss, mse_loss': (0.11602645874023523, 0.01725411788828226)}, 90.82605)
[2024-06-16 14:47:46,149][flwr][INFO] - configure_evaluate: strategy sampled 25 clients (out of 25)
[2024-06-16 14:47:46,382][flwr][INFO] - aggregate_evaluate: received 25 results and 0 failures
[2024-06-16 14:47:46,383][flwr][INFO] - 
[2024-06-16 14:47:46,383][flwr][INFO] - [ROUND 49]
[2024-06-16 14:47:46,383][flwr][INFO] - configure_fit: strategy sampled 25 clients (out of 25)
[2024-06-16 14:47:47,713][flwr][INFO] - aggregate_fit: received 25 results and 0 failures
[2024-06-16 14:47:47,735][flwr][INFO] - fit progress: (49, tensor(0.0150, dtype=torch.float64), {'mae_loss, mse_loss': (0.10127731323242273, 0.014986782839172855)}, 92.41509719999999)
[2024-06-16 14:47:47,737][flwr][INFO] - configure_evaluate: strategy sampled 25 clients (out of 25)
[2024-06-16 14:47:48,021][flwr][INFO] - aggregate_evaluate: received 25 results and 0 failures
[2024-06-16 14:47:48,022][flwr][INFO] - 
[2024-06-16 14:47:48,022][flwr][INFO] - [ROUND 50]
[2024-06-16 14:47:48,023][flwr][INFO] - configure_fit: strategy sampled 25 clients (out of 25)
[2024-06-16 14:47:49,371][flwr][INFO] - aggregate_fit: received 25 results and 0 failures
[2024-06-16 14:47:49,393][flwr][INFO] - fit progress: (50, tensor(0.0157, dtype=torch.float64), {'mae_loss, mse_loss': (0.10978179931640711, 0.015726061218651187)}, 94.0736745)
[2024-06-16 14:47:49,396][flwr][INFO] - configure_evaluate: strategy sampled 25 clients (out of 25)
[2024-06-16 14:47:49,650][flwr][INFO] - aggregate_evaluate: received 25 results and 0 failures
[2024-06-16 14:47:49,651][flwr][INFO] - 
[2024-06-16 14:47:49,652][flwr][INFO] - [SUMMARY]
[2024-06-16 14:47:49,652][flwr][INFO] - Run finished 50 rounds in 94.33s
[2024-06-16 14:47:49,654][flwr][INFO] - History (loss, distributed):
[2024-06-16 14:47:49,654][flwr][INFO] - 	('\tround 1: 13.586997040360814\n'
[2024-06-16 14:47:49,655][flwr][INFO] - 	 '\tround 2: 10.325509826894589\n'
[2024-06-16 14:47:49,655][flwr][INFO] - 	 '\tround 3: 9.167825338637323\n'
[2024-06-16 14:47:49,656][flwr][INFO] - 	 '\tround 4: 6.798859197069836\n'
[2024-06-16 14:47:49,656][flwr][INFO] - 	 '\tround 5: 2.8604907828366652\n'
[2024-06-16 14:47:49,656][flwr][INFO] - 	 '\tround 6: 2.140819446343534\n'
[2024-06-16 14:47:49,657][flwr][INFO] - 	 '\tround 7: 1.7565315546261056\n'
[2024-06-16 14:47:49,657][flwr][INFO] - 	 '\tround 8: 1.3728946796706427\n'
[2024-06-16 14:47:49,658][flwr][INFO] - 	 '\tround 9: 1.122863799952672\n'
[2024-06-16 14:47:49,658][flwr][INFO] - 	 '\tround 10: 1.0223761376674356\n'
[2024-06-16 14:47:49,659][flwr][INFO] - 	 '\tround 11: 1.3930781146813476\n'
[2024-06-16 14:47:49,659][flwr][INFO] - 	 '\tround 12: 0.892850846941722\n'
[2024-06-16 14:47:49,659][flwr][INFO] - 	 '\tround 13: 0.7727430630584646\n'
[2024-06-16 14:47:49,660][flwr][INFO] - 	 '\tround 14: 0.6477684107817749\n'
[2024-06-16 14:47:49,660][flwr][INFO] - 	 '\tround 15: 0.5948404494641708\n'
[2024-06-16 14:47:49,660][flwr][INFO] - 	 '\tround 16: 0.7360180276053028\n'
[2024-06-16 14:47:49,661][flwr][INFO] - 	 '\tround 17: 1.8568189407224016\n'
[2024-06-16 14:47:49,662][flwr][INFO] - 	 '\tround 18: 1.0017845927702418\n'
[2024-06-16 14:47:49,662][flwr][INFO] - 	 '\tround 19: 0.8909333997581982\n'
[2024-06-16 14:47:49,663][flwr][INFO] - 	 '\tround 20: 0.705481961687569\n'
[2024-06-16 14:47:49,663][flwr][INFO] - 	 '\tround 21: 0.5518745972772767\n'
[2024-06-16 14:47:49,663][flwr][INFO] - 	 '\tround 22: 0.47664800517397127\n'
[2024-06-16 14:47:49,664][flwr][INFO] - 	 '\tround 23: 0.4138052873246468\n'
[2024-06-16 14:47:49,664][flwr][INFO] - 	 '\tround 24: 0.44925053648406943\n'
[2024-06-16 14:47:49,664][flwr][INFO] - 	 '\tround 25: 0.3419428451550317\n'
[2024-06-16 14:47:49,665][flwr][INFO] - 	 '\tround 26: 0.38267904233290045\n'
[2024-06-16 14:47:49,665][flwr][INFO] - 	 '\tround 27: 0.29138036557343505\n'
[2024-06-16 14:47:49,665][flwr][INFO] - 	 '\tround 28: 0.29892460806219384\n'
[2024-06-16 14:47:49,666][flwr][INFO] - 	 '\tround 29: 0.2517180951311919\n'
[2024-06-16 14:47:49,666][flwr][INFO] - 	 '\tround 30: 0.265588153954336\n'
[2024-06-16 14:47:49,667][flwr][INFO] - 	 '\tround 31: 0.2871391194211782\n'
[2024-06-16 14:47:49,667][flwr][INFO] - 	 '\tround 32: 0.2497245243445094\n'
[2024-06-16 14:47:49,667][flwr][INFO] - 	 '\tround 33: 0.21310721918410624\n'
[2024-06-16 14:47:49,668][flwr][INFO] - 	 '\tround 34: 0.20933055002028186\n'
[2024-06-16 14:47:49,668][flwr][INFO] - 	 '\tround 35: 0.20643970743830395\n'
[2024-06-16 14:47:49,668][flwr][INFO] - 	 '\tround 36: 0.21688721379196568\n'
[2024-06-16 14:47:49,669][flwr][INFO] - 	 '\tround 37: 0.18783980534205097\n'
[2024-06-16 14:47:49,669][flwr][INFO] - 	 '\tround 38: 0.18505908942737498\n'
[2024-06-16 14:47:49,669][flwr][INFO] - 	 '\tround 39: 0.19212752064015043\n'
[2024-06-16 14:47:49,670][flwr][INFO] - 	 '\tround 40: 0.19104107032495338\n'
[2024-06-16 14:47:49,670][flwr][INFO] - 	 '\tround 41: 0.19662324547452123\n'
[2024-06-16 14:47:49,670][flwr][INFO] - 	 '\tround 42: 0.1891249399690206\n'
[2024-06-16 14:47:49,671][flwr][INFO] - 	 '\tround 43: 0.16058722898478306\n'
[2024-06-16 14:47:49,671][flwr][INFO] - 	 '\tround 44: 0.17176101183479248\n'
[2024-06-16 14:47:49,671][flwr][INFO] - 	 '\tround 45: 0.17277436272485414\n'
[2024-06-16 14:47:49,672][flwr][INFO] - 	 '\tround 46: 0.1629946000427372\n'
[2024-06-16 14:47:49,672][flwr][INFO] - 	 '\tround 47: 0.16292514542343517\n'
[2024-06-16 14:47:49,673][flwr][INFO] - 	 '\tround 48: 0.16148604270509054\n'
[2024-06-16 14:47:49,673][flwr][INFO] - 	 '\tround 49: 0.18639964192598574\n'
[2024-06-16 14:47:49,673][flwr][INFO] - 	 '\tround 50: 0.1556096035792556\n')History (loss, centralized):
[2024-06-16 14:47:49,674][flwr][INFO] - 	('\tround 0: 2166.967331456419\n'
[2024-06-16 14:47:49,674][flwr][INFO] - 	 '\tround 1: 2.3598078761684005\n'
[2024-06-16 14:47:49,674][flwr][INFO] - 	 '\tround 2: 0.8363057382175485\n'
[2024-06-16 14:47:49,675][flwr][INFO] - 	 '\tround 3: 1.185825666078951\n'
[2024-06-16 14:47:49,675][flwr][INFO] - 	 '\tround 4: 0.4192851850370657\n'
[2024-06-16 14:47:49,676][flwr][INFO] - 	 '\tround 5: 0.3169620419611464\n'
[2024-06-16 14:47:49,676][flwr][INFO] - 	 '\tround 6: 0.20984164726606197\n'
[2024-06-16 14:47:49,676][flwr][INFO] - 	 '\tround 7: 0.2047850047852851\n'
[2024-06-16 14:47:49,677][flwr][INFO] - 	 '\tround 8: 0.17823532169370523\n'
[2024-06-16 14:47:49,677][flwr][INFO] - 	 '\tround 9: 0.14971899067435962\n'
[2024-06-16 14:47:49,678][flwr][INFO] - 	 '\tround 10: 0.12701542459172285\n'
[2024-06-16 14:47:49,678][flwr][INFO] - 	 '\tround 11: 0.1108204084748877\n'
[2024-06-16 14:47:49,678][flwr][INFO] - 	 '\tround 12: 0.09705017926497457\n'
[2024-06-16 14:47:49,679][flwr][INFO] - 	 '\tround 13: 0.09907091270759794\n'
[2024-06-16 14:47:49,679][flwr][INFO] - 	 '\tround 14: 0.0891952321158032\n'
[2024-06-16 14:47:49,680][flwr][INFO] - 	 '\tround 15: 0.08404638486658304\n'
[2024-06-16 14:47:49,680][flwr][INFO] - 	 '\tround 16: 0.16183890216611443\n'
[2024-06-16 14:47:49,680][flwr][INFO] - 	 '\tround 17: 0.5408963260750769\n'
[2024-06-16 14:47:49,681][flwr][INFO] - 	 '\tround 18: 0.20752804681635545\n'
[2024-06-16 14:47:49,681][flwr][INFO] - 	 '\tround 19: 0.15941529702022775\n'
[2024-06-16 14:47:49,682][flwr][INFO] - 	 '\tround 20: 0.11294839354558003\n'
[2024-06-16 14:47:49,682][flwr][INFO] - 	 '\tround 21: 0.08512878716143382\n'
[2024-06-16 14:47:49,683][flwr][INFO] - 	 '\tround 22: 0.07445232048665697\n'
[2024-06-16 14:47:49,683][flwr][INFO] - 	 '\tround 23: 0.07022080209199388\n'
[2024-06-16 14:47:49,684][flwr][INFO] - 	 '\tround 24: 0.0647137747091481\n'
[2024-06-16 14:47:49,684][flwr][INFO] - 	 '\tround 25: 0.058770533393603254\n'
[2024-06-16 14:47:49,684][flwr][INFO] - 	 '\tround 26: 0.05359090657706903\n'
[2024-06-16 14:47:49,685][flwr][INFO] - 	 '\tround 27: 0.051566178221023086\n'
[2024-06-16 14:47:49,685][flwr][INFO] - 	 '\tround 28: 0.041171272914857185\n'
[2024-06-16 14:47:49,686][flwr][INFO] - 	 '\tround 29: 0.051313834072556644\n'
[2024-06-16 14:47:49,686][flwr][INFO] - 	 '\tround 30: 0.03607791003340435\n'
[2024-06-16 14:47:49,687][flwr][INFO] - 	 '\tround 31: 0.03718185829208288\n'
[2024-06-16 14:47:49,687][flwr][INFO] - 	 '\tround 32: 0.031870581390453026\n'
[2024-06-16 14:47:49,688][flwr][INFO] - 	 '\tround 33: 0.04415537471044833\n'
[2024-06-16 14:47:49,688][flwr][INFO] - 	 '\tround 34: 0.03639381728693871\n'
[2024-06-16 14:47:49,688][flwr][INFO] - 	 '\tround 35: 0.029898505913792516\n'
[2024-06-16 14:47:49,689][flwr][INFO] - 	 '\tround 36: 0.026232523111161248\n'
[2024-06-16 14:47:49,689][flwr][INFO] - 	 '\tround 37: 0.03649267002975124\n'
[2024-06-16 14:47:49,689][flwr][INFO] - 	 '\tround 38: 0.029380442224559628\n'
[2024-06-16 14:47:49,690][flwr][INFO] - 	 '\tround 39: 0.022162864315091037\n'
[2024-06-16 14:47:49,690][flwr][INFO] - 	 '\tround 40: 0.020751293811831033\n'
[2024-06-16 14:47:49,690][flwr][INFO] - 	 '\tround 41: 0.01991667465807442\n'
[2024-06-16 14:47:49,691][flwr][INFO] - 	 '\tround 42: 0.018892639805912426\n'
[2024-06-16 14:47:49,692][flwr][INFO] - 	 '\tround 43: 0.021349327610573017\n'
[2024-06-16 14:47:49,692][flwr][INFO] - 	 '\tround 44: 0.016776344167650982\n'
[2024-06-16 14:47:49,692][flwr][INFO] - 	 '\tround 45: 0.016609776653698942\n'
[2024-06-16 14:47:49,693][flwr][INFO] - 	 '\tround 46: 0.02052147003274897\n'
[2024-06-16 14:47:49,693][flwr][INFO] - 	 '\tround 47: 0.016787888557068302\n'
[2024-06-16 14:47:49,693][flwr][INFO] - 	 '\tround 48: 0.01725411788828226\n'
[2024-06-16 14:47:49,694][flwr][INFO] - 	 '\tround 49: 0.014986782839172855\n'
[2024-06-16 14:47:49,694][flwr][INFO] - 	 '\tround 50: 0.015726061218651187\n')History (metrics, centralized):
[2024-06-16 14:47:49,695][flwr][INFO] - 	{'mae_loss, mse_loss': [(0, (46.54025360107422, 2166.967331456419)),
[2024-06-16 14:47:49,695][flwr][INFO] - 	                        (1, (1.4586161804199222, 2.3598078761684005)),
[2024-06-16 14:47:49,696][flwr][INFO] - 	                        (2, (0.5827433776855472, 0.8363057382175485)),
[2024-06-16 14:47:49,696][flwr][INFO] - 	                        (3, (0.793393096923829, 1.185825666078951)),
[2024-06-16 14:47:49,697][flwr][INFO] - 	                        (4, (0.45733047485351647, 0.4192851850370657)),
[2024-06-16 14:47:49,697][flwr][INFO] - 	                        (5, (0.5075984191894534, 0.3169620419611464)),
[2024-06-16 14:47:49,698][flwr][INFO] - 	                        (6, (0.3593409729003909, 0.20984164726606197)),
[2024-06-16 14:47:49,698][flwr][INFO] - 	                        (7, (0.41135284423828156, 0.2047850047852851)),
[2024-06-16 14:47:49,698][flwr][INFO] - 	                        (8, (0.36686813354492215, 0.17823532169370523)),
[2024-06-16 14:47:49,699][flwr][INFO] - 	                        (9, (0.32010818481445397, 0.14971899067435962)),
[2024-06-16 14:47:49,699][flwr][INFO] - 	                        (10, (0.29022460937500083, 0.12701542459172285)),
[2024-06-16 14:47:49,699][flwr][INFO] - 	                        (11, (0.2820123291015634, 0.1108204084748877)),
[2024-06-16 14:47:49,700][flwr][INFO] - 	                        (12, (0.28242736816406333, 0.09705017926497457)),
[2024-06-16 14:47:49,700][flwr][INFO] - 	                        (13, (0.24221435546875086, 0.09907091270759794)),
[2024-06-16 14:47:49,701][flwr][INFO] - 	                        (14, (0.23708816528320398, 0.0891952321158032)),
[2024-06-16 14:47:49,701][flwr][INFO] - 	                        (15, (0.2350167846679696, 0.08404638486658304)),
[2024-06-16 14:47:49,701][flwr][INFO] - 	                        (16, (0.31690673828125143, 0.16183890216611443)),
[2024-06-16 14:47:49,702][flwr][INFO] - 	                        (17, (0.45959808349609405, 0.5408963260750769)),
[2024-06-16 14:47:49,702][flwr][INFO] - 	                        (18, (0.3617816162109378, 0.20752804681635545)),
[2024-06-16 14:47:49,702][flwr][INFO] - 	                        (19, (0.31025329589843836, 0.15941529702022775)),
[2024-06-16 14:47:49,703][flwr][INFO] - 	                        (20, (0.2755578613281259, 0.11294839354558003)),
[2024-06-16 14:47:49,703][flwr][INFO] - 	                        (21, (0.24523788452148523, 0.08512878716143382)),
[2024-06-16 14:47:49,703][flwr][INFO] - 	                        (22, (0.23630081176757897, 0.07445232048665697)),
[2024-06-16 14:47:49,704][flwr][INFO] - 	                        (23, (0.23247619628906335, 0.07022080209199388)),
[2024-06-16 14:47:49,704][flwr][INFO] - 	                        (24, (0.20869918823242273, 0.0647137747091481)),
[2024-06-16 14:47:49,705][flwr][INFO] - 	                        (25, (0.21325927734375086, 0.058770533393603254)),
[2024-06-16 14:47:49,705][flwr][INFO] - 	                        (26, (0.18885055541992274, 0.05359090657706903)),
[2024-06-16 14:47:49,705][flwr][INFO] - 	                        (27, (0.19910522460937585, 0.051566178221023086)),
[2024-06-16 14:47:49,706][flwr][INFO] - 	                        (28, (0.17451110839843836, 0.041171272914857185)),
[2024-06-16 14:47:49,706][flwr][INFO] - 	                        (29, (0.19572784423828155, 0.051313834072556644)),
[2024-06-16 14:47:49,707][flwr][INFO] - 	                        (30, (0.165847930908204, 0.03607791003340435)),
[2024-06-16 14:47:49,707][flwr][INFO] - 	                        (31, (0.1540048217773446, 0.03718185829208288)),
[2024-06-16 14:47:49,707][flwr][INFO] - 	                        (32, (0.15294357299804773, 0.031870581390453026)),
[2024-06-16 14:47:49,708][flwr][INFO] - 	                        (33, (0.18289672851562527, 0.04415537471044833)),
[2024-06-16 14:47:49,708][flwr][INFO] - 	                        (34, (0.16511474609375085, 0.03639381728693871)),
[2024-06-16 14:47:49,708][flwr][INFO] - 	                        (35, (0.1531442260742196, 0.029898505913792516)),
[2024-06-16 14:47:49,709][flwr][INFO] - 	                        (36, (0.14050231933593835, 0.026232523111161248)),
[2024-06-16 14:47:49,709][flwr][INFO] - 	                        (37, (0.16617233276367216, 0.03649267002975124)),
[2024-06-16 14:47:49,709][flwr][INFO] - 	                        (38, (0.14870010375976647, 0.029380442224559628)),
[2024-06-16 14:47:49,710][flwr][INFO] - 	                        (39, (0.13256774902343835, 0.022162864315091037)),
[2024-06-16 14:47:49,710][flwr][INFO] - 	                        (40, (0.12741714477539148, 0.020751293811831033)),
[2024-06-16 14:47:49,710][flwr][INFO] - 	                        (41, (0.11904006958007898, 0.01991667465807442)),
[2024-06-16 14:47:49,711][flwr][INFO] - 	                        (42, (0.11162277221679773, 0.018892639805912426)),
[2024-06-16 14:47:49,711][flwr][INFO] - 	                        (43, (0.12723632812500085, 0.021349327610573017)),
[2024-06-16 14:47:49,712][flwr][INFO] - 	                        (44, (0.11404891967773523, 0.016776344167650982)),
[2024-06-16 14:47:49,712][flwr][INFO] - 	                        (45, (0.11398941040039148, 0.016609776653698942)),
[2024-06-16 14:47:49,713][flwr][INFO] - 	                        (46, (0.12450271606445398, 0.02052147003274897)),
[2024-06-16 14:47:49,714][flwr][INFO] - 	                        (47, (0.11555191040039148, 0.016787888557068302)),
[2024-06-16 14:47:49,714][flwr][INFO] - 	                        (48, (0.11602645874023523, 0.01725411788828226)),
[2024-06-16 14:47:49,715][flwr][INFO] - 	                        (49, (0.10127731323242273, 0.014986782839172855)),
[2024-06-16 14:47:49,715][flwr][INFO] - 	                        (50, (0.10978179931640711, 0.015726061218651187))]}
[2024-06-16 14:47:49,716][flwr][INFO] - 
