[2024-05-29 01:08:24,580][flwr][INFO] - Starting Flower simulation, config: num_rounds=50, no round_timeout
[2024-05-29 01:08:30,004][flwr][INFO] - Flower VCE: Ray initialized with resources: {'node:__internal_head__': 1.0, 'memory': 9518360987.0, 'node:127.0.0.1': 1.0, 'object_store_memory': 4759180492.0, 'CPU': 8.0}
[2024-05-29 01:08:30,004][flwr][INFO] - Optimize your simulation with Flower VCE: https://flower.ai/docs/framework/how-to-run-simulations.html
[2024-05-29 01:08:30,005][flwr][INFO] - Flower VCE: Resources for each Virtual Client: {'num_cpus': 2, 'num_gpus': 0.0}
[2024-05-29 01:08:30,013][flwr][INFO] - Flower VCE: Creating VirtualClientEngineActorPool with 4 actors
[2024-05-29 01:08:30,014][flwr][INFO] - [INIT]
[2024-05-29 01:08:30,015][flwr][INFO] - Requesting initial parameters from one random client
[2024-05-29 01:08:34,265][flwr][INFO] - Received initial parameters from one random client
[2024-05-29 01:08:34,266][flwr][INFO] - Evaluating initial global parameters
[2024-05-29 01:08:34,267][flwr][INFO] - 
[2024-05-29 01:08:34,268][flwr][INFO] - [ROUND 1]
[2024-05-29 01:08:34,268][flwr][INFO] - configure_fit: strategy sampled 2 clients (out of 25)
[2024-05-29 01:10:09,191][flwr][INFO] - aggregate_fit: received 2 results and 0 failures
[2024-05-29 01:10:09,193][flwr][WARNING] - No fit_metrics_aggregation_fn provided
[2024-05-29 01:10:09,194][flwr][INFO] - configure_evaluate: strategy sampled 25 clients (out of 25)
[2024-05-29 01:10:51,493][flwr][INFO] - aggregate_evaluate: received 25 results and 0 failures
[2024-05-29 01:10:51,494][flwr][WARNING] - No evaluate_metrics_aggregation_fn provided
[2024-05-29 01:10:51,495][flwr][INFO] - 
[2024-05-29 01:10:51,495][flwr][INFO] - [ROUND 2]
[2024-05-29 01:10:51,496][flwr][INFO] - configure_fit: strategy sampled 2 clients (out of 25)
[2024-05-29 01:12:22,053][flwr][INFO] - aggregate_fit: received 2 results and 0 failures
[2024-05-29 01:12:22,055][flwr][INFO] - configure_evaluate: strategy sampled 25 clients (out of 25)
[2024-05-29 01:13:03,549][flwr][INFO] - aggregate_evaluate: received 25 results and 0 failures
[2024-05-29 01:13:03,550][flwr][INFO] - 
[2024-05-29 01:13:03,551][flwr][INFO] - [ROUND 3]
[2024-05-29 01:13:03,551][flwr][INFO] - configure_fit: strategy sampled 2 clients (out of 25)
[2024-05-29 01:14:34,020][flwr][INFO] - aggregate_fit: received 2 results and 0 failures
[2024-05-29 01:14:34,022][flwr][INFO] - configure_evaluate: strategy sampled 25 clients (out of 25)
[2024-05-29 01:15:15,900][flwr][INFO] - aggregate_evaluate: received 25 results and 0 failures
[2024-05-29 01:15:15,901][flwr][INFO] - 
[2024-05-29 01:15:15,902][flwr][INFO] - [ROUND 4]
[2024-05-29 01:15:15,902][flwr][INFO] - configure_fit: strategy sampled 2 clients (out of 25)
[2024-05-29 01:16:44,740][flwr][INFO] - aggregate_fit: received 2 results and 0 failures
[2024-05-29 01:16:44,744][flwr][INFO] - configure_evaluate: strategy sampled 25 clients (out of 25)
[2024-05-29 01:17:26,099][flwr][INFO] - aggregate_evaluate: received 25 results and 0 failures
[2024-05-29 01:17:26,100][flwr][INFO] - 
[2024-05-29 01:17:26,101][flwr][INFO] - [ROUND 5]
[2024-05-29 01:17:26,102][flwr][INFO] - configure_fit: strategy sampled 2 clients (out of 25)
[2024-05-29 01:18:57,085][flwr][INFO] - aggregate_fit: received 2 results and 0 failures
[2024-05-29 01:18:57,087][flwr][INFO] - configure_evaluate: strategy sampled 25 clients (out of 25)
[2024-05-29 01:19:38,617][flwr][INFO] - aggregate_evaluate: received 25 results and 0 failures
[2024-05-29 01:19:38,618][flwr][INFO] - 
[2024-05-29 01:19:38,618][flwr][INFO] - [ROUND 6]
[2024-05-29 01:19:38,619][flwr][INFO] - configure_fit: strategy sampled 2 clients (out of 25)
[2024-05-29 01:21:09,604][flwr][INFO] - aggregate_fit: received 2 results and 0 failures
[2024-05-29 01:21:09,607][flwr][INFO] - configure_evaluate: strategy sampled 25 clients (out of 25)
[2024-05-29 01:21:51,351][flwr][INFO] - aggregate_evaluate: received 25 results and 0 failures
[2024-05-29 01:21:51,352][flwr][INFO] - 
[2024-05-29 01:21:51,353][flwr][INFO] - [ROUND 7]
[2024-05-29 01:21:51,353][flwr][INFO] - configure_fit: strategy sampled 2 clients (out of 25)
[2024-05-29 01:23:21,872][flwr][INFO] - aggregate_fit: received 2 results and 0 failures
[2024-05-29 01:23:21,875][flwr][INFO] - configure_evaluate: strategy sampled 25 clients (out of 25)
[2024-05-29 01:24:03,225][flwr][INFO] - aggregate_evaluate: received 25 results and 0 failures
[2024-05-29 01:24:03,226][flwr][INFO] - 
[2024-05-29 01:24:03,226][flwr][INFO] - [ROUND 8]
[2024-05-29 01:24:03,227][flwr][INFO] - configure_fit: strategy sampled 2 clients (out of 25)
[2024-05-29 01:25:34,044][flwr][INFO] - aggregate_fit: received 2 results and 0 failures
[2024-05-29 01:25:34,047][flwr][INFO] - configure_evaluate: strategy sampled 25 clients (out of 25)
[2024-05-29 01:26:15,409][flwr][INFO] - aggregate_evaluate: received 25 results and 0 failures
[2024-05-29 01:26:15,410][flwr][INFO] - 
[2024-05-29 01:26:15,411][flwr][INFO] - [ROUND 9]
[2024-05-29 01:26:15,411][flwr][INFO] - configure_fit: strategy sampled 2 clients (out of 25)
[2024-05-29 01:27:45,942][flwr][INFO] - aggregate_fit: received 2 results and 0 failures
[2024-05-29 01:27:45,945][flwr][INFO] - configure_evaluate: strategy sampled 25 clients (out of 25)
[2024-05-29 01:28:27,194][flwr][INFO] - aggregate_evaluate: received 25 results and 0 failures
[2024-05-29 01:28:27,195][flwr][INFO] - 
[2024-05-29 01:28:27,196][flwr][INFO] - [ROUND 10]
[2024-05-29 01:28:27,197][flwr][INFO] - configure_fit: strategy sampled 2 clients (out of 25)
[2024-05-29 01:29:57,639][flwr][INFO] - aggregate_fit: received 2 results and 0 failures
[2024-05-29 01:29:57,641][flwr][INFO] - configure_evaluate: strategy sampled 25 clients (out of 25)
[2024-05-29 01:30:39,225][flwr][INFO] - aggregate_evaluate: received 25 results and 0 failures
[2024-05-29 01:30:39,226][flwr][INFO] - 
[2024-05-29 01:30:39,227][flwr][INFO] - [ROUND 11]
[2024-05-29 01:30:39,227][flwr][INFO] - configure_fit: strategy sampled 2 clients (out of 25)
[2024-05-29 01:32:09,952][flwr][INFO] - aggregate_fit: received 2 results and 0 failures
[2024-05-29 01:32:09,955][flwr][INFO] - configure_evaluate: strategy sampled 25 clients (out of 25)
[2024-05-29 01:32:51,693][flwr][INFO] - aggregate_evaluate: received 25 results and 0 failures
[2024-05-29 01:32:51,693][flwr][INFO] - 
[2024-05-29 01:32:51,694][flwr][INFO] - [ROUND 12]
[2024-05-29 01:32:51,694][flwr][INFO] - configure_fit: strategy sampled 2 clients (out of 25)
[2024-05-29 01:34:20,013][flwr][INFO] - aggregate_fit: received 2 results and 0 failures
[2024-05-29 01:34:20,016][flwr][INFO] - configure_evaluate: strategy sampled 25 clients (out of 25)
[2024-05-29 01:35:01,958][flwr][INFO] - aggregate_evaluate: received 25 results and 0 failures
[2024-05-29 01:35:01,959][flwr][INFO] - 
[2024-05-29 01:35:01,959][flwr][INFO] - [ROUND 13]
[2024-05-29 01:35:01,960][flwr][INFO] - configure_fit: strategy sampled 2 clients (out of 25)
[2024-05-29 01:36:32,397][flwr][INFO] - aggregate_fit: received 2 results and 0 failures
[2024-05-29 01:36:32,401][flwr][INFO] - configure_evaluate: strategy sampled 25 clients (out of 25)
[2024-05-29 01:37:13,957][flwr][INFO] - aggregate_evaluate: received 25 results and 0 failures
[2024-05-29 01:37:13,958][flwr][INFO] - 
[2024-05-29 01:37:13,959][flwr][INFO] - [ROUND 14]
[2024-05-29 01:37:13,959][flwr][INFO] - configure_fit: strategy sampled 2 clients (out of 25)
[2024-05-29 01:38:44,930][flwr][INFO] - aggregate_fit: received 2 results and 0 failures
[2024-05-29 01:38:44,933][flwr][INFO] - configure_evaluate: strategy sampled 25 clients (out of 25)
[2024-05-29 01:39:26,649][flwr][INFO] - aggregate_evaluate: received 25 results and 0 failures
[2024-05-29 01:39:26,650][flwr][INFO] - 
[2024-05-29 01:39:26,650][flwr][INFO] - [ROUND 15]
[2024-05-29 01:39:26,651][flwr][INFO] - configure_fit: strategy sampled 2 clients (out of 25)
[2024-05-29 01:40:57,281][flwr][INFO] - aggregate_fit: received 2 results and 0 failures
[2024-05-29 01:40:57,284][flwr][INFO] - configure_evaluate: strategy sampled 25 clients (out of 25)
[2024-05-29 01:41:38,744][flwr][INFO] - aggregate_evaluate: received 25 results and 0 failures
[2024-05-29 01:41:38,745][flwr][INFO] - 
[2024-05-29 01:41:38,745][flwr][INFO] - [ROUND 16]
[2024-05-29 01:41:38,746][flwr][INFO] - configure_fit: strategy sampled 2 clients (out of 25)
[2024-05-29 01:43:09,013][flwr][INFO] - aggregate_fit: received 2 results and 0 failures
[2024-05-29 01:43:09,016][flwr][INFO] - configure_evaluate: strategy sampled 25 clients (out of 25)
[2024-05-29 01:43:50,389][flwr][INFO] - aggregate_evaluate: received 25 results and 0 failures
[2024-05-29 01:43:50,390][flwr][INFO] - 
[2024-05-29 01:43:50,391][flwr][INFO] - [ROUND 17]
[2024-05-29 01:43:50,391][flwr][INFO] - configure_fit: strategy sampled 2 clients (out of 25)
[2024-05-29 01:45:20,709][flwr][INFO] - aggregate_fit: received 2 results and 0 failures
[2024-05-29 01:45:20,712][flwr][INFO] - configure_evaluate: strategy sampled 25 clients (out of 25)
[2024-05-29 01:46:02,308][flwr][INFO] - aggregate_evaluate: received 25 results and 0 failures
[2024-05-29 01:46:02,309][flwr][INFO] - 
[2024-05-29 01:46:02,310][flwr][INFO] - [ROUND 18]
[2024-05-29 01:46:02,310][flwr][INFO] - configure_fit: strategy sampled 2 clients (out of 25)
[2024-05-29 01:47:32,976][flwr][INFO] - aggregate_fit: received 2 results and 0 failures
[2024-05-29 01:47:32,978][flwr][INFO] - configure_evaluate: strategy sampled 25 clients (out of 25)
[2024-05-29 01:48:14,450][flwr][INFO] - aggregate_evaluate: received 25 results and 0 failures
[2024-05-29 01:48:14,451][flwr][INFO] - 
[2024-05-29 01:48:14,452][flwr][INFO] - [ROUND 19]
[2024-05-29 01:48:14,452][flwr][INFO] - configure_fit: strategy sampled 2 clients (out of 25)
[2024-05-29 01:49:44,935][flwr][INFO] - aggregate_fit: received 2 results and 0 failures
[2024-05-29 01:49:44,938][flwr][INFO] - configure_evaluate: strategy sampled 25 clients (out of 25)
[2024-05-29 01:50:26,058][flwr][INFO] - aggregate_evaluate: received 25 results and 0 failures
[2024-05-29 01:50:26,059][flwr][INFO] - 
[2024-05-29 01:50:26,060][flwr][INFO] - [ROUND 20]
[2024-05-29 01:50:26,060][flwr][INFO] - configure_fit: strategy sampled 2 clients (out of 25)
[2024-05-29 01:51:54,365][flwr][INFO] - aggregate_fit: received 2 results and 0 failures
[2024-05-29 01:51:54,367][flwr][INFO] - configure_evaluate: strategy sampled 25 clients (out of 25)
[2024-05-29 01:52:36,069][flwr][INFO] - aggregate_evaluate: received 25 results and 0 failures
[2024-05-29 01:52:36,070][flwr][INFO] - 
[2024-05-29 01:52:36,071][flwr][INFO] - [ROUND 21]
[2024-05-29 01:52:36,072][flwr][INFO] - configure_fit: strategy sampled 2 clients (out of 25)
[2024-05-29 01:54:06,981][flwr][INFO] - aggregate_fit: received 2 results and 0 failures
[2024-05-29 01:54:06,983][flwr][INFO] - configure_evaluate: strategy sampled 25 clients (out of 25)
[2024-05-29 01:54:48,654][flwr][INFO] - aggregate_evaluate: received 25 results and 0 failures
[2024-05-29 01:54:48,655][flwr][INFO] - 
[2024-05-29 01:54:48,656][flwr][INFO] - [ROUND 22]
[2024-05-29 01:54:48,656][flwr][INFO] - configure_fit: strategy sampled 2 clients (out of 25)
[2024-05-29 01:56:17,340][flwr][INFO] - aggregate_fit: received 2 results and 0 failures
[2024-05-29 01:56:17,342][flwr][INFO] - configure_evaluate: strategy sampled 25 clients (out of 25)
[2024-05-29 01:56:58,773][flwr][INFO] - aggregate_evaluate: received 25 results and 0 failures
[2024-05-29 01:56:58,774][flwr][INFO] - 
[2024-05-29 01:56:58,774][flwr][INFO] - [ROUND 23]
[2024-05-29 01:56:58,775][flwr][INFO] - configure_fit: strategy sampled 2 clients (out of 25)
[2024-05-29 01:58:28,875][flwr][INFO] - aggregate_fit: received 2 results and 0 failures
[2024-05-29 01:58:28,877][flwr][INFO] - configure_evaluate: strategy sampled 25 clients (out of 25)
[2024-05-29 01:59:10,376][flwr][INFO] - aggregate_evaluate: received 25 results and 0 failures
[2024-05-29 01:59:10,376][flwr][INFO] - 
[2024-05-29 01:59:10,377][flwr][INFO] - [ROUND 24]
[2024-05-29 01:59:10,378][flwr][INFO] - configure_fit: strategy sampled 2 clients (out of 25)
[2024-05-29 02:00:40,307][flwr][INFO] - aggregate_fit: received 2 results and 0 failures
[2024-05-29 02:00:40,309][flwr][INFO] - configure_evaluate: strategy sampled 25 clients (out of 25)
[2024-05-29 02:01:21,961][flwr][INFO] - aggregate_evaluate: received 25 results and 0 failures
[2024-05-29 02:01:21,961][flwr][INFO] - 
[2024-05-29 02:01:21,962][flwr][INFO] - [ROUND 25]
[2024-05-29 02:01:21,962][flwr][INFO] - configure_fit: strategy sampled 2 clients (out of 25)
[2024-05-29 02:02:52,345][flwr][INFO] - aggregate_fit: received 2 results and 0 failures
[2024-05-29 02:02:52,347][flwr][INFO] - configure_evaluate: strategy sampled 25 clients (out of 25)
[2024-05-29 02:03:33,631][flwr][INFO] - aggregate_evaluate: received 25 results and 0 failures
[2024-05-29 02:03:33,632][flwr][INFO] - 
[2024-05-29 02:03:33,632][flwr][INFO] - [ROUND 26]
[2024-05-29 02:03:33,633][flwr][INFO] - configure_fit: strategy sampled 2 clients (out of 25)
[2024-05-29 02:05:03,657][flwr][INFO] - aggregate_fit: received 2 results and 0 failures
[2024-05-29 02:05:03,660][flwr][INFO] - configure_evaluate: strategy sampled 25 clients (out of 25)
[2024-05-29 02:05:45,094][flwr][INFO] - aggregate_evaluate: received 25 results and 0 failures
[2024-05-29 02:05:45,095][flwr][INFO] - 
[2024-05-29 02:05:45,095][flwr][INFO] - [ROUND 27]
[2024-05-29 02:05:45,096][flwr][INFO] - configure_fit: strategy sampled 2 clients (out of 25)
[2024-05-29 02:07:15,127][flwr][INFO] - aggregate_fit: received 2 results and 0 failures
[2024-05-29 02:07:15,130][flwr][INFO] - configure_evaluate: strategy sampled 25 clients (out of 25)
[2024-05-29 02:07:56,663][flwr][INFO] - aggregate_evaluate: received 25 results and 0 failures
[2024-05-29 02:07:56,664][flwr][INFO] - 
[2024-05-29 02:07:56,665][flwr][INFO] - [ROUND 28]
[2024-05-29 02:07:56,665][flwr][INFO] - configure_fit: strategy sampled 2 clients (out of 25)
[2024-05-29 02:09:26,710][flwr][INFO] - aggregate_fit: received 2 results and 0 failures
[2024-05-29 02:09:26,713][flwr][INFO] - configure_evaluate: strategy sampled 25 clients (out of 25)
[2024-05-29 02:10:08,195][flwr][INFO] - aggregate_evaluate: received 25 results and 0 failures
[2024-05-29 02:10:08,196][flwr][INFO] - 
[2024-05-29 02:10:08,196][flwr][INFO] - [ROUND 29]
[2024-05-29 02:10:08,197][flwr][INFO] - configure_fit: strategy sampled 2 clients (out of 25)
[2024-05-29 02:11:38,595][flwr][INFO] - aggregate_fit: received 2 results and 0 failures
[2024-05-29 02:11:38,597][flwr][INFO] - configure_evaluate: strategy sampled 25 clients (out of 25)
[2024-05-29 02:12:20,397][flwr][INFO] - aggregate_evaluate: received 25 results and 0 failures
[2024-05-29 02:12:20,398][flwr][INFO] - 
[2024-05-29 02:12:20,399][flwr][INFO] - [ROUND 30]
[2024-05-29 02:12:20,400][flwr][INFO] - configure_fit: strategy sampled 2 clients (out of 25)
[2024-05-29 02:13:50,326][flwr][INFO] - aggregate_fit: received 2 results and 0 failures
[2024-05-29 02:13:50,329][flwr][INFO] - configure_evaluate: strategy sampled 25 clients (out of 25)
[2024-05-29 02:14:31,806][flwr][INFO] - aggregate_evaluate: received 25 results and 0 failures
[2024-05-29 02:14:31,807][flwr][INFO] - 
[2024-05-29 02:14:31,807][flwr][INFO] - [ROUND 31]
[2024-05-29 02:14:31,808][flwr][INFO] - configure_fit: strategy sampled 2 clients (out of 25)
[2024-05-29 02:16:02,371][flwr][INFO] - aggregate_fit: received 2 results and 0 failures
[2024-05-29 02:16:02,374][flwr][INFO] - configure_evaluate: strategy sampled 25 clients (out of 25)
[2024-05-29 02:16:43,681][flwr][INFO] - aggregate_evaluate: received 25 results and 0 failures
[2024-05-29 02:16:43,682][flwr][INFO] - 
[2024-05-29 02:16:43,683][flwr][INFO] - [ROUND 32]
[2024-05-29 02:16:43,684][flwr][INFO] - configure_fit: strategy sampled 2 clients (out of 25)
[2024-05-29 02:18:14,552][flwr][INFO] - aggregate_fit: received 2 results and 0 failures
[2024-05-29 02:18:14,554][flwr][INFO] - configure_evaluate: strategy sampled 25 clients (out of 25)
[2024-05-29 02:18:56,154][flwr][INFO] - aggregate_evaluate: received 25 results and 0 failures
[2024-05-29 02:18:56,155][flwr][INFO] - 
[2024-05-29 02:18:56,156][flwr][INFO] - [ROUND 33]
[2024-05-29 02:18:56,156][flwr][INFO] - configure_fit: strategy sampled 2 clients (out of 25)
[2024-05-29 02:20:26,261][flwr][INFO] - aggregate_fit: received 2 results and 0 failures
[2024-05-29 02:20:26,263][flwr][INFO] - configure_evaluate: strategy sampled 25 clients (out of 25)
[2024-05-29 02:21:07,978][flwr][INFO] - aggregate_evaluate: received 25 results and 0 failures
[2024-05-29 02:21:07,979][flwr][INFO] - 
[2024-05-29 02:21:07,979][flwr][INFO] - [ROUND 34]
[2024-05-29 02:21:07,980][flwr][INFO] - configure_fit: strategy sampled 2 clients (out of 25)
[2024-05-29 02:22:38,152][flwr][INFO] - aggregate_fit: received 2 results and 0 failures
[2024-05-29 02:22:38,155][flwr][INFO] - configure_evaluate: strategy sampled 25 clients (out of 25)
[2024-05-29 02:23:19,466][flwr][INFO] - aggregate_evaluate: received 25 results and 0 failures
[2024-05-29 02:23:19,467][flwr][INFO] - 
[2024-05-29 02:23:19,468][flwr][INFO] - [ROUND 35]
[2024-05-29 02:23:19,469][flwr][INFO] - configure_fit: strategy sampled 2 clients (out of 25)
[2024-05-29 02:24:48,083][flwr][INFO] - aggregate_fit: received 2 results and 0 failures
[2024-05-29 02:24:48,086][flwr][INFO] - configure_evaluate: strategy sampled 25 clients (out of 25)
[2024-05-29 02:25:29,378][flwr][INFO] - aggregate_evaluate: received 25 results and 0 failures
[2024-05-29 02:25:29,380][flwr][INFO] - 
[2024-05-29 02:25:29,381][flwr][INFO] - [ROUND 36]
[2024-05-29 02:25:29,381][flwr][INFO] - configure_fit: strategy sampled 2 clients (out of 25)
[2024-05-29 02:27:00,254][flwr][INFO] - aggregate_fit: received 2 results and 0 failures
[2024-05-29 02:27:00,257][flwr][INFO] - configure_evaluate: strategy sampled 25 clients (out of 25)
[2024-05-29 02:27:41,851][flwr][INFO] - aggregate_evaluate: received 25 results and 0 failures
[2024-05-29 02:27:41,852][flwr][INFO] - 
[2024-05-29 02:27:41,853][flwr][INFO] - [ROUND 37]
[2024-05-29 02:27:41,854][flwr][INFO] - configure_fit: strategy sampled 2 clients (out of 25)
[2024-05-29 02:29:12,138][flwr][INFO] - aggregate_fit: received 2 results and 0 failures
[2024-05-29 02:29:12,140][flwr][INFO] - configure_evaluate: strategy sampled 25 clients (out of 25)
[2024-05-29 02:29:53,564][flwr][INFO] - aggregate_evaluate: received 25 results and 0 failures
[2024-05-29 02:29:53,565][flwr][INFO] - 
[2024-05-29 02:29:53,566][flwr][INFO] - [ROUND 38]
[2024-05-29 02:29:53,566][flwr][INFO] - configure_fit: strategy sampled 2 clients (out of 25)
[2024-05-29 02:31:23,906][flwr][INFO] - aggregate_fit: received 2 results and 0 failures
[2024-05-29 02:31:23,909][flwr][INFO] - configure_evaluate: strategy sampled 25 clients (out of 25)
[2024-05-29 02:32:05,299][flwr][INFO] - aggregate_evaluate: received 25 results and 0 failures
[2024-05-29 02:32:05,300][flwr][INFO] - 
[2024-05-29 02:32:05,301][flwr][INFO] - [ROUND 39]
[2024-05-29 02:32:05,301][flwr][INFO] - configure_fit: strategy sampled 2 clients (out of 25)
[2024-05-29 02:33:36,009][flwr][INFO] - aggregate_fit: received 2 results and 0 failures
[2024-05-29 02:33:36,012][flwr][INFO] - configure_evaluate: strategy sampled 25 clients (out of 25)
[2024-05-29 02:34:17,955][flwr][INFO] - aggregate_evaluate: received 25 results and 0 failures
[2024-05-29 02:34:17,956][flwr][INFO] - 
[2024-05-29 02:34:17,957][flwr][INFO] - [ROUND 40]
[2024-05-29 02:34:17,957][flwr][INFO] - configure_fit: strategy sampled 2 clients (out of 25)
[2024-05-29 02:35:48,410][flwr][INFO] - aggregate_fit: received 2 results and 0 failures
[2024-05-29 02:35:48,412][flwr][INFO] - configure_evaluate: strategy sampled 25 clients (out of 25)
[2024-05-29 02:36:29,734][flwr][INFO] - aggregate_evaluate: received 25 results and 0 failures
[2024-05-29 02:36:29,735][flwr][INFO] - 
[2024-05-29 02:36:29,736][flwr][INFO] - [ROUND 41]
[2024-05-29 02:36:29,737][flwr][INFO] - configure_fit: strategy sampled 2 clients (out of 25)
[2024-05-29 02:37:58,140][flwr][INFO] - aggregate_fit: received 2 results and 0 failures
[2024-05-29 02:37:58,143][flwr][INFO] - configure_evaluate: strategy sampled 25 clients (out of 25)
[2024-05-29 02:38:39,744][flwr][INFO] - aggregate_evaluate: received 25 results and 0 failures
[2024-05-29 02:38:39,745][flwr][INFO] - 
[2024-05-29 02:38:39,745][flwr][INFO] - [ROUND 42]
[2024-05-29 02:38:39,746][flwr][INFO] - configure_fit: strategy sampled 2 clients (out of 25)
[2024-05-29 02:40:10,412][flwr][INFO] - aggregate_fit: received 2 results and 0 failures
[2024-05-29 02:40:10,415][flwr][INFO] - configure_evaluate: strategy sampled 25 clients (out of 25)
[2024-05-29 02:40:51,573][flwr][INFO] - aggregate_evaluate: received 25 results and 0 failures
[2024-05-29 02:40:51,574][flwr][INFO] - 
[2024-05-29 02:40:51,574][flwr][INFO] - [ROUND 43]
[2024-05-29 02:40:51,575][flwr][INFO] - configure_fit: strategy sampled 2 clients (out of 25)
[2024-05-29 02:42:21,723][flwr][INFO] - aggregate_fit: received 2 results and 0 failures
[2024-05-29 02:42:21,725][flwr][INFO] - configure_evaluate: strategy sampled 25 clients (out of 25)
[2024-05-29 02:43:03,052][flwr][INFO] - aggregate_evaluate: received 25 results and 0 failures
[2024-05-29 02:43:03,053][flwr][INFO] - 
[2024-05-29 02:43:03,054][flwr][INFO] - [ROUND 44]
[2024-05-29 02:43:03,055][flwr][INFO] - configure_fit: strategy sampled 2 clients (out of 25)
[2024-05-29 02:44:33,863][flwr][INFO] - aggregate_fit: received 2 results and 0 failures
[2024-05-29 02:44:33,866][flwr][INFO] - configure_evaluate: strategy sampled 25 clients (out of 25)
[2024-05-29 02:45:15,120][flwr][INFO] - aggregate_evaluate: received 25 results and 0 failures
[2024-05-29 02:45:15,121][flwr][INFO] - 
[2024-05-29 02:45:15,121][flwr][INFO] - [ROUND 45]
[2024-05-29 02:45:15,122][flwr][INFO] - configure_fit: strategy sampled 2 clients (out of 25)
[2024-05-29 02:46:45,526][flwr][INFO] - aggregate_fit: received 2 results and 0 failures
[2024-05-29 02:46:45,528][flwr][INFO] - configure_evaluate: strategy sampled 25 clients (out of 25)
[2024-05-29 02:47:27,537][flwr][INFO] - aggregate_evaluate: received 25 results and 0 failures
[2024-05-29 02:47:27,538][flwr][INFO] - 
[2024-05-29 02:47:27,539][flwr][INFO] - [ROUND 46]
[2024-05-29 02:47:27,539][flwr][INFO] - configure_fit: strategy sampled 2 clients (out of 25)
[2024-05-29 02:48:57,742][flwr][INFO] - aggregate_fit: received 2 results and 0 failures
[2024-05-29 02:48:57,744][flwr][INFO] - configure_evaluate: strategy sampled 25 clients (out of 25)
[2024-05-29 02:49:39,312][flwr][INFO] - aggregate_evaluate: received 25 results and 0 failures
[2024-05-29 02:49:39,313][flwr][INFO] - 
[2024-05-29 02:49:39,314][flwr][INFO] - [ROUND 47]
[2024-05-29 02:49:39,314][flwr][INFO] - configure_fit: strategy sampled 2 clients (out of 25)
[2024-05-29 02:51:10,133][flwr][INFO] - aggregate_fit: received 2 results and 0 failures
[2024-05-29 02:51:10,135][flwr][INFO] - configure_evaluate: strategy sampled 25 clients (out of 25)
[2024-05-29 02:51:51,944][flwr][INFO] - aggregate_evaluate: received 25 results and 0 failures
[2024-05-29 02:51:51,945][flwr][INFO] - 
[2024-05-29 02:51:51,946][flwr][INFO] - [ROUND 48]
[2024-05-29 02:51:51,947][flwr][INFO] - configure_fit: strategy sampled 2 clients (out of 25)
[2024-05-29 02:53:21,842][flwr][INFO] - aggregate_fit: received 2 results and 0 failures
[2024-05-29 02:53:21,845][flwr][INFO] - configure_evaluate: strategy sampled 25 clients (out of 25)
[2024-05-29 02:54:03,116][flwr][INFO] - aggregate_evaluate: received 25 results and 0 failures
[2024-05-29 02:54:03,116][flwr][INFO] - 
[2024-05-29 02:54:03,117][flwr][INFO] - [ROUND 49]
[2024-05-29 02:54:03,118][flwr][INFO] - configure_fit: strategy sampled 2 clients (out of 25)
[2024-05-29 02:55:31,555][flwr][INFO] - aggregate_fit: received 2 results and 0 failures
[2024-05-29 02:55:31,558][flwr][INFO] - configure_evaluate: strategy sampled 25 clients (out of 25)
[2024-05-29 02:56:12,703][flwr][INFO] - aggregate_evaluate: received 25 results and 0 failures
[2024-05-29 02:56:12,704][flwr][INFO] - 
[2024-05-29 02:56:12,705][flwr][INFO] - [ROUND 50]
[2024-05-29 02:56:12,706][flwr][INFO] - configure_fit: strategy sampled 2 clients (out of 25)
[2024-05-29 02:57:43,440][flwr][INFO] - aggregate_fit: received 2 results and 0 failures
[2024-05-29 02:57:43,443][flwr][INFO] - configure_evaluate: strategy sampled 25 clients (out of 25)
[2024-05-29 02:58:24,997][flwr][INFO] - aggregate_evaluate: received 25 results and 0 failures
[2024-05-29 02:58:24,998][flwr][INFO] - 
[2024-05-29 02:58:24,999][flwr][INFO] - [SUMMARY]
[2024-05-29 02:58:24,999][flwr][INFO] - Run finished 50 rounds in 6590.73s
[2024-05-29 02:58:25,000][flwr][INFO] - History (loss, distributed):
[2024-05-29 02:58:25,000][flwr][INFO] - 	('\tround 1: 35.76647001072035\n'
[2024-05-29 02:58:25,000][flwr][INFO] - 	 '\tround 2: 20.393712764883418\n'
[2024-05-29 02:58:25,001][flwr][INFO] - 	 '\tround 3: 41.228325723905385\n'
[2024-05-29 02:58:25,001][flwr][INFO] - 	 '\tround 4: 7.362077414790024\n'
[2024-05-29 02:58:25,001][flwr][INFO] - 	 '\tround 5: 13.199511334403855\n'
[2024-05-29 02:58:25,002][flwr][INFO] - 	 '\tround 6: 6.472899642599999\n'
[2024-05-29 02:58:25,002][flwr][INFO] - 	 '\tround 7: 12.975991276271323\n'
[2024-05-29 02:58:25,003][flwr][INFO] - 	 '\tround 8: 4.659065439339127\n'
[2024-05-29 02:58:25,003][flwr][INFO] - 	 '\tround 9: 4.154148983592034\n'
[2024-05-29 02:58:25,003][flwr][INFO] - 	 '\tround 10: 5.9560922867199295\n'
[2024-05-29 02:58:25,004][flwr][INFO] - 	 '\tround 11: 4.38927975278917\n'
[2024-05-29 02:58:25,004][flwr][INFO] - 	 '\tround 12: 8.803613070032759\n'
[2024-05-29 02:58:25,005][flwr][INFO] - 	 '\tround 13: 11.121473070831616\n'
[2024-05-29 02:58:25,005][flwr][INFO] - 	 '\tround 14: 7.287673472972583\n'
[2024-05-29 02:58:25,006][flwr][INFO] - 	 '\tround 15: 7.947109521865217\n'
[2024-05-29 02:58:25,006][flwr][INFO] - 	 '\tround 16: 4.677549418656382\n'
[2024-05-29 02:58:25,006][flwr][INFO] - 	 '\tround 17: 4.6230065163236045\n'
[2024-05-29 02:58:25,007][flwr][INFO] - 	 '\tround 18: 3.503365301976254\n'
[2024-05-29 02:58:25,007][flwr][INFO] - 	 '\tround 19: 6.209039179315633\n'
[2024-05-29 02:58:25,008][flwr][INFO] - 	 '\tround 20: 14.466154687573791\n'
[2024-05-29 02:58:25,008][flwr][INFO] - 	 '\tround 21: 3.834835867971037\n'
[2024-05-29 02:58:25,009][flwr][INFO] - 	 '\tround 22: 3.0377625491353455\n'
[2024-05-29 02:58:25,009][flwr][INFO] - 	 '\tround 23: 2.7070351526728014\n'
[2024-05-29 02:58:25,010][flwr][INFO] - 	 '\tround 24: 3.254901875970012\n'
[2024-05-29 02:58:25,010][flwr][INFO] - 	 '\tround 25: 2.5226320154156583\n'
[2024-05-29 02:58:25,010][flwr][INFO] - 	 '\tround 26: 4.5932727949865395\n'
[2024-05-29 02:58:25,011][flwr][INFO] - 	 '\tround 27: 2.3922492655861998\n'
[2024-05-29 02:58:25,011][flwr][INFO] - 	 '\tround 28: 3.750218249885709\n'
[2024-05-29 02:58:25,011][flwr][INFO] - 	 '\tround 29: 2.4652647567216293\n'
[2024-05-29 02:58:25,012][flwr][INFO] - 	 '\tround 30: 4.830404693500315\n'
[2024-05-29 02:58:25,012][flwr][INFO] - 	 '\tround 31: 2.313767518381697\n'
[2024-05-29 02:58:25,013][flwr][INFO] - 	 '\tround 32: 2.271492461639415\n'
[2024-05-29 02:58:25,013][flwr][INFO] - 	 '\tround 33: 3.182739707898364\n'
[2024-05-29 02:58:25,014][flwr][INFO] - 	 '\tround 34: 3.515265054292965\n'
[2024-05-29 02:58:25,014][flwr][INFO] - 	 '\tround 35: 10.4647734507214\n'
[2024-05-29 02:58:25,015][flwr][INFO] - 	 '\tround 36: 2.295699155831243\n'
[2024-05-29 02:58:25,015][flwr][INFO] - 	 '\tround 37: 4.322412373411022\n'
[2024-05-29 02:58:25,015][flwr][INFO] - 	 '\tround 38: 5.251983341945696\n'
[2024-05-29 02:58:25,016][flwr][INFO] - 	 '\tround 39: 2.795803328812779\n'
[2024-05-29 02:58:25,016][flwr][INFO] - 	 '\tround 40: 4.924290467756894\n'
[2024-05-29 02:58:25,017][flwr][INFO] - 	 '\tround 41: 10.018423992810336\n'
[2024-05-29 02:58:25,017][flwr][INFO] - 	 '\tround 42: 2.5249658983286287\n'
[2024-05-29 02:58:25,018][flwr][INFO] - 	 '\tround 43: 3.300803509693842\n'
[2024-05-29 02:58:25,018][flwr][INFO] - 	 '\tround 44: 5.675535699338969\n'
[2024-05-29 02:58:25,019][flwr][INFO] - 	 '\tround 45: 6.003282531325341\n'
[2024-05-29 02:58:25,019][flwr][INFO] - 	 '\tround 46: 2.538138676008046\n'
[2024-05-29 02:58:25,020][flwr][INFO] - 	 '\tround 47: 3.948978217655519\n'
[2024-05-29 02:58:25,020][flwr][INFO] - 	 '\tround 48: 3.5222753831953195\n'
[2024-05-29 02:58:25,021][flwr][INFO] - 	 '\tround 49: 5.940212835590358\n'
[2024-05-29 02:58:25,021][flwr][INFO] - 	 '\tround 50: 3.225609491409798\n')
[2024-05-29 02:58:25,022][flwr][INFO] - 
