[2024-05-18 15:26:53,075][flwr][INFO] - Starting Flower simulation, config: num_rounds=10, no round_timeout
[2024-05-18 15:26:58,028][flwr][INFO] - Flower VCE: Ray initialized with resources: {'object_store_memory': 7452624076.0, 'memory': 14905248155.0, 'node:127.0.0.1': 1.0, 'CPU': 8.0, 'node:__internal_head__': 1.0}
[2024-05-18 15:26:58,028][flwr][INFO] - Optimize your simulation with Flower VCE: https://flower.ai/docs/framework/how-to-run-simulations.html
[2024-05-18 15:26:58,029][flwr][INFO] - Flower VCE: Resources for each Virtual Client: {'num_cpus': 2, 'num_gpus': 0.0}
[2024-05-18 15:26:58,039][flwr][INFO] - Flower VCE: Creating VirtualClientEngineActorPool with 4 actors
[2024-05-18 15:26:58,040][flwr][INFO] - [INIT]
[2024-05-18 15:26:58,040][flwr][INFO] - Using initial global parameters provided by strategy
[2024-05-18 15:26:58,041][flwr][INFO] - Evaluating initial global parameters
[2024-05-18 15:26:58,041][flwr][INFO] - 
[2024-05-18 15:26:58,042][flwr][INFO] - [ROUND 1]
[2024-05-18 15:26:58,043][flwr][INFO] - configure_fit: strategy sampled 5 clients (out of 13)
[2024-05-18 15:28:59,622][flwr][INFO] - aggregate_fit: received 5 results and 0 failures
[2024-05-18 15:28:59,627][flwr][WARNING] - No fit_metrics_aggregation_fn provided
[2024-05-18 15:28:59,628][flwr][INFO] - configure_evaluate: strategy sampled 7 clients (out of 13)
[2024-05-18 15:29:11,835][flwr][INFO] - aggregate_evaluate: received 7 results and 0 failures
[2024-05-18 15:29:11,835][flwr][WARNING] - No evaluate_metrics_aggregation_fn provided
[2024-05-18 15:29:11,836][flwr][INFO] - 
[2024-05-18 15:29:11,836][flwr][INFO] - [ROUND 2]
[2024-05-18 15:29:11,837][flwr][INFO] - configure_fit: strategy sampled 5 clients (out of 13)
[2024-05-18 15:31:06,901][flwr][INFO] - aggregate_fit: received 5 results and 0 failures
[2024-05-18 15:31:06,906][flwr][INFO] - configure_evaluate: strategy sampled 7 clients (out of 13)
[2024-05-18 15:31:18,638][flwr][INFO] - aggregate_evaluate: received 7 results and 0 failures
[2024-05-18 15:31:18,639][flwr][INFO] - 
[2024-05-18 15:31:18,639][flwr][INFO] - [ROUND 3]
[2024-05-18 15:31:18,640][flwr][INFO] - configure_fit: strategy sampled 5 clients (out of 13)
[2024-05-18 15:33:13,002][flwr][INFO] - aggregate_fit: received 5 results and 0 failures
[2024-05-18 15:33:13,008][flwr][INFO] - configure_evaluate: strategy sampled 7 clients (out of 13)
[2024-05-18 15:33:24,714][flwr][INFO] - aggregate_evaluate: received 7 results and 0 failures
[2024-05-18 15:33:24,715][flwr][INFO] - 
[2024-05-18 15:33:24,715][flwr][INFO] - [ROUND 4]
[2024-05-18 15:33:24,716][flwr][INFO] - configure_fit: strategy sampled 5 clients (out of 13)
[2024-05-18 15:35:15,863][flwr][INFO] - aggregate_fit: received 5 results and 0 failures
[2024-05-18 15:35:15,869][flwr][INFO] - configure_evaluate: strategy sampled 7 clients (out of 13)
[2024-05-18 15:35:27,354][flwr][INFO] - aggregate_evaluate: received 7 results and 0 failures
[2024-05-18 15:35:27,355][flwr][INFO] - 
[2024-05-18 15:35:27,355][flwr][INFO] - [ROUND 5]
[2024-05-18 15:35:27,356][flwr][INFO] - configure_fit: strategy sampled 5 clients (out of 13)
[2024-05-18 15:37:15,720][flwr][INFO] - aggregate_fit: received 5 results and 0 failures
[2024-05-18 15:37:15,726][flwr][INFO] - configure_evaluate: strategy sampled 7 clients (out of 13)
[2024-05-18 15:37:27,220][flwr][INFO] - aggregate_evaluate: received 7 results and 0 failures
[2024-05-18 15:37:27,220][flwr][INFO] - 
[2024-05-18 15:37:27,221][flwr][INFO] - [ROUND 6]
[2024-05-18 15:37:27,222][flwr][INFO] - configure_fit: strategy sampled 5 clients (out of 13)
[2024-05-18 15:39:15,627][flwr][INFO] - aggregate_fit: received 5 results and 0 failures
[2024-05-18 15:39:15,633][flwr][INFO] - configure_evaluate: strategy sampled 7 clients (out of 13)
[2024-05-18 15:39:27,105][flwr][INFO] - aggregate_evaluate: received 7 results and 0 failures
[2024-05-18 15:39:27,106][flwr][INFO] - 
[2024-05-18 15:39:27,107][flwr][INFO] - [ROUND 7]
[2024-05-18 15:39:27,108][flwr][INFO] - configure_fit: strategy sampled 5 clients (out of 13)
[2024-05-18 15:41:16,430][flwr][INFO] - aggregate_fit: received 5 results and 0 failures
[2024-05-18 15:41:16,436][flwr][INFO] - configure_evaluate: strategy sampled 7 clients (out of 13)
[2024-05-18 15:41:27,953][flwr][INFO] - aggregate_evaluate: received 7 results and 0 failures
[2024-05-18 15:41:27,954][flwr][INFO] - 
[2024-05-18 15:41:27,954][flwr][INFO] - [ROUND 8]
[2024-05-18 15:41:27,954][flwr][INFO] - configure_fit: strategy sampled 5 clients (out of 13)
[2024-05-18 15:43:16,236][flwr][INFO] - aggregate_fit: received 5 results and 0 failures
[2024-05-18 15:43:16,243][flwr][INFO] - configure_evaluate: strategy sampled 7 clients (out of 13)
[2024-05-18 15:43:27,728][flwr][INFO] - aggregate_evaluate: received 7 results and 0 failures
[2024-05-18 15:43:27,728][flwr][INFO] - 
[2024-05-18 15:43:27,729][flwr][INFO] - [ROUND 9]
[2024-05-18 15:43:27,729][flwr][INFO] - configure_fit: strategy sampled 5 clients (out of 13)
[2024-05-18 15:45:16,610][flwr][INFO] - aggregate_fit: received 5 results and 0 failures
[2024-05-18 15:45:16,617][flwr][INFO] - configure_evaluate: strategy sampled 7 clients (out of 13)
[2024-05-18 15:45:28,188][flwr][INFO] - aggregate_evaluate: received 7 results and 0 failures
[2024-05-18 15:45:28,189][flwr][INFO] - 
[2024-05-18 15:45:28,189][flwr][INFO] - [ROUND 10]
[2024-05-18 15:45:28,189][flwr][INFO] - configure_fit: strategy sampled 5 clients (out of 13)
[2024-05-18 15:47:25,362][flwr][INFO] - aggregate_fit: received 5 results and 0 failures
[2024-05-18 15:47:25,367][flwr][INFO] - configure_evaluate: strategy sampled 7 clients (out of 13)
[2024-05-18 15:47:36,940][flwr][INFO] - aggregate_evaluate: received 7 results and 0 failures
[2024-05-18 15:47:36,941][flwr][INFO] - 
[2024-05-18 15:47:36,942][flwr][INFO] - [SUMMARY]
[2024-05-18 15:47:36,942][flwr][INFO] - Run finished 10 rounds in 1238.90s
[2024-05-18 15:47:36,943][flwr][INFO] - History (loss, distributed):
[2024-05-18 15:47:36,943][flwr][INFO] - 	('\tround 1: 1587.3460409405657\n'
[2024-05-18 15:47:36,944][flwr][INFO] - 	 '\tround 2: 380.3119157157466\n'
[2024-05-18 15:47:36,944][flwr][INFO] - 	 '\tround 3: 71.53986351856166\n'
[2024-05-18 15:47:36,944][flwr][INFO] - 	 '\tround 4: 21.099017149414667\n'
[2024-05-18 15:47:36,945][flwr][INFO] - 	 '\tround 5: 7.750884664364132\n'
[2024-05-18 15:47:36,945][flwr][INFO] - 	 '\tround 6: 10.172351242607968\n'
[2024-05-18 15:47:36,946][flwr][INFO] - 	 '\tround 7: 17.358953007751644\n'
[2024-05-18 15:47:36,946][flwr][INFO] - 	 '\tround 8: 16.56669139254745\n'
[2024-05-18 15:47:36,947][flwr][INFO] - 	 '\tround 9: 13.281370747908142\n'
[2024-05-18 15:47:36,947][flwr][INFO] - 	 '\tround 10: 17.354690186977667\n')
[2024-05-18 15:47:36,947][flwr][INFO] - 
