[2024-05-31 10:52:48,668][flwr][INFO] - Starting Flower simulation, config: num_rounds=50, no round_timeout
[2024-05-31 10:52:54,150][flwr][INFO] - Flower VCE: Ray initialized with resources: {'object_store_memory': 3590659276.0, 'node:127.0.0.1': 1.0, 'memory': 7181318555.0, 'CPU': 8.0, 'node:__internal_head__': 1.0}
[2024-05-31 10:52:54,151][flwr][INFO] - Optimize your simulation with Flower VCE: https://flower.ai/docs/framework/how-to-run-simulations.html
[2024-05-31 10:52:54,151][flwr][INFO] - Flower VCE: Resources for each Virtual Client: {'num_cpus': 2, 'num_gpus': 0.0}
[2024-05-31 10:52:54,161][flwr][INFO] - Flower VCE: Creating VirtualClientEngineActorPool with 4 actors
[2024-05-31 10:52:54,162][flwr][INFO] - [INIT]
[2024-05-31 10:52:54,162][flwr][INFO] - Requesting initial parameters from one random client
[2024-05-31 10:52:58,939][flwr][INFO] - Received initial parameters from one random client
[2024-05-31 10:52:58,940][flwr][INFO] - Evaluating initial global parameters
[2024-05-31 10:52:58,941][flwr][INFO] - 
[2024-05-31 10:52:58,941][flwr][INFO] - [ROUND 1]
[2024-05-31 10:52:58,942][flwr][INFO] - configure_fit: strategy sampled 12 clients (out of 25)
[2024-05-31 11:00:19,661][flwr][INFO] - aggregate_fit: received 12 results and 0 failures
[2024-05-31 11:00:19,672][flwr][WARNING] - No fit_metrics_aggregation_fn provided
[2024-05-31 11:00:19,673][flwr][INFO] - configure_evaluate: strategy sampled 12 clients (out of 25)
[2024-05-31 11:00:39,092][flwr][INFO] - aggregate_evaluate: received 12 results and 0 failures
[2024-05-31 11:00:39,092][flwr][WARNING] - No evaluate_metrics_aggregation_fn provided
[2024-05-31 11:00:39,093][flwr][INFO] - 
[2024-05-31 11:00:39,093][flwr][INFO] - [ROUND 2]
[2024-05-31 11:00:39,094][flwr][INFO] - configure_fit: strategy sampled 12 clients (out of 25)
[2024-05-31 11:07:42,288][flwr][INFO] - aggregate_fit: received 12 results and 0 failures
[2024-05-31 11:07:42,298][flwr][INFO] - configure_evaluate: strategy sampled 12 clients (out of 25)
[2024-05-31 11:08:01,603][flwr][INFO] - aggregate_evaluate: received 12 results and 0 failures
[2024-05-31 11:08:01,603][flwr][INFO] - 
[2024-05-31 11:08:01,604][flwr][INFO] - [ROUND 3]
[2024-05-31 11:08:01,604][flwr][INFO] - configure_fit: strategy sampled 12 clients (out of 25)
[2024-05-31 11:15:13,845][flwr][INFO] - aggregate_fit: received 12 results and 0 failures
[2024-05-31 11:15:13,855][flwr][INFO] - configure_evaluate: strategy sampled 12 clients (out of 25)
[2024-05-31 11:15:35,721][flwr][INFO] - aggregate_evaluate: received 12 results and 0 failures
[2024-05-31 11:15:35,722][flwr][INFO] - 
[2024-05-31 11:15:35,723][flwr][INFO] - [ROUND 4]
[2024-05-31 11:15:35,723][flwr][INFO] - configure_fit: strategy sampled 12 clients (out of 25)
[2024-05-31 11:23:14,698][flwr][INFO] - aggregate_fit: received 12 results and 0 failures
[2024-05-31 11:23:14,714][flwr][INFO] - configure_evaluate: strategy sampled 12 clients (out of 25)
[2024-05-31 11:23:34,940][flwr][INFO] - aggregate_evaluate: received 12 results and 0 failures
[2024-05-31 11:23:34,941][flwr][INFO] - 
[2024-05-31 11:23:34,941][flwr][INFO] - [ROUND 5]
[2024-05-31 11:23:34,942][flwr][INFO] - configure_fit: strategy sampled 12 clients (out of 25)
[2024-05-31 11:30:42,125][flwr][INFO] - aggregate_fit: received 12 results and 0 failures
[2024-05-31 11:30:42,134][flwr][INFO] - configure_evaluate: strategy sampled 12 clients (out of 25)
[2024-05-31 11:31:02,453][flwr][INFO] - aggregate_evaluate: received 12 results and 0 failures
[2024-05-31 11:31:02,454][flwr][INFO] - 
[2024-05-31 11:31:02,454][flwr][INFO] - [ROUND 6]
[2024-05-31 11:31:02,455][flwr][INFO] - configure_fit: strategy sampled 12 clients (out of 25)
[2024-05-31 11:38:25,244][flwr][INFO] - aggregate_fit: received 12 results and 0 failures
[2024-05-31 11:38:25,254][flwr][INFO] - configure_evaluate: strategy sampled 12 clients (out of 25)
