[2024-05-13 18:32:55,703][flwr][INFO] - Starting Flower simulation, config: num_rounds=20, no round_timeout
[2024-05-13 18:33:01,186][flwr][INFO] - Flower VCE: Ray initialized with resources: {'memory': 10579655886.0, 'object_store_memory': 5289827942.0, 'node:127.0.0.1': 1.0, 'CPU': 8.0, 'node:__internal_head__': 1.0}
[2024-05-13 18:33:01,187][flwr][INFO] - Optimize your simulation with Flower VCE: https://flower.ai/docs/framework/how-to-run-simulations.html
[2024-05-13 18:33:01,187][flwr][INFO] - No `client_resources` specified. Using minimal resources for clients.
[2024-05-13 18:33:01,188][flwr][INFO] - Flower VCE: Resources for each Virtual Client: {'num_cpus': 1, 'num_gpus': 0.0}
[2024-05-13 18:33:01,198][flwr][INFO] - Flower VCE: Creating VirtualClientEngineActorPool with 8 actors
[2024-05-13 18:33:01,199][flwr][INFO] - [INIT]
[2024-05-13 18:33:01,199][flwr][INFO] - Requesting initial parameters from one random client
[2024-05-13 18:33:06,128][flwr][INFO] - Received initial parameters from one random client
[2024-05-13 18:33:06,129][flwr][INFO] - Evaluating initial global parameters
[2024-05-13 18:33:06,130][flwr][INFO] - 
[2024-05-13 18:33:06,131][flwr][INFO] - [ROUND 1]
[2024-05-13 18:33:06,132][flwr][INFO] - configure_fit: strategy sampled 1 clients (out of 13)
[2024-05-13 18:33:42,900][flwr][INFO] - aggregate_fit: received 1 results and 0 failures
[2024-05-13 18:33:42,902][flwr][WARNING] - No fit_metrics_aggregation_fn provided
[2024-05-13 18:33:42,903][flwr][INFO] - configure_evaluate: strategy sampled 1 clients (out of 13)
[2024-05-13 18:33:46,380][flwr][INFO] - aggregate_evaluate: received 1 results and 0 failures
[2024-05-13 18:33:46,381][flwr][WARNING] - No evaluate_metrics_aggregation_fn provided
[2024-05-13 18:33:46,381][flwr][INFO] - 
[2024-05-13 18:33:46,382][flwr][INFO] - [ROUND 2]
[2024-05-13 18:33:46,382][flwr][INFO] - configure_fit: strategy sampled 1 clients (out of 13)
[2024-05-13 18:34:20,812][flwr][INFO] - aggregate_fit: received 1 results and 0 failures
[2024-05-13 18:34:20,815][flwr][INFO] - configure_evaluate: strategy sampled 1 clients (out of 13)
[2024-05-13 18:34:24,441][flwr][INFO] - aggregate_evaluate: received 1 results and 0 failures
[2024-05-13 18:34:24,441][flwr][INFO] - 
[2024-05-13 18:34:24,442][flwr][INFO] - [ROUND 3]
[2024-05-13 18:34:24,442][flwr][INFO] - configure_fit: strategy sampled 1 clients (out of 13)
[2024-05-13 18:34:57,504][flwr][INFO] - aggregate_fit: received 1 results and 0 failures
[2024-05-13 18:34:57,506][flwr][INFO] - configure_evaluate: strategy sampled 1 clients (out of 13)
[2024-05-13 18:35:00,779][flwr][INFO] - aggregate_evaluate: received 1 results and 0 failures
[2024-05-13 18:35:00,780][flwr][INFO] - 
[2024-05-13 18:35:00,781][flwr][INFO] - [ROUND 4]
[2024-05-13 18:35:00,782][flwr][INFO] - configure_fit: strategy sampled 1 clients (out of 13)
[2024-05-13 18:35:34,015][flwr][INFO] - aggregate_fit: received 1 results and 0 failures
[2024-05-13 18:35:34,017][flwr][INFO] - configure_evaluate: strategy sampled 1 clients (out of 13)
[2024-05-13 18:35:37,277][flwr][INFO] - aggregate_evaluate: received 1 results and 0 failures
[2024-05-13 18:35:37,278][flwr][INFO] - 
[2024-05-13 18:35:37,279][flwr][INFO] - [ROUND 5]
[2024-05-13 18:35:37,280][flwr][INFO] - configure_fit: strategy sampled 1 clients (out of 13)
[2024-05-13 18:36:10,278][flwr][INFO] - aggregate_fit: received 1 results and 0 failures
[2024-05-13 18:36:10,279][flwr][INFO] - configure_evaluate: strategy sampled 1 clients (out of 13)
[2024-05-13 18:36:13,569][flwr][INFO] - aggregate_evaluate: received 1 results and 0 failures
[2024-05-13 18:36:13,570][flwr][INFO] - 
[2024-05-13 18:36:13,570][flwr][INFO] - [ROUND 6]
[2024-05-13 18:36:13,571][flwr][INFO] - configure_fit: strategy sampled 1 clients (out of 13)
[2024-05-13 18:36:46,644][flwr][INFO] - aggregate_fit: received 1 results and 0 failures
[2024-05-13 18:36:46,646][flwr][INFO] - configure_evaluate: strategy sampled 1 clients (out of 13)
[2024-05-13 18:36:49,956][flwr][INFO] - aggregate_evaluate: received 1 results and 0 failures
[2024-05-13 18:36:49,957][flwr][INFO] - 
[2024-05-13 18:36:49,958][flwr][INFO] - [ROUND 7]
[2024-05-13 18:36:49,958][flwr][INFO] - configure_fit: strategy sampled 1 clients (out of 13)
[2024-05-13 18:37:22,858][flwr][INFO] - aggregate_fit: received 1 results and 0 failures
[2024-05-13 18:37:22,860][flwr][INFO] - configure_evaluate: strategy sampled 1 clients (out of 13)
[2024-05-13 18:37:26,142][flwr][INFO] - aggregate_evaluate: received 1 results and 0 failures
[2024-05-13 18:37:26,143][flwr][INFO] - 
[2024-05-13 18:37:26,143][flwr][INFO] - [ROUND 8]
[2024-05-13 18:37:26,144][flwr][INFO] - configure_fit: strategy sampled 1 clients (out of 13)
[2024-05-13 18:37:59,155][flwr][INFO] - aggregate_fit: received 1 results and 0 failures
[2024-05-13 18:37:59,156][flwr][INFO] - configure_evaluate: strategy sampled 1 clients (out of 13)
[2024-05-13 18:38:02,434][flwr][INFO] - aggregate_evaluate: received 1 results and 0 failures
[2024-05-13 18:38:02,435][flwr][INFO] - 
[2024-05-13 18:38:02,435][flwr][INFO] - [ROUND 9]
[2024-05-13 18:38:02,436][flwr][INFO] - configure_fit: strategy sampled 1 clients (out of 13)
[2024-05-13 18:38:35,693][flwr][INFO] - aggregate_fit: received 1 results and 0 failures
[2024-05-13 18:38:35,695][flwr][INFO] - configure_evaluate: strategy sampled 1 clients (out of 13)
[2024-05-13 18:38:38,943][flwr][INFO] - aggregate_evaluate: received 1 results and 0 failures
[2024-05-13 18:38:38,943][flwr][INFO] - 
[2024-05-13 18:38:38,944][flwr][INFO] - [ROUND 10]
[2024-05-13 18:38:38,945][flwr][INFO] - configure_fit: strategy sampled 1 clients (out of 13)
[2024-05-13 18:39:11,742][flwr][INFO] - aggregate_fit: received 1 results and 0 failures
[2024-05-13 18:39:11,744][flwr][INFO] - configure_evaluate: strategy sampled 1 clients (out of 13)
[2024-05-13 18:39:15,007][flwr][INFO] - aggregate_evaluate: received 1 results and 0 failures
[2024-05-13 18:39:15,008][flwr][INFO] - 
[2024-05-13 18:39:15,008][flwr][INFO] - [ROUND 11]
[2024-05-13 18:39:15,009][flwr][INFO] - configure_fit: strategy sampled 1 clients (out of 13)
[2024-05-13 18:39:47,910][flwr][INFO] - aggregate_fit: received 1 results and 0 failures
[2024-05-13 18:39:47,911][flwr][INFO] - configure_evaluate: strategy sampled 1 clients (out of 13)
[2024-05-13 18:39:51,157][flwr][INFO] - aggregate_evaluate: received 1 results and 0 failures
[2024-05-13 18:39:51,157][flwr][INFO] - 
[2024-05-13 18:39:51,158][flwr][INFO] - [ROUND 12]
[2024-05-13 18:39:51,159][flwr][INFO] - configure_fit: strategy sampled 1 clients (out of 13)
[2024-05-13 18:40:24,254][flwr][INFO] - aggregate_fit: received 1 results and 0 failures
[2024-05-13 18:40:24,256][flwr][INFO] - configure_evaluate: strategy sampled 1 clients (out of 13)
[2024-05-13 18:40:27,552][flwr][INFO] - aggregate_evaluate: received 1 results and 0 failures
[2024-05-13 18:40:27,553][flwr][INFO] - 
[2024-05-13 18:40:27,554][flwr][INFO] - [ROUND 13]
[2024-05-13 18:40:27,555][flwr][INFO] - configure_fit: strategy sampled 1 clients (out of 13)
[2024-05-13 18:41:00,364][flwr][INFO] - aggregate_fit: received 1 results and 0 failures
[2024-05-13 18:41:00,366][flwr][INFO] - configure_evaluate: strategy sampled 1 clients (out of 13)
[2024-05-13 18:41:03,613][flwr][INFO] - aggregate_evaluate: received 1 results and 0 failures
[2024-05-13 18:41:03,614][flwr][INFO] - 
[2024-05-13 18:41:03,615][flwr][INFO] - [ROUND 14]
[2024-05-13 18:41:03,616][flwr][INFO] - configure_fit: strategy sampled 1 clients (out of 13)
[2024-05-13 18:41:36,547][flwr][INFO] - aggregate_fit: received 1 results and 0 failures
[2024-05-13 18:41:36,549][flwr][INFO] - configure_evaluate: strategy sampled 1 clients (out of 13)
[2024-05-13 18:41:39,810][flwr][INFO] - aggregate_evaluate: received 1 results and 0 failures
[2024-05-13 18:41:39,810][flwr][INFO] - 
[2024-05-13 18:41:39,811][flwr][INFO] - [ROUND 15]
[2024-05-13 18:41:39,811][flwr][INFO] - configure_fit: strategy sampled 1 clients (out of 13)
[2024-05-13 18:42:12,614][flwr][INFO] - aggregate_fit: received 1 results and 0 failures
[2024-05-13 18:42:12,616][flwr][INFO] - configure_evaluate: strategy sampled 1 clients (out of 13)
[2024-05-13 18:42:15,881][flwr][INFO] - aggregate_evaluate: received 1 results and 0 failures
[2024-05-13 18:42:15,881][flwr][INFO] - 
[2024-05-13 18:42:15,882][flwr][INFO] - [ROUND 16]
[2024-05-13 18:42:15,883][flwr][INFO] - configure_fit: strategy sampled 1 clients (out of 13)
[2024-05-13 18:42:48,840][flwr][INFO] - aggregate_fit: received 1 results and 0 failures
[2024-05-13 18:42:48,842][flwr][INFO] - configure_evaluate: strategy sampled 1 clients (out of 13)
[2024-05-13 18:42:52,084][flwr][INFO] - aggregate_evaluate: received 1 results and 0 failures
[2024-05-13 18:42:52,085][flwr][INFO] - 
[2024-05-13 18:42:52,085][flwr][INFO] - [ROUND 17]
[2024-05-13 18:42:52,086][flwr][INFO] - configure_fit: strategy sampled 1 clients (out of 13)
[2024-05-13 18:43:25,168][flwr][INFO] - aggregate_fit: received 1 results and 0 failures
[2024-05-13 18:43:25,170][flwr][INFO] - configure_evaluate: strategy sampled 1 clients (out of 13)
[2024-05-13 18:43:28,484][flwr][INFO] - aggregate_evaluate: received 1 results and 0 failures
[2024-05-13 18:43:28,485][flwr][INFO] - 
[2024-05-13 18:43:28,485][flwr][INFO] - [ROUND 18]
[2024-05-13 18:43:28,486][flwr][INFO] - configure_fit: strategy sampled 1 clients (out of 13)
[2024-05-13 18:44:01,383][flwr][INFO] - aggregate_fit: received 1 results and 0 failures
[2024-05-13 18:44:01,386][flwr][INFO] - configure_evaluate: strategy sampled 1 clients (out of 13)
[2024-05-13 18:44:04,607][flwr][INFO] - aggregate_evaluate: received 1 results and 0 failures
[2024-05-13 18:44:04,608][flwr][INFO] - 
[2024-05-13 18:44:04,610][flwr][INFO] - [ROUND 19]
[2024-05-13 18:44:04,610][flwr][INFO] - configure_fit: strategy sampled 1 clients (out of 13)
[2024-05-13 18:44:37,174][flwr][INFO] - aggregate_fit: received 1 results and 0 failures
[2024-05-13 18:44:37,176][flwr][INFO] - configure_evaluate: strategy sampled 1 clients (out of 13)
[2024-05-13 18:44:40,361][flwr][INFO] - aggregate_evaluate: received 1 results and 0 failures
[2024-05-13 18:44:40,362][flwr][INFO] - 
[2024-05-13 18:44:40,362][flwr][INFO] - [ROUND 20]
[2024-05-13 18:44:40,363][flwr][INFO] - configure_fit: strategy sampled 1 clients (out of 13)
[2024-05-13 18:45:12,784][flwr][INFO] - aggregate_fit: received 1 results and 0 failures
[2024-05-13 18:45:12,786][flwr][INFO] - configure_evaluate: strategy sampled 1 clients (out of 13)
[2024-05-13 18:45:16,214][flwr][INFO] - aggregate_evaluate: received 1 results and 0 failures
[2024-05-13 18:45:16,215][flwr][INFO] - 
[2024-05-13 18:45:16,216][flwr][INFO] - [SUMMARY]
[2024-05-13 18:45:16,216][flwr][INFO] - Run finished 20 rounds in 730.09s
[2024-05-13 18:45:16,217][flwr][INFO] - History (loss, distributed):
[2024-05-13 18:45:16,217][flwr][INFO] - 	('\tround 1: 1797.6194131216444\n'
[2024-05-13 18:45:16,218][flwr][INFO] - 	 '\tround 2: 521.6593712873414\n'
[2024-05-13 18:45:16,218][flwr][INFO] - 	 '\tround 3: 25.881711238727135\n'
[2024-05-13 18:45:16,219][flwr][INFO] - 	 '\tround 4: 126.89102291651828\n'
[2024-05-13 18:45:16,219][flwr][INFO] - 	 '\tround 5: 47.6800343553076\n'
[2024-05-13 18:45:16,220][flwr][INFO] - 	 '\tround 6: 7.528430777178577\n'
[2024-05-13 18:45:16,220][flwr][INFO] - 	 '\tround 7: 6.503762122675538\n'
[2024-05-13 18:45:16,221][flwr][INFO] - 	 '\tround 8: 10.677979335496783\n'
[2024-05-13 18:45:16,221][flwr][INFO] - 	 '\tround 9: 28.410305840139188\n'
[2024-05-13 18:45:16,222][flwr][INFO] - 	 '\tround 10: 9.107109895332403\n'
[2024-05-13 18:45:16,222][flwr][INFO] - 	 '\tround 11: 22.34714857986721\n'
[2024-05-13 18:45:16,223][flwr][INFO] - 	 '\tround 12: 15.65430319912745\n'
[2024-05-13 18:45:16,223][flwr][INFO] - 	 '\tround 13: 69.47970743354831\n'
[2024-05-13 18:45:16,224][flwr][INFO] - 	 '\tround 14: 61.82649098614288\n'
[2024-05-13 18:45:16,225][flwr][INFO] - 	 '\tround 15: 8.409148498032733\n'
[2024-05-13 18:45:16,225][flwr][INFO] - 	 '\tround 16: 14.415353958568595\n'
[2024-05-13 18:45:16,226][flwr][INFO] - 	 '\tround 17: 13.544165042271652\n'
[2024-05-13 18:45:16,227][flwr][INFO] - 	 '\tround 18: 12.030766088770605\n'
[2024-05-13 18:45:16,228][flwr][INFO] - 	 '\tround 19: 13.885439348633522\n'
[2024-05-13 18:45:16,228][flwr][INFO] - 	 '\tround 20: 5.788047378274925\n')
[2024-05-13 18:45:16,229][flwr][INFO] - 
