[2024-06-10 14:46:35,463][flwr][INFO] - Starting Flower simulation, config: num_rounds=50, no round_timeout
[2024-06-10 14:46:41,802][flwr][INFO] - Flower VCE: Ray initialized with resources: {'node:__internal_head__': 1.0, 'memory': 8518267700.0, 'object_store_memory': 4259133849.0, 'node:127.0.0.1': 1.0, 'CPU': 8.0}
[2024-06-10 14:46:41,803][flwr][INFO] - Optimize your simulation with Flower VCE: https://flower.ai/docs/framework/how-to-run-simulations.html
[2024-06-10 14:46:41,803][flwr][INFO] - Flower VCE: Resources for each Virtual Client: {'num_cpus': 8, 'num_gpus': 0.0}
[2024-06-10 14:46:41,811][flwr][INFO] - Flower VCE: Creating VirtualClientEngineActorPool with 1 actors
[2024-06-10 14:46:41,812][flwr][INFO] - [INIT]
[2024-06-10 14:46:41,812][flwr][INFO] - Requesting initial parameters from one random client
[2024-06-10 14:46:46,046][flwr][INFO] - Received initial parameters from one random client
[2024-06-10 14:46:46,047][flwr][INFO] - Evaluating initial global parameters
[2024-06-10 14:46:46,055][flwr][INFO] - initial parameters (loss, other metrics): tensor(1507.1761, dtype=torch.float64), {'mae_loss, mse_loss': (38.81434055328369, 1507.1760731908741)}
[2024-06-10 14:46:46,057][flwr][INFO] - 
[2024-06-10 14:46:46,058][flwr][INFO] - [ROUND 1]
[2024-06-10 14:46:46,059][flwr][INFO] - configure_fit: strategy sampled 13 clients (out of 13)
[2024-06-10 14:47:06,100][flwr][INFO] - aggregate_fit: received 13 results and 0 failures
[2024-06-10 14:47:06,112][flwr][WARNING] - No fit_metrics_aggregation_fn provided
[2024-06-10 14:47:06,117][flwr][INFO] - fit progress: (1, tensor(0.6384, dtype=torch.float64), {'mae_loss, mse_loss': (0.770748748779296, 0.6383824146984831)}, 20.058963199999997)
[2024-06-10 14:47:06,118][flwr][INFO] - configure_evaluate: strategy sampled 13 clients (out of 13)
[2024-06-10 14:47:06,433][flwr][INFO] - aggregate_evaluate: received 13 results and 0 failures
[2024-06-10 14:47:06,434][flwr][WARNING] - No evaluate_metrics_aggregation_fn provided
[2024-06-10 14:47:06,434][flwr][INFO] - 
[2024-06-10 14:47:06,435][flwr][INFO] - [ROUND 2]
[2024-06-10 14:47:06,435][flwr][INFO] - configure_fit: strategy sampled 13 clients (out of 13)
[2024-06-10 14:47:25,455][flwr][INFO] - aggregate_fit: received 13 results and 0 failures
[2024-06-10 14:47:25,470][flwr][INFO] - fit progress: (2, tensor(0.2554, dtype=torch.float64), {'mae_loss, mse_loss': (0.45990890502929604, 0.2554191352011399)}, 39.4128465)
[2024-06-10 14:47:25,471][flwr][INFO] - configure_evaluate: strategy sampled 13 clients (out of 13)
[2024-06-10 14:47:25,779][flwr][INFO] - aggregate_evaluate: received 13 results and 0 failures
[2024-06-10 14:47:25,780][flwr][INFO] - 
[2024-06-10 14:47:25,780][flwr][INFO] - [ROUND 3]
[2024-06-10 14:47:25,781][flwr][INFO] - configure_fit: strategy sampled 13 clients (out of 13)
[2024-06-10 14:47:44,583][flwr][INFO] - aggregate_fit: received 13 results and 0 failures
[2024-06-10 14:47:44,599][flwr][INFO] - fit progress: (3, tensor(0.4776, dtype=torch.float64), {'mae_loss, mse_loss': (0.6547921752929696, 0.4776220671341306)}, 58.54071230000001)
[2024-06-10 14:47:44,600][flwr][INFO] - configure_evaluate: strategy sampled 13 clients (out of 13)
[2024-06-10 14:47:44,924][flwr][INFO] - aggregate_evaluate: received 13 results and 0 failures
[2024-06-10 14:47:44,924][flwr][INFO] - 
[2024-06-10 14:47:44,925][flwr][INFO] - [ROUND 4]
[2024-06-10 14:47:44,925][flwr][INFO] - configure_fit: strategy sampled 13 clients (out of 13)
[2024-06-10 14:48:03,737][flwr][INFO] - aggregate_fit: received 13 results and 0 failures
[2024-06-10 14:48:03,750][flwr][INFO] - fit progress: (4, tensor(0.0465, dtype=torch.float64), {'mae_loss, mse_loss': (0.1756600952148446, 0.04650893226126269)}, 77.6924663)
[2024-06-10 14:48:03,752][flwr][INFO] - configure_evaluate: strategy sampled 13 clients (out of 13)
[2024-06-10 14:48:04,055][flwr][INFO] - aggregate_evaluate: received 13 results and 0 failures
[2024-06-10 14:48:04,056][flwr][INFO] - 
[2024-06-10 14:48:04,057][flwr][INFO] - [ROUND 5]
[2024-06-10 14:48:04,058][flwr][INFO] - configure_fit: strategy sampled 13 clients (out of 13)
[2024-06-10 14:48:23,267][flwr][INFO] - aggregate_fit: received 13 results and 0 failures
[2024-06-10 14:48:23,281][flwr][INFO] - fit progress: (5, tensor(0.2646, dtype=torch.float64), {'mae_loss, mse_loss': (0.483004913330079, 0.26458082231262353)}, 97.223815)
[2024-06-10 14:48:23,282][flwr][INFO] - configure_evaluate: strategy sampled 13 clients (out of 13)
[2024-06-10 14:48:23,578][flwr][INFO] - aggregate_evaluate: received 13 results and 0 failures
[2024-06-10 14:48:23,579][flwr][INFO] - 
[2024-06-10 14:48:23,580][flwr][INFO] - [ROUND 6]
[2024-06-10 14:48:23,581][flwr][INFO] - configure_fit: strategy sampled 13 clients (out of 13)
[2024-06-10 14:48:42,113][flwr][INFO] - aggregate_fit: received 13 results and 0 failures
[2024-06-10 14:48:42,127][flwr][INFO] - fit progress: (6, tensor(0.2161, dtype=torch.float64), {'mae_loss, mse_loss': (0.3918435668945321, 0.21612571451556994)}, 116.0704009)
[2024-06-10 14:48:42,130][flwr][INFO] - configure_evaluate: strategy sampled 13 clients (out of 13)
[2024-06-10 14:48:42,430][flwr][INFO] - aggregate_evaluate: received 13 results and 0 failures
[2024-06-10 14:48:42,431][flwr][INFO] - 
[2024-06-10 14:48:42,431][flwr][INFO] - [ROUND 7]
[2024-06-10 14:48:42,432][flwr][INFO] - configure_fit: strategy sampled 13 clients (out of 13)
[2024-06-10 14:49:00,947][flwr][INFO] - aggregate_fit: received 13 results and 0 failures
[2024-06-10 14:49:00,960][flwr][INFO] - fit progress: (7, tensor(0.5224, dtype=torch.float64), {'mae_loss, mse_loss': (0.7007913208007821, 0.5224178146312496)}, 134.90286799999998)
[2024-06-10 14:49:00,962][flwr][INFO] - configure_evaluate: strategy sampled 13 clients (out of 13)
[2024-06-10 14:49:01,292][flwr][INFO] - aggregate_evaluate: received 13 results and 0 failures
[2024-06-10 14:49:01,293][flwr][INFO] - 
[2024-06-10 14:49:01,294][flwr][INFO] - [ROUND 8]
[2024-06-10 14:49:01,294][flwr][INFO] - configure_fit: strategy sampled 13 clients (out of 13)
[2024-06-10 14:49:19,843][flwr][INFO] - aggregate_fit: received 13 results and 0 failures
[2024-06-10 14:49:19,858][flwr][INFO] - fit progress: (8, tensor(0.6285, dtype=torch.float64), {'mae_loss, mse_loss': (0.7771737670898446, 0.6284876167958154)}, 153.80055009999998)
[2024-06-10 14:49:19,860][flwr][INFO] - configure_evaluate: strategy sampled 13 clients (out of 13)
[2024-06-10 14:49:20,168][flwr][INFO] - aggregate_evaluate: received 13 results and 0 failures
[2024-06-10 14:49:20,169][flwr][INFO] - 
[2024-06-10 14:49:20,170][flwr][INFO] - [ROUND 9]
[2024-06-10 14:49:20,171][flwr][INFO] - configure_fit: strategy sampled 13 clients (out of 13)
[2024-06-10 14:49:38,701][flwr][INFO] - aggregate_fit: received 13 results and 0 failures
[2024-06-10 14:49:38,715][flwr][INFO] - fit progress: (9, tensor(0.3583, dtype=torch.float64), {'mae_loss, mse_loss': (0.5688363647460946, 0.35828319366532524)}, 172.6574364)
[2024-06-10 14:49:38,717][flwr][INFO] - configure_evaluate: strategy sampled 13 clients (out of 13)
[2024-06-10 14:49:39,042][flwr][INFO] - aggregate_evaluate: received 13 results and 0 failures
[2024-06-10 14:49:39,043][flwr][INFO] - 
[2024-06-10 14:49:39,044][flwr][INFO] - [ROUND 10]
[2024-06-10 14:49:39,045][flwr][INFO] - configure_fit: strategy sampled 13 clients (out of 13)
[2024-06-10 14:49:57,642][flwr][INFO] - aggregate_fit: received 13 results and 0 failures
[2024-06-10 14:49:57,656][flwr][INFO] - fit progress: (10, tensor(0.0834, dtype=torch.float64), {'mae_loss, mse_loss': (0.26891342163086024, 0.08343021232204081)}, 191.5984762)
[2024-06-10 14:49:57,658][flwr][INFO] - configure_evaluate: strategy sampled 13 clients (out of 13)
[2024-06-10 14:49:58,040][flwr][INFO] - aggregate_evaluate: received 13 results and 0 failures
[2024-06-10 14:49:58,041][flwr][INFO] - 
[2024-06-10 14:49:58,041][flwr][INFO] - [ROUND 11]
[2024-06-10 14:49:58,042][flwr][INFO] - configure_fit: strategy sampled 13 clients (out of 13)
[2024-06-10 14:50:16,558][flwr][INFO] - aggregate_fit: received 13 results and 0 failures
[2024-06-10 14:50:16,572][flwr][INFO] - fit progress: (11, tensor(0.3176, dtype=torch.float64), {'mae_loss, mse_loss': (0.5223188781738273, 0.3175796812135956)}, 210.5142845)
[2024-06-10 14:50:16,574][flwr][INFO] - configure_evaluate: strategy sampled 13 clients (out of 13)
[2024-06-10 14:50:16,881][flwr][INFO] - aggregate_evaluate: received 13 results and 0 failures
[2024-06-10 14:50:16,882][flwr][INFO] - 
[2024-06-10 14:50:16,883][flwr][INFO] - [ROUND 12]
[2024-06-10 14:50:16,884][flwr][INFO] - configure_fit: strategy sampled 13 clients (out of 13)
[2024-06-10 14:50:35,494][flwr][INFO] - aggregate_fit: received 13 results and 0 failures
[2024-06-10 14:50:35,507][flwr][INFO] - fit progress: (12, tensor(0.1918, dtype=torch.float64), {'mae_loss, mse_loss': (0.3982115173339835, 0.19182763105409664)}, 229.4499064)
[2024-06-10 14:50:35,509][flwr][INFO] - configure_evaluate: strategy sampled 13 clients (out of 13)
[2024-06-10 14:50:35,837][flwr][INFO] - aggregate_evaluate: received 13 results and 0 failures
[2024-06-10 14:50:35,837][flwr][INFO] - 
[2024-06-10 14:50:35,838][flwr][INFO] - [ROUND 13]
[2024-06-10 14:50:35,839][flwr][INFO] - configure_fit: strategy sampled 13 clients (out of 13)
[2024-06-10 14:50:54,302][flwr][INFO] - aggregate_fit: received 13 results and 0 failures
[2024-06-10 14:50:54,317][flwr][INFO] - fit progress: (13, tensor(0.2725, dtype=torch.float64), {'mae_loss, mse_loss': (0.4956381225585929, 0.2724896775730881)}, 248.25936409999997)
[2024-06-10 14:50:54,319][flwr][INFO] - configure_evaluate: strategy sampled 13 clients (out of 13)
[2024-06-10 14:50:54,628][flwr][INFO] - aggregate_evaluate: received 13 results and 0 failures
[2024-06-10 14:50:54,629][flwr][INFO] - 
[2024-06-10 14:50:54,630][flwr][INFO] - [ROUND 14]
[2024-06-10 14:50:54,630][flwr][INFO] - configure_fit: strategy sampled 13 clients (out of 13)
[2024-06-10 14:51:13,057][flwr][INFO] - aggregate_fit: received 13 results and 0 failures
[2024-06-10 14:51:13,072][flwr][INFO] - fit progress: (14, tensor(0.2619, dtype=torch.float64), {'mae_loss, mse_loss': (0.4884542846679679, 0.2619251682653553)}, 267.0145821)
[2024-06-10 14:51:13,073][flwr][INFO] - configure_evaluate: strategy sampled 13 clients (out of 13)
[2024-06-10 14:51:13,365][flwr][INFO] - aggregate_evaluate: received 13 results and 0 failures
[2024-06-10 14:51:13,366][flwr][INFO] - 
[2024-06-10 14:51:13,366][flwr][INFO] - [ROUND 15]
[2024-06-10 14:51:13,367][flwr][INFO] - configure_fit: strategy sampled 13 clients (out of 13)
[2024-06-10 14:51:31,911][flwr][INFO] - aggregate_fit: received 13 results and 0 failures
[2024-06-10 14:51:31,925][flwr][INFO] - fit progress: (15, tensor(0.4423, dtype=torch.float64), {'mae_loss, mse_loss': (0.6482855224609366, 0.44228697539982303)}, 285.8668199)
[2024-06-10 14:51:31,927][flwr][INFO] - configure_evaluate: strategy sampled 13 clients (out of 13)
[2024-06-10 14:51:32,297][flwr][INFO] - aggregate_evaluate: received 13 results and 0 failures
[2024-06-10 14:51:32,298][flwr][INFO] - 
[2024-06-10 14:51:32,298][flwr][INFO] - [ROUND 16]
[2024-06-10 14:51:32,299][flwr][INFO] - configure_fit: strategy sampled 13 clients (out of 13)
[2024-06-10 14:51:50,816][flwr][INFO] - aggregate_fit: received 13 results and 0 failures
[2024-06-10 14:51:50,829][flwr][INFO] - fit progress: (16, tensor(0.5826, dtype=torch.float64), {'mae_loss, mse_loss': (0.7517340087890616, 0.5826092202842691)}, 304.77144069999997)
[2024-06-10 14:51:50,831][flwr][INFO] - configure_evaluate: strategy sampled 13 clients (out of 13)
[2024-06-10 14:51:51,131][flwr][INFO] - aggregate_evaluate: received 13 results and 0 failures
[2024-06-10 14:51:51,132][flwr][INFO] - 
[2024-06-10 14:51:51,132][flwr][INFO] - [ROUND 17]
[2024-06-10 14:51:51,133][flwr][INFO] - configure_fit: strategy sampled 13 clients (out of 13)
[2024-06-10 14:52:09,667][flwr][INFO] - aggregate_fit: received 13 results and 0 failures
[2024-06-10 14:52:09,684][flwr][INFO] - fit progress: (17, tensor(0.3022, dtype=torch.float64), {'mae_loss, mse_loss': (0.5336019897460929, 0.30216489384160317)}, 323.625858)
[2024-06-10 14:52:09,685][flwr][INFO] - configure_evaluate: strategy sampled 13 clients (out of 13)
[2024-06-10 14:52:09,980][flwr][INFO] - aggregate_evaluate: received 13 results and 0 failures
[2024-06-10 14:52:09,981][flwr][INFO] - 
[2024-06-10 14:52:09,982][flwr][INFO] - [ROUND 18]
[2024-06-10 14:52:09,982][flwr][INFO] - configure_fit: strategy sampled 13 clients (out of 13)
[2024-06-10 14:52:28,757][flwr][INFO] - aggregate_fit: received 13 results and 0 failures
[2024-06-10 14:52:28,771][flwr][INFO] - fit progress: (18, tensor(0.3123, dtype=torch.float64), {'mae_loss, mse_loss': (0.5434187316894523, 0.31227891449036477)}, 342.71265439999996)
[2024-06-10 14:52:28,772][flwr][INFO] - configure_evaluate: strategy sampled 13 clients (out of 13)
[2024-06-10 14:52:29,070][flwr][INFO] - aggregate_evaluate: received 13 results and 0 failures
[2024-06-10 14:52:29,071][flwr][INFO] - 
[2024-06-10 14:52:29,072][flwr][INFO] - [ROUND 19]
[2024-06-10 14:52:29,072][flwr][INFO] - configure_fit: strategy sampled 13 clients (out of 13)
[2024-06-10 14:52:47,609][flwr][INFO] - aggregate_fit: received 13 results and 0 failures
[2024-06-10 14:52:47,622][flwr][INFO] - fit progress: (19, tensor(0.4694, dtype=torch.float64), {'mae_loss, mse_loss': (0.6742071533203117, 0.46944082727865233)}, 361.5643579)
[2024-06-10 14:52:47,624][flwr][INFO] - configure_evaluate: strategy sampled 13 clients (out of 13)
[2024-06-10 14:52:47,934][flwr][INFO] - aggregate_evaluate: received 13 results and 0 failures
[2024-06-10 14:52:47,935][flwr][INFO] - 
[2024-06-10 14:52:47,935][flwr][INFO] - [ROUND 20]
[2024-06-10 14:52:47,936][flwr][INFO] - configure_fit: strategy sampled 13 clients (out of 13)
[2024-06-10 14:53:06,516][flwr][INFO] - aggregate_fit: received 13 results and 0 failures
[2024-06-10 14:53:06,530][flwr][INFO] - fit progress: (20, tensor(0.2473, dtype=torch.float64), {'mae_loss, mse_loss': (0.4818777465820304, 0.247318405526224)}, 380.4718383)
[2024-06-10 14:53:06,531][flwr][INFO] - configure_evaluate: strategy sampled 13 clients (out of 13)
[2024-06-10 14:53:06,827][flwr][INFO] - aggregate_evaluate: received 13 results and 0 failures
[2024-06-10 14:53:06,828][flwr][INFO] - 
[2024-06-10 14:53:06,829][flwr][INFO] - [ROUND 21]
[2024-06-10 14:53:06,829][flwr][INFO] - configure_fit: strategy sampled 13 clients (out of 13)
[2024-06-10 14:53:25,339][flwr][INFO] - aggregate_fit: received 13 results and 0 failures
[2024-06-10 14:53:25,354][flwr][INFO] - fit progress: (21, tensor(0.2279, dtype=torch.float64), {'mae_loss, mse_loss': (0.46014846801757725, 0.22794684357743195)}, 399.2960782)
[2024-06-10 14:53:25,355][flwr][INFO] - configure_evaluate: strategy sampled 13 clients (out of 13)
[2024-06-10 14:53:25,651][flwr][INFO] - aggregate_evaluate: received 13 results and 0 failures
[2024-06-10 14:53:25,653][flwr][INFO] - 
[2024-06-10 14:53:25,653][flwr][INFO] - [ROUND 22]
[2024-06-10 14:53:25,654][flwr][INFO] - configure_fit: strategy sampled 13 clients (out of 13)
[2024-06-10 14:53:44,142][flwr][INFO] - aggregate_fit: received 13 results and 0 failures
[2024-06-10 14:53:44,159][flwr][INFO] - fit progress: (22, tensor(0.2527, dtype=torch.float64), {'mae_loss, mse_loss': (0.48495239257812417, 0.2526926208843937)}, 418.1017759)
[2024-06-10 14:53:44,161][flwr][INFO] - configure_evaluate: strategy sampled 13 clients (out of 13)
[2024-06-10 14:53:44,477][flwr][INFO] - aggregate_evaluate: received 13 results and 0 failures
[2024-06-10 14:53:44,478][flwr][INFO] - 
[2024-06-10 14:53:44,478][flwr][INFO] - [ROUND 23]
[2024-06-10 14:53:44,478][flwr][INFO] - configure_fit: strategy sampled 13 clients (out of 13)
[2024-06-10 14:54:03,002][flwr][INFO] - aggregate_fit: received 13 results and 0 failures
[2024-06-10 14:54:03,015][flwr][INFO] - fit progress: (23, tensor(0.5037, dtype=torch.float64), {'mae_loss, mse_loss': (0.6978781127929679, 0.5037489946731357)}, 436.9569542)
[2024-06-10 14:54:03,017][flwr][INFO] - configure_evaluate: strategy sampled 13 clients (out of 13)
[2024-06-10 14:54:03,328][flwr][INFO] - aggregate_evaluate: received 13 results and 0 failures
[2024-06-10 14:54:03,329][flwr][INFO] - 
[2024-06-10 14:54:03,329][flwr][INFO] - [ROUND 24]
[2024-06-10 14:54:03,330][flwr][INFO] - configure_fit: strategy sampled 13 clients (out of 13)
[2024-06-10 14:54:21,854][flwr][INFO] - aggregate_fit: received 13 results and 0 failures
[2024-06-10 14:54:21,867][flwr][INFO] - fit progress: (24, tensor(0.2990, dtype=torch.float64), {'mae_loss, mse_loss': (0.5338682556152335, 0.2990136153743363)}, 455.8102417)
[2024-06-10 14:54:21,870][flwr][INFO] - configure_evaluate: strategy sampled 13 clients (out of 13)
[2024-06-10 14:54:22,168][flwr][INFO] - aggregate_evaluate: received 13 results and 0 failures
[2024-06-10 14:54:22,169][flwr][INFO] - 
[2024-06-10 14:54:22,170][flwr][INFO] - [ROUND 25]
[2024-06-10 14:54:22,171][flwr][INFO] - configure_fit: strategy sampled 13 clients (out of 13)
[2024-06-10 14:54:40,678][flwr][INFO] - aggregate_fit: received 13 results and 0 failures
[2024-06-10 14:54:40,692][flwr][INFO] - fit progress: (25, tensor(0.4088, dtype=torch.float64), {'mae_loss, mse_loss': (0.6289556884765617, 0.40877062823367216)}, 474.63408749999996)
[2024-06-10 14:54:40,693][flwr][INFO] - configure_evaluate: strategy sampled 13 clients (out of 13)
[2024-06-10 14:54:41,020][flwr][INFO] - aggregate_evaluate: received 13 results and 0 failures
[2024-06-10 14:54:41,021][flwr][INFO] - 
[2024-06-10 14:54:41,022][flwr][INFO] - [ROUND 26]
[2024-06-10 14:54:41,022][flwr][INFO] - configure_fit: strategy sampled 13 clients (out of 13)
[2024-06-10 14:54:59,607][flwr][INFO] - aggregate_fit: received 13 results and 0 failures
[2024-06-10 14:54:59,621][flwr][INFO] - fit progress: (26, tensor(0.2892, dtype=torch.float64), {'mae_loss, mse_loss': (0.5232824707031242, 0.2892211943466676)}, 493.5637484)
[2024-06-10 14:54:59,623][flwr][INFO] - configure_evaluate: strategy sampled 13 clients (out of 13)
[2024-06-10 14:54:59,934][flwr][INFO] - aggregate_evaluate: received 13 results and 0 failures
[2024-06-10 14:54:59,935][flwr][INFO] - 
[2024-06-10 14:54:59,936][flwr][INFO] - [ROUND 27]
[2024-06-10 14:54:59,936][flwr][INFO] - configure_fit: strategy sampled 13 clients (out of 13)
[2024-06-10 14:55:18,460][flwr][INFO] - aggregate_fit: received 13 results and 0 failures
[2024-06-10 14:55:18,473][flwr][INFO] - fit progress: (27, tensor(0.4791, dtype=torch.float64), {'mae_loss, mse_loss': (0.6826651000976554, 0.47910917859384694)}, 512.4153477)
[2024-06-10 14:55:18,475][flwr][INFO] - configure_evaluate: strategy sampled 13 clients (out of 13)
[2024-06-10 14:55:18,798][flwr][INFO] - aggregate_evaluate: received 13 results and 0 failures
[2024-06-10 14:55:18,799][flwr][INFO] - 
[2024-06-10 14:55:18,799][flwr][INFO] - [ROUND 28]
[2024-06-10 14:55:18,800][flwr][INFO] - configure_fit: strategy sampled 13 clients (out of 13)
[2024-06-10 14:55:37,294][flwr][INFO] - aggregate_fit: received 13 results and 0 failures
[2024-06-10 14:55:37,309][flwr][INFO] - fit progress: (28, tensor(0.1979, dtype=torch.float64), {'mae_loss, mse_loss': (0.42867416381835854, 0.19790582686930383)}, 531.2512866)
[2024-06-10 14:55:37,311][flwr][INFO] - configure_evaluate: strategy sampled 13 clients (out of 13)
[2024-06-10 14:55:37,648][flwr][INFO] - aggregate_evaluate: received 13 results and 0 failures
[2024-06-10 14:55:37,649][flwr][INFO] - 
[2024-06-10 14:55:37,650][flwr][INFO] - [ROUND 29]
[2024-06-10 14:55:37,650][flwr][INFO] - configure_fit: strategy sampled 13 clients (out of 13)
[2024-06-10 14:55:56,223][flwr][INFO] - aggregate_fit: received 13 results and 0 failures
[2024-06-10 14:55:56,236][flwr][INFO] - fit progress: (29, tensor(0.2002, dtype=torch.float64), {'mae_loss, mse_loss': (0.43232177734374916, 0.2002197837152048)}, 550.1792913)
[2024-06-10 14:55:56,239][flwr][INFO] - configure_evaluate: strategy sampled 13 clients (out of 13)
[2024-06-10 14:55:56,533][flwr][INFO] - aggregate_evaluate: received 13 results and 0 failures
[2024-06-10 14:55:56,534][flwr][INFO] - 
[2024-06-10 14:55:56,535][flwr][INFO] - [ROUND 30]
[2024-06-10 14:55:56,536][flwr][INFO] - configure_fit: strategy sampled 13 clients (out of 13)
[2024-06-10 14:56:15,064][flwr][INFO] - aggregate_fit: received 13 results and 0 failures
[2024-06-10 14:56:15,076][flwr][INFO] - fit progress: (30, tensor(0.2778, dtype=torch.float64), {'mae_loss, mse_loss': (0.5150251770019523, 0.2778439165748417)}, 569.0192172)
[2024-06-10 14:56:15,079][flwr][INFO] - configure_evaluate: strategy sampled 13 clients (out of 13)
[2024-06-10 14:56:15,404][flwr][INFO] - aggregate_evaluate: received 13 results and 0 failures
[2024-06-10 14:56:15,405][flwr][INFO] - 
[2024-06-10 14:56:15,406][flwr][INFO] - [ROUND 31]
[2024-06-10 14:56:15,407][flwr][INFO] - configure_fit: strategy sampled 13 clients (out of 13)
[2024-06-10 14:56:33,922][flwr][INFO] - aggregate_fit: received 13 results and 0 failures
[2024-06-10 14:56:33,936][flwr][INFO] - fit progress: (31, tensor(0.3977, dtype=torch.float64), {'mae_loss, mse_loss': (0.6203474426269523, 0.397673030974459)}, 587.8781143)
[2024-06-10 14:56:33,938][flwr][INFO] - configure_evaluate: strategy sampled 13 clients (out of 13)
[2024-06-10 14:56:34,233][flwr][INFO] - aggregate_evaluate: received 13 results and 0 failures
[2024-06-10 14:56:34,234][flwr][INFO] - 
[2024-06-10 14:56:34,234][flwr][INFO] - [ROUND 32]
[2024-06-10 14:56:34,235][flwr][INFO] - configure_fit: strategy sampled 13 clients (out of 13)
[2024-06-10 14:56:52,783][flwr][INFO] - aggregate_fit: received 13 results and 0 failures
[2024-06-10 14:56:52,797][flwr][INFO] - fit progress: (32, tensor(0.3309, dtype=torch.float64), {'mae_loss, mse_loss': (0.5655020141601554, 0.3308502988468383)}, 606.7399525)
[2024-06-10 14:56:52,800][flwr][INFO] - configure_evaluate: strategy sampled 13 clients (out of 13)
[2024-06-10 14:56:53,110][flwr][INFO] - aggregate_evaluate: received 13 results and 0 failures
[2024-06-10 14:56:53,111][flwr][INFO] - 
[2024-06-10 14:56:53,111][flwr][INFO] - [ROUND 33]
[2024-06-10 14:56:53,112][flwr][INFO] - configure_fit: strategy sampled 13 clients (out of 13)
[2024-06-10 14:57:11,672][flwr][INFO] - aggregate_fit: received 13 results and 0 failures
[2024-06-10 14:57:11,686][flwr][INFO] - fit progress: (33, tensor(0.5941, dtype=torch.float64), {'mae_loss, mse_loss': (0.7612921142578116, 0.5940705542427012)}, 625.6289396999999)
[2024-06-10 14:57:11,687][flwr][INFO] - configure_evaluate: strategy sampled 13 clients (out of 13)
[2024-06-10 14:57:11,983][flwr][INFO] - aggregate_evaluate: received 13 results and 0 failures
[2024-06-10 14:57:11,984][flwr][INFO] - 
[2024-06-10 14:57:11,984][flwr][INFO] - [ROUND 34]
[2024-06-10 14:57:11,985][flwr][INFO] - configure_fit: strategy sampled 13 clients (out of 13)
[2024-06-10 14:57:30,559][flwr][INFO] - aggregate_fit: received 13 results and 0 failures
[2024-06-10 14:57:30,572][flwr][INFO] - fit progress: (34, tensor(0.4015, dtype=torch.float64), {'mae_loss, mse_loss': (0.624551239013671, 0.4015263935880494)}, 644.5139333)
[2024-06-10 14:57:30,573][flwr][INFO] - configure_evaluate: strategy sampled 13 clients (out of 13)
[2024-06-10 14:57:30,891][flwr][INFO] - aggregate_evaluate: received 13 results and 0 failures
[2024-06-10 14:57:30,892][flwr][INFO] - 
[2024-06-10 14:57:30,892][flwr][INFO] - [ROUND 35]
[2024-06-10 14:57:30,893][flwr][INFO] - configure_fit: strategy sampled 13 clients (out of 13)
[2024-06-10 14:57:49,425][flwr][INFO] - aggregate_fit: received 13 results and 0 failures
[2024-06-10 14:57:49,441][flwr][INFO] - fit progress: (35, tensor(0.4049, dtype=torch.float64), {'mae_loss, mse_loss': (0.625796356201171, 0.40491176030400594)}, 663.3834968)
[2024-06-10 14:57:49,443][flwr][INFO] - configure_evaluate: strategy sampled 13 clients (out of 13)
[2024-06-10 14:57:49,758][flwr][INFO] - aggregate_evaluate: received 13 results and 0 failures
[2024-06-10 14:57:49,759][flwr][INFO] - 
[2024-06-10 14:57:49,760][flwr][INFO] - [ROUND 36]
[2024-06-10 14:57:49,761][flwr][INFO] - configure_fit: strategy sampled 13 clients (out of 13)
[2024-06-10 14:58:08,267][flwr][INFO] - aggregate_fit: received 13 results and 0 failures
[2024-06-10 14:58:08,282][flwr][INFO] - fit progress: (36, tensor(0.5902, dtype=torch.float64), {'mae_loss, mse_loss': (0.7590223693847648, 0.5902397269293422)}, 682.2244582)
[2024-06-10 14:58:08,284][flwr][INFO] - configure_evaluate: strategy sampled 13 clients (out of 13)
[2024-06-10 14:58:08,599][flwr][INFO] - aggregate_evaluate: received 13 results and 0 failures
[2024-06-10 14:58:08,600][flwr][INFO] - 
[2024-06-10 14:58:08,600][flwr][INFO] - [ROUND 37]
[2024-06-10 14:58:08,601][flwr][INFO] - configure_fit: strategy sampled 13 clients (out of 13)
[2024-06-10 14:58:27,023][flwr][INFO] - aggregate_fit: received 13 results and 0 failures
[2024-06-10 14:58:27,037][flwr][INFO] - fit progress: (37, tensor(0.3866, dtype=torch.float64), {'mae_loss, mse_loss': (0.6106092834472647, 0.38657081665273213)}, 700.979454)
[2024-06-10 14:58:27,039][flwr][INFO] - configure_evaluate: strategy sampled 13 clients (out of 13)
[2024-06-10 14:58:27,343][flwr][INFO] - aggregate_evaluate: received 13 results and 0 failures
[2024-06-10 14:58:27,345][flwr][INFO] - 
[2024-06-10 14:58:27,345][flwr][INFO] - [ROUND 38]
[2024-06-10 14:58:27,345][flwr][INFO] - configure_fit: strategy sampled 13 clients (out of 13)
[2024-06-10 14:58:45,708][flwr][INFO] - aggregate_fit: received 13 results and 0 failures
[2024-06-10 14:58:45,721][flwr][INFO] - fit progress: (38, tensor(0.6212, dtype=torch.float64), {'mae_loss, mse_loss': (0.7796102905273429, 0.6211532200963692)}, 719.6637885)
[2024-06-10 14:58:45,723][flwr][INFO] - configure_evaluate: strategy sampled 13 clients (out of 13)
[2024-06-10 14:58:46,010][flwr][INFO] - aggregate_evaluate: received 13 results and 0 failures
[2024-06-10 14:58:46,011][flwr][INFO] - 
[2024-06-10 14:58:46,012][flwr][INFO] - [ROUND 39]
[2024-06-10 14:58:46,012][flwr][INFO] - configure_fit: strategy sampled 13 clients (out of 13)
[2024-06-10 14:59:04,478][flwr][INFO] - aggregate_fit: received 13 results and 0 failures
[2024-06-10 14:59:04,491][flwr][INFO] - fit progress: (39, tensor(0.2884, dtype=torch.float64), {'mae_loss, mse_loss': (0.5262007141113273, 0.2884255472539219)}, 738.4335513999999)
[2024-06-10 14:59:04,493][flwr][INFO] - configure_evaluate: strategy sampled 13 clients (out of 13)
[2024-06-10 14:59:04,791][flwr][INFO] - aggregate_evaluate: received 13 results and 0 failures
[2024-06-10 14:59:04,793][flwr][INFO] - 
[2024-06-10 14:59:04,793][flwr][INFO] - [ROUND 40]
[2024-06-10 14:59:04,794][flwr][INFO] - configure_fit: strategy sampled 13 clients (out of 13)
[2024-06-10 14:59:23,196][flwr][INFO] - aggregate_fit: received 13 results and 0 failures
[2024-06-10 14:59:23,210][flwr][INFO] - fit progress: (40, tensor(0.3928, dtype=torch.float64), {'mae_loss, mse_loss': (0.6165136718749992, 0.3927613390630569)}, 757.1523424)
[2024-06-10 14:59:23,211][flwr][INFO] - configure_evaluate: strategy sampled 13 clients (out of 13)
[2024-06-10 14:59:23,535][flwr][INFO] - aggregate_evaluate: received 13 results and 0 failures
[2024-06-10 14:59:23,536][flwr][INFO] - 
[2024-06-10 14:59:23,537][flwr][INFO] - [ROUND 41]
[2024-06-10 14:59:23,538][flwr][INFO] - configure_fit: strategy sampled 13 clients (out of 13)
[2024-06-10 14:59:41,825][flwr][INFO] - aggregate_fit: received 13 results and 0 failures
[2024-06-10 14:59:41,839][flwr][INFO] - fit progress: (41, tensor(0.2025, dtype=torch.float64), {'mae_loss, mse_loss': (0.43605712890624915, 0.20248513990291345)}, 775.780962)
[2024-06-10 14:59:41,840][flwr][INFO] - configure_evaluate: strategy sampled 13 clients (out of 13)
[2024-06-10 14:59:42,145][flwr][INFO] - aggregate_evaluate: received 13 results and 0 failures
[2024-06-10 14:59:42,146][flwr][INFO] - 
[2024-06-10 14:59:42,146][flwr][INFO] - [ROUND 42]
[2024-06-10 14:59:42,147][flwr][INFO] - configure_fit: strategy sampled 13 clients (out of 13)
[2024-06-10 15:00:00,478][flwr][INFO] - aggregate_fit: received 13 results and 0 failures
[2024-06-10 15:00:00,492][flwr][INFO] - fit progress: (42, tensor(0.2502, dtype=torch.float64), {'mae_loss, mse_loss': (0.4879942321777335, 0.2501965401977062)}, 794.434377)
[2024-06-10 15:00:00,494][flwr][INFO] - configure_evaluate: strategy sampled 13 clients (out of 13)
[2024-06-10 15:00:00,816][flwr][INFO] - aggregate_evaluate: received 13 results and 0 failures
[2024-06-10 15:00:00,817][flwr][INFO] - 
[2024-06-10 15:00:00,817][flwr][INFO] - [ROUND 43]
[2024-06-10 15:00:00,818][flwr][INFO] - configure_fit: strategy sampled 13 clients (out of 13)
[2024-06-10 15:00:19,179][flwr][INFO] - aggregate_fit: received 13 results and 0 failures
[2024-06-10 15:00:19,196][flwr][INFO] - fit progress: (43, tensor(0.5809, dtype=torch.float64), {'mae_loss, mse_loss': (0.7536428833007804, 0.5809357702496917)}, 813.1381781)
[2024-06-10 15:00:19,197][flwr][INFO] - configure_evaluate: strategy sampled 13 clients (out of 13)
[2024-06-10 15:00:19,487][flwr][INFO] - aggregate_evaluate: received 13 results and 0 failures
[2024-06-10 15:00:19,488][flwr][INFO] - 
[2024-06-10 15:00:19,488][flwr][INFO] - [ROUND 44]
[2024-06-10 15:00:19,489][flwr][INFO] - configure_fit: strategy sampled 13 clients (out of 13)
[2024-06-10 15:00:37,876][flwr][INFO] - aggregate_fit: received 13 results and 0 failures
[2024-06-10 15:00:37,892][flwr][INFO] - fit progress: (44, tensor(0.4760, dtype=torch.float64), {'mae_loss, mse_loss': (0.6811216735839836, 0.47601675381685987)}, 831.8346715)
[2024-06-10 15:00:37,894][flwr][INFO] - configure_evaluate: strategy sampled 13 clients (out of 13)
[2024-06-10 15:00:38,184][flwr][INFO] - aggregate_evaluate: received 13 results and 0 failures
[2024-06-10 15:00:38,185][flwr][INFO] - 
[2024-06-10 15:00:38,187][flwr][INFO] - [ROUND 45]
[2024-06-10 15:00:38,187][flwr][INFO] - configure_fit: strategy sampled 13 clients (out of 13)
[2024-06-10 15:00:56,548][flwr][INFO] - aggregate_fit: received 13 results and 0 failures
[2024-06-10 15:00:56,562][flwr][INFO] - fit progress: (45, tensor(0.3380, dtype=torch.float64), {'mae_loss, mse_loss': (0.5707083129882804, 0.3379796204061706)}, 850.504553)
[2024-06-10 15:00:56,564][flwr][INFO] - configure_evaluate: strategy sampled 13 clients (out of 13)
[2024-06-10 15:00:56,900][flwr][INFO] - aggregate_evaluate: received 13 results and 0 failures
[2024-06-10 15:00:56,901][flwr][INFO] - 
[2024-06-10 15:00:56,901][flwr][INFO] - [ROUND 46]
[2024-06-10 15:00:56,902][flwr][INFO] - configure_fit: strategy sampled 13 clients (out of 13)
[2024-06-10 15:01:15,327][flwr][INFO] - aggregate_fit: received 13 results and 0 failures
[2024-06-10 15:01:15,341][flwr][INFO] - fit progress: (46, tensor(0.4841, dtype=torch.float64), {'mae_loss, mse_loss': (0.6859136962890616, 0.48407486366084684)}, 869.2831576)
[2024-06-10 15:01:15,343][flwr][INFO] - configure_evaluate: strategy sampled 13 clients (out of 13)
[2024-06-10 15:01:15,666][flwr][INFO] - aggregate_evaluate: received 13 results and 0 failures
[2024-06-10 15:01:15,667][flwr][INFO] - 
[2024-06-10 15:01:15,669][flwr][INFO] - [ROUND 47]
[2024-06-10 15:01:15,669][flwr][INFO] - configure_fit: strategy sampled 13 clients (out of 13)
[2024-06-10 15:01:34,051][flwr][INFO] - aggregate_fit: received 13 results and 0 failures
[2024-06-10 15:01:34,064][flwr][INFO] - fit progress: (47, tensor(0.1870, dtype=torch.float64), {'mae_loss, mse_loss': (0.4188925170898429, 0.18698975463258058)}, 888.0062616)
[2024-06-10 15:01:34,066][flwr][INFO] - configure_evaluate: strategy sampled 13 clients (out of 13)
[2024-06-10 15:01:34,399][flwr][INFO] - aggregate_evaluate: received 13 results and 0 failures
[2024-06-10 15:01:34,400][flwr][INFO] - 
[2024-06-10 15:01:34,400][flwr][INFO] - [ROUND 48]
[2024-06-10 15:01:34,401][flwr][INFO] - configure_fit: strategy sampled 13 clients (out of 13)
[2024-06-10 15:01:52,791][flwr][INFO] - aggregate_fit: received 13 results and 0 failures
[2024-06-10 15:01:52,805][flwr][INFO] - fit progress: (48, tensor(0.2754, dtype=torch.float64), {'mae_loss, mse_loss': (0.5126463317871085, 0.27538512283505345)}, 906.7479059)
[2024-06-10 15:01:52,808][flwr][INFO] - configure_evaluate: strategy sampled 13 clients (out of 13)
[2024-06-10 15:01:53,099][flwr][INFO] - aggregate_evaluate: received 13 results and 0 failures
[2024-06-10 15:01:53,100][flwr][INFO] - 
[2024-06-10 15:01:53,100][flwr][INFO] - [ROUND 49]
[2024-06-10 15:01:53,100][flwr][INFO] - configure_fit: strategy sampled 13 clients (out of 13)
[2024-06-10 15:02:11,439][flwr][INFO] - aggregate_fit: received 13 results and 0 failures
[2024-06-10 15:02:11,452][flwr][INFO] - fit progress: (49, tensor(0.2480, dtype=torch.float64), {'mae_loss, mse_loss': (0.48624404907226476, 0.24803169450757503)}, 925.39462)
[2024-06-10 15:02:11,454][flwr][INFO] - configure_evaluate: strategy sampled 13 clients (out of 13)
[2024-06-10 15:02:11,779][flwr][INFO] - aggregate_evaluate: received 13 results and 0 failures
[2024-06-10 15:02:11,780][flwr][INFO] - 
[2024-06-10 15:02:11,781][flwr][INFO] - [ROUND 50]
[2024-06-10 15:02:11,781][flwr][INFO] - configure_fit: strategy sampled 13 clients (out of 13)
[2024-06-10 15:02:30,249][flwr][INFO] - aggregate_fit: received 13 results and 0 failures
[2024-06-10 15:02:30,264][flwr][INFO] - fit progress: (50, tensor(0.2825, dtype=torch.float64), {'mae_loss, mse_loss': (0.5206121826171867, 0.2825253430705046)}, 944.2064053)
[2024-06-10 15:02:30,265][flwr][INFO] - configure_evaluate: strategy sampled 13 clients (out of 13)
[2024-06-10 15:02:30,561][flwr][INFO] - aggregate_evaluate: received 13 results and 0 failures
[2024-06-10 15:02:30,562][flwr][INFO] - 
[2024-06-10 15:02:30,563][flwr][INFO] - [SUMMARY]
[2024-06-10 15:02:30,563][flwr][INFO] - Run finished 50 rounds in 944.51s
[2024-06-10 15:02:30,565][flwr][INFO] - History (loss, distributed):
[2024-06-10 15:02:30,566][flwr][INFO] - 	('\tround 1: 2.6142962423879976\n'
[2024-06-10 15:02:30,566][flwr][INFO] - 	 '\tround 2: 4.222060884704143\n'
[2024-06-10 15:02:30,567][flwr][INFO] - 	 '\tround 3: 8.76083368086046\n'
[2024-06-10 15:02:30,567][flwr][INFO] - 	 '\tround 4: 5.3662116802288855\n'
[2024-06-10 15:02:30,568][flwr][INFO] - 	 '\tround 5: 4.130477203264894\n'
[2024-06-10 15:02:30,568][flwr][INFO] - 	 '\tround 6: 5.035395023440789\n'
[2024-06-10 15:02:30,569][flwr][INFO] - 	 '\tround 7: 3.9927088967577333\n'
[2024-06-10 15:02:30,569][flwr][INFO] - 	 '\tround 8: 3.4516398434310314\n'
[2024-06-10 15:02:30,570][flwr][INFO] - 	 '\tround 9: 2.6048520270227082\n'
[2024-06-10 15:02:30,570][flwr][INFO] - 	 '\tround 10: 1.6892461750582737\n'
[2024-06-10 15:02:30,570][flwr][INFO] - 	 '\tround 11: 1.1418521982377257\n'
[2024-06-10 15:02:30,571][flwr][INFO] - 	 '\tround 12: 0.8404907353042395\n'
[2024-06-10 15:02:30,571][flwr][INFO] - 	 '\tround 13: 0.7617241518302441\n'
[2024-06-10 15:02:30,571][flwr][INFO] - 	 '\tround 14: 0.6473800012449156\n'
[2024-06-10 15:02:30,572][flwr][INFO] - 	 '\tround 15: 0.8952057367333114\n'
[2024-06-10 15:02:30,572][flwr][INFO] - 	 '\tround 16: 1.0770923052996388\n'
[2024-06-10 15:02:30,572][flwr][INFO] - 	 '\tround 17: 0.6228914089993666\n'
[2024-06-10 15:02:30,573][flwr][INFO] - 	 '\tround 18: 0.6134609794534324\n'
[2024-06-10 15:02:30,573][flwr][INFO] - 	 '\tround 19: 0.824284517548021\n'
[2024-06-10 15:02:30,573][flwr][INFO] - 	 '\tround 20: 0.5205294024714396\n'
[2024-06-10 15:02:30,574][flwr][INFO] - 	 '\tround 21: 0.49865103221429136\n'
[2024-06-10 15:02:30,574][flwr][INFO] - 	 '\tround 22: 0.5025485087463939\n'
[2024-06-10 15:02:30,574][flwr][INFO] - 	 '\tround 23: 0.7677412923977524\n'
[2024-06-10 15:02:30,575][flwr][INFO] - 	 '\tround 24: 0.5268129339496741\n'
[2024-06-10 15:02:30,575][flwr][INFO] - 	 '\tround 25: 0.720687955441178\n'
[2024-06-10 15:02:30,575][flwr][INFO] - 	 '\tround 26: 0.5023841637839539\n'
[2024-06-10 15:02:30,576][flwr][INFO] - 	 '\tround 27: 0.7748629601177759\n'
[2024-06-10 15:02:30,576][flwr][INFO] - 	 '\tround 28: 0.443957788308506\n'
[2024-06-10 15:02:30,576][flwr][INFO] - 	 '\tround 29: 0.4242304387145526\n'
[2024-06-10 15:02:30,577][flwr][INFO] - 	 '\tround 30: 0.4954935284089889\n'
[2024-06-10 15:02:30,577][flwr][INFO] - 	 '\tround 31: 0.6659827735139818\n'
[2024-06-10 15:02:30,577][flwr][INFO] - 	 '\tround 32: 0.5762086317908304\n'
[2024-06-10 15:02:30,578][flwr][INFO] - 	 '\tround 33: 0.9116117826950869\n'
[2024-06-10 15:02:30,578][flwr][INFO] - 	 '\tround 34: 0.6426521656426045\n'
[2024-06-10 15:02:30,578][flwr][INFO] - 	 '\tround 35: 0.6234306479746242\n'
[2024-06-10 15:02:30,579][flwr][INFO] - 	 '\tround 36: 1.0050234985761934\n'
[2024-06-10 15:02:30,579][flwr][INFO] - 	 '\tround 37: 0.5688168762928073\n'
[2024-06-10 15:02:30,580][flwr][INFO] - 	 '\tround 38: 1.0489050917365692\n'
[2024-06-10 15:02:30,580][flwr][INFO] - 	 '\tround 39: 0.49905273944585066\n'
[2024-06-10 15:02:30,580][flwr][INFO] - 	 '\tround 40: 0.5883829258383673\n'
[2024-06-10 15:02:30,581][flwr][INFO] - 	 '\tround 41: 0.41888436701905546\n'
[2024-06-10 15:02:30,581][flwr][INFO] - 	 '\tround 42: 0.42462239154648185\n'
[2024-06-10 15:02:30,581][flwr][INFO] - 	 '\tround 43: 0.9532371472000022\n'
[2024-06-10 15:02:30,582][flwr][INFO] - 	 '\tround 44: 0.8007419745373107\n'
[2024-06-10 15:02:30,582][flwr][INFO] - 	 '\tround 45: 0.5268628826696443\n'
[2024-06-10 15:02:30,583][flwr][INFO] - 	 '\tround 46: 0.8117177690612382\n'
[2024-06-10 15:02:30,583][flwr][INFO] - 	 '\tround 47: 0.38821749622855306\n'
[2024-06-10 15:02:30,584][flwr][INFO] - 	 '\tround 48: 0.4769388272051144\n'
[2024-06-10 15:02:30,584][flwr][INFO] - 	 '\tround 49: 0.46299332014585104\n'
[2024-06-10 15:02:30,585][flwr][INFO] - 	 '\tround 50: 0.47400130921990535\n')History (loss, centralized):
[2024-06-10 15:02:30,585][flwr][INFO] - 	('\tround 0: 1507.1760731908741\n'
[2024-06-10 15:02:30,585][flwr][INFO] - 	 '\tround 1: 0.6383824146984831\n'
[2024-06-10 15:02:30,586][flwr][INFO] - 	 '\tround 2: 0.2554191352011399\n'
[2024-06-10 15:02:30,586][flwr][INFO] - 	 '\tround 3: 0.4776220671341306\n'
[2024-06-10 15:02:30,586][flwr][INFO] - 	 '\tround 4: 0.04650893226126269\n'
[2024-06-10 15:02:30,587][flwr][INFO] - 	 '\tround 5: 0.26458082231262353\n'
[2024-06-10 15:02:30,587][flwr][INFO] - 	 '\tround 6: 0.2161257145155699\n'
[2024-06-10 15:02:30,588][flwr][INFO] - 	 '\tround 7: 0.5224178146312496\n'
[2024-06-10 15:02:30,588][flwr][INFO] - 	 '\tround 8: 0.6284876167958154\n'
[2024-06-10 15:02:30,588][flwr][INFO] - 	 '\tround 9: 0.35828319366532524\n'
[2024-06-10 15:02:30,589][flwr][INFO] - 	 '\tround 10: 0.08343021232204081\n'
[2024-06-10 15:02:30,589][flwr][INFO] - 	 '\tround 11: 0.31757968121359553\n'
[2024-06-10 15:02:30,589][flwr][INFO] - 	 '\tround 12: 0.19182763105409664\n'
[2024-06-10 15:02:30,590][flwr][INFO] - 	 '\tround 13: 0.2724896775730881\n'
[2024-06-10 15:02:30,590][flwr][INFO] - 	 '\tround 14: 0.2619251682653553\n'
[2024-06-10 15:02:30,590][flwr][INFO] - 	 '\tround 15: 0.44228697539982303\n'
[2024-06-10 15:02:30,591][flwr][INFO] - 	 '\tround 16: 0.5826092202842692\n'
[2024-06-10 15:02:30,591][flwr][INFO] - 	 '\tround 17: 0.30216489384160317\n'
[2024-06-10 15:02:30,591][flwr][INFO] - 	 '\tround 18: 0.31227891449036477\n'
[2024-06-10 15:02:30,592][flwr][INFO] - 	 '\tround 19: 0.46944082727865233\n'
[2024-06-10 15:02:30,592][flwr][INFO] - 	 '\tround 20: 0.247318405526224\n'
[2024-06-10 15:02:30,592][flwr][INFO] - 	 '\tround 21: 0.22794684357743197\n'
[2024-06-10 15:02:30,593][flwr][INFO] - 	 '\tround 22: 0.2526926208843937\n'
[2024-06-10 15:02:30,593][flwr][INFO] - 	 '\tround 23: 0.5037489946731357\n'
[2024-06-10 15:02:30,593][flwr][INFO] - 	 '\tround 24: 0.2990136153743363\n'
[2024-06-10 15:02:30,594][flwr][INFO] - 	 '\tround 25: 0.40877062823367216\n'
[2024-06-10 15:02:30,594][flwr][INFO] - 	 '\tround 26: 0.2892211943466676\n'
[2024-06-10 15:02:30,594][flwr][INFO] - 	 '\tround 27: 0.47910917859384694\n'
[2024-06-10 15:02:30,595][flwr][INFO] - 	 '\tround 28: 0.19790582686930383\n'
[2024-06-10 15:02:30,595][flwr][INFO] - 	 '\tround 29: 0.2002197837152048\n'
[2024-06-10 15:02:30,596][flwr][INFO] - 	 '\tround 30: 0.27784391657484175\n'
[2024-06-10 15:02:30,596][flwr][INFO] - 	 '\tround 31: 0.39767303097445905\n'
[2024-06-10 15:02:30,596][flwr][INFO] - 	 '\tround 32: 0.3308502988468383\n'
[2024-06-10 15:02:30,597][flwr][INFO] - 	 '\tround 33: 0.5940705542427012\n'
[2024-06-10 15:02:30,597][flwr][INFO] - 	 '\tround 34: 0.4015263935880494\n'
[2024-06-10 15:02:30,597][flwr][INFO] - 	 '\tround 35: 0.40491176030400594\n'
[2024-06-10 15:02:30,598][flwr][INFO] - 	 '\tround 36: 0.5902397269293422\n'
[2024-06-10 15:02:30,598][flwr][INFO] - 	 '\tround 37: 0.38657081665273213\n'
[2024-06-10 15:02:30,598][flwr][INFO] - 	 '\tround 38: 0.6211532200963692\n'
[2024-06-10 15:02:30,599][flwr][INFO] - 	 '\tround 39: 0.2884255472539219\n'
[2024-06-10 15:02:30,599][flwr][INFO] - 	 '\tround 40: 0.3927613390630569\n'
[2024-06-10 15:02:30,599][flwr][INFO] - 	 '\tround 41: 0.20248513990291345\n'
[2024-06-10 15:02:30,600][flwr][INFO] - 	 '\tround 42: 0.2501965401977062\n'
[2024-06-10 15:02:30,600][flwr][INFO] - 	 '\tround 43: 0.5809357702496917\n'
[2024-06-10 15:02:30,600][flwr][INFO] - 	 '\tround 44: 0.47601675381685987\n'
[2024-06-10 15:02:30,601][flwr][INFO] - 	 '\tround 45: 0.3379796204061706\n'
[2024-06-10 15:02:30,601][flwr][INFO] - 	 '\tround 46: 0.48407486366084684\n'
[2024-06-10 15:02:30,602][flwr][INFO] - 	 '\tround 47: 0.18698975463258058\n'
[2024-06-10 15:02:30,602][flwr][INFO] - 	 '\tround 48: 0.27538512283505345\n'
[2024-06-10 15:02:30,603][flwr][INFO] - 	 '\tround 49: 0.24803169450757503\n'
[2024-06-10 15:02:30,603][flwr][INFO] - 	 '\tround 50: 0.2825253430705046\n')History (metrics, centralized):
[2024-06-10 15:02:30,603][flwr][INFO] - 	{'mae_loss, mse_loss': [(0, (38.81434055328369, 1507.1760731908741)),
[2024-06-10 15:02:30,604][flwr][INFO] - 	                        (1, (0.770748748779296, 0.6383824146984831)),
[2024-06-10 15:02:30,604][flwr][INFO] - 	                        (2, (0.45990890502929604, 0.2554191352011399)),
[2024-06-10 15:02:30,604][flwr][INFO] - 	                        (3, (0.6547921752929696, 0.4776220671341306)),
[2024-06-10 15:02:30,605][flwr][INFO] - 	                        (4, (0.1756600952148446, 0.04650893226126269)),
[2024-06-10 15:02:30,605][flwr][INFO] - 	                        (5, (0.483004913330079, 0.26458082231262353)),
[2024-06-10 15:02:30,606][flwr][INFO] - 	                        (6, (0.3918435668945321, 0.21612571451556994)),
[2024-06-10 15:02:30,606][flwr][INFO] - 	                        (7, (0.7007913208007821, 0.5224178146312496)),
[2024-06-10 15:02:30,606][flwr][INFO] - 	                        (8, (0.7771737670898446, 0.6284876167958154)),
[2024-06-10 15:02:30,607][flwr][INFO] - 	                        (9, (0.5688363647460946, 0.35828319366532524)),
[2024-06-10 15:02:30,607][flwr][INFO] - 	                        (10, (0.26891342163086024, 0.08343021232204081)),
[2024-06-10 15:02:30,607][flwr][INFO] - 	                        (11, (0.5223188781738273, 0.3175796812135956)),
[2024-06-10 15:02:30,608][flwr][INFO] - 	                        (12, (0.3982115173339835, 0.19182763105409664)),
[2024-06-10 15:02:30,608][flwr][INFO] - 	                        (13, (0.4956381225585929, 0.2724896775730881)),
[2024-06-10 15:02:30,608][flwr][INFO] - 	                        (14, (0.4884542846679679, 0.2619251682653553)),
[2024-06-10 15:02:30,609][flwr][INFO] - 	                        (15, (0.6482855224609366, 0.44228697539982303)),
[2024-06-10 15:02:30,609][flwr][INFO] - 	                        (16, (0.7517340087890616, 0.5826092202842691)),
[2024-06-10 15:02:30,609][flwr][INFO] - 	                        (17, (0.5336019897460929, 0.30216489384160317)),
[2024-06-10 15:02:30,610][flwr][INFO] - 	                        (18, (0.5434187316894523, 0.31227891449036477)),
[2024-06-10 15:02:30,610][flwr][INFO] - 	                        (19, (0.6742071533203117, 0.46944082727865233)),
[2024-06-10 15:02:30,610][flwr][INFO] - 	                        (20, (0.4818777465820304, 0.247318405526224)),
[2024-06-10 15:02:30,611][flwr][INFO] - 	                        (21, (0.46014846801757725, 0.22794684357743195)),
[2024-06-10 15:02:30,611][flwr][INFO] - 	                        (22, (0.48495239257812417, 0.2526926208843937)),
[2024-06-10 15:02:30,611][flwr][INFO] - 	                        (23, (0.6978781127929679, 0.5037489946731357)),
[2024-06-10 15:02:30,612][flwr][INFO] - 	                        (24, (0.5338682556152335, 0.2990136153743363)),
[2024-06-10 15:02:30,612][flwr][INFO] - 	                        (25, (0.6289556884765617, 0.40877062823367216)),
[2024-06-10 15:02:30,613][flwr][INFO] - 	                        (26, (0.5232824707031242, 0.2892211943466676)),
[2024-06-10 15:02:30,613][flwr][INFO] - 	                        (27, (0.6826651000976554, 0.47910917859384694)),
[2024-06-10 15:02:30,613][flwr][INFO] - 	                        (28, (0.42867416381835854, 0.19790582686930383)),
[2024-06-10 15:02:30,614][flwr][INFO] - 	                        (29, (0.43232177734374916, 0.2002197837152048)),
[2024-06-10 15:02:30,614][flwr][INFO] - 	                        (30, (0.5150251770019523, 0.2778439165748417)),
[2024-06-10 15:02:30,615][flwr][INFO] - 	                        (31, (0.6203474426269523, 0.397673030974459)),
[2024-06-10 15:02:30,615][flwr][INFO] - 	                        (32, (0.5655020141601554, 0.3308502988468383)),
[2024-06-10 15:02:30,615][flwr][INFO] - 	                        (33, (0.7612921142578116, 0.5940705542427012)),
[2024-06-10 15:02:30,616][flwr][INFO] - 	                        (34, (0.624551239013671, 0.4015263935880494)),
[2024-06-10 15:02:30,616][flwr][INFO] - 	                        (35, (0.625796356201171, 0.40491176030400594)),
[2024-06-10 15:02:30,616][flwr][INFO] - 	                        (36, (0.7590223693847648, 0.5902397269293422)),
[2024-06-10 15:02:30,617][flwr][INFO] - 	                        (37, (0.6106092834472647, 0.38657081665273213)),
[2024-06-10 15:02:30,617][flwr][INFO] - 	                        (38, (0.7796102905273429, 0.6211532200963692)),
[2024-06-10 15:02:30,617][flwr][INFO] - 	                        (39, (0.5262007141113273, 0.2884255472539219)),
[2024-06-10 15:02:30,618][flwr][INFO] - 	                        (40, (0.6165136718749992, 0.3927613390630569)),
[2024-06-10 15:02:30,618][flwr][INFO] - 	                        (41, (0.43605712890624915, 0.20248513990291345)),
[2024-06-10 15:02:30,619][flwr][INFO] - 	                        (42, (0.4879942321777335, 0.2501965401977062)),
[2024-06-10 15:02:30,619][flwr][INFO] - 	                        (43, (0.7536428833007804, 0.5809357702496917)),
[2024-06-10 15:02:30,620][flwr][INFO] - 	                        (44, (0.6811216735839836, 0.47601675381685987)),
[2024-06-10 15:02:30,620][flwr][INFO] - 	                        (45, (0.5707083129882804, 0.3379796204061706)),
[2024-06-10 15:02:30,621][flwr][INFO] - 	                        (46, (0.6859136962890616, 0.48407486366084684)),
[2024-06-10 15:02:30,621][flwr][INFO] - 	                        (47, (0.4188925170898429, 0.18698975463258058)),
[2024-06-10 15:02:30,622][flwr][INFO] - 	                        (48, (0.5126463317871085, 0.27538512283505345)),
[2024-06-10 15:02:30,622][flwr][INFO] - 	                        (49, (0.48624404907226476, 0.24803169450757503)),
[2024-06-10 15:02:30,623][flwr][INFO] - 	                        (50, (0.5206121826171867, 0.2825253430705046))]}
[2024-06-10 15:02:30,623][flwr][INFO] - 
