[2024-06-16 17:06:06,028][flwr][INFO] - Starting Flower simulation, config: num_rounds=10, no round_timeout
[2024-06-16 17:06:11,099][flwr][INFO] - Flower VCE: Ray initialized with resources: {'memory': 14099474843.0, 'node:127.0.0.1': 1.0, 'object_store_memory': 7049737420.0, 'CPU': 8.0, 'node:__internal_head__': 1.0}
[2024-06-16 17:06:11,100][flwr][INFO] - Optimize your simulation with Flower VCE: https://flower.ai/docs/framework/how-to-run-simulations.html
[2024-06-16 17:06:11,100][flwr][INFO] - Flower VCE: Resources for each Virtual Client: {'num_cpus': 1, 'num_gpus': 0.0}
[2024-06-16 17:06:11,111][flwr][INFO] - Flower VCE: Creating VirtualClientEngineActorPool with 8 actors
[2024-06-16 17:06:11,112][flwr][INFO] - [INIT]
[2024-06-16 17:06:11,112][flwr][INFO] - Requesting initial parameters from one random client
[2024-06-16 17:06:15,991][flwr][INFO] - Received initial parameters from one random client
[2024-06-16 17:06:15,992][flwr][INFO] - Evaluating initial global parameters
[2024-06-16 17:06:16,000][flwr][INFO] - initial parameters (loss, other metrics): tensor(2178.6896, dtype=torch.float64), {'mae_loss, mse_loss': (46.657469806671145, 2178.6896417074136)}
[2024-06-16 17:06:16,003][flwr][INFO] - 
[2024-06-16 17:06:16,004][flwr][INFO] - [ROUND 1]
[2024-06-16 17:06:16,005][flwr][INFO] - configure_fit: strategy sampled 25 clients (out of 25)
[2024-06-16 17:06:24,033][flwr][INFO] - aggregate_fit: received 25 results and 0 failures
[2024-06-16 17:06:24,053][flwr][WARNING] - No fit_metrics_aggregation_fn provided
[2024-06-16 17:06:24,057][flwr][INFO] - fit progress: (1, tensor(28.8746, dtype=torch.float64), {'mae_loss, mse_loss': (5.063278045654296, 28.87460180151311)}, 8.054141199999998)
[2024-06-16 17:06:24,059][flwr][INFO] - configure_evaluate: strategy sampled 25 clients (out of 25)
[2024-06-16 17:06:24,308][flwr][INFO] - aggregate_evaluate: received 25 results and 0 failures
[2024-06-16 17:06:24,309][flwr][WARNING] - No evaluate_metrics_aggregation_fn provided
[2024-06-16 17:06:24,309][flwr][INFO] - 
[2024-06-16 17:06:24,310][flwr][INFO] - [ROUND 2]
[2024-06-16 17:06:24,310][flwr][INFO] - configure_fit: strategy sampled 25 clients (out of 25)
[2024-06-16 17:06:25,387][flwr][INFO] - aggregate_fit: received 25 results and 0 failures
[2024-06-16 17:06:25,411][flwr][INFO] - fit progress: (2, tensor(7.9502, dtype=torch.float64), {'mae_loss, mse_loss': (2.5628782653808586, 7.950183744768493)}, 9.4082171)
[2024-06-16 17:06:25,413][flwr][INFO] - configure_evaluate: strategy sampled 25 clients (out of 25)
[2024-06-16 17:06:25,667][flwr][INFO] - aggregate_evaluate: received 25 results and 0 failures
[2024-06-16 17:06:25,668][flwr][INFO] - 
[2024-06-16 17:06:25,668][flwr][INFO] - [ROUND 3]
[2024-06-16 17:06:25,669][flwr][INFO] - configure_fit: strategy sampled 25 clients (out of 25)
[2024-06-16 17:06:26,741][flwr][INFO] - aggregate_fit: received 25 results and 0 failures
[2024-06-16 17:06:26,764][flwr][INFO] - fit progress: (3, tensor(3.3923, dtype=torch.float64), {'mae_loss, mse_loss': (1.6775434875488273, 3.3923004115772186)}, 10.7606573)
[2024-06-16 17:06:26,765][flwr][INFO] - configure_evaluate: strategy sampled 25 clients (out of 25)
[2024-06-16 17:06:27,015][flwr][INFO] - aggregate_evaluate: received 25 results and 0 failures
[2024-06-16 17:06:27,016][flwr][INFO] - 
[2024-06-16 17:06:27,016][flwr][INFO] - [ROUND 4]
[2024-06-16 17:06:27,017][flwr][INFO] - configure_fit: strategy sampled 25 clients (out of 25)
[2024-06-16 17:06:28,079][flwr][INFO] - aggregate_fit: received 25 results and 0 failures
[2024-06-16 17:06:28,106][flwr][INFO] - fit progress: (4, tensor(1.3972, dtype=torch.float64), {'mae_loss, mse_loss': (1.1438154602050772, 1.3972053502002946)}, 12.102959699999998)
[2024-06-16 17:06:28,107][flwr][INFO] - configure_evaluate: strategy sampled 25 clients (out of 25)
[2024-06-16 17:06:28,367][flwr][INFO] - aggregate_evaluate: received 25 results and 0 failures
[2024-06-16 17:06:28,368][flwr][INFO] - 
[2024-06-16 17:06:28,368][flwr][INFO] - [ROUND 5]
[2024-06-16 17:06:28,369][flwr][INFO] - configure_fit: strategy sampled 25 clients (out of 25)
[2024-06-16 17:06:29,432][flwr][INFO] - aggregate_fit: received 25 results and 0 failures
[2024-06-16 17:06:29,455][flwr][INFO] - fit progress: (5, tensor(1.3988, dtype=torch.float64), {'mae_loss, mse_loss': (1.1527967834472648, 1.3987612537996594)}, 13.451796)
[2024-06-16 17:06:29,457][flwr][INFO] - configure_evaluate: strategy sampled 25 clients (out of 25)
[2024-06-16 17:06:29,713][flwr][INFO] - aggregate_evaluate: received 25 results and 0 failures
[2024-06-16 17:06:29,714][flwr][INFO] - 
[2024-06-16 17:06:29,715][flwr][INFO] - [ROUND 6]
[2024-06-16 17:06:29,716][flwr][INFO] - configure_fit: strategy sampled 25 clients (out of 25)
[2024-06-16 17:06:30,776][flwr][INFO] - aggregate_fit: received 25 results and 0 failures
[2024-06-16 17:06:30,799][flwr][INFO] - fit progress: (6, tensor(1.3217, dtype=torch.float64), {'mae_loss, mse_loss': (1.1213690185546867, 1.3216916702289583)}, 14.7960087)
[2024-06-16 17:06:30,800][flwr][INFO] - configure_evaluate: strategy sampled 25 clients (out of 25)
[2024-06-16 17:06:31,055][flwr][INFO] - aggregate_evaluate: received 25 results and 0 failures
[2024-06-16 17:06:31,056][flwr][INFO] - 
[2024-06-16 17:06:31,057][flwr][INFO] - [ROUND 7]
[2024-06-16 17:06:31,058][flwr][INFO] - configure_fit: strategy sampled 25 clients (out of 25)
[2024-06-16 17:06:32,157][flwr][INFO] - aggregate_fit: received 25 results and 0 failures
[2024-06-16 17:06:32,183][flwr][INFO] - fit progress: (7, tensor(1.0783, dtype=torch.float64), {'mae_loss, mse_loss': (1.0078123474121086, 1.078264772079767)}, 16.179713299999996)
[2024-06-16 17:06:32,184][flwr][INFO] - configure_evaluate: strategy sampled 25 clients (out of 25)
[2024-06-16 17:06:32,438][flwr][INFO] - aggregate_evaluate: received 25 results and 0 failures
[2024-06-16 17:06:32,439][flwr][INFO] - 
[2024-06-16 17:06:32,439][flwr][INFO] - [ROUND 8]
[2024-06-16 17:06:32,439][flwr][INFO] - configure_fit: strategy sampled 25 clients (out of 25)
[2024-06-16 17:06:33,521][flwr][INFO] - aggregate_fit: received 25 results and 0 failures
[2024-06-16 17:06:33,543][flwr][INFO] - fit progress: (8, tensor(1.0958, dtype=torch.float64), {'mae_loss, mse_loss': (1.0217161560058585, 1.0958008208210797)}, 17.539946399999998)
[2024-06-16 17:06:33,545][flwr][INFO] - configure_evaluate: strategy sampled 25 clients (out of 25)
[2024-06-16 17:06:33,794][flwr][INFO] - aggregate_evaluate: received 25 results and 0 failures
[2024-06-16 17:06:33,795][flwr][INFO] - 
[2024-06-16 17:06:33,795][flwr][INFO] - [ROUND 9]
[2024-06-16 17:06:33,796][flwr][INFO] - configure_fit: strategy sampled 25 clients (out of 25)
[2024-06-16 17:06:34,854][flwr][INFO] - aggregate_fit: received 25 results and 0 failures
[2024-06-16 17:06:34,878][flwr][INFO] - fit progress: (9, tensor(0.8796, dtype=torch.float64), {'mae_loss, mse_loss': (0.9129614257812492, 0.8795801632849016)}, 18.875702699999998)
[2024-06-16 17:06:34,880][flwr][INFO] - configure_evaluate: strategy sampled 25 clients (out of 25)
[2024-06-16 17:06:35,138][flwr][INFO] - aggregate_evaluate: received 25 results and 0 failures
[2024-06-16 17:06:35,139][flwr][INFO] - 
[2024-06-16 17:06:35,140][flwr][INFO] - [ROUND 10]
[2024-06-16 17:06:35,141][flwr][INFO] - configure_fit: strategy sampled 25 clients (out of 25)
[2024-06-16 17:06:36,220][flwr][INFO] - aggregate_fit: received 25 results and 0 failures
[2024-06-16 17:06:36,243][flwr][INFO] - fit progress: (10, tensor(1.0256, dtype=torch.float64), {'mae_loss, mse_loss': (0.9898916625976554, 1.0256208992223237)}, 20.2398326)
[2024-06-16 17:06:36,245][flwr][INFO] - configure_evaluate: strategy sampled 25 clients (out of 25)
[2024-06-16 17:06:36,495][flwr][INFO] - aggregate_evaluate: received 25 results and 0 failures
[2024-06-16 17:06:36,496][flwr][INFO] - 
[2024-06-16 17:06:36,496][flwr][INFO] - [SUMMARY]
[2024-06-16 17:06:36,497][flwr][INFO] - Run finished 10 rounds in 20.49s
[2024-06-16 17:06:36,498][flwr][INFO] - History (loss, distributed):
[2024-06-16 17:06:36,498][flwr][INFO] - 	('\tround 1: 53.903605680884375\n'
[2024-06-16 17:06:36,498][flwr][INFO] - 	 '\tround 2: 26.98824733223394\n'
[2024-06-16 17:06:36,499][flwr][INFO] - 	 '\tround 3: 8.98020264342625\n'
[2024-06-16 17:06:36,499][flwr][INFO] - 	 '\tround 4: 4.550583055746927\n'
[2024-06-16 17:06:36,499][flwr][INFO] - 	 '\tround 5: 3.688253312732046\n'
[2024-06-16 17:06:36,500][flwr][INFO] - 	 '\tround 6: 3.24888522768382\n'
[2024-06-16 17:06:36,500][flwr][INFO] - 	 '\tround 7: 3.006852671209096\n'
[2024-06-16 17:06:36,501][flwr][INFO] - 	 '\tround 8: 2.728565060429696\n'
[2024-06-16 17:06:36,501][flwr][INFO] - 	 '\tround 9: 2.5789171119168453\n'
[2024-06-16 17:06:36,501][flwr][INFO] - 	 '\tround 10: 2.36750551428961\n')History (loss, centralized):
[2024-06-16 17:06:36,502][flwr][INFO] - 	('\tround 0: 2178.689641707413\n'
[2024-06-16 17:06:36,502][flwr][INFO] - 	 '\tround 1: 28.8746018015131\n'
[2024-06-16 17:06:36,502][flwr][INFO] - 	 '\tround 2: 7.950183744768492\n'
[2024-06-16 17:06:36,503][flwr][INFO] - 	 '\tround 3: 3.392300411577218\n'
[2024-06-16 17:06:36,503][flwr][INFO] - 	 '\tround 4: 1.3972053502002946\n'
[2024-06-16 17:06:36,504][flwr][INFO] - 	 '\tround 5: 1.3987612537996592\n'
[2024-06-16 17:06:36,504][flwr][INFO] - 	 '\tround 6: 1.321691670228958\n'
[2024-06-16 17:06:36,504][flwr][INFO] - 	 '\tround 7: 1.0782647720797667\n'
[2024-06-16 17:06:36,505][flwr][INFO] - 	 '\tround 8: 1.0958008208210794\n'
[2024-06-16 17:06:36,505][flwr][INFO] - 	 '\tround 9: 0.8795801632849016\n'
[2024-06-16 17:06:36,505][flwr][INFO] - 	 '\tround 10: 1.0256208992223237\n')History (metrics, centralized):
[2024-06-16 17:06:36,506][flwr][INFO] - 	{'mae_loss, mse_loss': [(0, (46.657469806671145, 2178.6896417074136)),
[2024-06-16 17:06:36,506][flwr][INFO] - 	                        (1, (5.063278045654296, 28.87460180151311)),
[2024-06-16 17:06:36,507][flwr][INFO] - 	                        (2, (2.5628782653808586, 7.950183744768493)),
[2024-06-16 17:06:36,507][flwr][INFO] - 	                        (3, (1.6775434875488273, 3.3923004115772186)),
[2024-06-16 17:06:36,507][flwr][INFO] - 	                        (4, (1.1438154602050772, 1.3972053502002946)),
[2024-06-16 17:06:36,508][flwr][INFO] - 	                        (5, (1.1527967834472648, 1.3987612537996594)),
[2024-06-16 17:06:36,508][flwr][INFO] - 	                        (6, (1.1213690185546867, 1.3216916702289583)),
[2024-06-16 17:06:36,509][flwr][INFO] - 	                        (7, (1.0078123474121086, 1.078264772079767)),
[2024-06-16 17:06:36,509][flwr][INFO] - 	                        (8, (1.0217161560058585, 1.0958008208210797)),
[2024-06-16 17:06:36,509][flwr][INFO] - 	                        (9, (0.9129614257812492, 0.8795801632849016)),
[2024-06-16 17:06:36,510][flwr][INFO] - 	                        (10, (0.9898916625976554, 1.0256208992223237))]}
[2024-06-16 17:06:36,510][flwr][INFO] - 
