[2024-06-07 17:13:59,850][flwr][INFO] - Starting Flower simulation, config: num_rounds=50, no round_timeout
[2024-06-07 17:14:05,193][flwr][INFO] - Flower VCE: Ray initialized with resources: {'CPU': 8.0, 'memory': 7219018139.0, 'node:127.0.0.1': 1.0, 'object_store_memory': 3609509068.0, 'node:__internal_head__': 1.0}
[2024-06-07 17:14:05,194][flwr][INFO] - Optimize your simulation with Flower VCE: https://flower.ai/docs/framework/how-to-run-simulations.html
[2024-06-07 17:14:05,194][flwr][INFO] - Flower VCE: Resources for each Virtual Client: {'num_cpus': 1, 'num_gpus': 0.0}
[2024-06-07 17:14:05,204][flwr][INFO] - Flower VCE: Creating VirtualClientEngineActorPool with 8 actors
[2024-06-07 17:14:05,205][flwr][INFO] - [INIT]
[2024-06-07 17:14:05,206][flwr][INFO] - Requesting initial parameters from one random client
[2024-06-07 17:14:10,217][flwr][INFO] - Received initial parameters from one random client
[2024-06-07 17:14:10,217][flwr][INFO] - Evaluating initial global parameters
[2024-06-07 17:14:10,225][flwr][INFO] - initial parameters (loss, other metrics): tensor(522.5668, dtype=torch.float64), {'mae_loss, mse_loss': (22.837996063232424, 522.5668482488246)}
[2024-06-07 17:14:10,228][flwr][INFO] - 
[2024-06-07 17:14:10,228][flwr][INFO] - [ROUND 1]
[2024-06-07 17:14:10,229][flwr][INFO] - configure_fit: strategy sampled 12 clients (out of 25)
[2024-06-07 17:14:18,039][flwr][INFO] - aggregate_fit: received 12 results and 0 failures
[2024-06-07 17:14:18,050][flwr][WARNING] - No fit_metrics_aggregation_fn provided
[2024-06-07 17:14:18,055][flwr][INFO] - fit progress: (1, tensor(17.8828, dtype=torch.float64), {'mae_loss, mse_loss': (4.112103881835937, 17.882794699353163)}, 7.827542600000001)
[2024-06-07 17:14:18,056][flwr][INFO] - configure_evaluate: strategy sampled 12 clients (out of 25)
[2024-06-07 17:14:18,193][flwr][INFO] - aggregate_evaluate: received 12 results and 0 failures
[2024-06-07 17:14:18,193][flwr][WARNING] - No evaluate_metrics_aggregation_fn provided
[2024-06-07 17:14:18,194][flwr][INFO] - 
[2024-06-07 17:14:18,194][flwr][INFO] - [ROUND 2]
[2024-06-07 17:14:18,195][flwr][INFO] - configure_fit: strategy sampled 12 clients (out of 25)
[2024-06-07 17:14:18,550][flwr][INFO] - aggregate_fit: received 12 results and 0 failures
[2024-06-07 17:14:18,566][flwr][INFO] - fit progress: (2, tensor(11.3648, dtype=torch.float64), {'mae_loss, mse_loss': (3.2316023254394524, 11.364757775491217)}, 8.337927700000002)
[2024-06-07 17:14:18,566][flwr][INFO] - configure_evaluate: strategy sampled 12 clients (out of 25)
[2024-06-07 17:14:18,707][flwr][INFO] - aggregate_evaluate: received 12 results and 0 failures
[2024-06-07 17:14:18,708][flwr][INFO] - 
[2024-06-07 17:14:18,708][flwr][INFO] - [ROUND 3]
[2024-06-07 17:14:18,709][flwr][INFO] - configure_fit: strategy sampled 12 clients (out of 25)
[2024-06-07 17:14:19,030][flwr][INFO] - aggregate_fit: received 12 results and 0 failures
[2024-06-07 17:14:19,046][flwr][INFO] - fit progress: (3, tensor(15.8026, dtype=torch.float64), {'mae_loss, mse_loss': (3.849049987792968, 15.802571842731902)}, 8.8188995)
[2024-06-07 17:14:19,048][flwr][INFO] - configure_evaluate: strategy sampled 12 clients (out of 25)
[2024-06-07 17:14:19,188][flwr][INFO] - aggregate_evaluate: received 12 results and 0 failures
[2024-06-07 17:14:19,189][flwr][INFO] - 
[2024-06-07 17:14:19,189][flwr][INFO] - [ROUND 4]
[2024-06-07 17:14:19,190][flwr][INFO] - configure_fit: strategy sampled 12 clients (out of 25)
[2024-06-07 17:14:19,481][flwr][INFO] - aggregate_fit: received 12 results and 0 failures
[2024-06-07 17:14:19,496][flwr][INFO] - fit progress: (4, tensor(5.6378, dtype=torch.float64), {'mae_loss, mse_loss': (2.1833235168457024, 5.637795554509268)}, 9.268155100000001)
[2024-06-07 17:14:19,497][flwr][INFO] - configure_evaluate: strategy sampled 12 clients (out of 25)
[2024-06-07 17:14:19,630][flwr][INFO] - aggregate_evaluate: received 12 results and 0 failures
[2024-06-07 17:14:19,630][flwr][INFO] - 
[2024-06-07 17:14:19,631][flwr][INFO] - [ROUND 5]
[2024-06-07 17:14:19,631][flwr][INFO] - configure_fit: strategy sampled 12 clients (out of 25)
[2024-06-07 17:14:19,923][flwr][INFO] - aggregate_fit: received 12 results and 0 failures
[2024-06-07 17:14:19,937][flwr][INFO] - fit progress: (5, tensor(7.3725, dtype=torch.float64), {'mae_loss, mse_loss': (2.572666015624999, 7.37254127129074)}, 9.709877600000002)
[2024-06-07 17:14:19,939][flwr][INFO] - configure_evaluate: strategy sampled 12 clients (out of 25)
[2024-06-07 17:14:20,075][flwr][INFO] - aggregate_evaluate: received 12 results and 0 failures
[2024-06-07 17:14:20,076][flwr][INFO] - 
[2024-06-07 17:14:20,076][flwr][INFO] - [ROUND 6]
[2024-06-07 17:14:20,077][flwr][INFO] - configure_fit: strategy sampled 12 clients (out of 25)
[2024-06-07 17:14:20,361][flwr][INFO] - aggregate_fit: received 12 results and 0 failures
[2024-06-07 17:14:20,376][flwr][INFO] - fit progress: (6, tensor(6.2969, dtype=torch.float64), {'mae_loss, mse_loss': (2.3682600402832024, 6.296859844212069)}, 10.148627600000001)
[2024-06-07 17:14:20,378][flwr][INFO] - configure_evaluate: strategy sampled 12 clients (out of 25)
[2024-06-07 17:14:20,538][flwr][INFO] - aggregate_evaluate: received 12 results and 0 failures
[2024-06-07 17:14:20,538][flwr][INFO] - 
[2024-06-07 17:14:20,539][flwr][INFO] - [ROUND 7]
[2024-06-07 17:14:20,539][flwr][INFO] - configure_fit: strategy sampled 12 clients (out of 25)
[2024-06-07 17:14:20,934][flwr][INFO] - aggregate_fit: received 12 results and 0 failures
[2024-06-07 17:14:20,956][flwr][INFO] - fit progress: (7, tensor(4.3209, dtype=torch.float64), {'mae_loss, mse_loss': (1.9395002746582022, 4.320858251849769)}, 10.729173200000002)
[2024-06-07 17:14:20,958][flwr][INFO] - configure_evaluate: strategy sampled 12 clients (out of 25)
[2024-06-07 17:14:21,130][flwr][INFO] - aggregate_evaluate: received 12 results and 0 failures
[2024-06-07 17:14:21,131][flwr][INFO] - 
[2024-06-07 17:14:21,131][flwr][INFO] - [ROUND 8]
[2024-06-07 17:14:21,132][flwr][INFO] - configure_fit: strategy sampled 12 clients (out of 25)
[2024-06-07 17:14:21,491][flwr][INFO] - aggregate_fit: received 12 results and 0 failures
[2024-06-07 17:14:21,506][flwr][INFO] - fit progress: (8, tensor(1.2158, dtype=torch.float64), {'mae_loss, mse_loss': (0.9640093994140628, 1.2158299513251984)}, 11.2784798)
[2024-06-07 17:14:21,508][flwr][INFO] - configure_evaluate: strategy sampled 12 clients (out of 25)
[2024-06-07 17:14:21,674][flwr][INFO] - aggregate_evaluate: received 12 results and 0 failures
[2024-06-07 17:14:21,675][flwr][INFO] - 
[2024-06-07 17:14:21,675][flwr][INFO] - [ROUND 9]
[2024-06-07 17:14:21,676][flwr][INFO] - configure_fit: strategy sampled 12 clients (out of 25)
[2024-06-07 17:14:22,061][flwr][INFO] - aggregate_fit: received 12 results and 0 failures
[2024-06-07 17:14:22,078][flwr][INFO] - fit progress: (9, tensor(4.1971, dtype=torch.float64), {'mae_loss, mse_loss': (1.9542112731933585, 4.197065467576378)}, 11.8502744)
[2024-06-07 17:14:22,080][flwr][INFO] - configure_evaluate: strategy sampled 12 clients (out of 25)
[2024-06-07 17:14:22,243][flwr][INFO] - aggregate_evaluate: received 12 results and 0 failures
[2024-06-07 17:14:22,244][flwr][INFO] - 
[2024-06-07 17:14:22,245][flwr][INFO] - [ROUND 10]
[2024-06-07 17:14:22,245][flwr][INFO] - configure_fit: strategy sampled 12 clients (out of 25)
[2024-06-07 17:14:22,598][flwr][INFO] - aggregate_fit: received 12 results and 0 failures
[2024-06-07 17:14:22,611][flwr][INFO] - fit progress: (10, tensor(2.2897, dtype=torch.float64), {'mae_loss, mse_loss': (1.3925642395019522, 2.289670357305206)}, 12.3839221)
[2024-06-07 17:14:22,613][flwr][INFO] - configure_evaluate: strategy sampled 12 clients (out of 25)
[2024-06-07 17:14:22,753][flwr][INFO] - aggregate_evaluate: received 12 results and 0 failures
[2024-06-07 17:14:22,754][flwr][INFO] - 
[2024-06-07 17:14:22,754][flwr][INFO] - [ROUND 11]
[2024-06-07 17:14:22,755][flwr][INFO] - configure_fit: strategy sampled 12 clients (out of 25)
[2024-06-07 17:14:23,081][flwr][INFO] - aggregate_fit: received 12 results and 0 failures
[2024-06-07 17:14:23,094][flwr][INFO] - fit progress: (11, tensor(2.6218, dtype=torch.float64), {'mae_loss, mse_loss': (1.5185896301269524, 2.6218102414315787)}, 12.866884200000001)
[2024-06-07 17:14:23,096][flwr][INFO] - configure_evaluate: strategy sampled 12 clients (out of 25)
[2024-06-07 17:14:23,237][flwr][INFO] - aggregate_evaluate: received 12 results and 0 failures
[2024-06-07 17:14:23,238][flwr][INFO] - 
[2024-06-07 17:14:23,238][flwr][INFO] - [ROUND 12]
[2024-06-07 17:14:23,239][flwr][INFO] - configure_fit: strategy sampled 12 clients (out of 25)
[2024-06-07 17:14:23,588][flwr][INFO] - aggregate_fit: received 12 results and 0 failures
[2024-06-07 17:14:23,603][flwr][INFO] - fit progress: (12, tensor(1.2400, dtype=torch.float64), {'mae_loss, mse_loss': (0.9576536560058585, 1.2400404293838652)}, 13.3750422)
[2024-06-07 17:14:23,605][flwr][INFO] - configure_evaluate: strategy sampled 12 clients (out of 25)
[2024-06-07 17:14:23,732][flwr][INFO] - aggregate_evaluate: received 12 results and 0 failures
[2024-06-07 17:14:23,732][flwr][INFO] - 
[2024-06-07 17:14:23,732][flwr][INFO] - [ROUND 13]
[2024-06-07 17:14:23,733][flwr][INFO] - configure_fit: strategy sampled 12 clients (out of 25)
[2024-06-07 17:14:24,025][flwr][INFO] - aggregate_fit: received 12 results and 0 failures
[2024-06-07 17:14:24,038][flwr][INFO] - fit progress: (13, tensor(0.8415, dtype=torch.float64), {'mae_loss, mse_loss': (0.7882037353515627, 0.8414592723441311)}, 13.8111247)
[2024-06-07 17:14:24,040][flwr][INFO] - configure_evaluate: strategy sampled 12 clients (out of 25)
[2024-06-07 17:14:24,158][flwr][INFO] - aggregate_evaluate: received 12 results and 0 failures
[2024-06-07 17:14:24,159][flwr][INFO] - 
[2024-06-07 17:14:24,160][flwr][INFO] - [ROUND 14]
[2024-06-07 17:14:24,160][flwr][INFO] - configure_fit: strategy sampled 12 clients (out of 25)
[2024-06-07 17:14:24,460][flwr][INFO] - aggregate_fit: received 12 results and 0 failures
[2024-06-07 17:14:24,474][flwr][INFO] - fit progress: (14, tensor(0.7096, dtype=torch.float64), {'mae_loss, mse_loss': (0.7374560546875003, 0.7095668966344096)}, 14.2474216)
[2024-06-07 17:14:24,476][flwr][INFO] - configure_evaluate: strategy sampled 12 clients (out of 25)
[2024-06-07 17:14:24,604][flwr][INFO] - aggregate_evaluate: received 12 results and 0 failures
[2024-06-07 17:14:24,604][flwr][INFO] - 
[2024-06-07 17:14:24,605][flwr][INFO] - [ROUND 15]
[2024-06-07 17:14:24,605][flwr][INFO] - configure_fit: strategy sampled 12 clients (out of 25)
[2024-06-07 17:14:24,910][flwr][INFO] - aggregate_fit: received 12 results and 0 failures
[2024-06-07 17:14:24,924][flwr][INFO] - fit progress: (15, tensor(0.5267, dtype=torch.float64), {'mae_loss, mse_loss': (0.6332881164550784, 0.5267241836738545)}, 14.6971934)
[2024-06-07 17:14:24,926][flwr][INFO] - configure_evaluate: strategy sampled 12 clients (out of 25)
[2024-06-07 17:14:25,056][flwr][INFO] - aggregate_evaluate: received 12 results and 0 failures
[2024-06-07 17:14:25,057][flwr][INFO] - 
[2024-06-07 17:14:25,058][flwr][INFO] - [ROUND 16]
[2024-06-07 17:14:25,058][flwr][INFO] - configure_fit: strategy sampled 12 clients (out of 25)
[2024-06-07 17:14:25,344][flwr][INFO] - aggregate_fit: received 12 results and 0 failures
[2024-06-07 17:14:25,357][flwr][INFO] - fit progress: (16, tensor(1.2517, dtype=torch.float64), {'mae_loss, mse_loss': (0.9804640197753898, 1.2517348880673522)}, 15.1298983)
[2024-06-07 17:14:25,359][flwr][INFO] - configure_evaluate: strategy sampled 12 clients (out of 25)
[2024-06-07 17:14:25,532][flwr][INFO] - aggregate_evaluate: received 12 results and 0 failures
[2024-06-07 17:14:25,532][flwr][INFO] - 
[2024-06-07 17:14:25,533][flwr][INFO] - [ROUND 17]
[2024-06-07 17:14:25,533][flwr][INFO] - configure_fit: strategy sampled 12 clients (out of 25)
[2024-06-07 17:14:25,827][flwr][INFO] - aggregate_fit: received 12 results and 0 failures
[2024-06-07 17:14:25,840][flwr][INFO] - fit progress: (17, tensor(0.9682, dtype=torch.float64), {'mae_loss, mse_loss': (0.8592474365234366, 0.9682395191814279)}, 15.612349900000002)
[2024-06-07 17:14:25,842][flwr][INFO] - configure_evaluate: strategy sampled 12 clients (out of 25)
[2024-06-07 17:14:25,970][flwr][INFO] - aggregate_evaluate: received 12 results and 0 failures
[2024-06-07 17:14:25,970][flwr][INFO] - 
[2024-06-07 17:14:25,971][flwr][INFO] - [ROUND 18]
[2024-06-07 17:14:25,971][flwr][INFO] - configure_fit: strategy sampled 12 clients (out of 25)
[2024-06-07 17:14:26,267][flwr][INFO] - aggregate_fit: received 12 results and 0 failures
[2024-06-07 17:14:26,281][flwr][INFO] - fit progress: (18, tensor(0.2762, dtype=torch.float64), {'mae_loss, mse_loss': (0.4986711120605477, 0.27619709481636634)}, 16.0538527)
[2024-06-07 17:14:26,283][flwr][INFO] - configure_evaluate: strategy sampled 12 clients (out of 25)
[2024-06-07 17:14:26,422][flwr][INFO] - aggregate_evaluate: received 12 results and 0 failures
[2024-06-07 17:14:26,423][flwr][INFO] - 
[2024-06-07 17:14:26,424][flwr][INFO] - [ROUND 19]
[2024-06-07 17:14:26,424][flwr][INFO] - configure_fit: strategy sampled 12 clients (out of 25)
[2024-06-07 17:14:26,731][flwr][INFO] - aggregate_fit: received 12 results and 0 failures
[2024-06-07 17:14:26,747][flwr][INFO] - fit progress: (19, tensor(0.2146, dtype=torch.float64), {'mae_loss, mse_loss': (0.4486611938476571, 0.21456821196689368)}, 16.519202800000002)
[2024-06-07 17:14:26,748][flwr][INFO] - configure_evaluate: strategy sampled 12 clients (out of 25)
[2024-06-07 17:14:26,927][flwr][INFO] - aggregate_evaluate: received 12 results and 0 failures
[2024-06-07 17:14:26,928][flwr][INFO] - 
[2024-06-07 17:14:26,928][flwr][INFO] - [ROUND 20]
[2024-06-07 17:14:26,929][flwr][INFO] - configure_fit: strategy sampled 12 clients (out of 25)
[2024-06-07 17:14:27,238][flwr][INFO] - aggregate_fit: received 12 results and 0 failures
[2024-06-07 17:14:27,252][flwr][INFO] - fit progress: (20, tensor(1.4000, dtype=torch.float64), {'mae_loss, mse_loss': (1.0877432250976553, 1.400039124489761)}, 17.0250123)
[2024-06-07 17:14:27,254][flwr][INFO] - configure_evaluate: strategy sampled 12 clients (out of 25)
[2024-06-07 17:14:27,389][flwr][INFO] - aggregate_evaluate: received 12 results and 0 failures
[2024-06-07 17:14:27,390][flwr][INFO] - 
[2024-06-07 17:14:27,390][flwr][INFO] - [ROUND 21]
[2024-06-07 17:14:27,390][flwr][INFO] - configure_fit: strategy sampled 12 clients (out of 25)
[2024-06-07 17:14:27,680][flwr][INFO] - aggregate_fit: received 12 results and 0 failures
[2024-06-07 17:14:27,694][flwr][INFO] - fit progress: (21, tensor(0.9901, dtype=torch.float64), {'mae_loss, mse_loss': (0.8873983764648429, 0.990091155604226)}, 17.4669107)
[2024-06-07 17:14:27,696][flwr][INFO] - configure_evaluate: strategy sampled 12 clients (out of 25)
[2024-06-07 17:14:27,828][flwr][INFO] - aggregate_evaluate: received 12 results and 0 failures
[2024-06-07 17:14:27,829][flwr][INFO] - 
[2024-06-07 17:14:27,829][flwr][INFO] - [ROUND 22]
[2024-06-07 17:14:27,830][flwr][INFO] - configure_fit: strategy sampled 12 clients (out of 25)
[2024-06-07 17:14:28,111][flwr][INFO] - aggregate_fit: received 12 results and 0 failures
[2024-06-07 17:14:28,124][flwr][INFO] - fit progress: (22, tensor(1.5703, dtype=torch.float64), {'mae_loss, mse_loss': (1.1688726806640617, 1.570323374648345)}, 17.897031)
[2024-06-07 17:14:28,126][flwr][INFO] - configure_evaluate: strategy sampled 12 clients (out of 25)
[2024-06-07 17:14:28,254][flwr][INFO] - aggregate_evaluate: received 12 results and 0 failures
[2024-06-07 17:14:28,255][flwr][INFO] - 
[2024-06-07 17:14:28,255][flwr][INFO] - [ROUND 23]
[2024-06-07 17:14:28,255][flwr][INFO] - configure_fit: strategy sampled 12 clients (out of 25)
[2024-06-07 17:14:28,562][flwr][INFO] - aggregate_fit: received 12 results and 0 failures
[2024-06-07 17:14:28,577][flwr][INFO] - fit progress: (23, tensor(0.7923, dtype=torch.float64), {'mae_loss, mse_loss': (0.7748492431640628, 0.7923453170221763)}, 18.3497616)
[2024-06-07 17:14:28,579][flwr][INFO] - configure_evaluate: strategy sampled 12 clients (out of 25)
[2024-06-07 17:14:28,698][flwr][INFO] - aggregate_evaluate: received 12 results and 0 failures
[2024-06-07 17:14:28,699][flwr][INFO] - 
[2024-06-07 17:14:28,699][flwr][INFO] - [ROUND 24]
[2024-06-07 17:14:28,700][flwr][INFO] - configure_fit: strategy sampled 12 clients (out of 25)
[2024-06-07 17:14:28,980][flwr][INFO] - aggregate_fit: received 12 results and 0 failures
[2024-06-07 17:14:28,996][flwr][INFO] - fit progress: (24, tensor(0.1841, dtype=torch.float64), {'mae_loss, mse_loss': (0.407077178955079, 0.1840960269168727)}, 18.768610100000004)
[2024-06-07 17:14:28,998][flwr][INFO] - configure_evaluate: strategy sampled 12 clients (out of 25)
[2024-06-07 17:14:29,131][flwr][INFO] - aggregate_evaluate: received 12 results and 0 failures
[2024-06-07 17:14:29,132][flwr][INFO] - 
[2024-06-07 17:14:29,132][flwr][INFO] - [ROUND 25]
[2024-06-07 17:14:29,133][flwr][INFO] - configure_fit: strategy sampled 12 clients (out of 25)
[2024-06-07 17:14:29,422][flwr][INFO] - aggregate_fit: received 12 results and 0 failures
[2024-06-07 17:14:29,436][flwr][INFO] - fit progress: (25, tensor(0.2765, dtype=torch.float64), {'mae_loss, mse_loss': (0.47126571655273464, 0.2764713012337457)}, 19.2083631)
[2024-06-07 17:14:29,438][flwr][INFO] - configure_evaluate: strategy sampled 12 clients (out of 25)
[2024-06-07 17:14:29,563][flwr][INFO] - aggregate_evaluate: received 12 results and 0 failures
[2024-06-07 17:14:29,563][flwr][INFO] - 
[2024-06-07 17:14:29,564][flwr][INFO] - [ROUND 26]
[2024-06-07 17:14:29,564][flwr][INFO] - configure_fit: strategy sampled 12 clients (out of 25)
[2024-06-07 17:14:29,883][flwr][INFO] - aggregate_fit: received 12 results and 0 failures
[2024-06-07 17:14:29,897][flwr][INFO] - fit progress: (26, tensor(0.3534, dtype=torch.float64), {'mae_loss, mse_loss': (0.5208255004882816, 0.3533562984571329)}, 19.669198100000003)
[2024-06-07 17:14:29,898][flwr][INFO] - configure_evaluate: strategy sampled 12 clients (out of 25)
[2024-06-07 17:14:30,040][flwr][INFO] - aggregate_evaluate: received 12 results and 0 failures
[2024-06-07 17:14:30,041][flwr][INFO] - 
[2024-06-07 17:14:30,041][flwr][INFO] - [ROUND 27]
[2024-06-07 17:14:30,042][flwr][INFO] - configure_fit: strategy sampled 12 clients (out of 25)
[2024-06-07 17:14:30,344][flwr][INFO] - aggregate_fit: received 12 results and 0 failures
[2024-06-07 17:14:30,356][flwr][INFO] - fit progress: (27, tensor(0.5259, dtype=torch.float64), {'mae_loss, mse_loss': (0.6286517333984378, 0.5258866003560834)}, 20.1284883)
[2024-06-07 17:14:30,358][flwr][INFO] - configure_evaluate: strategy sampled 12 clients (out of 25)
[2024-06-07 17:14:30,484][flwr][INFO] - aggregate_evaluate: received 12 results and 0 failures
[2024-06-07 17:14:30,485][flwr][INFO] - 
[2024-06-07 17:14:30,485][flwr][INFO] - [ROUND 28]
[2024-06-07 17:14:30,486][flwr][INFO] - configure_fit: strategy sampled 12 clients (out of 25)
[2024-06-07 17:14:30,847][flwr][INFO] - aggregate_fit: received 12 results and 0 failures
[2024-06-07 17:14:30,862][flwr][INFO] - fit progress: (28, tensor(0.8552, dtype=torch.float64), {'mae_loss, mse_loss': (0.8414526367187491, 0.8552258718698281)}, 20.634344300000002)
[2024-06-07 17:14:30,865][flwr][INFO] - configure_evaluate: strategy sampled 12 clients (out of 25)
[2024-06-07 17:14:31,056][flwr][INFO] - aggregate_evaluate: received 12 results and 0 failures
[2024-06-07 17:14:31,056][flwr][INFO] - 
[2024-06-07 17:14:31,057][flwr][INFO] - [ROUND 29]
[2024-06-07 17:14:31,058][flwr][INFO] - configure_fit: strategy sampled 12 clients (out of 25)
[2024-06-07 17:14:31,414][flwr][INFO] - aggregate_fit: received 12 results and 0 failures
[2024-06-07 17:14:31,427][flwr][INFO] - fit progress: (29, tensor(0.7091, dtype=torch.float64), {'mae_loss, mse_loss': (0.749667205810546, 0.7090572016852672)}, 21.198860500000002)
[2024-06-07 17:14:31,428][flwr][INFO] - configure_evaluate: strategy sampled 12 clients (out of 25)
[2024-06-07 17:14:31,574][flwr][INFO] - aggregate_evaluate: received 12 results and 0 failures
[2024-06-07 17:14:31,575][flwr][INFO] - 
[2024-06-07 17:14:31,575][flwr][INFO] - [ROUND 30]
[2024-06-07 17:14:31,575][flwr][INFO] - configure_fit: strategy sampled 12 clients (out of 25)
[2024-06-07 17:14:31,866][flwr][INFO] - aggregate_fit: received 12 results and 0 failures
[2024-06-07 17:14:31,881][flwr][INFO] - fit progress: (30, tensor(0.2664, dtype=torch.float64), {'mae_loss, mse_loss': (0.4645808410644534, 0.2664038341798591)}, 21.652731199999998)
[2024-06-07 17:14:31,882][flwr][INFO] - configure_evaluate: strategy sampled 12 clients (out of 25)
[2024-06-07 17:14:32,008][flwr][INFO] - aggregate_evaluate: received 12 results and 0 failures
[2024-06-07 17:14:32,009][flwr][INFO] - 
[2024-06-07 17:14:32,009][flwr][INFO] - [ROUND 31]
[2024-06-07 17:14:32,010][flwr][INFO] - configure_fit: strategy sampled 12 clients (out of 25)
[2024-06-07 17:14:32,284][flwr][INFO] - aggregate_fit: received 12 results and 0 failures
[2024-06-07 17:14:32,298][flwr][INFO] - fit progress: (31, tensor(0.5590, dtype=torch.float64), {'mae_loss, mse_loss': (0.6496504211425773, 0.5590207696814321)}, 22.0712636)
[2024-06-07 17:14:32,300][flwr][INFO] - configure_evaluate: strategy sampled 12 clients (out of 25)
[2024-06-07 17:14:32,432][flwr][INFO] - aggregate_evaluate: received 12 results and 0 failures
[2024-06-07 17:14:32,432][flwr][INFO] - 
[2024-06-07 17:14:32,433][flwr][INFO] - [ROUND 32]
[2024-06-07 17:14:32,433][flwr][INFO] - configure_fit: strategy sampled 12 clients (out of 25)
[2024-06-07 17:14:32,706][flwr][INFO] - aggregate_fit: received 12 results and 0 failures
[2024-06-07 17:14:32,720][flwr][INFO] - fit progress: (32, tensor(0.3873, dtype=torch.float64), {'mae_loss, mse_loss': (0.5485964965820316, 0.38733092647721074)}, 22.492577400000002)
[2024-06-07 17:14:32,722][flwr][INFO] - configure_evaluate: strategy sampled 12 clients (out of 25)
[2024-06-07 17:14:32,844][flwr][INFO] - aggregate_evaluate: received 12 results and 0 failures
[2024-06-07 17:14:32,845][flwr][INFO] - 
[2024-06-07 17:14:32,846][flwr][INFO] - [ROUND 33]
[2024-06-07 17:14:32,846][flwr][INFO] - configure_fit: strategy sampled 12 clients (out of 25)
[2024-06-07 17:14:33,129][flwr][INFO] - aggregate_fit: received 12 results and 0 failures
[2024-06-07 17:14:33,141][flwr][INFO] - fit progress: (33, tensor(0.2003, dtype=torch.float64), {'mae_loss, mse_loss': (0.39514266967773465, 0.2003444190385058)}, 22.9143683)
[2024-06-07 17:14:33,143][flwr][INFO] - configure_evaluate: strategy sampled 12 clients (out of 25)
[2024-06-07 17:14:33,272][flwr][INFO] - aggregate_evaluate: received 12 results and 0 failures
[2024-06-07 17:14:33,273][flwr][INFO] - 
[2024-06-07 17:14:33,273][flwr][INFO] - [ROUND 34]
[2024-06-07 17:14:33,274][flwr][INFO] - configure_fit: strategy sampled 12 clients (out of 25)
[2024-06-07 17:14:33,541][flwr][INFO] - aggregate_fit: received 12 results and 0 failures
[2024-06-07 17:14:33,556][flwr][INFO] - fit progress: (34, tensor(0.1676, dtype=torch.float64), {'mae_loss, mse_loss': (0.37030654907226646, 0.16761909120169075)}, 23.328375)
[2024-06-07 17:14:33,557][flwr][INFO] - configure_evaluate: strategy sampled 12 clients (out of 25)
[2024-06-07 17:14:33,689][flwr][INFO] - aggregate_evaluate: received 12 results and 0 failures
[2024-06-07 17:14:33,689][flwr][INFO] - 
[2024-06-07 17:14:33,690][flwr][INFO] - [ROUND 35]
[2024-06-07 17:14:33,690][flwr][INFO] - configure_fit: strategy sampled 12 clients (out of 25)
[2024-06-07 17:14:33,975][flwr][INFO] - aggregate_fit: received 12 results and 0 failures
[2024-06-07 17:14:33,990][flwr][INFO] - fit progress: (35, tensor(0.5466, dtype=torch.float64), {'mae_loss, mse_loss': (0.6352903747558585, 0.5466051455229752)}, 23.762228999999998)
[2024-06-07 17:14:33,991][flwr][INFO] - configure_evaluate: strategy sampled 12 clients (out of 25)
[2024-06-07 17:14:34,113][flwr][INFO] - aggregate_evaluate: received 12 results and 0 failures
[2024-06-07 17:14:34,114][flwr][INFO] - 
[2024-06-07 17:14:34,115][flwr][INFO] - [ROUND 36]
[2024-06-07 17:14:34,116][flwr][INFO] - configure_fit: strategy sampled 12 clients (out of 25)
[2024-06-07 17:14:34,387][flwr][INFO] - aggregate_fit: received 12 results and 0 failures
[2024-06-07 17:14:34,399][flwr][INFO] - fit progress: (36, tensor(0.2894, dtype=torch.float64), {'mae_loss, mse_loss': (0.48121978759765655, 0.28944471385655957)}, 24.1717259)
[2024-06-07 17:14:34,400][flwr][INFO] - configure_evaluate: strategy sampled 12 clients (out of 25)
[2024-06-07 17:14:34,525][flwr][INFO] - aggregate_evaluate: received 12 results and 0 failures
[2024-06-07 17:14:34,525][flwr][INFO] - 
[2024-06-07 17:14:34,526][flwr][INFO] - [ROUND 37]
[2024-06-07 17:14:34,526][flwr][INFO] - configure_fit: strategy sampled 12 clients (out of 25)
[2024-06-07 17:14:34,802][flwr][INFO] - aggregate_fit: received 12 results and 0 failures
[2024-06-07 17:14:34,818][flwr][INFO] - fit progress: (37, tensor(0.3814, dtype=torch.float64), {'mae_loss, mse_loss': (0.5474719238281253, 0.38144806430069744)}, 24.589993900000003)
[2024-06-07 17:14:34,819][flwr][INFO] - configure_evaluate: strategy sampled 12 clients (out of 25)
[2024-06-07 17:14:34,955][flwr][INFO] - aggregate_evaluate: received 12 results and 0 failures
[2024-06-07 17:14:34,955][flwr][INFO] - 
[2024-06-07 17:14:34,956][flwr][INFO] - [ROUND 38]
[2024-06-07 17:14:34,956][flwr][INFO] - configure_fit: strategy sampled 12 clients (out of 25)
[2024-06-07 17:14:35,255][flwr][INFO] - aggregate_fit: received 12 results and 0 failures
[2024-06-07 17:14:35,269][flwr][INFO] - fit progress: (38, tensor(0.3459, dtype=torch.float64), {'mae_loss, mse_loss': (0.5183840942382816, 0.3458526191334242)}, 25.041505200000003)
[2024-06-07 17:14:35,271][flwr][INFO] - configure_evaluate: strategy sampled 12 clients (out of 25)
[2024-06-07 17:14:35,402][flwr][INFO] - aggregate_evaluate: received 12 results and 0 failures
[2024-06-07 17:14:35,402][flwr][INFO] - 
[2024-06-07 17:14:35,403][flwr][INFO] - [ROUND 39]
[2024-06-07 17:14:35,403][flwr][INFO] - configure_fit: strategy sampled 12 clients (out of 25)
[2024-06-07 17:14:35,699][flwr][INFO] - aggregate_fit: received 12 results and 0 failures
[2024-06-07 17:14:35,713][flwr][INFO] - fit progress: (39, tensor(0.1791, dtype=torch.float64), {'mae_loss, mse_loss': (0.37188751220703153, 0.17912653297511918)}, 25.484788899999998)
[2024-06-07 17:14:35,714][flwr][INFO] - configure_evaluate: strategy sampled 12 clients (out of 25)
[2024-06-07 17:14:35,850][flwr][INFO] - aggregate_evaluate: received 12 results and 0 failures
[2024-06-07 17:14:35,851][flwr][INFO] - 
[2024-06-07 17:14:35,851][flwr][INFO] - [ROUND 40]
[2024-06-07 17:14:35,852][flwr][INFO] - configure_fit: strategy sampled 12 clients (out of 25)
[2024-06-07 17:14:36,164][flwr][INFO] - aggregate_fit: received 12 results and 0 failures
[2024-06-07 17:14:36,178][flwr][INFO] - fit progress: (40, tensor(0.1497, dtype=torch.float64), {'mae_loss, mse_loss': (0.3544992065429696, 0.14969550462416445)}, 25.950660300000003)
[2024-06-07 17:14:36,180][flwr][INFO] - configure_evaluate: strategy sampled 12 clients (out of 25)
[2024-06-07 17:14:36,307][flwr][INFO] - aggregate_evaluate: received 12 results and 0 failures
[2024-06-07 17:14:36,308][flwr][INFO] - 
[2024-06-07 17:14:36,308][flwr][INFO] - [ROUND 41]
[2024-06-07 17:14:36,309][flwr][INFO] - configure_fit: strategy sampled 12 clients (out of 25)
[2024-06-07 17:14:36,586][flwr][INFO] - aggregate_fit: received 12 results and 0 failures
[2024-06-07 17:14:36,600][flwr][INFO] - fit progress: (41, tensor(0.2381, dtype=torch.float64), {'mae_loss, mse_loss': (0.44046051025390653, 0.23807128069666256)}, 26.3730627)
[2024-06-07 17:14:36,602][flwr][INFO] - configure_evaluate: strategy sampled 12 clients (out of 25)
[2024-06-07 17:14:36,729][flwr][INFO] - aggregate_evaluate: received 12 results and 0 failures
[2024-06-07 17:14:36,730][flwr][INFO] - 
[2024-06-07 17:14:36,730][flwr][INFO] - [ROUND 42]
[2024-06-07 17:14:36,731][flwr][INFO] - configure_fit: strategy sampled 12 clients (out of 25)
[2024-06-07 17:14:37,014][flwr][INFO] - aggregate_fit: received 12 results and 0 failures
[2024-06-07 17:14:37,028][flwr][INFO] - fit progress: (42, tensor(0.2487, dtype=torch.float64), {'mae_loss, mse_loss': (0.4509486389160159, 0.248651746968157)}, 26.801027500000004)
[2024-06-07 17:14:37,030][flwr][INFO] - configure_evaluate: strategy sampled 12 clients (out of 25)
[2024-06-07 17:14:37,171][flwr][INFO] - aggregate_evaluate: received 12 results and 0 failures
[2024-06-07 17:14:37,172][flwr][INFO] - 
[2024-06-07 17:14:37,173][flwr][INFO] - [ROUND 43]
[2024-06-07 17:14:37,173][flwr][INFO] - configure_fit: strategy sampled 12 clients (out of 25)
[2024-06-07 17:14:37,447][flwr][INFO] - aggregate_fit: received 12 results and 0 failures
[2024-06-07 17:14:37,460][flwr][INFO] - fit progress: (43, tensor(0.2127, dtype=torch.float64), {'mae_loss, mse_loss': (0.41460983276367214, 0.21267791875440206)}, 27.232574)
[2024-06-07 17:14:37,461][flwr][INFO] - configure_evaluate: strategy sampled 12 clients (out of 25)
[2024-06-07 17:14:37,581][flwr][INFO] - aggregate_evaluate: received 12 results and 0 failures
[2024-06-07 17:14:37,582][flwr][INFO] - 
[2024-06-07 17:14:37,583][flwr][INFO] - [ROUND 44]
[2024-06-07 17:14:37,583][flwr][INFO] - configure_fit: strategy sampled 12 clients (out of 25)
[2024-06-07 17:14:37,853][flwr][INFO] - aggregate_fit: received 12 results and 0 failures
[2024-06-07 17:14:37,865][flwr][INFO] - fit progress: (44, tensor(0.2068, dtype=torch.float64), {'mae_loss, mse_loss': (0.40087997436523465, 0.2067731232350929)}, 27.637154100000004)
[2024-06-07 17:14:37,866][flwr][INFO] - configure_evaluate: strategy sampled 12 clients (out of 25)
[2024-06-07 17:14:37,986][flwr][INFO] - aggregate_evaluate: received 12 results and 0 failures
[2024-06-07 17:14:37,987][flwr][INFO] - 
[2024-06-07 17:14:37,987][flwr][INFO] - [ROUND 45]
[2024-06-07 17:14:37,988][flwr][INFO] - configure_fit: strategy sampled 12 clients (out of 25)
[2024-06-07 17:14:38,259][flwr][INFO] - aggregate_fit: received 12 results and 0 failures
[2024-06-07 17:14:38,272][flwr][INFO] - fit progress: (45, tensor(0.7072, dtype=torch.float64), {'mae_loss, mse_loss': (0.761349334716796, 0.7071936598190801)}, 28.043785)
[2024-06-07 17:14:38,273][flwr][INFO] - configure_evaluate: strategy sampled 12 clients (out of 25)
[2024-06-07 17:14:38,398][flwr][INFO] - aggregate_evaluate: received 12 results and 0 failures
[2024-06-07 17:14:38,398][flwr][INFO] - 
[2024-06-07 17:14:38,399][flwr][INFO] - [ROUND 46]
[2024-06-07 17:14:38,400][flwr][INFO] - configure_fit: strategy sampled 12 clients (out of 25)
[2024-06-07 17:14:38,741][flwr][INFO] - aggregate_fit: received 12 results and 0 failures
[2024-06-07 17:14:38,755][flwr][INFO] - fit progress: (46, tensor(0.2212, dtype=torch.float64), {'mae_loss, mse_loss': (0.4323207092285159, 0.22117801092949274)}, 28.527728000000003)
[2024-06-07 17:14:38,757][flwr][INFO] - configure_evaluate: strategy sampled 12 clients (out of 25)
[2024-06-07 17:14:38,886][flwr][INFO] - aggregate_evaluate: received 12 results and 0 failures
[2024-06-07 17:14:38,887][flwr][INFO] - 
[2024-06-07 17:14:38,888][flwr][INFO] - [ROUND 47]
[2024-06-07 17:14:38,889][flwr][INFO] - configure_fit: strategy sampled 12 clients (out of 25)
[2024-06-07 17:14:39,168][flwr][INFO] - aggregate_fit: received 12 results and 0 failures
[2024-06-07 17:14:39,180][flwr][INFO] - fit progress: (47, tensor(0.2531, dtype=torch.float64), {'mae_loss, mse_loss': (0.4607165527343753, 0.2531384736192416)}, 28.9532595)
[2024-06-07 17:14:39,182][flwr][INFO] - configure_evaluate: strategy sampled 12 clients (out of 25)
[2024-06-07 17:14:39,308][flwr][INFO] - aggregate_evaluate: received 12 results and 0 failures
[2024-06-07 17:14:39,308][flwr][INFO] - 
[2024-06-07 17:14:39,308][flwr][INFO] - [ROUND 48]
[2024-06-07 17:14:39,309][flwr][INFO] - configure_fit: strategy sampled 12 clients (out of 25)
[2024-06-07 17:14:39,575][flwr][INFO] - aggregate_fit: received 12 results and 0 failures
[2024-06-07 17:14:39,590][flwr][INFO] - fit progress: (48, tensor(0.2963, dtype=torch.float64), {'mae_loss, mse_loss': (0.49796173095703156, 0.2962669207269794)}, 29.3624772)
[2024-06-07 17:14:39,591][flwr][INFO] - configure_evaluate: strategy sampled 12 clients (out of 25)
[2024-06-07 17:14:39,709][flwr][INFO] - aggregate_evaluate: received 12 results and 0 failures
[2024-06-07 17:14:39,710][flwr][INFO] - 
[2024-06-07 17:14:39,710][flwr][INFO] - [ROUND 49]
[2024-06-07 17:14:39,711][flwr][INFO] - configure_fit: strategy sampled 12 clients (out of 25)
[2024-06-07 17:14:40,004][flwr][INFO] - aggregate_fit: received 12 results and 0 failures
[2024-06-07 17:14:40,017][flwr][INFO] - fit progress: (49, tensor(0.3018, dtype=torch.float64), {'mae_loss, mse_loss': (0.4983271789550784, 0.30181557877839094)}, 29.790076300000003)
[2024-06-07 17:14:40,019][flwr][INFO] - configure_evaluate: strategy sampled 12 clients (out of 25)
[2024-06-07 17:14:40,197][flwr][INFO] - aggregate_evaluate: received 12 results and 0 failures
[2024-06-07 17:14:40,197][flwr][INFO] - 
[2024-06-07 17:14:40,198][flwr][INFO] - [ROUND 50]
[2024-06-07 17:14:40,198][flwr][INFO] - configure_fit: strategy sampled 12 clients (out of 25)
[2024-06-07 17:14:40,532][flwr][INFO] - aggregate_fit: received 12 results and 0 failures
[2024-06-07 17:14:40,546][flwr][INFO] - fit progress: (50, tensor(0.3972, dtype=torch.float64), {'mae_loss, mse_loss': (0.5604914855957034, 0.3971517344637541)}, 30.318359800000003)
[2024-06-07 17:14:40,548][flwr][INFO] - configure_evaluate: strategy sampled 12 clients (out of 25)
[2024-06-07 17:14:40,748][flwr][INFO] - aggregate_evaluate: received 12 results and 0 failures
[2024-06-07 17:14:40,749][flwr][INFO] - 
[2024-06-07 17:14:40,750][flwr][INFO] - [SUMMARY]
[2024-06-07 17:14:40,750][flwr][INFO] - Run finished 50 rounds in 30.52s
[2024-06-07 17:14:40,752][flwr][INFO] - History (loss, distributed):
[2024-06-07 17:14:40,753][flwr][INFO] - 	('\tround 1: 37.85077570169283\n'
[2024-06-07 17:14:40,753][flwr][INFO] - 	 '\tround 2: 31.542090041746437\n'
[2024-06-07 17:14:40,754][flwr][INFO] - 	 '\tround 3: 25.22122422296297\n'
[2024-06-07 17:14:40,754][flwr][INFO] - 	 '\tround 4: 21.91820422321457\n'
[2024-06-07 17:14:40,755][flwr][INFO] - 	 '\tround 5: 11.316827643160812\n'
[2024-06-07 17:14:40,755][flwr][INFO] - 	 '\tround 6: 8.903591496276778\n'
[2024-06-07 17:14:40,755][flwr][INFO] - 	 '\tround 7: 9.952251797335352\n'
[2024-06-07 17:14:40,756][flwr][INFO] - 	 '\tround 8: 12.409458838663738\n'
[2024-06-07 17:14:40,756][flwr][INFO] - 	 '\tround 9: 5.678814943248433\n'
[2024-06-07 17:14:40,756][flwr][INFO] - 	 '\tround 10: 6.068446742201362\n'
[2024-06-07 17:14:40,757][flwr][INFO] - 	 '\tround 11: 3.0797483633318437\n'
[2024-06-07 17:14:40,757][flwr][INFO] - 	 '\tround 12: 5.193731009085161\n'
[2024-06-07 17:14:40,757][flwr][INFO] - 	 '\tround 13: 6.997620794880224\n'
[2024-06-07 17:14:40,758][flwr][INFO] - 	 '\tround 14: 9.465499691887791\n'
[2024-06-07 17:14:40,758][flwr][INFO] - 	 '\tround 15: 10.354572971617602\n'
[2024-06-07 17:14:40,759][flwr][INFO] - 	 '\tround 16: 6.520992508447274\n'
[2024-06-07 17:14:40,759][flwr][INFO] - 	 '\tround 17: 4.284999137979518\n'
[2024-06-07 17:14:40,759][flwr][INFO] - 	 '\tround 18: 6.299976562545169\n'
[2024-06-07 17:14:40,760][flwr][INFO] - 	 '\tround 19: 8.503144168609042\n'
[2024-06-07 17:14:40,760][flwr][INFO] - 	 '\tround 20: 8.310965654973428\n'
[2024-06-07 17:14:40,761][flwr][INFO] - 	 '\tround 21: 5.329484826904203\n'
[2024-06-07 17:14:40,761][flwr][INFO] - 	 '\tround 22: 4.335671944933609\n'
[2024-06-07 17:14:40,762][flwr][INFO] - 	 '\tround 23: 6.04561975344856\n'
[2024-06-07 17:14:40,762][flwr][INFO] - 	 '\tround 24: 5.703242396620223\n'
[2024-06-07 17:14:40,762][flwr][INFO] - 	 '\tround 25: 4.270028923406719\n'
[2024-06-07 17:14:40,763][flwr][INFO] - 	 '\tround 26: 3.363578573150894\n'
[2024-06-07 17:14:40,763][flwr][INFO] - 	 '\tround 27: 3.152778716230172\n'
[2024-06-07 17:14:40,764][flwr][INFO] - 	 '\tround 28: 1.737074290844258\n'
[2024-06-07 17:14:40,764][flwr][INFO] - 	 '\tround 29: 1.933992136654747\n'
[2024-06-07 17:14:40,764][flwr][INFO] - 	 '\tround 30: 1.3250597872029763\n'
[2024-06-07 17:14:40,765][flwr][INFO] - 	 '\tround 31: 2.343600707338266\n'
[2024-06-07 17:14:40,765][flwr][INFO] - 	 '\tround 32: 2.5461645769740224\n'
[2024-06-07 17:14:40,765][flwr][INFO] - 	 '\tround 33: 2.585717173881521\n'
[2024-06-07 17:14:40,766][flwr][INFO] - 	 '\tround 34: 1.3047763561407448\n'
[2024-06-07 17:14:40,766][flwr][INFO] - 	 '\tround 35: 2.071447924123966\n'
[2024-06-07 17:14:40,766][flwr][INFO] - 	 '\tround 36: 1.0517150585334296\n'
[2024-06-07 17:14:40,767][flwr][INFO] - 	 '\tround 37: 1.7314073746922256\n'
[2024-06-07 17:14:40,767][flwr][INFO] - 	 '\tround 38: 1.4779497128934456\n'
[2024-06-07 17:14:40,767][flwr][INFO] - 	 '\tround 39: 1.5576152243575023\n'
[2024-06-07 17:14:40,768][flwr][INFO] - 	 '\tround 40: 2.433380693963627\n'
[2024-06-07 17:14:40,768][flwr][INFO] - 	 '\tround 41: 1.837825274329461\n'
[2024-06-07 17:14:40,769][flwr][INFO] - 	 '\tround 42: 0.7499519138203145\n'
[2024-06-07 17:14:40,769][flwr][INFO] - 	 '\tround 43: 0.9770396548558332\n'
[2024-06-07 17:14:40,769][flwr][INFO] - 	 '\tround 44: 1.298270006579488\n'
[2024-06-07 17:14:40,770][flwr][INFO] - 	 '\tround 45: 1.5325530040429551\n'
[2024-06-07 17:14:40,770][flwr][INFO] - 	 '\tround 46: 1.2549265766014424\n'
[2024-06-07 17:14:40,770][flwr][INFO] - 	 '\tround 47: 1.0144700814065277\n'
[2024-06-07 17:14:40,771][flwr][INFO] - 	 '\tround 48: 1.2840425509693787\n'
[2024-06-07 17:14:40,771][flwr][INFO] - 	 '\tround 49: 1.1558252653923258\n'
[2024-06-07 17:14:40,771][flwr][INFO] - 	 '\tround 50: 0.9836743421995537\n')History (loss, centralized):
[2024-06-07 17:14:40,772][flwr][INFO] - 	('\tround 0: 522.5668482488247\n'
[2024-06-07 17:14:40,772][flwr][INFO] - 	 '\tround 1: 17.882794699353163\n'
[2024-06-07 17:14:40,772][flwr][INFO] - 	 '\tround 2: 11.364757775491215\n'
[2024-06-07 17:14:40,773][flwr][INFO] - 	 '\tround 3: 15.802571842731902\n'
[2024-06-07 17:14:40,773][flwr][INFO] - 	 '\tround 4: 5.6377955545092675\n'
[2024-06-07 17:14:40,773][flwr][INFO] - 	 '\tround 5: 7.37254127129074\n'
[2024-06-07 17:14:40,774][flwr][INFO] - 	 '\tround 6: 6.296859844212069\n'
[2024-06-07 17:14:40,774][flwr][INFO] - 	 '\tround 7: 4.320858251849769\n'
[2024-06-07 17:14:40,775][flwr][INFO] - 	 '\tround 8: 1.2158299513251984\n'
[2024-06-07 17:14:40,775][flwr][INFO] - 	 '\tround 9: 4.197065467576378\n'
[2024-06-07 17:14:40,775][flwr][INFO] - 	 '\tround 10: 2.289670357305206\n'
[2024-06-07 17:14:40,776][flwr][INFO] - 	 '\tround 11: 2.6218102414315787\n'
[2024-06-07 17:14:40,776][flwr][INFO] - 	 '\tround 12: 1.2400404293838652\n'
[2024-06-07 17:14:40,777][flwr][INFO] - 	 '\tround 13: 0.8414592723441311\n'
[2024-06-07 17:14:40,777][flwr][INFO] - 	 '\tround 14: 0.7095668966344095\n'
[2024-06-07 17:14:40,777][flwr][INFO] - 	 '\tround 15: 0.5267241836738545\n'
[2024-06-07 17:14:40,778][flwr][INFO] - 	 '\tround 16: 1.2517348880673522\n'
[2024-06-07 17:14:40,778][flwr][INFO] - 	 '\tround 17: 0.9682395191814279\n'
[2024-06-07 17:14:40,779][flwr][INFO] - 	 '\tround 18: 0.27619709481636634\n'
[2024-06-07 17:14:40,779][flwr][INFO] - 	 '\tround 19: 0.21456821196689368\n'
[2024-06-07 17:14:40,780][flwr][INFO] - 	 '\tround 20: 1.400039124489761\n'
[2024-06-07 17:14:40,780][flwr][INFO] - 	 '\tround 21: 0.990091155604226\n'
[2024-06-07 17:14:40,780][flwr][INFO] - 	 '\tround 22: 1.570323374648345\n'
[2024-06-07 17:14:40,781][flwr][INFO] - 	 '\tround 23: 0.7923453170221763\n'
[2024-06-07 17:14:40,781][flwr][INFO] - 	 '\tround 24: 0.1840960269168727\n'
[2024-06-07 17:14:40,781][flwr][INFO] - 	 '\tround 25: 0.2764713012337457\n'
[2024-06-07 17:14:40,782][flwr][INFO] - 	 '\tround 26: 0.3533562984571329\n'
[2024-06-07 17:14:40,782][flwr][INFO] - 	 '\tround 27: 0.5258866003560834\n'
[2024-06-07 17:14:40,782][flwr][INFO] - 	 '\tround 28: 0.8552258718698281\n'
[2024-06-07 17:14:40,783][flwr][INFO] - 	 '\tround 29: 0.7090572016852672\n'
[2024-06-07 17:14:40,783][flwr][INFO] - 	 '\tround 30: 0.2664038341798591\n'
[2024-06-07 17:14:40,783][flwr][INFO] - 	 '\tround 31: 0.5590207696814321\n'
[2024-06-07 17:14:40,784][flwr][INFO] - 	 '\tround 32: 0.38733092647721074\n'
[2024-06-07 17:14:40,784][flwr][INFO] - 	 '\tround 33: 0.2003444190385058\n'
[2024-06-07 17:14:40,785][flwr][INFO] - 	 '\tround 34: 0.16761909120169075\n'
[2024-06-07 17:14:40,785][flwr][INFO] - 	 '\tround 35: 0.5466051455229752\n'
[2024-06-07 17:14:40,785][flwr][INFO] - 	 '\tround 36: 0.28944471385655957\n'
[2024-06-07 17:14:40,786][flwr][INFO] - 	 '\tround 37: 0.3814480643006974\n'
[2024-06-07 17:14:40,786][flwr][INFO] - 	 '\tround 38: 0.3458526191334242\n'
[2024-06-07 17:14:40,786][flwr][INFO] - 	 '\tround 39: 0.17912653297511918\n'
[2024-06-07 17:14:40,787][flwr][INFO] - 	 '\tround 40: 0.14969550462416445\n'
[2024-06-07 17:14:40,787][flwr][INFO] - 	 '\tround 41: 0.2380712806966625\n'
[2024-06-07 17:14:40,787][flwr][INFO] - 	 '\tround 42: 0.248651746968157\n'
[2024-06-07 17:14:40,788][flwr][INFO] - 	 '\tround 43: 0.21267791875440206\n'
[2024-06-07 17:14:40,788][flwr][INFO] - 	 '\tround 44: 0.2067731232350929\n'
[2024-06-07 17:14:40,788][flwr][INFO] - 	 '\tround 45: 0.7071936598190802\n'
[2024-06-07 17:14:40,789][flwr][INFO] - 	 '\tround 46: 0.22117801092949269\n'
[2024-06-07 17:14:40,789][flwr][INFO] - 	 '\tround 47: 0.25313847361924163\n'
[2024-06-07 17:14:40,789][flwr][INFO] - 	 '\tround 48: 0.2962669207269794\n'
[2024-06-07 17:14:40,790][flwr][INFO] - 	 '\tround 49: 0.30181557877839094\n'
[2024-06-07 17:14:40,790][flwr][INFO] - 	 '\tround 50: 0.3971517344637542\n')History (metrics, centralized):
[2024-06-07 17:14:40,791][flwr][INFO] - 	{'mae_loss, mse_loss': [(0, (22.837996063232424, 522.5668482488246)),
[2024-06-07 17:14:40,791][flwr][INFO] - 	                        (1, (4.112103881835937, 17.882794699353163)),
[2024-06-07 17:14:40,791][flwr][INFO] - 	                        (2, (3.2316023254394524, 11.364757775491217)),
[2024-06-07 17:14:40,792][flwr][INFO] - 	                        (3, (3.849049987792968, 15.802571842731902)),
[2024-06-07 17:14:40,792][flwr][INFO] - 	                        (4, (2.1833235168457024, 5.637795554509268)),
[2024-06-07 17:14:40,792][flwr][INFO] - 	                        (5, (2.572666015624999, 7.37254127129074)),
[2024-06-07 17:14:40,793][flwr][INFO] - 	                        (6, (2.3682600402832024, 6.296859844212069)),
[2024-06-07 17:14:40,793][flwr][INFO] - 	                        (7, (1.9395002746582022, 4.320858251849769)),
[2024-06-07 17:14:40,794][flwr][INFO] - 	                        (8, (0.9640093994140628, 1.2158299513251984)),
[2024-06-07 17:14:40,794][flwr][INFO] - 	                        (9, (1.9542112731933585, 4.197065467576378)),
[2024-06-07 17:14:40,795][flwr][INFO] - 	                        (10, (1.3925642395019522, 2.289670357305206)),
[2024-06-07 17:14:40,795][flwr][INFO] - 	                        (11, (1.5185896301269524, 2.6218102414315787)),
[2024-06-07 17:14:40,796][flwr][INFO] - 	                        (12, (0.9576536560058585, 1.2400404293838652)),
[2024-06-07 17:14:40,796][flwr][INFO] - 	                        (13, (0.7882037353515627, 0.8414592723441311)),
[2024-06-07 17:14:40,797][flwr][INFO] - 	                        (14, (0.7374560546875003, 0.7095668966344096)),
[2024-06-07 17:14:40,797][flwr][INFO] - 	                        (15, (0.6332881164550784, 0.5267241836738545)),
[2024-06-07 17:14:40,798][flwr][INFO] - 	                        (16, (0.9804640197753898, 1.2517348880673522)),
[2024-06-07 17:14:40,798][flwr][INFO] - 	                        (17, (0.8592474365234366, 0.9682395191814279)),
[2024-06-07 17:14:40,799][flwr][INFO] - 	                        (18, (0.4986711120605477, 0.27619709481636634)),
[2024-06-07 17:14:40,799][flwr][INFO] - 	                        (19, (0.4486611938476571, 0.21456821196689368)),
[2024-06-07 17:14:40,799][flwr][INFO] - 	                        (20, (1.0877432250976553, 1.400039124489761)),
[2024-06-07 17:14:40,800][flwr][INFO] - 	                        (21, (0.8873983764648429, 0.990091155604226)),
[2024-06-07 17:14:40,800][flwr][INFO] - 	                        (22, (1.1688726806640617, 1.570323374648345)),
[2024-06-07 17:14:40,800][flwr][INFO] - 	                        (23, (0.7748492431640628, 0.7923453170221763)),
[2024-06-07 17:14:40,801][flwr][INFO] - 	                        (24, (0.407077178955079, 0.1840960269168727)),
[2024-06-07 17:14:40,801][flwr][INFO] - 	                        (25, (0.47126571655273464, 0.2764713012337457)),
[2024-06-07 17:14:40,802][flwr][INFO] - 	                        (26, (0.5208255004882816, 0.3533562984571329)),
[2024-06-07 17:14:40,802][flwr][INFO] - 	                        (27, (0.6286517333984378, 0.5258866003560834)),
[2024-06-07 17:14:40,802][flwr][INFO] - 	                        (28, (0.8414526367187491, 0.8552258718698281)),
[2024-06-07 17:14:40,803][flwr][INFO] - 	                        (29, (0.749667205810546, 0.7090572016852672)),
[2024-06-07 17:14:40,803][flwr][INFO] - 	                        (30, (0.4645808410644534, 0.2664038341798591)),
[2024-06-07 17:14:40,803][flwr][INFO] - 	                        (31, (0.6496504211425773, 0.5590207696814321)),
[2024-06-07 17:14:40,804][flwr][INFO] - 	                        (32, (0.5485964965820316, 0.38733092647721074)),
[2024-06-07 17:14:40,804][flwr][INFO] - 	                        (33, (0.39514266967773465, 0.2003444190385058)),
[2024-06-07 17:14:40,805][flwr][INFO] - 	                        (34, (0.37030654907226646, 0.16761909120169075)),
[2024-06-07 17:14:40,805][flwr][INFO] - 	                        (35, (0.6352903747558585, 0.5466051455229752)),
[2024-06-07 17:14:40,805][flwr][INFO] - 	                        (36, (0.48121978759765655, 0.28944471385655957)),
[2024-06-07 17:14:40,806][flwr][INFO] - 	                        (37, (0.5474719238281253, 0.38144806430069744)),
[2024-06-07 17:14:40,806][flwr][INFO] - 	                        (38, (0.5183840942382816, 0.3458526191334242)),
[2024-06-07 17:14:40,806][flwr][INFO] - 	                        (39, (0.37188751220703153, 0.17912653297511918)),
[2024-06-07 17:14:40,807][flwr][INFO] - 	                        (40, (0.3544992065429696, 0.14969550462416445)),
[2024-06-07 17:14:40,807][flwr][INFO] - 	                        (41, (0.44046051025390653, 0.23807128069666256)),
[2024-06-07 17:14:40,807][flwr][INFO] - 	                        (42, (0.4509486389160159, 0.248651746968157)),
[2024-06-07 17:14:40,808][flwr][INFO] - 	                        (43, (0.41460983276367214, 0.21267791875440206)),
[2024-06-07 17:14:40,808][flwr][INFO] - 	                        (44, (0.40087997436523465, 0.2067731232350929)),
[2024-06-07 17:14:40,808][flwr][INFO] - 	                        (45, (0.761349334716796, 0.7071936598190801)),
[2024-06-07 17:14:40,809][flwr][INFO] - 	                        (46, (0.4323207092285159, 0.22117801092949274)),
[2024-06-07 17:14:40,809][flwr][INFO] - 	                        (47, (0.4607165527343753, 0.2531384736192416)),
[2024-06-07 17:14:40,810][flwr][INFO] - 	                        (48, (0.49796173095703156, 0.2962669207269794)),
[2024-06-07 17:14:40,810][flwr][INFO] - 	                        (49, (0.4983271789550784, 0.30181557877839094)),
[2024-06-07 17:14:40,811][flwr][INFO] - 	                        (50, (0.5604914855957034, 0.3971517344637541))]}
[2024-06-07 17:14:40,811][flwr][INFO] - 
