[2024-06-11 23:29:26,758][flwr][INFO] - Starting Flower simulation, config: num_rounds=50, no round_timeout
[2024-06-11 23:29:31,959][flwr][INFO] - Flower VCE: Ray initialized with resources: {'object_store_memory': 6932545536.0, 'memory': 13865091072.0, 'node:127.0.0.1': 1.0, 'CPU': 8.0, 'node:__internal_head__': 1.0}
[2024-06-11 23:29:31,959][flwr][INFO] - Optimize your simulation with Flower VCE: https://flower.ai/docs/framework/how-to-run-simulations.html
[2024-06-11 23:29:31,959][flwr][INFO] - Flower VCE: Resources for each Virtual Client: {'num_cpus': 1, 'num_gpus': 0.0}
[2024-06-11 23:29:31,976][flwr][INFO] - Flower VCE: Creating VirtualClientEngineActorPool with 8 actors
[2024-06-11 23:29:31,976][flwr][INFO] - [INIT]
[2024-06-11 23:29:31,985][flwr][INFO] - Requesting initial parameters from one random client
[2024-06-11 23:29:37,108][flwr][INFO] - Received initial parameters from one random client
[2024-06-11 23:29:37,108][flwr][INFO] - Evaluating initial global parameters
[2024-06-11 23:29:37,108][flwr][INFO] - initial parameters (loss, other metrics): tensor(139.2548, dtype=torch.float64), {'mae_loss, mse_loss': (11.753617248535157, 139.25477336752675)}
[2024-06-11 23:29:37,108][flwr][INFO] - 
[2024-06-11 23:29:37,108][flwr][INFO] - [ROUND 1]
[2024-06-11 23:29:37,108][flwr][INFO] - configure_fit: strategy sampled 25 clients (out of 25)
[2024-06-11 23:29:46,262][flwr][INFO] - aggregate_fit: received 25 results and 0 failures
[2024-06-11 23:29:46,294][flwr][WARNING] - No fit_metrics_aggregation_fn provided
[2024-06-11 23:29:46,303][flwr][INFO] - fit progress: (1, tensor(3.8502, dtype=torch.float64), {'mae_loss, mse_loss': (1.929823913574218, 3.850162232294443)}, 9.1826544)
[2024-06-11 23:29:46,305][flwr][INFO] - configure_evaluate: strategy sampled 25 clients (out of 25)
[2024-06-11 23:29:46,541][flwr][INFO] - aggregate_evaluate: received 25 results and 0 failures
[2024-06-11 23:29:46,542][flwr][WARNING] - No evaluate_metrics_aggregation_fn provided
[2024-06-11 23:29:46,542][flwr][INFO] - 
[2024-06-11 23:29:46,542][flwr][INFO] - [ROUND 2]
[2024-06-11 23:29:46,542][flwr][INFO] - configure_fit: strategy sampled 25 clients (out of 25)
[2024-06-11 23:29:48,212][flwr][INFO] - aggregate_fit: received 25 results and 0 failures
[2024-06-11 23:29:48,244][flwr][INFO] - fit progress: (2, tensor(2.0638, dtype=torch.float64), {'mae_loss, mse_loss': (1.426981201171874, 2.063794895937664)}, 11.1278936)
[2024-06-11 23:29:48,250][flwr][INFO] - configure_evaluate: strategy sampled 25 clients (out of 25)
[2024-06-11 23:29:48,515][flwr][INFO] - aggregate_evaluate: received 25 results and 0 failures
[2024-06-11 23:29:48,515][flwr][INFO] - 
[2024-06-11 23:29:48,515][flwr][INFO] - [ROUND 3]
[2024-06-11 23:29:48,515][flwr][INFO] - configure_fit: strategy sampled 25 clients (out of 25)
[2024-06-11 23:29:50,175][flwr][INFO] - aggregate_fit: received 25 results and 0 failures
[2024-06-11 23:29:50,198][flwr][INFO] - fit progress: (3, tensor(2.5427, dtype=torch.float64), {'mae_loss, mse_loss': (1.5701177978515617, 2.542697339580392)}, 13.079026299999999)
[2024-06-11 23:29:50,201][flwr][INFO] - configure_evaluate: strategy sampled 25 clients (out of 25)
[2024-06-11 23:29:50,458][flwr][INFO] - aggregate_evaluate: received 25 results and 0 failures
[2024-06-11 23:29:50,458][flwr][INFO] - 
[2024-06-11 23:29:50,460][flwr][INFO] - [ROUND 4]
[2024-06-11 23:29:50,461][flwr][INFO] - configure_fit: strategy sampled 25 clients (out of 25)
[2024-06-11 23:29:51,893][flwr][INFO] - aggregate_fit: received 25 results and 0 failures
[2024-06-11 23:29:51,916][flwr][INFO] - fit progress: (4, tensor(1.2279, dtype=torch.float64), {'mae_loss, mse_loss': (1.0835867309570304, 1.2279263762556933)}, 14.795840599999998)
[2024-06-11 23:29:51,918][flwr][INFO] - configure_evaluate: strategy sampled 25 clients (out of 25)
[2024-06-11 23:29:52,175][flwr][INFO] - aggregate_evaluate: received 25 results and 0 failures
[2024-06-11 23:29:52,176][flwr][INFO] - 
[2024-06-11 23:29:52,177][flwr][INFO] - [ROUND 5]
[2024-06-11 23:29:52,178][flwr][INFO] - configure_fit: strategy sampled 25 clients (out of 25)
[2024-06-11 23:29:53,609][flwr][INFO] - aggregate_fit: received 25 results and 0 failures
[2024-06-11 23:29:53,633][flwr][INFO] - fit progress: (5, tensor(0.6688, dtype=torch.float64), {'mae_loss, mse_loss': (0.7697370910644523, 0.6687753107576857)}, 16.5190425)
[2024-06-11 23:29:53,642][flwr][INFO] - configure_evaluate: strategy sampled 25 clients (out of 25)
[2024-06-11 23:29:53,893][flwr][INFO] - aggregate_evaluate: received 25 results and 0 failures
[2024-06-11 23:29:53,893][flwr][INFO] - 
[2024-06-11 23:29:53,908][flwr][INFO] - [ROUND 6]
[2024-06-11 23:29:53,908][flwr][INFO] - configure_fit: strategy sampled 25 clients (out of 25)
[2024-06-11 23:29:55,292][flwr][INFO] - aggregate_fit: received 25 results and 0 failures
[2024-06-11 23:29:55,314][flwr][INFO] - fit progress: (6, tensor(0.5370, dtype=torch.float64), {'mae_loss, mse_loss': (0.6754812622070304, 0.5369757792525919)}, 18.1959073)
[2024-06-11 23:29:55,318][flwr][INFO] - configure_evaluate: strategy sampled 25 clients (out of 25)
[2024-06-11 23:29:55,625][flwr][INFO] - aggregate_evaluate: received 25 results and 0 failures
[2024-06-11 23:29:55,625][flwr][INFO] - 
[2024-06-11 23:29:55,625][flwr][INFO] - [ROUND 7]
[2024-06-11 23:29:55,625][flwr][INFO] - configure_fit: strategy sampled 25 clients (out of 25)
[2024-06-11 23:29:57,159][flwr][INFO] - aggregate_fit: received 25 results and 0 failures
[2024-06-11 23:29:57,197][flwr][INFO] - fit progress: (7, tensor(1.2581, dtype=torch.float64), {'mae_loss, mse_loss': (1.0907781982421867, 1.2580919841895797)}, 20.076280899999997)
[2024-06-11 23:29:57,199][flwr][INFO] - configure_evaluate: strategy sampled 25 clients (out of 25)
[2024-06-11 23:29:57,442][flwr][INFO] - aggregate_evaluate: received 25 results and 0 failures
[2024-06-11 23:29:57,442][flwr][INFO] - 
[2024-06-11 23:29:57,442][flwr][INFO] - [ROUND 8]
[2024-06-11 23:29:57,442][flwr][INFO] - configure_fit: strategy sampled 25 clients (out of 25)
[2024-06-11 23:29:59,026][flwr][INFO] - aggregate_fit: received 25 results and 0 failures
[2024-06-11 23:29:59,049][flwr][INFO] - fit progress: (8, tensor(0.8786, dtype=torch.float64), {'mae_loss, mse_loss': (0.9166983032226554, 0.8785789102022525)}, 21.931719499999996)
[2024-06-11 23:29:59,054][flwr][INFO] - configure_evaluate: strategy sampled 25 clients (out of 25)
[2024-06-11 23:29:59,327][flwr][INFO] - aggregate_evaluate: received 25 results and 0 failures
[2024-06-11 23:29:59,329][flwr][INFO] - 
[2024-06-11 23:29:59,330][flwr][INFO] - [ROUND 9]
[2024-06-11 23:29:59,331][flwr][INFO] - configure_fit: strategy sampled 25 clients (out of 25)
[2024-06-11 23:30:00,701][flwr][INFO] - aggregate_fit: received 25 results and 0 failures
[2024-06-11 23:30:00,736][flwr][INFO] - fit progress: (9, tensor(0.8875, dtype=torch.float64), {'mae_loss, mse_loss': (0.9260252380371086, 0.8874829413291287)}, 23.6159196)
[2024-06-11 23:30:00,738][flwr][INFO] - configure_evaluate: strategy sampled 25 clients (out of 25)
[2024-06-11 23:30:01,028][flwr][INFO] - aggregate_evaluate: received 25 results and 0 failures
[2024-06-11 23:30:01,028][flwr][INFO] - 
[2024-06-11 23:30:01,028][flwr][INFO] - [ROUND 10]
[2024-06-11 23:30:01,042][flwr][INFO] - configure_fit: strategy sampled 25 clients (out of 25)
[2024-06-11 23:30:02,641][flwr][INFO] - aggregate_fit: received 25 results and 0 failures
[2024-06-11 23:30:02,671][flwr][INFO] - fit progress: (10, tensor(0.6595, dtype=torch.float64), {'mae_loss, mse_loss': (0.7960836791992179, 0.6594546374431801)}, 25.550245200000003)
[2024-06-11 23:30:02,673][flwr][INFO] - configure_evaluate: strategy sampled 25 clients (out of 25)
[2024-06-11 23:30:02,969][flwr][INFO] - aggregate_evaluate: received 25 results and 0 failures
[2024-06-11 23:30:02,970][flwr][INFO] - 
[2024-06-11 23:30:02,971][flwr][INFO] - [ROUND 11]
[2024-06-11 23:30:02,971][flwr][INFO] - configure_fit: strategy sampled 25 clients (out of 25)
[2024-06-11 23:30:04,560][flwr][INFO] - aggregate_fit: received 25 results and 0 failures
[2024-06-11 23:30:04,581][flwr][INFO] - fit progress: (11, tensor(0.8281, dtype=torch.float64), {'mae_loss, mse_loss': (0.8974813842773429, 0.8280951510262664)}, 27.4685698)
[2024-06-11 23:30:04,591][flwr][INFO] - configure_evaluate: strategy sampled 25 clients (out of 25)
[2024-06-11 23:30:04,845][flwr][INFO] - aggregate_evaluate: received 25 results and 0 failures
[2024-06-11 23:30:04,858][flwr][INFO] - 
[2024-06-11 23:30:04,858][flwr][INFO] - [ROUND 12]
[2024-06-11 23:30:04,859][flwr][INFO] - configure_fit: strategy sampled 25 clients (out of 25)
[2024-06-11 23:30:06,443][flwr][INFO] - aggregate_fit: received 25 results and 0 failures
[2024-06-11 23:30:06,478][flwr][INFO] - fit progress: (12, tensor(0.2697, dtype=torch.float64), {'mae_loss, mse_loss': (0.49852355957031164, 0.2697404351874715)}, 29.357366699999996)
[2024-06-11 23:30:06,480][flwr][INFO] - configure_evaluate: strategy sampled 25 clients (out of 25)
[2024-06-11 23:30:06,725][flwr][INFO] - aggregate_evaluate: received 25 results and 0 failures
[2024-06-11 23:30:06,725][flwr][INFO] - 
[2024-06-11 23:30:06,725][flwr][INFO] - [ROUND 13]
[2024-06-11 23:30:06,725][flwr][INFO] - configure_fit: strategy sampled 25 clients (out of 25)
[2024-06-11 23:30:08,384][flwr][INFO] - aggregate_fit: received 25 results and 0 failures
[2024-06-11 23:30:08,408][flwr][INFO] - fit progress: (13, tensor(0.0736, dtype=torch.float64), {'mae_loss, mse_loss': (0.24578521728515595, 0.07363946221629161)}, 31.2872113)
[2024-06-11 23:30:08,408][flwr][INFO] - configure_evaluate: strategy sampled 25 clients (out of 25)
[2024-06-11 23:30:08,658][flwr][INFO] - aggregate_evaluate: received 25 results and 0 failures
[2024-06-11 23:30:08,658][flwr][INFO] - 
[2024-06-11 23:30:08,658][flwr][INFO] - [ROUND 14]
[2024-06-11 23:30:08,658][flwr][INFO] - configure_fit: strategy sampled 25 clients (out of 25)
[2024-06-11 23:30:10,176][flwr][INFO] - aggregate_fit: received 25 results and 0 failures
[2024-06-11 23:30:10,200][flwr][INFO] - fit progress: (14, tensor(0.6623, dtype=torch.float64), {'mae_loss, mse_loss': (0.7959509277343741, 0.6623489669917607)}, 33.0852759)
[2024-06-11 23:30:10,208][flwr][INFO] - configure_evaluate: strategy sampled 25 clients (out of 25)
[2024-06-11 23:30:10,478][flwr][INFO] - aggregate_evaluate: received 25 results and 0 failures
[2024-06-11 23:30:10,478][flwr][INFO] - 
[2024-06-11 23:30:10,478][flwr][INFO] - [ROUND 15]
[2024-06-11 23:30:10,478][flwr][INFO] - configure_fit: strategy sampled 25 clients (out of 25)
[2024-06-11 23:30:12,159][flwr][INFO] - aggregate_fit: received 25 results and 0 failures
[2024-06-11 23:30:12,212][flwr][INFO] - fit progress: (15, tensor(0.4778, dtype=torch.float64), {'mae_loss, mse_loss': (0.6743139648437492, 0.4777748809950418)}, 35.091308100000006)
[2024-06-11 23:30:12,213][flwr][INFO] - configure_evaluate: strategy sampled 25 clients (out of 25)
[2024-06-11 23:30:12,510][flwr][INFO] - aggregate_evaluate: received 25 results and 0 failures
[2024-06-11 23:30:12,511][flwr][INFO] - 
[2024-06-11 23:30:12,511][flwr][INFO] - [ROUND 16]
[2024-06-11 23:30:12,511][flwr][INFO] - configure_fit: strategy sampled 25 clients (out of 25)
[2024-06-11 23:30:13,985][flwr][INFO] - aggregate_fit: received 25 results and 0 failures
[2024-06-11 23:30:14,010][flwr][INFO] - fit progress: (16, tensor(0.2325, dtype=torch.float64), {'mae_loss, mse_loss': (0.4624868774414054, 0.23247786332713388)}, 36.8907712)
[2024-06-11 23:30:14,010][flwr][INFO] - configure_evaluate: strategy sampled 25 clients (out of 25)
[2024-06-11 23:30:14,277][flwr][INFO] - aggregate_evaluate: received 25 results and 0 failures
[2024-06-11 23:30:14,277][flwr][INFO] - 
[2024-06-11 23:30:14,277][flwr][INFO] - [ROUND 17]
[2024-06-11 23:30:14,291][flwr][INFO] - configure_fit: strategy sampled 25 clients (out of 25)
[2024-06-11 23:30:15,808][flwr][INFO] - aggregate_fit: received 25 results and 0 failures
[2024-06-11 23:30:15,832][flwr][INFO] - fit progress: (17, tensor(0.0807, dtype=torch.float64), {'mae_loss, mse_loss': (0.24706146240234403, 0.08070878248172822)}, 38.711746000000005)
[2024-06-11 23:30:15,834][flwr][INFO] - configure_evaluate: strategy sampled 25 clients (out of 25)
[2024-06-11 23:30:16,093][flwr][INFO] - aggregate_evaluate: received 25 results and 0 failures
[2024-06-11 23:30:16,093][flwr][INFO] - 
[2024-06-11 23:30:16,093][flwr][INFO] - [ROUND 18]
[2024-06-11 23:30:16,093][flwr][INFO] - configure_fit: strategy sampled 25 clients (out of 25)
[2024-06-11 23:30:17,658][flwr][INFO] - aggregate_fit: received 25 results and 0 failures
[2024-06-11 23:30:17,695][flwr][INFO] - fit progress: (18, tensor(0.5850, dtype=torch.float64), {'mae_loss, mse_loss': (0.7464590454101554, 0.5850264711990011)}, 40.57491520000001)
[2024-06-11 23:30:17,697][flwr][INFO] - configure_evaluate: strategy sampled 25 clients (out of 25)
[2024-06-11 23:30:17,972][flwr][INFO] - aggregate_evaluate: received 25 results and 0 failures
[2024-06-11 23:30:17,972][flwr][INFO] - 
[2024-06-11 23:30:17,973][flwr][INFO] - [ROUND 19]
[2024-06-11 23:30:17,974][flwr][INFO] - configure_fit: strategy sampled 25 clients (out of 25)
[2024-06-11 23:30:19,527][flwr][INFO] - aggregate_fit: received 25 results and 0 failures
[2024-06-11 23:30:19,578][flwr][INFO] - fit progress: (19, tensor(0.2892, dtype=torch.float64), {'mae_loss, mse_loss': (0.5272772216796866, 0.28921538607892505)}, 42.456937100000005)
[2024-06-11 23:30:19,580][flwr][INFO] - configure_evaluate: strategy sampled 25 clients (out of 25)
[2024-06-11 23:30:19,828][flwr][INFO] - aggregate_evaluate: received 25 results and 0 failures
[2024-06-11 23:30:19,828][flwr][INFO] - 
[2024-06-11 23:30:19,828][flwr][INFO] - [ROUND 20]
[2024-06-11 23:30:19,828][flwr][INFO] - configure_fit: strategy sampled 25 clients (out of 25)
[2024-06-11 23:30:21,308][flwr][INFO] - aggregate_fit: received 25 results and 0 failures
[2024-06-11 23:30:21,341][flwr][INFO] - fit progress: (20, tensor(0.4049, dtype=torch.float64), {'mae_loss, mse_loss': (0.631112518310546, 0.40492291315726375)}, 44.2206233)
[2024-06-11 23:30:21,344][flwr][INFO] - configure_evaluate: strategy sampled 25 clients (out of 25)
[2024-06-11 23:30:21,592][flwr][INFO] - aggregate_evaluate: received 25 results and 0 failures
[2024-06-11 23:30:21,592][flwr][INFO] - 
[2024-06-11 23:30:21,593][flwr][INFO] - [ROUND 21]
[2024-06-11 23:30:21,594][flwr][INFO] - configure_fit: strategy sampled 25 clients (out of 25)
[2024-06-11 23:30:22,942][flwr][INFO] - aggregate_fit: received 25 results and 0 failures
[2024-06-11 23:30:22,975][flwr][INFO] - fit progress: (21, tensor(0.3502, dtype=torch.float64), {'mae_loss, mse_loss': (0.5872976684570304, 0.350199736945563)}, 45.8535784)
[2024-06-11 23:30:22,977][flwr][INFO] - configure_evaluate: strategy sampled 25 clients (out of 25)
[2024-06-11 23:30:23,208][flwr][INFO] - aggregate_evaluate: received 25 results and 0 failures
[2024-06-11 23:30:23,208][flwr][INFO] - 
[2024-06-11 23:30:23,208][flwr][INFO] - [ROUND 22]
[2024-06-11 23:30:23,208][flwr][INFO] - configure_fit: strategy sampled 25 clients (out of 25)
[2024-06-11 23:30:24,542][flwr][INFO] - aggregate_fit: received 25 results and 0 failures
[2024-06-11 23:30:24,576][flwr][INFO] - fit progress: (22, tensor(0.4168, dtype=torch.float64), {'mae_loss, mse_loss': (0.6421186828613272, 0.416792391195543)}, 47.4567131)
[2024-06-11 23:30:24,580][flwr][INFO] - configure_evaluate: strategy sampled 25 clients (out of 25)
[2024-06-11 23:30:24,892][flwr][INFO] - aggregate_evaluate: received 25 results and 0 failures
[2024-06-11 23:30:24,892][flwr][INFO] - 
[2024-06-11 23:30:24,892][flwr][INFO] - [ROUND 23]
[2024-06-11 23:30:24,892][flwr][INFO] - configure_fit: strategy sampled 25 clients (out of 25)
[2024-06-11 23:30:26,292][flwr][INFO] - aggregate_fit: received 25 results and 0 failures
[2024-06-11 23:30:26,313][flwr][INFO] - fit progress: (23, tensor(0.2933, dtype=torch.float64), {'mae_loss, mse_loss': (0.5377798461914054, 0.2933431767844586)}, 49.2019885)
[2024-06-11 23:30:26,324][flwr][INFO] - configure_evaluate: strategy sampled 25 clients (out of 25)
[2024-06-11 23:30:26,592][flwr][INFO] - aggregate_evaluate: received 25 results and 0 failures
[2024-06-11 23:30:26,592][flwr][INFO] - 
[2024-06-11 23:30:26,592][flwr][INFO] - [ROUND 24]
[2024-06-11 23:30:26,592][flwr][INFO] - configure_fit: strategy sampled 25 clients (out of 25)
[2024-06-11 23:30:27,908][flwr][INFO] - aggregate_fit: received 25 results and 0 failures
[2024-06-11 23:30:27,930][flwr][INFO] - fit progress: (24, tensor(0.3640, dtype=torch.float64), {'mae_loss, mse_loss': (0.6000860595703117, 0.36399349371064355)}, 50.812426)
[2024-06-11 23:30:27,935][flwr][INFO] - configure_evaluate: strategy sampled 25 clients (out of 25)
[2024-06-11 23:30:28,192][flwr][INFO] - aggregate_evaluate: received 25 results and 0 failures
[2024-06-11 23:30:28,192][flwr][INFO] - 
[2024-06-11 23:30:28,192][flwr][INFO] - [ROUND 25]
[2024-06-11 23:30:28,192][flwr][INFO] - configure_fit: strategy sampled 25 clients (out of 25)
[2024-06-11 23:30:29,711][flwr][INFO] - aggregate_fit: received 25 results and 0 failures
[2024-06-11 23:30:29,748][flwr][INFO] - fit progress: (25, tensor(0.3902, dtype=torch.float64), {'mae_loss, mse_loss': (0.622097625732421, 0.39021157204673984)}, 52.6305586)
[2024-06-11 23:30:29,753][flwr][INFO] - configure_evaluate: strategy sampled 25 clients (out of 25)
[2024-06-11 23:30:30,008][flwr][INFO] - aggregate_evaluate: received 25 results and 0 failures
[2024-06-11 23:30:30,008][flwr][INFO] - 
[2024-06-11 23:30:30,008][flwr][INFO] - [ROUND 26]
[2024-06-11 23:30:30,008][flwr][INFO] - configure_fit: strategy sampled 25 clients (out of 25)
[2024-06-11 23:30:31,325][flwr][INFO] - aggregate_fit: received 25 results and 0 failures
[2024-06-11 23:30:31,347][flwr][INFO] - fit progress: (26, tensor(0.2868, dtype=torch.float64), {'mae_loss, mse_loss': (0.5326803588867179, 0.2867700627292497)}, 54.234421600000005)
[2024-06-11 23:30:31,357][flwr][INFO] - configure_evaluate: strategy sampled 25 clients (out of 25)
[2024-06-11 23:30:31,592][flwr][INFO] - aggregate_evaluate: received 25 results and 0 failures
[2024-06-11 23:30:31,607][flwr][INFO] - 
[2024-06-11 23:30:31,608][flwr][INFO] - [ROUND 27]
[2024-06-11 23:30:31,608][flwr][INFO] - configure_fit: strategy sampled 25 clients (out of 25)
[2024-06-11 23:30:32,992][flwr][INFO] - aggregate_fit: received 25 results and 0 failures
[2024-06-11 23:30:33,013][flwr][INFO] - fit progress: (27, tensor(0.3286, dtype=torch.float64), {'mae_loss, mse_loss': (0.5705458068847648, 0.32860952482942857)}, 55.899072000000004)
[2024-06-11 23:30:33,013][flwr][INFO] - configure_evaluate: strategy sampled 25 clients (out of 25)
[2024-06-11 23:30:33,275][flwr][INFO] - aggregate_evaluate: received 25 results and 0 failures
[2024-06-11 23:30:33,275][flwr][INFO] - 
[2024-06-11 23:30:33,275][flwr][INFO] - [ROUND 28]
[2024-06-11 23:30:33,275][flwr][INFO] - configure_fit: strategy sampled 25 clients (out of 25)
[2024-06-11 23:30:34,629][flwr][INFO] - aggregate_fit: received 25 results and 0 failures
[2024-06-11 23:30:34,661][flwr][INFO] - fit progress: (28, tensor(0.2186, dtype=torch.float64), {'mae_loss, mse_loss': (0.4645368957519523, 0.21861241229844666)}, 57.53944870000001)
[2024-06-11 23:30:34,663][flwr][INFO] - configure_evaluate: strategy sampled 25 clients (out of 25)
[2024-06-11 23:30:34,908][flwr][INFO] - aggregate_evaluate: received 25 results and 0 failures
[2024-06-11 23:30:34,908][flwr][INFO] - 
[2024-06-11 23:30:34,908][flwr][INFO] - [ROUND 29]
[2024-06-11 23:30:34,908][flwr][INFO] - configure_fit: strategy sampled 25 clients (out of 25)
[2024-06-11 23:30:36,225][flwr][INFO] - aggregate_fit: received 25 results and 0 failures
[2024-06-11 23:30:36,259][flwr][INFO] - fit progress: (29, tensor(0.2597, dtype=torch.float64), {'mae_loss, mse_loss': (0.5070288085937491, 0.2597017599162637)}, 59.140254600000006)
[2024-06-11 23:30:36,259][flwr][INFO] - configure_evaluate: strategy sampled 25 clients (out of 25)
[2024-06-11 23:30:36,508][flwr][INFO] - aggregate_evaluate: received 25 results and 0 failures
[2024-06-11 23:30:36,508][flwr][INFO] - 
[2024-06-11 23:30:36,508][flwr][INFO] - [ROUND 30]
[2024-06-11 23:30:36,508][flwr][INFO] - configure_fit: strategy sampled 25 clients (out of 25)
[2024-06-11 23:30:37,827][flwr][INFO] - aggregate_fit: received 25 results and 0 failures
[2024-06-11 23:30:37,851][flwr][INFO] - fit progress: (30, tensor(0.2127, dtype=torch.float64), {'mae_loss, mse_loss': (0.45856384277343665, 0.21269886075961325)}, 60.7296152)
[2024-06-11 23:30:37,852][flwr][INFO] - configure_evaluate: strategy sampled 25 clients (out of 25)
[2024-06-11 23:30:38,109][flwr][INFO] - aggregate_evaluate: received 25 results and 0 failures
[2024-06-11 23:30:38,109][flwr][INFO] - 
[2024-06-11 23:30:38,109][flwr][INFO] - [ROUND 31]
[2024-06-11 23:30:38,109][flwr][INFO] - configure_fit: strategy sampled 25 clients (out of 25)
[2024-06-11 23:30:39,642][flwr][INFO] - aggregate_fit: received 25 results and 0 failures
[2024-06-11 23:30:39,684][flwr][INFO] - fit progress: (31, tensor(0.2330, dtype=torch.float64), {'mae_loss, mse_loss': (0.479812469482421, 0.23298777201364196)}, 62.5634551)
[2024-06-11 23:30:39,686][flwr][INFO] - configure_evaluate: strategy sampled 25 clients (out of 25)
[2024-06-11 23:30:39,942][flwr][INFO] - aggregate_evaluate: received 25 results and 0 failures
[2024-06-11 23:30:39,942][flwr][INFO] - 
[2024-06-11 23:30:39,942][flwr][INFO] - [ROUND 32]
[2024-06-11 23:30:39,942][flwr][INFO] - configure_fit: strategy sampled 25 clients (out of 25)
[2024-06-11 23:30:41,312][flwr][INFO] - aggregate_fit: received 25 results and 0 failures
[2024-06-11 23:30:41,343][flwr][INFO] - fit progress: (32, tensor(0.1944, dtype=torch.float64), {'mae_loss, mse_loss': (0.43831314086913975, 0.19439964950934438)}, 64.222139)
[2024-06-11 23:30:41,345][flwr][INFO] - configure_evaluate: strategy sampled 25 clients (out of 25)
[2024-06-11 23:30:41,603][flwr][INFO] - aggregate_evaluate: received 25 results and 0 failures
[2024-06-11 23:30:41,604][flwr][INFO] - 
[2024-06-11 23:30:41,604][flwr][INFO] - [ROUND 33]
[2024-06-11 23:30:41,605][flwr][INFO] - configure_fit: strategy sampled 25 clients (out of 25)
[2024-06-11 23:30:42,958][flwr][INFO] - aggregate_fit: received 25 results and 0 failures
[2024-06-11 23:30:42,997][flwr][INFO] - fit progress: (33, tensor(0.2659, dtype=torch.float64), {'mae_loss, mse_loss': (0.513448944091796, 0.26590019117027897)}, 65.8762249)
[2024-06-11 23:30:42,999][flwr][INFO] - configure_evaluate: strategy sampled 25 clients (out of 25)
[2024-06-11 23:30:43,242][flwr][INFO] - aggregate_evaluate: received 25 results and 0 failures
[2024-06-11 23:30:43,242][flwr][INFO] - 
[2024-06-11 23:30:43,242][flwr][INFO] - [ROUND 34]
[2024-06-11 23:30:43,242][flwr][INFO] - configure_fit: strategy sampled 25 clients (out of 25)
[2024-06-11 23:30:44,575][flwr][INFO] - aggregate_fit: received 25 results and 0 failures
[2024-06-11 23:30:44,597][flwr][INFO] - fit progress: (34, tensor(0.3042, dtype=torch.float64), {'mae_loss, mse_loss': (0.5495504760742179, 0.3041794854528261)}, 67.4785631)
[2024-06-11 23:30:44,601][flwr][INFO] - configure_evaluate: strategy sampled 25 clients (out of 25)
[2024-06-11 23:30:44,851][flwr][INFO] - aggregate_evaluate: received 25 results and 0 failures
[2024-06-11 23:30:44,852][flwr][INFO] - 
[2024-06-11 23:30:44,853][flwr][INFO] - [ROUND 35]
[2024-06-11 23:30:44,853][flwr][INFO] - configure_fit: strategy sampled 25 clients (out of 25)
[2024-06-11 23:30:46,226][flwr][INFO] - aggregate_fit: received 25 results and 0 failures
[2024-06-11 23:30:46,248][flwr][INFO] - fit progress: (35, tensor(0.2725, dtype=torch.float64), {'mae_loss, mse_loss': (0.5198355102539054, 0.27252274277945887)}, 69.135174)
[2024-06-11 23:30:46,258][flwr][INFO] - configure_evaluate: strategy sampled 25 clients (out of 25)
[2024-06-11 23:30:46,508][flwr][INFO] - aggregate_evaluate: received 25 results and 0 failures
[2024-06-11 23:30:46,508][flwr][INFO] - 
[2024-06-11 23:30:46,508][flwr][INFO] - [ROUND 36]
[2024-06-11 23:30:46,508][flwr][INFO] - configure_fit: strategy sampled 25 clients (out of 25)
[2024-06-11 23:30:47,842][flwr][INFO] - aggregate_fit: received 25 results and 0 failures
[2024-06-11 23:30:47,876][flwr][INFO] - fit progress: (36, tensor(0.2526, dtype=torch.float64), {'mae_loss, mse_loss': (0.500277557373046, 0.252644319298327)}, 70.75813120000001)
[2024-06-11 23:30:47,876][flwr][INFO] - configure_evaluate: strategy sampled 25 clients (out of 25)
[2024-06-11 23:30:48,108][flwr][INFO] - aggregate_evaluate: received 25 results and 0 failures
[2024-06-11 23:30:48,108][flwr][INFO] - 
[2024-06-11 23:30:48,108][flwr][INFO] - [ROUND 37]
[2024-06-11 23:30:48,108][flwr][INFO] - configure_fit: strategy sampled 25 clients (out of 25)
[2024-06-11 23:30:49,458][flwr][INFO] - aggregate_fit: received 25 results and 0 failures
[2024-06-11 23:30:49,482][flwr][INFO] - fit progress: (37, tensor(0.2104, dtype=torch.float64), {'mae_loss, mse_loss': (0.45641159057617103, 0.21035745630657682)}, 72.360729)
[2024-06-11 23:30:49,483][flwr][INFO] - configure_evaluate: strategy sampled 25 clients (out of 25)
[2024-06-11 23:30:49,758][flwr][INFO] - aggregate_evaluate: received 25 results and 0 failures
[2024-06-11 23:30:49,759][flwr][INFO] - 
[2024-06-11 23:30:49,759][flwr][INFO] - [ROUND 38]
[2024-06-11 23:30:49,759][flwr][INFO] - configure_fit: strategy sampled 25 clients (out of 25)
[2024-06-11 23:30:51,409][flwr][INFO] - aggregate_fit: received 25 results and 0 failures
[2024-06-11 23:30:51,443][flwr][INFO] - fit progress: (38, tensor(0.2066, dtype=torch.float64), {'mae_loss, mse_loss': (0.4523329162597648, 0.206587204478331)}, 74.32256220000001)
[2024-06-11 23:30:51,443][flwr][INFO] - configure_evaluate: strategy sampled 25 clients (out of 25)
[2024-06-11 23:30:51,692][flwr][INFO] - aggregate_evaluate: received 25 results and 0 failures
[2024-06-11 23:30:51,692][flwr][INFO] - 
[2024-06-11 23:30:51,692][flwr][INFO] - [ROUND 39]
[2024-06-11 23:30:51,692][flwr][INFO] - configure_fit: strategy sampled 25 clients (out of 25)
[2024-06-11 23:30:53,025][flwr][INFO] - aggregate_fit: received 25 results and 0 failures
[2024-06-11 23:30:53,047][flwr][INFO] - fit progress: (39, tensor(0.1832, dtype=torch.float64), {'mae_loss, mse_loss': (0.42584899902343665, 0.18322283061896374)}, 75.9306041)
[2024-06-11 23:30:53,053][flwr][INFO] - configure_evaluate: strategy sampled 25 clients (out of 25)
[2024-06-11 23:30:53,292][flwr][INFO] - aggregate_evaluate: received 25 results and 0 failures
[2024-06-11 23:30:53,292][flwr][INFO] - 
[2024-06-11 23:30:53,292][flwr][INFO] - [ROUND 40]
[2024-06-11 23:30:53,292][flwr][INFO] - configure_fit: strategy sampled 25 clients (out of 25)
[2024-06-11 23:30:54,625][flwr][INFO] - aggregate_fit: received 25 results and 0 failures
[2024-06-11 23:30:54,647][flwr][INFO] - fit progress: (40, tensor(0.2320, dtype=torch.float64), {'mae_loss, mse_loss': (0.4800276184082023, 0.2319600703978204)}, 77.5359743)
[2024-06-11 23:30:54,659][flwr][INFO] - configure_evaluate: strategy sampled 25 clients (out of 25)
[2024-06-11 23:30:54,892][flwr][INFO] - aggregate_evaluate: received 25 results and 0 failures
[2024-06-11 23:30:54,892][flwr][INFO] - 
[2024-06-11 23:30:54,892][flwr][INFO] - [ROUND 41]
[2024-06-11 23:30:54,892][flwr][INFO] - configure_fit: strategy sampled 25 clients (out of 25)
[2024-06-11 23:30:56,192][flwr][INFO] - aggregate_fit: received 25 results and 0 failures
[2024-06-11 23:30:56,226][flwr][INFO] - fit progress: (41, tensor(0.1208, dtype=torch.float64), {'mae_loss, mse_loss': (0.34523757934570226, 0.12075788270251298)}, 79.1044693)
[2024-06-11 23:30:56,226][flwr][INFO] - configure_evaluate: strategy sampled 25 clients (out of 25)
[2024-06-11 23:30:56,475][flwr][INFO] - aggregate_evaluate: received 25 results and 0 failures
[2024-06-11 23:30:56,475][flwr][INFO] - 
[2024-06-11 23:30:56,475][flwr][INFO] - [ROUND 42]
[2024-06-11 23:30:56,475][flwr][INFO] - configure_fit: strategy sampled 25 clients (out of 25)
[2024-06-11 23:30:57,775][flwr][INFO] - aggregate_fit: received 25 results and 0 failures
[2024-06-11 23:30:57,810][flwr][INFO] - fit progress: (42, tensor(0.1389, dtype=torch.float64), {'mae_loss, mse_loss': (0.3705870056152335, 0.1389277915694977)}, 80.6901962)
[2024-06-11 23:30:57,810][flwr][INFO] - configure_evaluate: strategy sampled 25 clients (out of 25)
[2024-06-11 23:30:58,058][flwr][INFO] - aggregate_evaluate: received 25 results and 0 failures
[2024-06-11 23:30:58,058][flwr][INFO] - 
[2024-06-11 23:30:58,058][flwr][INFO] - [ROUND 43]
[2024-06-11 23:30:58,058][flwr][INFO] - configure_fit: strategy sampled 25 clients (out of 25)
[2024-06-11 23:30:59,342][flwr][INFO] - aggregate_fit: received 25 results and 0 failures
[2024-06-11 23:30:59,379][flwr][INFO] - fit progress: (43, tensor(0.2059, dtype=torch.float64), {'mae_loss, mse_loss': (0.45206436157226476, 0.205911730868159)}, 82.2580044)
[2024-06-11 23:30:59,381][flwr][INFO] - configure_evaluate: strategy sampled 25 clients (out of 25)
[2024-06-11 23:30:59,608][flwr][INFO] - aggregate_evaluate: received 25 results and 0 failures
[2024-06-11 23:30:59,608][flwr][INFO] - 
[2024-06-11 23:30:59,608][flwr][INFO] - [ROUND 44]
[2024-06-11 23:30:59,608][flwr][INFO] - configure_fit: strategy sampled 25 clients (out of 25)
[2024-06-11 23:31:00,926][flwr][INFO] - aggregate_fit: received 25 results and 0 failures
[2024-06-11 23:31:00,948][flwr][INFO] - fit progress: (44, tensor(0.1551, dtype=torch.float64), {'mae_loss, mse_loss': (0.39212783813476476, 0.15512635937577507)}, 83.832323)
[2024-06-11 23:31:00,955][flwr][INFO] - configure_evaluate: strategy sampled 25 clients (out of 25)
[2024-06-11 23:31:01,208][flwr][INFO] - aggregate_evaluate: received 25 results and 0 failures
[2024-06-11 23:31:01,208][flwr][INFO] - 
[2024-06-11 23:31:01,208][flwr][INFO] - [ROUND 45]
[2024-06-11 23:31:01,208][flwr][INFO] - configure_fit: strategy sampled 25 clients (out of 25)
[2024-06-11 23:31:02,508][flwr][INFO] - aggregate_fit: received 25 results and 0 failures
[2024-06-11 23:31:02,530][flwr][INFO] - fit progress: (45, tensor(0.1344, dtype=torch.float64), {'mae_loss, mse_loss': (0.3646444702148429, 0.13436246128729476)}, 85.4142046)
[2024-06-11 23:31:02,537][flwr][INFO] - configure_evaluate: strategy sampled 25 clients (out of 25)
[2024-06-11 23:31:02,775][flwr][INFO] - aggregate_evaluate: received 25 results and 0 failures
[2024-06-11 23:31:02,775][flwr][INFO] - 
[2024-06-11 23:31:02,775][flwr][INFO] - [ROUND 46]
[2024-06-11 23:31:02,775][flwr][INFO] - configure_fit: strategy sampled 25 clients (out of 25)
[2024-06-11 23:31:04,108][flwr][INFO] - aggregate_fit: received 25 results and 0 failures
[2024-06-11 23:31:04,130][flwr][INFO] - fit progress: (46, tensor(0.1435, dtype=torch.float64), {'mae_loss, mse_loss': (0.37712539672851475, 0.14351936142810087)}, 87.0107218)
[2024-06-11 23:31:04,133][flwr][INFO] - configure_evaluate: strategy sampled 25 clients (out of 25)
[2024-06-11 23:31:04,392][flwr][INFO] - aggregate_evaluate: received 25 results and 0 failures
[2024-06-11 23:31:04,392][flwr][INFO] - 
[2024-06-11 23:31:04,392][flwr][INFO] - [ROUND 47]
[2024-06-11 23:31:04,392][flwr][INFO] - configure_fit: strategy sampled 25 clients (out of 25)
[2024-06-11 23:31:05,708][flwr][INFO] - aggregate_fit: received 25 results and 0 failures
[2024-06-11 23:31:05,730][flwr][INFO] - fit progress: (47, tensor(0.1544, dtype=torch.float64), {'mae_loss, mse_loss': (0.3912893676757804, 0.15439459297433425)}, 88.61212450000001)
[2024-06-11 23:31:05,735][flwr][INFO] - configure_evaluate: strategy sampled 25 clients (out of 25)
[2024-06-11 23:31:05,975][flwr][INFO] - aggregate_evaluate: received 25 results and 0 failures
[2024-06-11 23:31:05,975][flwr][INFO] - 
[2024-06-11 23:31:05,975][flwr][INFO] - [ROUND 48]
[2024-06-11 23:31:05,975][flwr][INFO] - configure_fit: strategy sampled 25 clients (out of 25)
[2024-06-11 23:31:07,275][flwr][INFO] - aggregate_fit: received 25 results and 0 failures
[2024-06-11 23:31:07,310][flwr][INFO] - fit progress: (48, tensor(0.1669, dtype=torch.float64), {'mae_loss, mse_loss': (0.4068479919433585, 0.16692943937180024)}, 90.1883608)
[2024-06-11 23:31:07,311][flwr][INFO] - configure_evaluate: strategy sampled 25 clients (out of 25)
[2024-06-11 23:31:07,542][flwr][INFO] - aggregate_evaluate: received 25 results and 0 failures
[2024-06-11 23:31:07,542][flwr][INFO] - 
[2024-06-11 23:31:07,542][flwr][INFO] - [ROUND 49]
[2024-06-11 23:31:07,542][flwr][INFO] - configure_fit: strategy sampled 25 clients (out of 25)
[2024-06-11 23:31:08,858][flwr][INFO] - aggregate_fit: received 25 results and 0 failures
[2024-06-11 23:31:08,892][flwr][INFO] - fit progress: (49, tensor(0.1595, dtype=torch.float64), {'mae_loss, mse_loss': (0.3978285217285148, 0.15946854750311396)}, 91.7774101)
[2024-06-11 23:31:08,900][flwr][INFO] - configure_evaluate: strategy sampled 25 clients (out of 25)
[2024-06-11 23:31:09,142][flwr][INFO] - aggregate_evaluate: received 25 results and 0 failures
[2024-06-11 23:31:09,142][flwr][INFO] - 
[2024-06-11 23:31:09,142][flwr][INFO] - [ROUND 50]
[2024-06-11 23:31:09,142][flwr][INFO] - configure_fit: strategy sampled 25 clients (out of 25)
[2024-06-11 23:31:10,458][flwr][INFO] - aggregate_fit: received 25 results and 0 failures
[2024-06-11 23:31:10,481][flwr][INFO] - fit progress: (50, tensor(0.1666, dtype=torch.float64), {'mae_loss, mse_loss': (0.40683654785156165, 0.1666337116002098)}, 93.3628782)
[2024-06-11 23:31:10,485][flwr][INFO] - configure_evaluate: strategy sampled 25 clients (out of 25)
[2024-06-11 23:31:10,725][flwr][INFO] - aggregate_evaluate: received 25 results and 0 failures
[2024-06-11 23:31:10,725][flwr][INFO] - 
[2024-06-11 23:31:10,725][flwr][INFO] - [SUMMARY]
[2024-06-11 23:31:10,725][flwr][INFO] - Run finished 50 rounds in 93.62s
[2024-06-11 23:31:10,725][flwr][INFO] - History (loss, distributed):
[2024-06-11 23:31:10,741][flwr][INFO] - 	('\tround 1: 11.486727707564757\n'
[2024-06-11 23:31:10,741][flwr][INFO] - 	 '\tround 2: 6.598930883424333\n'
[2024-06-11 23:31:10,742][flwr][INFO] - 	 '\tround 3: 6.6041054241511015\n'
[2024-06-11 23:31:10,742][flwr][INFO] - 	 '\tround 4: 3.4239393681858186\n'
[2024-06-11 23:31:10,743][flwr][INFO] - 	 '\tround 5: 3.638059806793962\n'
[2024-06-11 23:31:10,743][flwr][INFO] - 	 '\tround 6: 2.9779150429625725\n'
[2024-06-11 23:31:10,744][flwr][INFO] - 	 '\tround 7: 2.9763230701409866\n'
[2024-06-11 23:31:10,745][flwr][INFO] - 	 '\tround 8: 2.186978645457351\n'
[2024-06-11 23:31:10,745][flwr][INFO] - 	 '\tround 9: 1.8570906037339574\n'
[2024-06-11 23:31:10,746][flwr][INFO] - 	 '\tround 10: 1.7844120542096578\n'
[2024-06-11 23:31:10,746][flwr][INFO] - 	 '\tround 11: 1.5753347216931703\n'
[2024-06-11 23:31:10,746][flwr][INFO] - 	 '\tround 12: 1.9046152029449521\n'
[2024-06-11 23:31:10,746][flwr][INFO] - 	 '\tround 13: 3.323412163465423\n'
[2024-06-11 23:31:10,746][flwr][INFO] - 	 '\tround 14: 1.886645122077465\n'
[2024-06-11 23:31:10,746][flwr][INFO] - 	 '\tround 15: 1.7969845598917247\n'
[2024-06-11 23:31:10,746][flwr][INFO] - 	 '\tround 16: 1.632680311984255\n'
[2024-06-11 23:31:10,746][flwr][INFO] - 	 '\tround 17: 3.2915321718426664\n'
[2024-06-11 23:31:10,746][flwr][INFO] - 	 '\tround 18: 1.5604453203435875\n'
[2024-06-11 23:31:10,746][flwr][INFO] - 	 '\tround 19: 1.2295908378165996\n'
[2024-06-11 23:31:10,746][flwr][INFO] - 	 '\tround 20: 0.9349493216241904\n'
[2024-06-11 23:31:10,746][flwr][INFO] - 	 '\tround 21: 0.842425454922101\n'
[2024-06-11 23:31:10,746][flwr][INFO] - 	 '\tround 22: 0.7671193061530094\n'
[2024-06-11 23:31:10,746][flwr][INFO] - 	 '\tround 23: 0.747574252316469\n'
[2024-06-11 23:31:10,746][flwr][INFO] - 	 '\tround 24: 0.674155549528303\n'
[2024-06-11 23:31:10,746][flwr][INFO] - 	 '\tround 25: 0.6239901416612291\n'
[2024-06-11 23:31:10,746][flwr][INFO] - 	 '\tround 26: 0.6170989179499571\n'
[2024-06-11 23:31:10,752][flwr][INFO] - 	 '\tround 27: 0.5744153552639014\n'
[2024-06-11 23:31:10,752][flwr][INFO] - 	 '\tround 28: 0.5754004524913644\n'
[2024-06-11 23:31:10,752][flwr][INFO] - 	 '\tround 29: 0.5277887903594167\n'
[2024-06-11 23:31:10,753][flwr][INFO] - 	 '\tround 30: 0.5242250089608644\n'
[2024-06-11 23:31:10,753][flwr][INFO] - 	 '\tround 31: 0.4859791603993534\n'
[2024-06-11 23:31:10,753][flwr][INFO] - 	 '\tround 32: 0.4802316941495834\n'
[2024-06-11 23:31:10,754][flwr][INFO] - 	 '\tround 33: 0.4405591806890856\n'
[2024-06-11 23:31:10,754][flwr][INFO] - 	 '\tround 34: 0.42551047941299003\n'
[2024-06-11 23:31:10,755][flwr][INFO] - 	 '\tround 35: 0.40792451311466726\n'
[2024-06-11 23:31:10,755][flwr][INFO] - 	 '\tround 36: 0.39528118599357315\n'
[2024-06-11 23:31:10,755][flwr][INFO] - 	 '\tround 37: 0.38734238758451595\n'
[2024-06-11 23:31:10,756][flwr][INFO] - 	 '\tround 38: 0.3773562514000735\n'
[2024-06-11 23:31:10,756][flwr][INFO] - 	 '\tround 39: 0.3718271314733697\n'
[2024-06-11 23:31:10,756][flwr][INFO] - 	 '\tround 40: 0.3543914661457409\n'
[2024-06-11 23:31:10,757][flwr][INFO] - 	 '\tround 41: 0.3731952661002071\n'
[2024-06-11 23:31:10,757][flwr][INFO] - 	 '\tround 42: 0.3534636277695464\n'
[2024-06-11 23:31:10,757][flwr][INFO] - 	 '\tround 43: 0.328980916383834\n'
[2024-06-11 23:31:10,758][flwr][INFO] - 	 '\tround 44: 0.3284401520428195\n'
[2024-06-11 23:31:10,758][flwr][INFO] - 	 '\tround 45: 0.32571084344990725\n'
[2024-06-11 23:31:10,760][flwr][INFO] - 	 '\tround 46: 0.3168752646102925\n'
[2024-06-11 23:31:10,760][flwr][INFO] - 	 '\tround 47: 0.30937130934380064\n'
[2024-06-11 23:31:10,760][flwr][INFO] - 	 '\tround 48: 0.30193001998331126\n'
[2024-06-11 23:31:10,760][flwr][INFO] - 	 '\tround 49: 0.29842476437759136\n'
[2024-06-11 23:31:10,760][flwr][INFO] - 	 '\tround 50: 0.2945860054586107\n')History (loss, centralized):
[2024-06-11 23:31:10,762][flwr][INFO] - 	('\tround 0: 139.25477336752675\n'
[2024-06-11 23:31:10,762][flwr][INFO] - 	 '\tround 1: 3.850162232294443\n'
[2024-06-11 23:31:10,762][flwr][INFO] - 	 '\tround 2: 2.063794895937664\n'
[2024-06-11 23:31:10,763][flwr][INFO] - 	 '\tround 3: 2.5426973395803922\n'
[2024-06-11 23:31:10,763][flwr][INFO] - 	 '\tround 4: 1.2279263762556933\n'
[2024-06-11 23:31:10,763][flwr][INFO] - 	 '\tround 5: 0.6687753107576857\n'
[2024-06-11 23:31:10,764][flwr][INFO] - 	 '\tround 6: 0.5369757792525919\n'
[2024-06-11 23:31:10,764][flwr][INFO] - 	 '\tround 7: 1.2580919841895797\n'
[2024-06-11 23:31:10,764][flwr][INFO] - 	 '\tround 8: 0.8785789102022525\n'
[2024-06-11 23:31:10,765][flwr][INFO] - 	 '\tround 9: 0.8874829413291287\n'
[2024-06-11 23:31:10,765][flwr][INFO] - 	 '\tround 10: 0.6594546374431801\n'
[2024-06-11 23:31:10,766][flwr][INFO] - 	 '\tround 11: 0.8280951510262664\n'
[2024-06-11 23:31:10,766][flwr][INFO] - 	 '\tround 12: 0.2697404351874715\n'
[2024-06-11 23:31:10,766][flwr][INFO] - 	 '\tround 13: 0.07363946221629161\n'
[2024-06-11 23:31:10,766][flwr][INFO] - 	 '\tround 14: 0.6623489669917607\n'
[2024-06-11 23:31:10,766][flwr][INFO] - 	 '\tround 15: 0.47777488099504184\n'
[2024-06-11 23:31:10,766][flwr][INFO] - 	 '\tround 16: 0.23247786332713388\n'
[2024-06-11 23:31:10,766][flwr][INFO] - 	 '\tround 17: 0.08070878248172822\n'
[2024-06-11 23:31:10,766][flwr][INFO] - 	 '\tround 18: 0.5850264711990011\n'
[2024-06-11 23:31:10,766][flwr][INFO] - 	 '\tround 19: 0.28921538607892505\n'
[2024-06-11 23:31:10,766][flwr][INFO] - 	 '\tround 20: 0.40492291315726375\n'
[2024-06-11 23:31:10,766][flwr][INFO] - 	 '\tround 21: 0.350199736945563\n'
[2024-06-11 23:31:10,766][flwr][INFO] - 	 '\tround 22: 0.41679239119554296\n'
[2024-06-11 23:31:10,766][flwr][INFO] - 	 '\tround 23: 0.2933431767844586\n'
[2024-06-11 23:31:10,766][flwr][INFO] - 	 '\tround 24: 0.36399349371064355\n'
[2024-06-11 23:31:10,766][flwr][INFO] - 	 '\tround 25: 0.39021157204673984\n'
[2024-06-11 23:31:10,771][flwr][INFO] - 	 '\tround 26: 0.2867700627292497\n'
[2024-06-11 23:31:10,771][flwr][INFO] - 	 '\tround 27: 0.32860952482942857\n'
[2024-06-11 23:31:10,771][flwr][INFO] - 	 '\tround 28: 0.21861241229844666\n'
[2024-06-11 23:31:10,772][flwr][INFO] - 	 '\tround 29: 0.2597017599162637\n'
[2024-06-11 23:31:10,772][flwr][INFO] - 	 '\tround 30: 0.21269886075961325\n'
[2024-06-11 23:31:10,772][flwr][INFO] - 	 '\tround 31: 0.23298777201364196\n'
[2024-06-11 23:31:10,773][flwr][INFO] - 	 '\tround 32: 0.19439964950934438\n'
[2024-06-11 23:31:10,773][flwr][INFO] - 	 '\tround 33: 0.26590019117027897\n'
[2024-06-11 23:31:10,773][flwr][INFO] - 	 '\tround 34: 0.3041794854528261\n'
[2024-06-11 23:31:10,774][flwr][INFO] - 	 '\tround 35: 0.27252274277945887\n'
[2024-06-11 23:31:10,774][flwr][INFO] - 	 '\tround 36: 0.252644319298327\n'
[2024-06-11 23:31:10,775][flwr][INFO] - 	 '\tround 37: 0.21035745630657682\n'
[2024-06-11 23:31:10,775][flwr][INFO] - 	 '\tround 38: 0.206587204478331\n'
[2024-06-11 23:31:10,776][flwr][INFO] - 	 '\tround 39: 0.18322283061896374\n'
[2024-06-11 23:31:10,776][flwr][INFO] - 	 '\tround 40: 0.2319600703978204\n'
[2024-06-11 23:31:10,776][flwr][INFO] - 	 '\tround 41: 0.12075788270251298\n'
[2024-06-11 23:31:10,776][flwr][INFO] - 	 '\tround 42: 0.1389277915694977\n'
[2024-06-11 23:31:10,776][flwr][INFO] - 	 '\tround 43: 0.20591173086815898\n'
[2024-06-11 23:31:10,776][flwr][INFO] - 	 '\tround 44: 0.15512635937577507\n'
[2024-06-11 23:31:10,776][flwr][INFO] - 	 '\tround 45: 0.13436246128729482\n'
[2024-06-11 23:31:10,776][flwr][INFO] - 	 '\tround 46: 0.14351936142810087\n'
[2024-06-11 23:31:10,776][flwr][INFO] - 	 '\tround 47: 0.15439459297433425\n'
[2024-06-11 23:31:10,776][flwr][INFO] - 	 '\tround 48: 0.16692943937180024\n'
[2024-06-11 23:31:10,776][flwr][INFO] - 	 '\tround 49: 0.15946854750311396\n'
[2024-06-11 23:31:10,776][flwr][INFO] - 	 '\tround 50: 0.1666337116002098\n')History (metrics, centralized):
[2024-06-11 23:31:10,776][flwr][INFO] - 	{'mae_loss, mse_loss': [(0, (11.753617248535157, 139.25477336752675)),
[2024-06-11 23:31:10,781][flwr][INFO] - 	                        (1, (1.929823913574218, 3.850162232294443)),
[2024-06-11 23:31:10,781][flwr][INFO] - 	                        (2, (1.426981201171874, 2.063794895937664)),
[2024-06-11 23:31:10,782][flwr][INFO] - 	                        (3, (1.5701177978515617, 2.542697339580392)),
[2024-06-11 23:31:10,782][flwr][INFO] - 	                        (4, (1.0835867309570304, 1.2279263762556933)),
[2024-06-11 23:31:10,782][flwr][INFO] - 	                        (5, (0.7697370910644523, 0.6687753107576857)),
[2024-06-11 23:31:10,783][flwr][INFO] - 	                        (6, (0.6754812622070304, 0.5369757792525919)),
[2024-06-11 23:31:10,783][flwr][INFO] - 	                        (7, (1.0907781982421867, 1.2580919841895797)),
[2024-06-11 23:31:10,783][flwr][INFO] - 	                        (8, (0.9166983032226554, 0.8785789102022525)),
[2024-06-11 23:31:10,784][flwr][INFO] - 	                        (9, (0.9260252380371086, 0.8874829413291287)),
[2024-06-11 23:31:10,784][flwr][INFO] - 	                        (10, (0.7960836791992179, 0.6594546374431801)),
[2024-06-11 23:31:10,785][flwr][INFO] - 	                        (11, (0.8974813842773429, 0.8280951510262664)),
[2024-06-11 23:31:10,785][flwr][INFO] - 	                        (12, (0.49852355957031164, 0.2697404351874715)),
[2024-06-11 23:31:10,786][flwr][INFO] - 	                        (13, (0.24578521728515595, 0.07363946221629161)),
[2024-06-11 23:31:10,786][flwr][INFO] - 	                        (14, (0.7959509277343741, 0.6623489669917607)),
[2024-06-11 23:31:10,786][flwr][INFO] - 	                        (15, (0.6743139648437492, 0.4777748809950418)),
[2024-06-11 23:31:10,786][flwr][INFO] - 	                        (16, (0.4624868774414054, 0.23247786332713388)),
[2024-06-11 23:31:10,786][flwr][INFO] - 	                        (17, (0.24706146240234403, 0.08070878248172822)),
[2024-06-11 23:31:10,786][flwr][INFO] - 	                        (18, (0.7464590454101554, 0.5850264711990011)),
[2024-06-11 23:31:10,786][flwr][INFO] - 	                        (19, (0.5272772216796866, 0.28921538607892505)),
[2024-06-11 23:31:10,786][flwr][INFO] - 	                        (20, (0.631112518310546, 0.40492291315726375)),
[2024-06-11 23:31:10,786][flwr][INFO] - 	                        (21, (0.5872976684570304, 0.350199736945563)),
[2024-06-11 23:31:10,786][flwr][INFO] - 	                        (22, (0.6421186828613272, 0.416792391195543)),
[2024-06-11 23:31:10,786][flwr][INFO] - 	                        (23, (0.5377798461914054, 0.2933431767844586)),
[2024-06-11 23:31:10,786][flwr][INFO] - 	                        (24, (0.6000860595703117, 0.36399349371064355)),
[2024-06-11 23:31:10,791][flwr][INFO] - 	                        (25, (0.622097625732421, 0.39021157204673984)),
[2024-06-11 23:31:10,791][flwr][INFO] - 	                        (26, (0.5326803588867179, 0.2867700627292497)),
[2024-06-11 23:31:10,792][flwr][INFO] - 	                        (27, (0.5705458068847648, 0.32860952482942857)),
[2024-06-11 23:31:10,792][flwr][INFO] - 	                        (28, (0.4645368957519523, 0.21861241229844666)),
[2024-06-11 23:31:10,793][flwr][INFO] - 	                        (29, (0.5070288085937491, 0.2597017599162637)),
[2024-06-11 23:31:10,793][flwr][INFO] - 	                        (30, (0.45856384277343665, 0.21269886075961325)),
[2024-06-11 23:31:10,793][flwr][INFO] - 	                        (31, (0.479812469482421, 0.23298777201364196)),
[2024-06-11 23:31:10,794][flwr][INFO] - 	                        (32, (0.43831314086913975, 0.19439964950934438)),
[2024-06-11 23:31:10,794][flwr][INFO] - 	                        (33, (0.513448944091796, 0.26590019117027897)),
[2024-06-11 23:31:10,794][flwr][INFO] - 	                        (34, (0.5495504760742179, 0.3041794854528261)),
[2024-06-11 23:31:10,795][flwr][INFO] - 	                        (35, (0.5198355102539054, 0.27252274277945887)),
[2024-06-11 23:31:10,795][flwr][INFO] - 	                        (36, (0.500277557373046, 0.252644319298327)),
[2024-06-11 23:31:10,796][flwr][INFO] - 	                        (37, (0.45641159057617103, 0.21035745630657682)),
[2024-06-11 23:31:10,796][flwr][INFO] - 	                        (38, (0.4523329162597648, 0.206587204478331)),
[2024-06-11 23:31:10,796][flwr][INFO] - 	                        (39, (0.42584899902343665, 0.18322283061896374)),
[2024-06-11 23:31:10,796][flwr][INFO] - 	                        (40, (0.4800276184082023, 0.2319600703978204)),
[2024-06-11 23:31:10,796][flwr][INFO] - 	                        (41, (0.34523757934570226, 0.12075788270251298)),
[2024-06-11 23:31:10,796][flwr][INFO] - 	                        (42, (0.3705870056152335, 0.1389277915694977)),
[2024-06-11 23:31:10,796][flwr][INFO] - 	                        (43, (0.45206436157226476, 0.205911730868159)),
[2024-06-11 23:31:10,796][flwr][INFO] - 	                        (44, (0.39212783813476476, 0.15512635937577507)),
[2024-06-11 23:31:10,796][flwr][INFO] - 	                        (45, (0.3646444702148429, 0.13436246128729476)),
[2024-06-11 23:31:10,796][flwr][INFO] - 	                        (46, (0.37712539672851475, 0.14351936142810087)),
[2024-06-11 23:31:10,796][flwr][INFO] - 	                        (47, (0.3912893676757804, 0.15439459297433425)),
[2024-06-11 23:31:10,796][flwr][INFO] - 	                        (48, (0.4068479919433585, 0.16692943937180024)),
[2024-06-11 23:31:10,796][flwr][INFO] - 	                        (49, (0.3978285217285148, 0.15946854750311396)),
[2024-06-11 23:31:10,796][flwr][INFO] - 	                        (50, (0.40683654785156165, 0.1666337116002098))]}
[2024-06-11 23:31:10,801][flwr][INFO] - 
